2023-02-01 22:37:12,379 DEBUG    root            Loaded Command Group: ['gcloud', 'config']
2023-02-01 22:37:12,383 DEBUG    root            Loaded Command Group: ['gcloud', 'config', 'config_helper']
2023-02-01 22:37:12,384 DEBUG    root            Running [gcloud.config.config-helper] with arguments: [--format: "json"]
2023-02-01 22:37:12,417 DEBUG    google.auth.transport.requests Making request: POST https://oauth2.googleapis.com/token
2023-02-01 22:37:12,420 DEBUG    urllib3.connectionpool Starting new HTTPS connection (1): oauth2.googleapis.com:443
2023-02-01 22:37:12,615 DEBUG    urllib3.connectionpool https://oauth2.googleapis.com:443 "POST /token HTTP/1.1" 200 None
2023-02-01 22:37:12,623 DEBUG    root            Chosen display Format:default json
2023-02-01 22:37:12,624 INFO     root            Display format: "default json"
2023-02-01 22:37:12,624 INFO     ___FILE_ONLY___ {
  "configuration": {
    "active_configuration": "default",
    "properties": {
      "compute": {
        "region": "asia-southeast1",
        "zone": "asia-southeast1-a"
      },
      "core": {
        "account": "natapat.pims@gmail.com",
        "disable_usage_reporting": "False",
        "project": "gke-app-376315"
      }
    }
  },
  "credential": {
    "access_token": "ya29.a0AVvZVsqFh1xYcAtNfQ9Jd1MTiq8eYa9t1kHTOp_BVuwmEvDgxeixhVqieFnmcw5Nb1NGxznjzNlZH2S8XnDZbMXK0-3Tbb_wciVq6A7Ek1NEnO6q84VRDvCrg7IlulWWLBaBp9vvZfcdLCMldd7DPSIkQWW4qNeAsj1GEwaCgYKAbQSAQASFQGbdwaIRTMMWNmUGgAmASt9wYWKYA0173",
    "id_token": "eyJhbGciOiJSUzI1NiIsImtpZCI6IjI3NDA1MmEyYjY0NDg3NDU3NjRlNzJjMzU5MDk3MWQ5MGNmYjU4NWEiLCJ0eXAiOiJKV1QifQ.eyJpc3MiOiJodHRwczovL2FjY291bnRzLmdvb2dsZS5jb20iLCJhenAiOiIzMjU1NTk0MDU1OS5hcHBzLmdvb2dsZXVzZXJjb250ZW50LmNvbSIsImF1ZCI6IjMyNTU1OTQwNTU5LmFwcHMuZ29vZ2xldXNlcmNvbnRlbnQuY29tIiwic3ViIjoiMTE1ODQ3Mjk4NjgyNTQ2MDY3OTk2IiwiZW1haWwiOiJuYXRhcGF0LnBpbXNAZ21haWwuY29tIiwiZW1haWxfdmVyaWZpZWQiOnRydWUsImF0X2hhc2giOiJJcGhjV3JlN0ZxZ2ktSWRkSFJ6QmJRIiwiaWF0IjoxNjc1MjY1ODMyLCJleHAiOjE2NzUyNjk0MzJ9.g4NP8Gxf5XfAcei-tmabwcOIH4sOMVVTPD8hX-UQs_tZGD9wjrzsd5BGqlstGJXAy3V9-6mo2G42oYWGcwiV85Y2uYDgisOg5aJTGCQcZydFyPGJz_Dm9AEkRsd3j-gAVuY63Haz12YIJvvTseybp5Q9-cUo0FQqSAwcLo2cBq7fH4Q2b7nKO5If2jrdJG3-1udHclmiyITzId8Kq4cs1dj9Go4r_TXMZVhl9Cp9Lliq1wVUh-6FPCvrChXaS8307zEIVYB7Agw6RZ3Xf6a90OAyVx_CqAptigRcn9JlyDOegWlulLzMrhiiI7SeaS815I5q6AoYGD00OFf6hINQyw",
    "token_expiry": "2023-02-01T16:37:11Z"
  },
  "sentinels": {
    "config_sentinel": "/home/dar/.config/gcloud/config_sentinel"
  }
}
2023-02-01 22:37:12,624 INFO     ___FILE_ONLY___ 

2023-02-01 22:37:12,630 DEBUG    root            Metrics reporting process started...
