2023-02-17 23:27:37,233 DEBUG    root            Loaded Command Group: ['gcloud', 'config']
2023-02-17 23:27:37,236 DEBUG    root            Loaded Command Group: ['gcloud', 'config', 'config_helper']
2023-02-17 23:27:37,237 DEBUG    root            Running [gcloud.config.config-helper] with arguments: [--format: "json"]
2023-02-17 23:27:37,269 DEBUG    google.auth.transport.requests Making request: POST https://oauth2.googleapis.com/token
2023-02-17 23:27:37,271 DEBUG    urllib3.connectionpool Starting new HTTPS connection (1): oauth2.googleapis.com:443
2023-02-17 23:27:37,422 DEBUG    urllib3.connectionpool https://oauth2.googleapis.com:443 "POST /token HTTP/1.1" 200 None
2023-02-17 23:27:37,434 DEBUG    root            Chosen display Format:default json
2023-02-17 23:27:37,434 INFO     root            Display format: "default json"
2023-02-17 23:27:37,435 INFO     ___FILE_ONLY___ {
  "configuration": {
    "active_configuration": "default",
    "properties": {
      "compute": {
        "region": "asia-southeast1",
        "zone": "asia-southeast1-a"
      },
      "core": {
        "account": "natapat.pims@gmail.com",
        "disable_usage_reporting": "False",
        "project": "gke-app-376315"
      }
    }
  },
  "credential": {
    "access_token": "ya29.a0AVvZVsr14YaFRfdNlzV2Ew0o-ytlEOOLrdDz1NuvozQ9OPFyXaxMxt-kgFFApuf0s_BQFU5H0v7J_wohYcZaE87iiQAkiEzgRiJ4c7FC5UgP58iTqdG85sPlsyxalsauBpOsro8ubC1aNQB_kRCYWWMUrEf_unNQRZ6FwAaCgYKAdYSAQASFQGbdwaIKp07vmdd6pSd0SUfz5LmLA0173",
    "id_token": "eyJhbGciOiJSUzI1NiIsImtpZCI6IjU5NjJlN2EwNTljN2Y1YzBjMGQ1NmNiYWQ1MWZlNjRjZWVjYTY3YzYiLCJ0eXAiOiJKV1QifQ.eyJpc3MiOiJodHRwczovL2FjY291bnRzLmdvb2dsZS5jb20iLCJhenAiOiIzMjU1NTk0MDU1OS5hcHBzLmdvb2dsZXVzZXJjb250ZW50LmNvbSIsImF1ZCI6IjMyNTU1OTQwNTU5LmFwcHMuZ29vZ2xldXNlcmNvbnRlbnQuY29tIiwic3ViIjoiMTE1ODQ3Mjk4NjgyNTQ2MDY3OTk2IiwiZW1haWwiOiJuYXRhcGF0LnBpbXNAZ21haWwuY29tIiwiZW1haWxfdmVyaWZpZWQiOnRydWUsImF0X2hhc2giOiJ5U1BiYlFpOHVScUVxZXkxMm5iT3BnIiwiaWF0IjoxNjc2NjUxMjU4LCJleHAiOjE2NzY2NTQ4NTh9.eqvFiBeHj7n6v4hE96pBrDbFrtcVokQNGFJ_2Ji1Xtc03z3q5honiiQPqbG2PJ1_1dH9bJyQkNQ0MTB3SAdwY0hPmlapbTVewfdhn2ZOURgJTp448GF76EyEcj8HtNKsWRk0MftKX1KEw2VFNv4GdND0WfyApuo_XAh2XnIXbFCpvakUonhNZZBmAaVfiLQE8FiPb-OC2OOCh8YKF5rraWylvQSJE5PQ8KL_xaZZkE7LR_y8XaYnu9NmcQ2Q3W1KGkA8eHdMdLwmuLwpW7kakvC5tn5hIYHk7dNl5lplr5dZINt0A33TSpSeKhVzoa8qvNdWPLWyCiVZrLAmAzz6xQ",
    "token_expiry": "2023-02-17T17:27:36Z"
  },
  "sentinels": {
    "config_sentinel": "/home/dar/.config/gcloud/config_sentinel"
  }
}
2023-02-17 23:27:37,435 INFO     ___FILE_ONLY___ 

2023-02-17 23:27:37,436 DEBUG    root            Checking for updates...
2023-02-17 23:27:37,438 DEBUG    urllib3.connectionpool Starting new HTTPS connection (1): dl.google.com:443
2023-02-17 23:27:37,558 DEBUG    urllib3.connectionpool https://dl.google.com:443 "GET /dl/cloudsdk/channels/rapid/components-2.json HTTP/1.1" 200 206156
2023-02-17 23:27:37,705 DEBUG    root            Metrics reporting process started...
