2023-02-19 19:23:48,349 DEBUG    root            Loaded Command Group: ['gcloud', 'config']
2023-02-19 19:23:48,351 DEBUG    root            Loaded Command Group: ['gcloud', 'config', 'config_helper']
2023-02-19 19:23:48,353 DEBUG    root            Running [gcloud.config.config-helper] with arguments: [--format: "json"]
2023-02-19 19:23:48,381 DEBUG    google.auth.transport.requests Making request: POST https://oauth2.googleapis.com/token
2023-02-19 19:23:48,383 DEBUG    urllib3.connectionpool Starting new HTTPS connection (1): oauth2.googleapis.com:443
2023-02-19 19:23:48,534 DEBUG    urllib3.connectionpool https://oauth2.googleapis.com:443 "POST /token HTTP/1.1" 200 None
2023-02-19 19:23:48,543 DEBUG    root            Chosen display Format:default json
2023-02-19 19:23:48,544 INFO     root            Display format: "default json"
2023-02-19 19:23:48,544 INFO     ___FILE_ONLY___ {
  "configuration": {
    "active_configuration": "default",
    "properties": {
      "compute": {
        "region": "asia-southeast1",
        "zone": "asia-southeast1-a"
      },
      "core": {
        "account": "natapat.pims@gmail.com",
        "disable_usage_reporting": "False",
        "project": "gke-app-376315"
      }
    }
  },
  "credential": {
    "access_token": "ya29.a0AVvZVsqtCjKXyfAjvBcxClvBIUQVEIwYYQMz4mFZyBXIanU1MiBC7aaKJvsGEhRP3fK4wkZOHS0AOzxLXBI1HzaXcJ1yPbUP0paStArCicqnlD-ZL90_UpKHD-PJaoHv9nfx1zKExqfXBS90hVxK95RYGpC8lskiWQVltQaCgYKAcESAQASFQGbdwaIjDpY6RyZcQ0aTl3DLEuwKw0173",
    "id_token": "eyJhbGciOiJSUzI1NiIsImtpZCI6IjU5NjJlN2EwNTljN2Y1YzBjMGQ1NmNiYWQ1MWZlNjRjZWVjYTY3YzYiLCJ0eXAiOiJKV1QifQ.eyJpc3MiOiJodHRwczovL2FjY291bnRzLmdvb2dsZS5jb20iLCJhenAiOiIzMjU1NTk0MDU1OS5hcHBzLmdvb2dsZXVzZXJjb250ZW50LmNvbSIsImF1ZCI6IjMyNTU1OTQwNTU5LmFwcHMuZ29vZ2xldXNlcmNvbnRlbnQuY29tIiwic3ViIjoiMTE1ODQ3Mjk4NjgyNTQ2MDY3OTk2IiwiZW1haWwiOiJuYXRhcGF0LnBpbXNAZ21haWwuY29tIiwiZW1haWxfdmVyaWZpZWQiOnRydWUsImF0X2hhc2giOiJzUXVRVFNjTGVVcUtWXzVJa056QjZnIiwiaWF0IjoxNjc2ODA5NDI5LCJleHAiOjE2NzY4MTMwMjl9.EuWXoYakmBTztnAX7d0tuG0H0smNeebK4hL0X6AQH1d-oH7D74647wCWytmiZJf5HDUwYP_sWhfTaE6SVS3kiBGRZdWTiVuKL5OtNr9Ny74OrsBV3eQ-Fucluv9M5JzAypX2QNU-BN4PHLUFbbFD5BI--djMlP43LVmfOeRSLoTYczcQf8hx3CLjFUwYIDNejpI2CIAafVyBrt_e1XhpmJyDw7eVktWWurJyhI37eiHHTe4ImfqjTC8VaIzllSMCna0caejcd-wpBqIW6PxXE_I8bBJSwbUFykGTfcgJKuBpHUjmMAbUW4W_J7H5Kpb-Pn_iBaY-vaWA8OCKzCPX_g",
    "token_expiry": "2023-02-19T13:23:47Z"
  },
  "sentinels": {
    "config_sentinel": "/home/dar/.config/gcloud/config_sentinel"
  }
}
2023-02-19 19:23:48,544 INFO     ___FILE_ONLY___ 

2023-02-19 19:23:48,550 DEBUG    root            Metrics reporting process started...
