2023-02-19 21:28:13,927 DEBUG    root            Loaded Command Group: ['gcloud', 'config']
2023-02-19 21:28:13,929 DEBUG    root            Loaded Command Group: ['gcloud', 'config', 'config_helper']
2023-02-19 21:28:13,930 DEBUG    root            Running [gcloud.config.config-helper] with arguments: [--format: "json"]
2023-02-19 21:28:13,955 DEBUG    google.auth.transport.requests Making request: POST https://oauth2.googleapis.com/token
2023-02-19 21:28:13,957 DEBUG    urllib3.connectionpool Starting new HTTPS connection (1): oauth2.googleapis.com:443
2023-02-19 21:28:14,113 DEBUG    urllib3.connectionpool https://oauth2.googleapis.com:443 "POST /token HTTP/1.1" 200 None
2023-02-19 21:28:14,123 DEBUG    root            Chosen display Format:default json
2023-02-19 21:28:14,123 INFO     root            Display format: "default json"
2023-02-19 21:28:14,123 INFO     ___FILE_ONLY___ {
  "configuration": {
    "active_configuration": "default",
    "properties": {
      "compute": {
        "region": "asia-southeast1",
        "zone": "asia-southeast1-a"
      },
      "core": {
        "account": "natapat.pims@gmail.com",
        "disable_usage_reporting": "False",
        "project": "gke-app-376315"
      }
    }
  },
  "credential": {
    "access_token": "ya29.a0AVvZVsohykivkDLqaxBceMMBlU9LMzwpRuFc7GIeuqZSdPV___vpGdL1q7spmXycwaaRnKztHIf75S44wE7acXTGSfL_nmSVlSFpgXk1w_Z7qIqaVa6k3-EbwgkqwzljlaPZJ5ohdIY9f9e2HTt4HlJtxZjkVcpLJ_gyVQaCgYKAewSAQASFQGbdwaImVV1QnoOXOtDyJ8WqtkBPQ0173",
    "id_token": "eyJhbGciOiJSUzI1NiIsImtpZCI6IjU5NjJlN2EwNTljN2Y1YzBjMGQ1NmNiYWQ1MWZlNjRjZWVjYTY3YzYiLCJ0eXAiOiJKV1QifQ.eyJpc3MiOiJodHRwczovL2FjY291bnRzLmdvb2dsZS5jb20iLCJhenAiOiIzMjU1NTk0MDU1OS5hcHBzLmdvb2dsZXVzZXJjb250ZW50LmNvbSIsImF1ZCI6IjMyNTU1OTQwNTU5LmFwcHMuZ29vZ2xldXNlcmNvbnRlbnQuY29tIiwic3ViIjoiMTE1ODQ3Mjk4NjgyNTQ2MDY3OTk2IiwiZW1haWwiOiJuYXRhcGF0LnBpbXNAZ21haWwuY29tIiwiZW1haWxfdmVyaWZpZWQiOnRydWUsImF0X2hhc2giOiI3c19MTzMybUtBOEd5QjJfRUZiWnhBIiwiaWF0IjoxNjc2ODE2ODk0LCJleHAiOjE2NzY4MjA0OTR9.coUSYocu2e_NAESOCYuxkkceD-RZVQzzIqNxKORgGgs06bPeTDAocORPBtsw_v-tpytbu5MdRdAE1WDGgvfCf1yCS3rJCZLocLUo_oTXYmJ3IalkQ9Sha8jvfOQsdVlNPrNY8-LU_eNuAu6TNg3YzsL5qrzZzhz4Uocq-4LE4CwFg-Ld8AgbbzqpmcbyN6Wv9t9vnWRzWOHMd_S_S_blATSKEJdhUwFGJmj2K6wsBI2AK95KFfFqWMd21JBd2F1etKSDiCvh2jFfzZx_zY2Y6QKPO4qfr55WDGPewFSHXnqxhMQ5uXGU64N-G-K5rVLwGMp6jUn0YBPbG7qRyLOzYw",
    "token_expiry": "2023-02-19T15:28:13Z"
  },
  "sentinels": {
    "config_sentinel": "/home/dar/.config/gcloud/config_sentinel"
  }
}
2023-02-19 21:28:14,123 INFO     ___FILE_ONLY___ 

2023-02-19 21:28:14,127 DEBUG    root            Metrics reporting process started...
