2023-02-27 11:10:01,852 DEBUG    root            Loaded Command Group: ['gcloud', 'config']
2023-02-27 11:10:01,854 DEBUG    root            Loaded Command Group: ['gcloud', 'config', 'config_helper']
2023-02-27 11:10:01,855 DEBUG    root            Running [gcloud.config.config-helper] with arguments: [--format: "json"]
2023-02-27 11:10:04,957 DEBUG    google.auth.transport.requests Making request: POST https://oauth2.googleapis.com/token
2023-02-27 11:10:04,958 DEBUG    urllib3.connectionpool Starting new HTTPS connection (1): oauth2.googleapis.com:443
2023-02-27 11:18:05,590 DEBUG    urllib3.connectionpool https://oauth2.googleapis.com:443 "POST /token HTTP/1.1" 200 None
2023-02-27 11:18:05,617 DEBUG    urllib3.connectionpool Starting new HTTPS connection (1): www.gstatic.com:443
2023-02-27 11:18:05,747 DEBUG    urllib3.connectionpool https://www.gstatic.com:443 "GET /cloudsdk/feature_flag_config_file.yaml HTTP/1.1" 200 101
2023-02-27 11:18:05,758 DEBUG    root            Chosen display Format:default json
2023-02-27 11:18:05,758 INFO     root            Display format: "default json"
2023-02-27 11:18:05,759 INFO     ___FILE_ONLY___ {
  "configuration": {
    "active_configuration": "default",
    "properties": {
      "compute": {
        "region": "asia-southeast1",
        "zone": "asia-southeast1-a"
      },
      "core": {
        "account": "natapat.pims@gmail.com",
        "disable_usage_reporting": "False",
        "project": "gke-app-376315"
      }
    }
  },
  "credential": {
    "access_token": "ya29.a0AVvZVsqBLvImMuLxLuQSn8FPiHspwihklICD-C_cmXIwIH7si_pzCIVhAhmG2_Z_rjG8mk_s4oTsyBkBOzRoetv-ToYxfWoYEV3hm6heOxTUWCCs7p13_0inW7RSJRAtkuYsWFuD7ghOF7obQo7YY6SaVAOaGM9k5W-j3KIaCgYKAQsSARASFQGbdwaIunthqC-s-3bkTRO1AYvzcw0174",
    "id_token": "eyJhbGciOiJSUzI1NiIsImtpZCI6ImQyNWY4ZGJjZjk3ZGM3ZWM0MDFmMDE3MWZiNmU2YmRhOWVkOWU3OTIiLCJ0eXAiOiJKV1QifQ.eyJpc3MiOiJodHRwczovL2FjY291bnRzLmdvb2dsZS5jb20iLCJhenAiOiIzMjU1NTk0MDU1OS5hcHBzLmdvb2dsZXVzZXJjb250ZW50LmNvbSIsImF1ZCI6IjMyNTU1OTQwNTU5LmFwcHMuZ29vZ2xldXNlcmNvbnRlbnQuY29tIiwic3ViIjoiMTE1ODQ3Mjk4NjgyNTQ2MDY3OTk2IiwiZW1haWwiOiJuYXRhcGF0LnBpbXNAZ21haWwuY29tIiwiZW1haWxfdmVyaWZpZWQiOnRydWUsImF0X2hhc2giOiJfcF9iU3VTZ0NVRENpS1ZaTFRIWG9BIiwiaWF0IjoxNjc3NDcxNDg1LCJleHAiOjE2Nzc0NzUwODV9.WlD8bN-9364XT5rvHJXgzqH0zbFrOjAEFIYU_jwGoVSq1HU7SeQvAU5HnBQCrMoW9Og6h0bp4FpZNgIwirP66uDBE05YYDH8V8lt1-TNlK2T6JjtRwjP0etmw-kZi41bOtArCIUKBnXXul8Mcq4ZHsKDYhAZ3RKKbRSEogEsItX1KVthNj1YssI41sP6qqQPUc-0EGcH4C08qVeIEFag3zHE9w1XrJ2eatzYmfyuW2IBajhPeLxJ-zTUgb8UcVuFRl2nFj61RGNbIdtMfAz_7ckxvoPCkUNAr86bXh6vxHIXR33hdFJJ3qFwziklOkK7EG2Tgy-bITFmpa9WULV0lQ",
    "token_expiry": "2023-02-27T05:18:04Z"
  },
  "sentinels": {
    "config_sentinel": "/home/dar/.config/gcloud/config_sentinel"
  }
}
2023-02-27 11:18:05,759 INFO     ___FILE_ONLY___ 

2023-02-27 11:18:05,764 DEBUG    root            Metrics reporting process started...
