2023-02-27 12:18:11,742 DEBUG    root            Loaded Command Group: ['gcloud', 'config']
2023-02-27 12:18:11,743 DEBUG    root            Loaded Command Group: ['gcloud', 'config', 'config_helper']
2023-02-27 12:18:11,745 DEBUG    root            Running [gcloud.config.config-helper] with arguments: [--format: "json"]
2023-02-27 12:18:14,846 DEBUG    google.auth.transport.requests Making request: POST https://oauth2.googleapis.com/token
2023-02-27 12:18:14,848 DEBUG    urllib3.connectionpool Starting new HTTPS connection (1): oauth2.googleapis.com:443
2023-02-27 12:18:15,055 DEBUG    urllib3.connectionpool https://oauth2.googleapis.com:443 "POST /token HTTP/1.1" 200 None
2023-02-27 12:18:15,066 DEBUG    urllib3.connectionpool Starting new HTTPS connection (1): www.gstatic.com:443
2023-02-27 12:18:15,252 DEBUG    urllib3.connectionpool https://www.gstatic.com:443 "GET /cloudsdk/feature_flag_config_file.yaml HTTP/1.1" 200 101
2023-02-27 12:18:15,258 DEBUG    root            Chosen display Format:default json
2023-02-27 12:18:15,258 INFO     root            Display format: "default json"
2023-02-27 12:18:15,258 INFO     ___FILE_ONLY___ {
  "configuration": {
    "active_configuration": "default",
    "properties": {
      "compute": {
        "region": "asia-southeast1",
        "zone": "asia-southeast1-a"
      },
      "core": {
        "account": "natapat.pims@gmail.com",
        "disable_usage_reporting": "False",
        "project": "gke-app-376315"
      }
    }
  },
  "credential": {
    "access_token": "ya29.a0AVvZVsoyFBELeqEvC3IT7YN9MMKcK9HTtwTqQSkl-tjsNjSxAAgX4iUifgxpySgVwrWfzWpvtdLIbldRQ6Eo9v5oGdn7INKb4zds26mEazkqdIzxDt_z8tsJX5_XLww_meAVYw1KTvUg3hvKxuNi4unZKXnXar6c7WCgWDMaCgYKAfoSARASFQGbdwaITt7srsOD0KihdHIS-x6_NA0174",
    "id_token": "eyJhbGciOiJSUzI1NiIsImtpZCI6ImQyNWY4ZGJjZjk3ZGM3ZWM0MDFmMDE3MWZiNmU2YmRhOWVkOWU3OTIiLCJ0eXAiOiJKV1QifQ.eyJpc3MiOiJodHRwczovL2FjY291bnRzLmdvb2dsZS5jb20iLCJhenAiOiIzMjU1NTk0MDU1OS5hcHBzLmdvb2dsZXVzZXJjb250ZW50LmNvbSIsImF1ZCI6IjMyNTU1OTQwNTU5LmFwcHMuZ29vZ2xldXNlcmNvbnRlbnQuY29tIiwic3ViIjoiMTE1ODQ3Mjk4NjgyNTQ2MDY3OTk2IiwiZW1haWwiOiJuYXRhcGF0LnBpbXNAZ21haWwuY29tIiwiZW1haWxfdmVyaWZpZWQiOnRydWUsImF0X2hhc2giOiJ4cTMxdkhZajcwdndZTjd3RzRycE1nIiwiaWF0IjoxNjc3NDc1MDk0LCJleHAiOjE2Nzc0Nzg2OTR9.P4XLBXLcxUIrcK05p6CEfPKN0WW6V6yYTCXo9tDyNqgQ7WB0qxXJXJM2cnNB8TZPBmLs4Jgf9Rpe-M038XLuVokFm11kcxyzr9G3Lkat9m2YInP8vgBcoqTnwKHqz-ov2o6vThEkZQRnJ4356hBjwdRLH01z8udFfwuxpUyhV5q4nZP2CY_tfQwDnROrXoEa4h_powKoi7yZ1mu1pEnVxxfkbtTcl4sFu0SBFZpjbmuZBZfCIBr1irS8jC3ds-Lzt-OBZYoFWYDPJNelYqhv8cuK82qyweBgMPI_ZM2eSir7g80Asrb8QoDbSZhAQ9D8yEvbNNMWZrd1PAZutBGmfg",
    "token_expiry": "2023-02-27T06:18:14Z"
  },
  "sentinels": {
    "config_sentinel": "/home/dar/.config/gcloud/config_sentinel"
  }
}
2023-02-27 12:18:15,259 INFO     ___FILE_ONLY___ 

2023-02-27 12:18:15,262 DEBUG    root            Metrics reporting process started...
