2023-02-27 13:18:21,028 DEBUG    root            Loaded Command Group: ['gcloud', 'config']
2023-02-27 13:18:21,029 DEBUG    root            Loaded Command Group: ['gcloud', 'config', 'config_helper']
2023-02-27 13:18:21,030 DEBUG    root            Running [gcloud.config.config-helper] with arguments: [--format: "json"]
2023-02-27 13:18:23,161 DEBUG    google.auth.transport.requests Making request: POST https://oauth2.googleapis.com/token
2023-02-27 13:18:23,162 DEBUG    urllib3.connectionpool Starting new HTTPS connection (1): oauth2.googleapis.com:443
2023-02-27 13:18:23,406 DEBUG    urllib3.connectionpool https://oauth2.googleapis.com:443 "POST /token HTTP/1.1" 200 None
2023-02-27 13:18:23,439 DEBUG    urllib3.connectionpool Starting new HTTPS connection (1): www.gstatic.com:443
2023-02-27 13:27:14,729 DEBUG    urllib3.connectionpool https://www.gstatic.com:443 "GET /cloudsdk/feature_flag_config_file.yaml HTTP/1.1" 200 101
2023-02-27 13:27:14,735 DEBUG    root            Chosen display Format:default json
2023-02-27 13:27:14,736 INFO     root            Display format: "default json"
2023-02-27 13:27:14,736 INFO     ___FILE_ONLY___ {
  "configuration": {
    "active_configuration": "default",
    "properties": {
      "compute": {
        "region": "asia-southeast1",
        "zone": "asia-southeast1-a"
      },
      "core": {
        "account": "natapat.pims@gmail.com",
        "disable_usage_reporting": "False",
        "project": "gke-app-376315"
      }
    }
  },
  "credential": {
    "access_token": "ya29.a0AVvZVsop9QnCCKY1cLKu9_PuY3l25-XIvJsFeR6kUzzIgigVy66AzpLyDxpaMjD1bKnh2_GANdDUpeNSF0rJdH43ossIqd2Blf0hd9Qal5sj1oCjp72G0InflAX8bELPfOBwmF12AEn0FbmQSegI3BNKd-R0YGRIXodT_sQaCgYKAUASARASFQGbdwaIAHv130fkFharhT1suz8h6A0174",
    "id_token": "eyJhbGciOiJSUzI1NiIsImtpZCI6ImQyNWY4ZGJjZjk3ZGM3ZWM0MDFmMDE3MWZiNmU2YmRhOWVkOWU3OTIiLCJ0eXAiOiJKV1QifQ.eyJpc3MiOiJodHRwczovL2FjY291bnRzLmdvb2dsZS5jb20iLCJhenAiOiIzMjU1NTk0MDU1OS5hcHBzLmdvb2dsZXVzZXJjb250ZW50LmNvbSIsImF1ZCI6IjMyNTU1OTQwNTU5LmFwcHMuZ29vZ2xldXNlcmNvbnRlbnQuY29tIiwic3ViIjoiMTE1ODQ3Mjk4NjgyNTQ2MDY3OTk2IiwiZW1haWwiOiJuYXRhcGF0LnBpbXNAZ21haWwuY29tIiwiZW1haWxfdmVyaWZpZWQiOnRydWUsImF0X2hhc2giOiJzYl90X2FKTGVMdzhjbzRXNFB3VUJBIiwiaWF0IjoxNjc3NDc4NzAyLCJleHAiOjE2Nzc0ODIzMDJ9.PvNrS3ivuaET_PThiv34vAW9dy0oepDRk5VOugFbfqM3zVjgYG0WqEh5by77nkDVYrujGicDuAlyX2DzxIASdu0u42HwuP97iM_7STY8kCGmRes6D7hAFrADN9SXBTCWBlsVD86IFaCUSSULTqK4LBBwmrccH700EI3xw7tanwa1B0u1O2c6HPkplATPtbc4x9_Ktq-AkU4VtduDA5S_GPIEAL5lWrcG787BomcDxR4i7VcHrh5vEOzxi6B_FDrmUlNLtbTcZUXGYPlRnhItDprtEDI0ue6rssEJMI0hGtlCOK0MkmolyjrjgIxSW0uWBV_Rnf_9SJXWWIe38wuNFw",
    "token_expiry": "2023-02-27T07:18:22Z"
  },
  "sentinels": {
    "config_sentinel": "/home/dar/.config/gcloud/config_sentinel"
  }
}
2023-02-27 13:27:14,736 INFO     ___FILE_ONLY___ 

2023-02-27 13:27:14,739 DEBUG    root            Metrics reporting process started...
