2023-02-27 22:50:28,602 DEBUG    root            Loaded Command Group: ['gcloud', 'config']
2023-02-27 22:50:28,603 DEBUG    root            Loaded Command Group: ['gcloud', 'config', 'config_helper']
2023-02-27 22:50:28,606 DEBUG    root            Running [gcloud.config.config-helper] with arguments: [--format: "json"]
2023-02-27 22:50:28,629 DEBUG    google.auth.transport.requests Making request: POST https://oauth2.googleapis.com/token
2023-02-27 22:50:28,631 DEBUG    urllib3.connectionpool Starting new HTTPS connection (1): oauth2.googleapis.com:443
2023-02-27 22:50:28,786 DEBUG    urllib3.connectionpool https://oauth2.googleapis.com:443 "POST /token HTTP/1.1" 200 None
2023-02-27 22:50:28,796 DEBUG    urllib3.connectionpool Starting new HTTPS connection (1): www.gstatic.com:443
2023-02-27 22:50:28,910 DEBUG    urllib3.connectionpool https://www.gstatic.com:443 "GET /cloudsdk/feature_flag_config_file.yaml HTTP/1.1" 200 101
2023-02-27 22:50:28,915 DEBUG    root            Chosen display Format:default json
2023-02-27 22:50:28,915 INFO     root            Display format: "default json"
2023-02-27 22:50:28,916 INFO     ___FILE_ONLY___ {
  "configuration": {
    "active_configuration": "default",
    "properties": {
      "compute": {
        "region": "asia-southeast1",
        "zone": "asia-southeast1-a"
      },
      "core": {
        "account": "natapat.pims@gmail.com",
        "disable_usage_reporting": "False",
        "project": "gke-app-376315"
      }
    }
  },
  "credential": {
    "access_token": "ya29.a0AVvZVsrKxve9ROOshShgjTLBw-Aym421M_25iMk2URYv6GGiiJBqxLixclAh8FIZ4KYbLZqOl4wSLK-4VVI5qrQ1wLCqvQD5v1sIrBOhFJsbTnAJnNdDhOqVii9skttaugrQxlu7LTwVojBMKU8Hfza22YVN1nP8-IM-gLgaCgYKARkSAQASFQGbdwaIgsTNuygKK--g6R2H9E6rEA0174",
    "id_token": "eyJhbGciOiJSUzI1NiIsImtpZCI6ImQyNWY4ZGJjZjk3ZGM3ZWM0MDFmMDE3MWZiNmU2YmRhOWVkOWU3OTIiLCJ0eXAiOiJKV1QifQ.eyJpc3MiOiJodHRwczovL2FjY291bnRzLmdvb2dsZS5jb20iLCJhenAiOiIzMjU1NTk0MDU1OS5hcHBzLmdvb2dsZXVzZXJjb250ZW50LmNvbSIsImF1ZCI6IjMyNTU1OTQwNTU5LmFwcHMuZ29vZ2xldXNlcmNvbnRlbnQuY29tIiwic3ViIjoiMTE1ODQ3Mjk4NjgyNTQ2MDY3OTk2IiwiZW1haWwiOiJuYXRhcGF0LnBpbXNAZ21haWwuY29tIiwiZW1haWxfdmVyaWZpZWQiOnRydWUsImF0X2hhc2giOiI4TVAwUTFidll5MndObzNNYm9jbWpBIiwiaWF0IjoxNjc3NTEzMDI4LCJleHAiOjE2Nzc1MTY2Mjh9.TN412Tkr2-HQvhLHl37-RHokEsxGjIgcAfPQogg5KVo979AKfeGnNxH7xNo7Mt9EX3nv0I1zSwxo7d9u8Pdg9gj70k-YZQQftV5Q8wP2DNlpDN5hhFxZyiTXyTzBow1ZWBdmIt3hu-TGqtfimMuXBRclC_2KM1jDch59cxoCjAy2Iq0Er_Ayc6nPp-kW7E8BwxRrVax2CwaboCKgnD1tHdMvShwmeLRIufJf8FImDd5TPj1Ge7VSNeRFcGskKrfg-jfwN5aDY4qlpCflWWuC6TflEWWtuKopPIJL1wg6DDZdDchybKR563idqaAFYybydK9A3QwEAry6FEB9x1lqhQ",
    "token_expiry": "2023-02-27T16:50:27Z"
  },
  "sentinels": {
    "config_sentinel": "/home/dar/.config/gcloud/config_sentinel"
  }
}
2023-02-27 22:50:28,916 INFO     ___FILE_ONLY___ 

2023-02-27 22:50:28,919 DEBUG    root            Metrics reporting process started...
