2023-02-27 23:50:40,003 DEBUG    root            Loaded Command Group: ['gcloud', 'config']
2023-02-27 23:50:40,004 DEBUG    root            Loaded Command Group: ['gcloud', 'config', 'config_helper']
2023-02-27 23:50:40,005 DEBUG    root            Running [gcloud.config.config-helper] with arguments: [--format: "json"]
2023-02-27 23:50:40,032 DEBUG    google.auth.transport.requests Making request: POST https://oauth2.googleapis.com/token
2023-02-27 23:50:40,033 DEBUG    urllib3.connectionpool Starting new HTTPS connection (1): oauth2.googleapis.com:443
2023-02-27 23:50:40,186 DEBUG    urllib3.connectionpool https://oauth2.googleapis.com:443 "POST /token HTTP/1.1" 200 None
2023-02-27 23:50:40,195 DEBUG    urllib3.connectionpool Starting new HTTPS connection (1): www.gstatic.com:443
2023-02-27 23:50:40,321 DEBUG    urllib3.connectionpool https://www.gstatic.com:443 "GET /cloudsdk/feature_flag_config_file.yaml HTTP/1.1" 200 101
2023-02-27 23:50:40,326 DEBUG    root            Chosen display Format:default json
2023-02-27 23:50:40,326 INFO     root            Display format: "default json"
2023-02-27 23:50:40,327 INFO     ___FILE_ONLY___ {
  "configuration": {
    "active_configuration": "default",
    "properties": {
      "compute": {
        "region": "asia-southeast1",
        "zone": "asia-southeast1-a"
      },
      "core": {
        "account": "natapat.pims@gmail.com",
        "disable_usage_reporting": "False",
        "project": "gke-app-376315"
      }
    }
  },
  "credential": {
    "access_token": "ya29.a0AVvZVsoxh8KcEgOiBHxAhykPlp_Ifi2-GAzcR9Q-O_JkrXXsP0WaWHLgNqjyLHir89OTv_rb4svNaQcx6LJG7AX0hXdC-ONrk2Nuf11gp-az7mBcl_n-6lXAFaV7e93oILuv15ikm-DWn7mr-RgPT8vrDs2eY261Pq1Dd94aCgYKAUYSARASFQGbdwaIzkTlK9r-RlHJHot6CNnXfQ0174",
    "id_token": "eyJhbGciOiJSUzI1NiIsImtpZCI6ImQyNWY4ZGJjZjk3ZGM3ZWM0MDFmMDE3MWZiNmU2YmRhOWVkOWU3OTIiLCJ0eXAiOiJKV1QifQ.eyJpc3MiOiJodHRwczovL2FjY291bnRzLmdvb2dsZS5jb20iLCJhenAiOiIzMjU1NTk0MDU1OS5hcHBzLmdvb2dsZXVzZXJjb250ZW50LmNvbSIsImF1ZCI6IjMyNTU1OTQwNTU5LmFwcHMuZ29vZ2xldXNlcmNvbnRlbnQuY29tIiwic3ViIjoiMTE1ODQ3Mjk4NjgyNTQ2MDY3OTk2IiwiZW1haWwiOiJuYXRhcGF0LnBpbXNAZ21haWwuY29tIiwiZW1haWxfdmVyaWZpZWQiOnRydWUsImF0X2hhc2giOiJGbWF0akR5Q1g2NVIxQ2FENHkzYXJRIiwiaWF0IjoxNjc3NTE2NjQwLCJleHAiOjE2Nzc1MjAyNDB9.Qvz5El53CHTPYliAnTP_CM332jL0I-mBbIYyJ5uoDF-mkmpPW-XgrWtxUQaqf6WAga9X2L7_gyS6iPhtQdi3n2VEY59tLCYmnsV0xD8j70x4VFBx9Ta6g0HnR14W0_9DvD5_wpebUfxongXxT3raMmChSp1oT71zQPos0LGfI-KiaU6CVmRkwW_-mJvHeKoVJMDo2gpxFrN1F4f8tnNSRS_0WH9hwyELuygGrZP54OObbw_kKBu0ZWCFe1I1TI6YbCgdVv6TpJdyTSXCbUiNA_S8AXoIFUdX85acCpBMFS44Iwa6GxDSKaAY5cRlqdBczGiQDSXq1MADXcx1Q1YRxA",
    "token_expiry": "2023-02-27T17:50:39Z"
  },
  "sentinels": {
    "config_sentinel": "/home/dar/.config/gcloud/config_sentinel"
  }
}
2023-02-27 23:50:40,327 INFO     ___FILE_ONLY___ 

2023-02-27 23:50:40,330 DEBUG    root            Metrics reporting process started...
