2023-02-09 23:11:44,414 DEBUG    root            Loaded Command Group: ['gcloud', 'config']
2023-02-09 23:11:44,417 DEBUG    root            Loaded Command Group: ['gcloud', 'config', 'config_helper']
2023-02-09 23:11:44,419 DEBUG    root            Running [gcloud.config.config-helper] with arguments: [--format: "json"]
2023-02-09 23:11:44,445 DEBUG    google.auth.transport.requests Making request: POST https://oauth2.googleapis.com/token
2023-02-09 23:11:44,447 DEBUG    urllib3.connectionpool Starting new HTTPS connection (1): oauth2.googleapis.com:443
2023-02-09 23:11:44,587 DEBUG    urllib3.connectionpool https://oauth2.googleapis.com:443 "POST /token HTTP/1.1" 200 None
2023-02-09 23:11:44,596 DEBUG    root            Chosen display Format:default json
2023-02-09 23:11:44,597 INFO     root            Display format: "default json"
2023-02-09 23:11:44,597 INFO     ___FILE_ONLY___ {
  "configuration": {
    "active_configuration": "default",
    "properties": {
      "compute": {
        "region": "asia-southeast1",
        "zone": "asia-southeast1-a"
      },
      "core": {
        "account": "natapat.pims@gmail.com",
        "disable_usage_reporting": "False",
        "project": "gke-app-376315"
      }
    }
  },
  "credential": {
    "access_token": "ya29.a0AVvZVsqvo_PnC5RP94UM-SHBA6f2N6lQl-2XgbAZ6n_gDJq3eM9C-dyQmwsUZhU8V7jmKhb5TQrLjRub5lSsiSbiHA9wSOus9b4vrp65_quinhoJpWimj7yqzRlFSz6ZcD19zWxWkisRC3AE6rY0x35zYN2KuKDsuIqOhAaCgYKAZsSAQASFQGbdwaIGecXrmtIXNu91BHZzEmvpQ0173",
    "id_token": "eyJhbGciOiJSUzI1NiIsImtpZCI6ImI0OWM1MDYyZDg5MGY1Y2U0NDllODkwYzg4ZThkZDk4YzRmZWUwYWIiLCJ0eXAiOiJKV1QifQ.eyJpc3MiOiJodHRwczovL2FjY291bnRzLmdvb2dsZS5jb20iLCJhenAiOiIzMjU1NTk0MDU1OS5hcHBzLmdvb2dsZXVzZXJjb250ZW50LmNvbSIsImF1ZCI6IjMyNTU1OTQwNTU5LmFwcHMuZ29vZ2xldXNlcmNvbnRlbnQuY29tIiwic3ViIjoiMTE1ODQ3Mjk4NjgyNTQ2MDY3OTk2IiwiZW1haWwiOiJuYXRhcGF0LnBpbXNAZ21haWwuY29tIiwiZW1haWxfdmVyaWZpZWQiOnRydWUsImF0X2hhc2giOiItV1ZoTFUxMTZSR2YzMHBybWVvWlZ3IiwiaWF0IjoxNjc1OTU5MTA1LCJleHAiOjE2NzU5NjI3MDV9.Fsu0jzFesCaVIFut6pQazLzjx4Z-NeJvF1vjVXt6848i_RLwU6aH1WUhorLAD-BpWQU9nuERQAkNNTL-kJ6X7gMXEz-x9mNzJ8GsZRtiBkdAVFppEj5dvHUM7yCuGFThoR43QRllY7CaQskqDcHFd1MOF0qmuQ_nyWO42skmUVg_gVGv37ktxkixpIzbMV6OTZaLUtkKpPHR-gqr1ifTzjsH3AgV5qZHHc8XQbi3sqtwubEB-96mxCre6a0rwz0ggclsl3HxIZCAjDULuhH_xuulweL3R3cAOhZER_Fsc7vjlkM8YHL5lt8kK8xOOVluyfwRW2g9YWk-xOzLObaq8A",
    "token_expiry": "2023-02-09T17:11:43Z"
  },
  "sentinels": {
    "config_sentinel": "/home/dar/.config/gcloud/config_sentinel"
  }
}
2023-02-09 23:11:44,597 INFO     ___FILE_ONLY___ 

2023-02-09 23:11:44,603 DEBUG    root            Metrics reporting process started...
