2023-02-21 22:39:43,015 DEBUG    root            Loaded Command Group: ['gcloud', 'config']
2023-02-21 22:39:43,016 DEBUG    root            Loaded Command Group: ['gcloud', 'config', 'config_helper']
2023-02-21 22:39:43,018 DEBUG    root            Running [gcloud.config.config-helper] with arguments: [--format: "json"]
2023-02-21 22:39:43,050 DEBUG    google.auth.transport.requests Making request: POST https://oauth2.googleapis.com/token
2023-02-21 22:39:43,052 DEBUG    urllib3.connectionpool Starting new HTTPS connection (1): oauth2.googleapis.com:443
2023-02-21 22:39:43,213 DEBUG    urllib3.connectionpool https://oauth2.googleapis.com:443 "POST /token HTTP/1.1" 200 None
2023-02-21 22:39:43,221 DEBUG    root            Chosen display Format:default json
2023-02-21 22:39:43,222 INFO     root            Display format: "default json"
2023-02-21 22:39:43,222 INFO     ___FILE_ONLY___ {
  "configuration": {
    "active_configuration": "default",
    "properties": {
      "compute": {
        "region": "asia-southeast1",
        "zone": "asia-southeast1-a"
      },
      "core": {
        "account": "natapat.pims@gmail.com",
        "disable_usage_reporting": "False",
        "project": "gke-app-376315"
      }
    }
  },
  "credential": {
    "access_token": "ya29.a0AVvZVspmziIa5bAMePq-2md5E0RBBLKmqJr74ILsS8eEnFq1QNZbW4JoA7TIGmWWeLW40mBtaZtCFRm047Pf5F1y2p95k-p_4CUJwuK2TZAsdSNxjsno9dgS-JEdI6pSAGHuVWgejOAJwzjsMP4fMgV4hXDFZmImn9UyFgaCgYKAcgSAQASFQGbdwaIhCNOLImPTZeZFG_DzHyt2w0173",
    "id_token": "eyJhbGciOiJSUzI1NiIsImtpZCI6IjU5NjJlN2EwNTljN2Y1YzBjMGQ1NmNiYWQ1MWZlNjRjZWVjYTY3YzYiLCJ0eXAiOiJKV1QifQ.eyJpc3MiOiJodHRwczovL2FjY291bnRzLmdvb2dsZS5jb20iLCJhenAiOiIzMjU1NTk0MDU1OS5hcHBzLmdvb2dsZXVzZXJjb250ZW50LmNvbSIsImF1ZCI6IjMyNTU1OTQwNTU5LmFwcHMuZ29vZ2xldXNlcmNvbnRlbnQuY29tIiwic3ViIjoiMTE1ODQ3Mjk4NjgyNTQ2MDY3OTk2IiwiZW1haWwiOiJuYXRhcGF0LnBpbXNAZ21haWwuY29tIiwiZW1haWxfdmVyaWZpZWQiOnRydWUsImF0X2hhc2giOiJDRVV2QkhBU3dHbGx0YUJQS3hFQ3p3IiwiaWF0IjoxNjc2OTkzOTg1LCJleHAiOjE2NzY5OTc1ODV9.VFhipGuUWwYn537eX7VsPlJdguNPg0J4Q7hxPxH1g49SEmfUYhZq-bao3asPdttxJigORmPPr6TlZZmfjdPe2bRa0f46C9FTVwfCdVFWvadL46Xj7jDT5AztKL14wBsVZVhHOVXWM4j7RpY-Y8SFQ6Y-5fu5gZc2ef-7RToSKzMjFn4_SUJtnfAYXuIwYy2kPtcQ8phwqOkzhAFKKS07TUpqmtdJAzqyf0FDJQHmWHLC8mZ5BGGGOs4ZBKr6JQJdULu1B0yAZyxumqo0Z45nYMizMAwWPkDSgisP8vBSyJuY0Ac1njxAJSRRxn_yzPuHjf5UCjWzqj6GEOkUMYoXyg",
    "token_expiry": "2023-02-21T16:39:42Z"
  },
  "sentinels": {
    "config_sentinel": "/home/dar/.config/gcloud/config_sentinel"
  }
}
2023-02-21 22:39:43,222 INFO     ___FILE_ONLY___ 

2023-02-21 22:39:43,226 DEBUG    root            Metrics reporting process started...
