2023-03-02 09:59:58,036 DEBUG    root            Loaded Command Group: ['gcloud', 'config']
2023-03-02 09:59:58,039 DEBUG    root            Loaded Command Group: ['gcloud', 'config', 'config_helper']
2023-03-02 09:59:58,041 DEBUG    root            Running [gcloud.config.config-helper] with arguments: [--format: "json"]
2023-03-02 09:59:58,071 DEBUG    google.auth.transport.requests Making request: POST https://oauth2.googleapis.com/token
2023-03-02 09:59:58,073 DEBUG    urllib3.connectionpool Starting new HTTPS connection (1): oauth2.googleapis.com:443
2023-03-02 09:59:58,235 DEBUG    urllib3.connectionpool https://oauth2.googleapis.com:443 "POST /token HTTP/1.1" 200 None
2023-03-02 09:59:58,245 DEBUG    urllib3.connectionpool Starting new HTTPS connection (1): www.gstatic.com:443
2023-03-02 09:59:58,365 DEBUG    urllib3.connectionpool https://www.gstatic.com:443 "GET /cloudsdk/feature_flag_config_file.yaml HTTP/1.1" 200 101
2023-03-02 09:59:58,371 DEBUG    root            Chosen display Format:default json
2023-03-02 09:59:58,372 INFO     root            Display format: "default json"
2023-03-02 09:59:58,372 INFO     ___FILE_ONLY___ {
  "configuration": {
    "active_configuration": "default",
    "properties": {
      "compute": {
        "region": "asia-southeast1",
        "zone": "asia-southeast1-a"
      },
      "core": {
        "account": "natapat.pims@gmail.com",
        "disable_usage_reporting": "False",
        "project": "gke-app-376315"
      }
    }
  },
  "credential": {
    "access_token": "ya29.a0AVvZVsphEZQZgcy6S1-7MTEy_vt8_n-uay9CCA5zsy9l1We6qxrvYCDxW86HkQVHXmgRZD3jRY54qpRHlpxqm3juPSqP81HHlD_XABIUcxk6r6R-pd-iS-W8nM6SQCBvqb9sjV8_OJM4VhAnNZeFMTLjkbdECbdepZZ7qKQaCgYKAYkSARASFQGbdwaIQxMeguqKkoLaoo50yL8z8g0174",
    "id_token": "eyJhbGciOiJSUzI1NiIsImtpZCI6ImQyNWY4ZGJjZjk3ZGM3ZWM0MDFmMDE3MWZiNmU2YmRhOWVkOWU3OTIiLCJ0eXAiOiJKV1QifQ.eyJpc3MiOiJodHRwczovL2FjY291bnRzLmdvb2dsZS5jb20iLCJhenAiOiIzMjU1NTk0MDU1OS5hcHBzLmdvb2dsZXVzZXJjb250ZW50LmNvbSIsImF1ZCI6IjMyNTU1OTQwNTU5LmFwcHMuZ29vZ2xldXNlcmNvbnRlbnQuY29tIiwic3ViIjoiMTE1ODQ3Mjk4NjgyNTQ2MDY3OTk2IiwiZW1haWwiOiJuYXRhcGF0LnBpbXNAZ21haWwuY29tIiwiZW1haWxfdmVyaWZpZWQiOnRydWUsImF0X2hhc2giOiJ0eVhWYUpCMUV4U1FXYzRnLXMxdGx3IiwiaWF0IjoxNjc3NzI1OTk3LCJleHAiOjE2Nzc3Mjk1OTd9.PPyA36EIdkWkrWPKobxQMBB-smI_uhfm5hey5uqAb5k3eltPUUMzUPfTseFSzSOOVD64zlKMr6ElDOrs9Ma1LK2tHdcHcKYoRh-QkODQuLIkN0kstvkzWqljhvoVOkzl6lWHepItYWzIc0HOjggA9a0xYmJ3dIw-nVHommNKC359AvM0EwwBzg8R1OmuE7ezTaqboQgbjdMYWuD0exVyFgYybqGzplufRztP3yQszo2sBjPB-YnoiAmbztD2iVnaTvsmo3ObExRHXeRK6oqjax6ri13uQZgmIZ3l8-kRlvbmVnR4YCiriQZl7KljraSlZH0hwZr5MPlS0dKuXSmldQ",
    "token_expiry": "2023-03-02T03:59:57Z"
  },
  "sentinels": {
    "config_sentinel": "/home/dar/.config/gcloud/config_sentinel"
  }
}
2023-03-02 09:59:58,372 INFO     ___FILE_ONLY___ 

2023-03-02 09:59:58,379 DEBUG    root            Metrics reporting process started...
