2023-03-02 12:00:13,066 DEBUG    root            Loaded Command Group: ['gcloud', 'config']
2023-03-02 12:00:13,067 DEBUG    root            Loaded Command Group: ['gcloud', 'config', 'config_helper']
2023-03-02 12:00:13,069 DEBUG    root            Running [gcloud.config.config-helper] with arguments: [--format: "json"]
2023-03-02 12:00:13,100 DEBUG    google.auth.transport.requests Making request: POST https://oauth2.googleapis.com/token
2023-03-02 12:00:13,102 DEBUG    urllib3.connectionpool Starting new HTTPS connection (1): oauth2.googleapis.com:443
2023-03-02 12:00:13,267 DEBUG    urllib3.connectionpool https://oauth2.googleapis.com:443 "POST /token HTTP/1.1" 200 None
2023-03-02 12:00:13,279 DEBUG    urllib3.connectionpool Starting new HTTPS connection (1): www.gstatic.com:443
2023-03-02 12:00:13,401 DEBUG    urllib3.connectionpool https://www.gstatic.com:443 "GET /cloudsdk/feature_flag_config_file.yaml HTTP/1.1" 200 101
2023-03-02 12:00:13,407 DEBUG    root            Chosen display Format:default json
2023-03-02 12:00:13,407 INFO     root            Display format: "default json"
2023-03-02 12:00:13,407 INFO     ___FILE_ONLY___ {
  "configuration": {
    "active_configuration": "default",
    "properties": {
      "compute": {
        "region": "asia-southeast1",
        "zone": "asia-southeast1-a"
      },
      "core": {
        "account": "natapat.pims@gmail.com",
        "disable_usage_reporting": "False",
        "project": "gke-app-376315"
      }
    }
  },
  "credential": {
    "access_token": "ya29.a0AVvZVsrBempcKTY7Ig6MSJLAqzdmlPmeu3P2CRXUDz43332q6akFTC1am_TKiLYsaxhmaCwD-MpgRb9br-cavd5tFUv903eDWCkZybv6-QUdtjD7hdRUO9YzazNT3JECDAQuccNDtQGRQHcHEcySVYBXocbOY0EyCuaLJC0aCgYKAZASARASFQGbdwaIynbufM0CHYpnV9rEiAE4fg0174",
    "id_token": "eyJhbGciOiJSUzI1NiIsImtpZCI6ImQyNWY4ZGJjZjk3ZGM3ZWM0MDFmMDE3MWZiNmU2YmRhOWVkOWU3OTIiLCJ0eXAiOiJKV1QifQ.eyJpc3MiOiJodHRwczovL2FjY291bnRzLmdvb2dsZS5jb20iLCJhenAiOiIzMjU1NTk0MDU1OS5hcHBzLmdvb2dsZXVzZXJjb250ZW50LmNvbSIsImF1ZCI6IjMyNTU1OTQwNTU5LmFwcHMuZ29vZ2xldXNlcmNvbnRlbnQuY29tIiwic3ViIjoiMTE1ODQ3Mjk4NjgyNTQ2MDY3OTk2IiwiZW1haWwiOiJuYXRhcGF0LnBpbXNAZ21haWwuY29tIiwiZW1haWxfdmVyaWZpZWQiOnRydWUsImF0X2hhc2giOiJva3E2QU8taHhpYnV3dlNKRnJZTU9RIiwiaWF0IjoxNjc3NzMzMjEyLCJleHAiOjE2Nzc3MzY4MTJ9.X7wNejhOS9wGTQ6eEIK9FwAyemvqmwUcZa7aNAgBqLiXc4myRQ-mU7tDTi4xC1BjI7i0ZqmJvHR4F7WmyEr1_zvwM3BwkttKe2EDAMEO4gLAkPm1YeWKllxJRxedznt6XzNc3_9Oyrl4_WiQuzKYC7sbqqlu4GWkGehgJN6WNUuttaF3ocpyV0-v7xYNuLDfk2B_a43iTJ0TdGk4cOwLwD8WreAgBnJ3X1vmpq1kG_6qREoC-kdIXzaKHTOZtQXcD5JInhzPUi2yG1_T-MzICS2ASfveNIADH6EHjbmDA2Zj0CYSSqBXBfOGG88aLJE-6QMTxI_TKwbPOhvIglVg4g",
    "token_expiry": "2023-03-02T06:00:12Z"
  },
  "sentinels": {
    "config_sentinel": "/home/dar/.config/gcloud/config_sentinel"
  }
}
2023-03-02 12:00:13,408 INFO     ___FILE_ONLY___ 

2023-03-02 12:00:13,411 DEBUG    root            Metrics reporting process started...
