2023-03-02 13:37:14,816 DEBUG    root            Loaded Command Group: ['gcloud', 'components']
2023-03-02 13:37:14,822 DEBUG    root            Loaded Command Group: ['gcloud', 'components', 'update']
2023-03-02 13:37:14,824 DEBUG    root            Running [gcloud.components.update] with arguments: []
2023-03-02 13:37:14,824 INFO     ___FILE_ONLY___ Beginning update. This process may take several minutes.

2023-03-02 13:37:14,829 DEBUG    urllib3.connectionpool Starting new HTTPS connection (1): dl.google.com:443
2023-03-02 13:37:14,953 DEBUG    urllib3.connectionpool https://dl.google.com:443 "GET /dl/cloudsdk/channels/rapid/components-2.json HTTP/1.1" 200 206156
2023-03-02 13:37:15,117 INFO     ___FILE_ONLY___ 

2023-03-02 13:37:15,117 INFO     ___FILE_ONLY___ 
Your current Google Cloud CLI version is: 419.0.0

2023-03-02 13:37:15,117 INFO     ___FILE_ONLY___ You will be upgraded to version: 420.0.0

2023-03-02 13:37:15,118 INFO     ___FILE_ONLY___ 

2023-03-02 13:37:15,118 DEBUG    root            Chosen display Format:table[box,title="These components will be removed."](details.display_name:label=Name:align=left,version.version_string:label=Version:align=right,data.size.size(zero="",min=1048576):label=Size:align=right)
2023-03-02 13:37:15,118 DEBUG    root            Chosen display Format:table[box,title="These components will be updated."](details.display_name:label=Name:align=left,version.version_string:label=Version:align=right,data.size.size(zero="",min=1048576):label=Size:align=right)
2023-03-02 13:37:15,119 INFO     ___FILE_ONLY___ ┌─────────────────────────────────────────────────────────┐
2023-03-02 13:37:15,120 INFO     ___FILE_ONLY___ 

2023-03-02 13:37:15,120 INFO     ___FILE_ONLY___ │            These components will be updated.            │
2023-03-02 13:37:15,120 INFO     ___FILE_ONLY___ 

2023-03-02 13:37:15,120 INFO     ___FILE_ONLY___ ├─────────────────────────────────┬────────────┬──────────┤
2023-03-02 13:37:15,120 INFO     ___FILE_ONLY___ 

2023-03-02 13:37:15,120 INFO     ___FILE_ONLY___ │               Name              │  Version   │   Size   │
2023-03-02 13:37:15,120 INFO     ___FILE_ONLY___ 

2023-03-02 13:37:15,120 INFO     ___FILE_ONLY___ ├─────────────────────────────────┼────────────┼──────────┤
2023-03-02 13:37:15,120 INFO     ___FILE_ONLY___ 

2023-03-02 13:37:15,120 INFO     ___FILE_ONLY___ │ 
2023-03-02 13:37:15,120 INFO     ___FILE_ONLY___ BigQuery Command Line Tool     
2023-03-02 13:37:15,120 INFO     ___FILE_ONLY___  
2023-03-02 13:37:15,120 INFO     ___FILE_ONLY___ │ 
2023-03-02 13:37:15,121 INFO     ___FILE_ONLY___     2.0.86
2023-03-02 13:37:15,121 INFO     ___FILE_ONLY___  
2023-03-02 13:37:15,121 INFO     ___FILE_ONLY___ │ 
2023-03-02 13:37:15,121 INFO     ___FILE_ONLY___  1.6 MiB
2023-03-02 13:37:15,121 INFO     ___FILE_ONLY___  
2023-03-02 13:37:15,121 INFO     ___FILE_ONLY___ │
2023-03-02 13:37:15,121 INFO     ___FILE_ONLY___ 

2023-03-02 13:37:15,121 INFO     ___FILE_ONLY___ │ 
2023-03-02 13:37:15,121 INFO     ___FILE_ONLY___ Google Cloud CLI Core Libraries
2023-03-02 13:37:15,121 INFO     ___FILE_ONLY___  
2023-03-02 13:37:15,121 INFO     ___FILE_ONLY___ │ 
2023-03-02 13:37:15,121 INFO     ___FILE_ONLY___ 2023.02.24
2023-03-02 13:37:15,121 INFO     ___FILE_ONLY___  
2023-03-02 13:37:15,122 INFO     ___FILE_ONLY___ │ 
2023-03-02 13:37:15,122 INFO     ___FILE_ONLY___ 26.7 MiB
2023-03-02 13:37:15,122 INFO     ___FILE_ONLY___  
2023-03-02 13:37:15,122 INFO     ___FILE_ONLY___ │
2023-03-02 13:37:15,122 INFO     ___FILE_ONLY___ 

2023-03-02 13:37:15,122 INFO     ___FILE_ONLY___ │ 
2023-03-02 13:37:15,122 INFO     ___FILE_ONLY___ gcloud cli dependencies        
2023-03-02 13:37:15,122 INFO     ___FILE_ONLY___  
2023-03-02 13:37:15,122 INFO     ___FILE_ONLY___ │ 
2023-03-02 13:37:15,122 INFO     ___FILE_ONLY___ 2023.02.24
2023-03-02 13:37:15,122 INFO     ___FILE_ONLY___  
2023-03-02 13:37:15,122 INFO     ___FILE_ONLY___ │ 
2023-03-02 13:37:15,122 INFO     ___FILE_ONLY___ 11.2 MiB
2023-03-02 13:37:15,122 INFO     ___FILE_ONLY___  
2023-03-02 13:37:15,123 INFO     ___FILE_ONLY___ │
2023-03-02 13:37:15,123 INFO     ___FILE_ONLY___ 

2023-03-02 13:37:15,123 INFO     ___FILE_ONLY___ └─────────────────────────────────┴────────────┴──────────┘
2023-03-02 13:37:15,123 INFO     ___FILE_ONLY___ 

2023-03-02 13:37:15,123 DEBUG    root            Chosen display Format:table[box,title="These components will be installed."](details.display_name:label=Name:align=left,version.version_string:label=Version:align=right,data.size.size(zero="",min=1048576):label=Size:align=right)
2023-03-02 13:37:15,123 INFO     ___FILE_ONLY___ 

2023-03-02 13:37:15,125 DEBUG    urllib3.connectionpool Starting new HTTPS connection (1): dl.google.com:443
2023-03-02 13:37:15,252 DEBUG    urllib3.connectionpool https://dl.google.com:443 "GET /dl/cloudsdk/channels/rapid/RELEASE_NOTES HTTP/1.1" 200 950549
2023-03-02 13:37:15,484 INFO     ___FILE_ONLY___ The following release notes are new in this upgrade.
Please read carefully for information about new features, breaking changes,
and bugs fixed.  The latest full release notes can be viewed at:
  https://cloud.google.com/sdk/release_notes


2023-03-02 13:37:15,485 INFO     ___FILE_ONLY___ [m
2023-03-02 13:37:15,485 INFO     ___FILE_ONLY___ [1m420.0.0 (2023-02-28)[m

2023-03-02 13:37:15,485 INFO     ___FILE_ONLY___ [m
2023-03-02 13:37:15,485 INFO     ___FILE_ONLY___   
2023-03-02 13:37:15,485 INFO     ___FILE_ONLY___ [1mBreaking Changes[m

2023-03-02 13:37:15,485 INFO     ___FILE_ONLY___       ▪
2023-03-02 13:37:15,485 INFO     ___FILE_ONLY___  
2023-03-02 13:37:15,485 INFO     ___FILE_ONLY___ **(Cloud
2023-03-02 13:37:15,486 INFO     ___FILE_ONLY___  
2023-03-02 13:37:15,486 INFO     ___FILE_ONLY___ Firestore)**
2023-03-02 13:37:15,486 INFO     ___FILE_ONLY___  
2023-03-02 13:37:15,486 INFO     ___FILE_ONLY___ Switched
2023-03-02 13:37:15,486 INFO     ___FILE_ONLY___  
2023-03-02 13:37:15,486 INFO     ___FILE_ONLY___ [1mfirestore
2023-03-02 13:37:15,486 INFO     ___FILE_ONLY___  
2023-03-02 13:37:15,486 INFO     ___FILE_ONLY___ beta
2023-03-02 13:37:15,486 INFO     ___FILE_ONLY___  
2023-03-02 13:37:15,486 INFO     ___FILE_ONLY___ database
2023-03-02 13:37:15,486 INFO     ___FILE_ONLY___  
2023-03-02 13:37:15,486 INFO     ___FILE_ONLY___ create[m
2023-03-02 13:37:15,486 INFO     ___FILE_ONLY___  
2023-03-02 13:37:15,487 INFO     ___FILE_ONLY___ to
2023-03-02 13:37:15,487 INFO     ___FILE_ONLY___  
2023-03-02 13:37:15,487 INFO     ___FILE_ONLY___ use
2023-03-02 13:37:15,487 INFO     ___FILE_ONLY___ 

2023-03-02 13:37:15,487 INFO     ___FILE_ONLY___         
2023-03-02 13:37:15,487 INFO     ___FILE_ONLY___ Firestore
2023-03-02 13:37:15,487 INFO     ___FILE_ONLY___  
2023-03-02 13:37:15,487 INFO     ___FILE_ONLY___ API.
2023-03-02 13:37:15,487 INFO     ___FILE_ONLY___ 

2023-03-02 13:37:15,487 INFO     ___FILE_ONLY___       ▪
2023-03-02 13:37:15,487 INFO     ___FILE_ONLY___  
2023-03-02 13:37:15,487 INFO     ___FILE_ONLY___ **(Cloud
2023-03-02 13:37:15,487 INFO     ___FILE_ONLY___  
2023-03-02 13:37:15,488 INFO     ___FILE_ONLY___ Firestore)**
2023-03-02 13:37:15,488 INFO     ___FILE_ONLY___  
2023-03-02 13:37:15,488 INFO     ___FILE_ONLY___ Added
2023-03-02 13:37:15,488 INFO     ___FILE_ONLY___  
2023-03-02 13:37:15,488 INFO     ___FILE_ONLY___ [1m--type[m,
2023-03-02 13:37:15,488 INFO     ___FILE_ONLY___  
2023-03-02 13:37:15,488 INFO     ___FILE_ONLY___ [1m--location[m
2023-03-02 13:37:15,488 INFO     ___FILE_ONLY___  
2023-03-02 13:37:15,488 INFO     ___FILE_ONLY___ and
2023-03-02 13:37:15,488 INFO     ___FILE_ONLY___  
2023-03-02 13:37:15,488 INFO     ___FILE_ONLY___ [1m--database[m
2023-03-02 13:37:15,488 INFO     ___FILE_ONLY___  
2023-03-02 13:37:15,488 INFO     ___FILE_ONLY___ to
2023-03-02 13:37:15,489 INFO     ___FILE_ONLY___ 

2023-03-02 13:37:15,489 INFO     ___FILE_ONLY___         
2023-03-02 13:37:15,489 INFO     ___FILE_ONLY___ [1mgcloud
2023-03-02 13:37:15,489 INFO     ___FILE_ONLY___  
2023-03-02 13:37:15,489 INFO     ___FILE_ONLY___ beta
2023-03-02 13:37:15,489 INFO     ___FILE_ONLY___  
2023-03-02 13:37:15,489 INFO     ___FILE_ONLY___ firestore
2023-03-02 13:37:15,489 INFO     ___FILE_ONLY___  
2023-03-02 13:37:15,489 INFO     ___FILE_ONLY___ database
2023-03-02 13:37:15,489 INFO     ___FILE_ONLY___  
2023-03-02 13:37:15,489 INFO     ___FILE_ONLY___ create[m.
2023-03-02 13:37:15,489 INFO     ___FILE_ONLY___ 

2023-03-02 13:37:15,489 INFO     ___FILE_ONLY___       ▪
2023-03-02 13:37:15,489 INFO     ___FILE_ONLY___  
2023-03-02 13:37:15,490 INFO     ___FILE_ONLY___ **(Cloud
2023-03-02 13:37:15,490 INFO     ___FILE_ONLY___  
2023-03-02 13:37:15,490 INFO     ___FILE_ONLY___ Firestore)**
2023-03-02 13:37:15,490 INFO     ___FILE_ONLY___  
2023-03-02 13:37:15,490 INFO     ___FILE_ONLY___ Removed
2023-03-02 13:37:15,490 INFO     ___FILE_ONLY___  
2023-03-02 13:37:15,490 INFO     ___FILE_ONLY___ [1m--region[m
2023-03-02 13:37:15,490 INFO     ___FILE_ONLY___  
2023-03-02 13:37:15,490 INFO     ___FILE_ONLY___ in
2023-03-02 13:37:15,490 INFO     ___FILE_ONLY___  
2023-03-02 13:37:15,490 INFO     ___FILE_ONLY___ [1mgcloud
2023-03-02 13:37:15,490 INFO     ___FILE_ONLY___  
2023-03-02 13:37:15,490 INFO     ___FILE_ONLY___ beta
2023-03-02 13:37:15,490 INFO     ___FILE_ONLY___  
2023-03-02 13:37:15,491 INFO     ___FILE_ONLY___ firestore
2023-03-02 13:37:15,491 INFO     ___FILE_ONLY___ 

2023-03-02 13:37:15,491 INFO     ___FILE_ONLY___         
2023-03-02 13:37:15,491 INFO     ___FILE_ONLY___ database
2023-03-02 13:37:15,491 INFO     ___FILE_ONLY___  
2023-03-02 13:37:15,491 INFO     ___FILE_ONLY___ create[m.
2023-03-02 13:37:15,491 INFO     ___FILE_ONLY___  
2023-03-02 13:37:15,491 INFO     ___FILE_ONLY___ Use
2023-03-02 13:37:15,491 INFO     ___FILE_ONLY___  
2023-03-02 13:37:15,491 INFO     ___FILE_ONLY___ [1m--location[m
2023-03-02 13:37:15,491 INFO     ___FILE_ONLY___  
2023-03-02 13:37:15,491 INFO     ___FILE_ONLY___ instead.
2023-03-02 13:37:15,491 INFO     ___FILE_ONLY___ 

2023-03-02 13:37:15,491 INFO     ___FILE_ONLY___ 

2023-03-02 13:37:15,492 INFO     ___FILE_ONLY___ [m
2023-03-02 13:37:15,492 INFO     ___FILE_ONLY___   
2023-03-02 13:37:15,492 INFO     ___FILE_ONLY___ [1mApp Engine[m

2023-03-02 13:37:15,492 INFO     ___FILE_ONLY___       ▪
2023-03-02 13:37:15,492 INFO     ___FILE_ONLY___  
2023-03-02 13:37:15,492 INFO     ___FILE_ONLY___ Added
2023-03-02 13:37:15,492 INFO     ___FILE_ONLY___  
2023-03-02 13:37:15,492 INFO     ___FILE_ONLY___ support
2023-03-02 13:37:15,492 INFO     ___FILE_ONLY___  
2023-03-02 13:37:15,492 INFO     ___FILE_ONLY___ for
2023-03-02 13:37:15,492 INFO     ___FILE_ONLY___  
2023-03-02 13:37:15,492 INFO     ___FILE_ONLY___ App
2023-03-02 13:37:15,493 INFO     ___FILE_ONLY___  
2023-03-02 13:37:15,493 INFO     ___FILE_ONLY___ Engine
2023-03-02 13:37:15,493 INFO     ___FILE_ONLY___  
2023-03-02 13:37:15,493 INFO     ___FILE_ONLY___ go
2023-03-02 13:37:15,493 INFO     ___FILE_ONLY___  
2023-03-02 13:37:15,493 INFO     ___FILE_ONLY___ runtime
2023-03-02 13:37:15,493 INFO     ___FILE_ONLY___  
2023-03-02 13:37:15,493 INFO     ___FILE_ONLY___ versions
2023-03-02 13:37:15,493 INFO     ___FILE_ONLY___  
2023-03-02 13:37:15,493 INFO     ___FILE_ONLY___ 116,
2023-03-02 13:37:15,493 INFO     ___FILE_ONLY___  
2023-03-02 13:37:15,493 INFO     ___FILE_ONLY___ 117,
2023-03-02 13:37:15,493 INFO     ___FILE_ONLY___  
2023-03-02 13:37:15,494 INFO     ___FILE_ONLY___ 118,
2023-03-02 13:37:15,494 INFO     ___FILE_ONLY___  
2023-03-02 13:37:15,494 INFO     ___FILE_ONLY___ 119,
2023-03-02 13:37:15,494 INFO     ___FILE_ONLY___ 

2023-03-02 13:37:15,494 INFO     ___FILE_ONLY___         
2023-03-02 13:37:15,494 INFO     ___FILE_ONLY___ 120.
2023-03-02 13:37:15,494 INFO     ___FILE_ONLY___ 

2023-03-02 13:37:15,494 INFO     ___FILE_ONLY___ 

2023-03-02 13:37:15,494 INFO     ___FILE_ONLY___ [m
2023-03-02 13:37:15,494 INFO     ___FILE_ONLY___   
2023-03-02 13:37:15,494 INFO     ___FILE_ONLY___ [1mBigQuery[m

2023-03-02 13:37:15,495 INFO     ___FILE_ONLY___       ▪
2023-03-02 13:37:15,495 INFO     ___FILE_ONLY___  
2023-03-02 13:37:15,495 INFO     ___FILE_ONLY___ Updated
2023-03-02 13:37:15,495 INFO     ___FILE_ONLY___  
2023-03-02 13:37:15,495 INFO     ___FILE_ONLY___ messaging
2023-03-02 13:37:15,495 INFO     ___FILE_ONLY___  
2023-03-02 13:37:15,495 INFO     ___FILE_ONLY___ for
2023-03-02 13:37:15,495 INFO     ___FILE_ONLY___  
2023-03-02 13:37:15,495 INFO     ___FILE_ONLY___ the
2023-03-02 13:37:15,495 INFO     ___FILE_ONLY___  
2023-03-02 13:37:15,495 INFO     ___FILE_ONLY___ [1muse_legacy_sql[m
2023-03-02 13:37:15,496 INFO     ___FILE_ONLY___  
2023-03-02 13:37:15,496 INFO     ___FILE_ONLY___ flag.
2023-03-02 13:37:15,496 INFO     ___FILE_ONLY___ 

2023-03-02 13:37:15,496 INFO     ___FILE_ONLY___       ▪
2023-03-02 13:37:15,496 INFO     ___FILE_ONLY___  
2023-03-02 13:37:15,496 INFO     ___FILE_ONLY___ Added
2023-03-02 13:37:15,496 INFO     ___FILE_ONLY___  
2023-03-02 13:37:15,496 INFO     ___FILE_ONLY___ stack
2023-03-02 13:37:15,496 INFO     ___FILE_ONLY___  
2023-03-02 13:37:15,496 INFO     ___FILE_ONLY___ trace
2023-03-02 13:37:15,496 INFO     ___FILE_ONLY___  
2023-03-02 13:37:15,496 INFO     ___FILE_ONLY___ logging
2023-03-02 13:37:15,496 INFO     ___FILE_ONLY___  
2023-03-02 13:37:15,496 INFO     ___FILE_ONLY___ for
2023-03-02 13:37:15,497 INFO     ___FILE_ONLY___  
2023-03-02 13:37:15,497 INFO     ___FILE_ONLY___ errors
2023-03-02 13:37:15,497 INFO     ___FILE_ONLY___  
2023-03-02 13:37:15,497 INFO     ___FILE_ONLY___ when
2023-03-02 13:37:15,497 INFO     ___FILE_ONLY___  
2023-03-02 13:37:15,497 INFO     ___FILE_ONLY___ the
2023-03-02 13:37:15,497 INFO     ___FILE_ONLY___  
2023-03-02 13:37:15,497 INFO     ___FILE_ONLY___ [1mapilog[m
2023-03-02 13:37:15,497 INFO     ___FILE_ONLY___  
2023-03-02 13:37:15,497 INFO     ___FILE_ONLY___ flag
2023-03-02 13:37:15,497 INFO     ___FILE_ONLY___  
2023-03-02 13:37:15,497 INFO     ___FILE_ONLY___ is
2023-03-02 13:37:15,497 INFO     ___FILE_ONLY___  
2023-03-02 13:37:15,498 INFO     ___FILE_ONLY___ used.
2023-03-02 13:37:15,498 INFO     ___FILE_ONLY___ 

2023-03-02 13:37:15,498 INFO     ___FILE_ONLY___       ▪
2023-03-02 13:37:15,498 INFO     ___FILE_ONLY___  
2023-03-02 13:37:15,498 INFO     ___FILE_ONLY___ Removed
2023-03-02 13:37:15,498 INFO     ___FILE_ONLY___  
2023-03-02 13:37:15,498 INFO     ___FILE_ONLY___ unnecessary
2023-03-02 13:37:15,498 INFO     ___FILE_ONLY___  
2023-03-02 13:37:15,498 INFO     ___FILE_ONLY___ fetches
2023-03-02 13:37:15,498 INFO     ___FILE_ONLY___  
2023-03-02 13:37:15,498 INFO     ___FILE_ONLY___ for
2023-03-02 13:37:15,498 INFO     ___FILE_ONLY___  
2023-03-02 13:37:15,498 INFO     ___FILE_ONLY___ data
2023-03-02 13:37:15,498 INFO     ___FILE_ONLY___  
2023-03-02 13:37:15,499 INFO     ___FILE_ONLY___ transfer
2023-03-02 13:37:15,499 INFO     ___FILE_ONLY___  
2023-03-02 13:37:15,499 INFO     ___FILE_ONLY___ commands.
2023-03-02 13:37:15,499 INFO     ___FILE_ONLY___ 

2023-03-02 13:37:15,499 INFO     ___FILE_ONLY___ 

2023-03-02 13:37:15,499 INFO     ___FILE_ONLY___ [m
2023-03-02 13:37:15,499 INFO     ___FILE_ONLY___   
2023-03-02 13:37:15,499 INFO     ___FILE_ONLY___ [1mCertificate Authority Service[m

2023-03-02 13:37:15,499 INFO     ___FILE_ONLY___       ▪
2023-03-02 13:37:15,499 INFO     ___FILE_ONLY___  
2023-03-02 13:37:15,499 INFO     ___FILE_ONLY___ Added
2023-03-02 13:37:15,499 INFO     ___FILE_ONLY___  
2023-03-02 13:37:15,499 INFO     ___FILE_ONLY___ name
2023-03-02 13:37:15,500 INFO     ___FILE_ONLY___  
2023-03-02 13:37:15,500 INFO     ___FILE_ONLY___ constraints
2023-03-02 13:37:15,500 INFO     ___FILE_ONLY___  
2023-03-02 13:37:15,500 INFO     ___FILE_ONLY___ arguments
2023-03-02 13:37:15,500 INFO     ___FILE_ONLY___  
2023-03-02 13:37:15,500 INFO     ___FILE_ONLY___ to
2023-03-02 13:37:15,500 INFO     ___FILE_ONLY___  
2023-03-02 13:37:15,500 INFO     ___FILE_ONLY___ [1mgcloud
2023-03-02 13:37:15,500 INFO     ___FILE_ONLY___  
2023-03-02 13:37:15,500 INFO     ___FILE_ONLY___ privateca
2023-03-02 13:37:15,500 INFO     ___FILE_ONLY___  
2023-03-02 13:37:15,500 INFO     ___FILE_ONLY___ roots
2023-03-02 13:37:15,500 INFO     ___FILE_ONLY___  
2023-03-02 13:37:15,500 INFO     ___FILE_ONLY___ create[m
2023-03-02 13:37:15,501 INFO     ___FILE_ONLY___  
2023-03-02 13:37:15,501 INFO     ___FILE_ONLY___ to
2023-03-02 13:37:15,501 INFO     ___FILE_ONLY___ 

2023-03-02 13:37:15,501 INFO     ___FILE_ONLY___         
2023-03-02 13:37:15,501 INFO     ___FILE_ONLY___ allow
2023-03-02 13:37:15,501 INFO     ___FILE_ONLY___  
2023-03-02 13:37:15,501 INFO     ___FILE_ONLY___ configuring
2023-03-02 13:37:15,501 INFO     ___FILE_ONLY___  
2023-03-02 13:37:15,501 INFO     ___FILE_ONLY___ certificate
2023-03-02 13:37:15,501 INFO     ___FILE_ONLY___  
2023-03-02 13:37:15,501 INFO     ___FILE_ONLY___ authorities
2023-03-02 13:37:15,501 INFO     ___FILE_ONLY___  
2023-03-02 13:37:15,501 INFO     ___FILE_ONLY___ with
2023-03-02 13:37:15,501 INFO     ___FILE_ONLY___  
2023-03-02 13:37:15,502 INFO     ___FILE_ONLY___ name
2023-03-02 13:37:15,502 INFO     ___FILE_ONLY___  
2023-03-02 13:37:15,502 INFO     ___FILE_ONLY___ constraints.
2023-03-02 13:37:15,502 INFO     ___FILE_ONLY___ 

2023-03-02 13:37:15,502 INFO     ___FILE_ONLY___       ▪
2023-03-02 13:37:15,502 INFO     ___FILE_ONLY___  
2023-03-02 13:37:15,502 INFO     ___FILE_ONLY___ Added
2023-03-02 13:37:15,502 INFO     ___FILE_ONLY___  
2023-03-02 13:37:15,502 INFO     ___FILE_ONLY___ name
2023-03-02 13:37:15,502 INFO     ___FILE_ONLY___  
2023-03-02 13:37:15,502 INFO     ___FILE_ONLY___ constraints
2023-03-02 13:37:15,502 INFO     ___FILE_ONLY___  
2023-03-02 13:37:15,502 INFO     ___FILE_ONLY___ arguments
2023-03-02 13:37:15,502 INFO     ___FILE_ONLY___  
2023-03-02 13:37:15,503 INFO     ___FILE_ONLY___ to
2023-03-02 13:37:15,503 INFO     ___FILE_ONLY___  
2023-03-02 13:37:15,503 INFO     ___FILE_ONLY___ [1mgcloud
2023-03-02 13:37:15,503 INFO     ___FILE_ONLY___  
2023-03-02 13:37:15,503 INFO     ___FILE_ONLY___ privateca
2023-03-02 13:37:15,503 INFO     ___FILE_ONLY___  
2023-03-02 13:37:15,503 INFO     ___FILE_ONLY___ subordinates
2023-03-02 13:37:15,503 INFO     ___FILE_ONLY___ 

2023-03-02 13:37:15,503 INFO     ___FILE_ONLY___         
2023-03-02 13:37:15,503 INFO     ___FILE_ONLY___ create[m
2023-03-02 13:37:15,503 INFO     ___FILE_ONLY___  
2023-03-02 13:37:15,503 INFO     ___FILE_ONLY___ to
2023-03-02 13:37:15,503 INFO     ___FILE_ONLY___  
2023-03-02 13:37:15,503 INFO     ___FILE_ONLY___ allow
2023-03-02 13:37:15,504 INFO     ___FILE_ONLY___  
2023-03-02 13:37:15,504 INFO     ___FILE_ONLY___ configuring
2023-03-02 13:37:15,504 INFO     ___FILE_ONLY___  
2023-03-02 13:37:15,504 INFO     ___FILE_ONLY___ certificate
2023-03-02 13:37:15,504 INFO     ___FILE_ONLY___  
2023-03-02 13:37:15,504 INFO     ___FILE_ONLY___ authorities
2023-03-02 13:37:15,504 INFO     ___FILE_ONLY___  
2023-03-02 13:37:15,504 INFO     ___FILE_ONLY___ with
2023-03-02 13:37:15,504 INFO     ___FILE_ONLY___  
2023-03-02 13:37:15,504 INFO     ___FILE_ONLY___ name
2023-03-02 13:37:15,504 INFO     ___FILE_ONLY___ 

2023-03-02 13:37:15,504 INFO     ___FILE_ONLY___         
2023-03-02 13:37:15,504 INFO     ___FILE_ONLY___ constraints.
2023-03-02 13:37:15,504 INFO     ___FILE_ONLY___ 

2023-03-02 13:37:15,504 INFO     ___FILE_ONLY___       ▪
2023-03-02 13:37:15,505 INFO     ___FILE_ONLY___  
2023-03-02 13:37:15,505 INFO     ___FILE_ONLY___ Added
2023-03-02 13:37:15,505 INFO     ___FILE_ONLY___  
2023-03-02 13:37:15,505 INFO     ___FILE_ONLY___ name
2023-03-02 13:37:15,505 INFO     ___FILE_ONLY___  
2023-03-02 13:37:15,505 INFO     ___FILE_ONLY___ constraints
2023-03-02 13:37:15,505 INFO     ___FILE_ONLY___  
2023-03-02 13:37:15,505 INFO     ___FILE_ONLY___ arguments
2023-03-02 13:37:15,505 INFO     ___FILE_ONLY___  
2023-03-02 13:37:15,505 INFO     ___FILE_ONLY___ to
2023-03-02 13:37:15,505 INFO     ___FILE_ONLY___  
2023-03-02 13:37:15,505 INFO     ___FILE_ONLY___ [1mgcloud
2023-03-02 13:37:15,505 INFO     ___FILE_ONLY___  
2023-03-02 13:37:15,505 INFO     ___FILE_ONLY___ privateca
2023-03-02 13:37:15,506 INFO     ___FILE_ONLY___  
2023-03-02 13:37:15,506 INFO     ___FILE_ONLY___ certificates
2023-03-02 13:37:15,506 INFO     ___FILE_ONLY___ 

2023-03-02 13:37:15,506 INFO     ___FILE_ONLY___         
2023-03-02 13:37:15,506 INFO     ___FILE_ONLY___ create[m
2023-03-02 13:37:15,506 INFO     ___FILE_ONLY___  
2023-03-02 13:37:15,506 INFO     ___FILE_ONLY___ to
2023-03-02 13:37:15,506 INFO     ___FILE_ONLY___  
2023-03-02 13:37:15,506 INFO     ___FILE_ONLY___ allow
2023-03-02 13:37:15,506 INFO     ___FILE_ONLY___  
2023-03-02 13:37:15,506 INFO     ___FILE_ONLY___ configuring
2023-03-02 13:37:15,506 INFO     ___FILE_ONLY___  
2023-03-02 13:37:15,506 INFO     ___FILE_ONLY___ certificate
2023-03-02 13:37:15,506 INFO     ___FILE_ONLY___  
2023-03-02 13:37:15,506 INFO     ___FILE_ONLY___ authorities
2023-03-02 13:37:15,507 INFO     ___FILE_ONLY___  
2023-03-02 13:37:15,507 INFO     ___FILE_ONLY___ with
2023-03-02 13:37:15,507 INFO     ___FILE_ONLY___  
2023-03-02 13:37:15,507 INFO     ___FILE_ONLY___ name
2023-03-02 13:37:15,507 INFO     ___FILE_ONLY___ 

2023-03-02 13:37:15,507 INFO     ___FILE_ONLY___         
2023-03-02 13:37:15,507 INFO     ___FILE_ONLY___ constraints.
2023-03-02 13:37:15,507 INFO     ___FILE_ONLY___ 

2023-03-02 13:37:15,507 INFO     ___FILE_ONLY___ 

2023-03-02 13:37:15,507 INFO     ___FILE_ONLY___ [m
2023-03-02 13:37:15,507 INFO     ___FILE_ONLY___   
2023-03-02 13:37:15,507 INFO     ___FILE_ONLY___ [1mCloud Composer[m

2023-03-02 13:37:15,507 INFO     ___FILE_ONLY___       ▪
2023-03-02 13:37:15,508 INFO     ___FILE_ONLY___  
2023-03-02 13:37:15,508 INFO     ___FILE_ONLY___ Update
2023-03-02 13:37:15,508 INFO     ___FILE_ONLY___  
2023-03-02 13:37:15,508 INFO     ___FILE_ONLY___ warning
2023-03-02 13:37:15,508 INFO     ___FILE_ONLY___  
2023-03-02 13:37:15,508 INFO     ___FILE_ONLY___ message
2023-03-02 13:37:15,508 INFO     ___FILE_ONLY___  
2023-03-02 13:37:15,508 INFO     ___FILE_ONLY___ when
2023-03-02 13:37:15,508 INFO     ___FILE_ONLY___  
2023-03-02 13:37:15,508 INFO     ___FILE_ONLY___ running
2023-03-02 13:37:15,508 INFO     ___FILE_ONLY___  
2023-03-02 13:37:15,508 INFO     ___FILE_ONLY___ commands
2023-03-02 13:37:15,508 INFO     ___FILE_ONLY___  
2023-03-02 13:37:15,508 INFO     ___FILE_ONLY___ that
2023-03-02 13:37:15,508 INFO     ___FILE_ONLY___  
2023-03-02 13:37:15,509 INFO     ___FILE_ONLY___ use
2023-03-02 13:37:15,509 INFO     ___FILE_ONLY___  
2023-03-02 13:37:15,509 INFO     ___FILE_ONLY___ the
2023-03-02 13:37:15,509 INFO     ___FILE_ONLY___  
2023-03-02 13:37:15,509 INFO     ___FILE_ONLY___ default
2023-03-02 13:37:15,509 INFO     ___FILE_ONLY___ 

2023-03-02 13:37:15,509 INFO     ___FILE_ONLY___         
2023-03-02 13:37:15,509 INFO     ___FILE_ONLY___ Cloud
2023-03-02 13:37:15,509 INFO     ___FILE_ONLY___  
2023-03-02 13:37:15,509 INFO     ___FILE_ONLY___ Composer
2023-03-02 13:37:15,509 INFO     ___FILE_ONLY___  
2023-03-02 13:37:15,509 INFO     ___FILE_ONLY___ version,
2023-03-02 13:37:15,509 INFO     ___FILE_ONLY___  
2023-03-02 13:37:15,510 INFO     ___FILE_ONLY___ which
2023-03-02 13:37:15,510 INFO     ___FILE_ONLY___  
2023-03-02 13:37:15,510 INFO     ___FILE_ONLY___ was
2023-03-02 13:37:15,510 INFO     ___FILE_ONLY___  
2023-03-02 13:37:15,510 INFO     ___FILE_ONLY___ changed
2023-03-02 13:37:15,510 INFO     ___FILE_ONLY___  
2023-03-02 13:37:15,510 INFO     ___FILE_ONLY___ recently
2023-03-02 13:37:15,510 INFO     ___FILE_ONLY___  
2023-03-02 13:37:15,510 INFO     ___FILE_ONLY___ from
2023-03-02 13:37:15,510 INFO     ___FILE_ONLY___  
2023-03-02 13:37:15,510 INFO     ___FILE_ONLY___ 1
2023-03-02 13:37:15,510 INFO     ___FILE_ONLY___  
2023-03-02 13:37:15,511 INFO     ___FILE_ONLY___ to
2023-03-02 13:37:15,511 INFO     ___FILE_ONLY___  
2023-03-02 13:37:15,511 INFO     ___FILE_ONLY___ 2.
2023-03-02 13:37:15,511 INFO     ___FILE_ONLY___ 

2023-03-02 13:37:15,511 INFO     ___FILE_ONLY___ 

2023-03-02 13:37:15,511 INFO     ___FILE_ONLY___ [m
2023-03-02 13:37:15,511 INFO     ___FILE_ONLY___   
2023-03-02 13:37:15,511 INFO     ___FILE_ONLY___ [1mCloud Functions[m

2023-03-02 13:37:15,511 INFO     ___FILE_ONLY___       ▪
2023-03-02 13:37:15,511 INFO     ___FILE_ONLY___  
2023-03-02 13:37:15,511 INFO     ___FILE_ONLY___ Fixed
2023-03-02 13:37:15,512 INFO     ___FILE_ONLY___  
2023-03-02 13:37:15,512 INFO     ___FILE_ONLY___ issue
2023-03-02 13:37:15,512 INFO     ___FILE_ONLY___  
2023-03-02 13:37:15,512 INFO     ___FILE_ONLY___ where
2023-03-02 13:37:15,512 INFO     ___FILE_ONLY___  
2023-03-02 13:37:15,512 INFO     ___FILE_ONLY___ [1mgcloud
2023-03-02 13:37:15,512 INFO     ___FILE_ONLY___  
2023-03-02 13:37:15,512 INFO     ___FILE_ONLY___ functions
2023-03-02 13:37:15,512 INFO     ___FILE_ONLY___  
2023-03-02 13:37:15,512 INFO     ___FILE_ONLY___ deploy[m
2023-03-02 13:37:15,512 INFO     ___FILE_ONLY___  
2023-03-02 13:37:15,512 INFO     ___FILE_ONLY___ would
2023-03-02 13:37:15,512 INFO     ___FILE_ONLY___  
2023-03-02 13:37:15,512 INFO     ___FILE_ONLY___ crash
2023-03-02 13:37:15,513 INFO     ___FILE_ONLY___  
2023-03-02 13:37:15,513 INFO     ___FILE_ONLY___ on
2023-03-02 13:37:15,513 INFO     ___FILE_ONLY___  
2023-03-02 13:37:15,513 INFO     ___FILE_ONLY___ updating
2023-03-02 13:37:15,513 INFO     ___FILE_ONLY___  
2023-03-02 13:37:15,513 INFO     ___FILE_ONLY___ an
2023-03-02 13:37:15,513 INFO     ___FILE_ONLY___ 

2023-03-02 13:37:15,513 INFO     ___FILE_ONLY___         
2023-03-02 13:37:15,513 INFO     ___FILE_ONLY___ existing
2023-03-02 13:37:15,513 INFO     ___FILE_ONLY___  
2023-03-02 13:37:15,513 INFO     ___FILE_ONLY___ function
2023-03-02 13:37:15,513 INFO     ___FILE_ONLY___  
2023-03-02 13:37:15,513 INFO     ___FILE_ONLY___ with
2023-03-02 13:37:15,513 INFO     ___FILE_ONLY___  
2023-03-02 13:37:15,514 INFO     ___FILE_ONLY___ VPC
2023-03-02 13:37:15,514 INFO     ___FILE_ONLY___  
2023-03-02 13:37:15,514 INFO     ___FILE_ONLY___ Connector
2023-03-02 13:37:15,514 INFO     ___FILE_ONLY___  
2023-03-02 13:37:15,514 INFO     ___FILE_ONLY___ when
2023-03-02 13:37:15,514 INFO     ___FILE_ONLY___  
2023-03-02 13:37:15,514 INFO     ___FILE_ONLY___ [1m--egress-settings[m
2023-03-02 13:37:15,514 INFO     ___FILE_ONLY___  
2023-03-02 13:37:15,514 INFO     ___FILE_ONLY___ flag
2023-03-02 13:37:15,514 INFO     ___FILE_ONLY___  
2023-03-02 13:37:15,514 INFO     ___FILE_ONLY___ was
2023-03-02 13:37:15,514 INFO     ___FILE_ONLY___ 

2023-03-02 13:37:15,514 INFO     ___FILE_ONLY___         
2023-03-02 13:37:15,514 INFO     ___FILE_ONLY___ specified.
2023-03-02 13:37:15,515 INFO     ___FILE_ONLY___ 

2023-03-02 13:37:15,515 INFO     ___FILE_ONLY___       ▪
2023-03-02 13:37:15,515 INFO     ___FILE_ONLY___  
2023-03-02 13:37:15,515 INFO     ___FILE_ONLY___ Added
2023-03-02 13:37:15,515 INFO     ___FILE_ONLY___  
2023-03-02 13:37:15,515 INFO     ___FILE_ONLY___ warning
2023-03-02 13:37:15,515 INFO     ___FILE_ONLY___  
2023-03-02 13:37:15,515 INFO     ___FILE_ONLY___ and
2023-03-02 13:37:15,515 INFO     ___FILE_ONLY___  
2023-03-02 13:37:15,515 INFO     ___FILE_ONLY___ prompting
2023-03-02 13:37:15,515 INFO     ___FILE_ONLY___  
2023-03-02 13:37:15,515 INFO     ___FILE_ONLY___ to
2023-03-02 13:37:15,515 INFO     ___FILE_ONLY___  
2023-03-02 13:37:15,516 INFO     ___FILE_ONLY___ [1mgcloud
2023-03-02 13:37:15,516 INFO     ___FILE_ONLY___  
2023-03-02 13:37:15,516 INFO     ___FILE_ONLY___ functions
2023-03-02 13:37:15,516 INFO     ___FILE_ONLY___ 

2023-03-02 13:37:15,516 INFO     ___FILE_ONLY___         
2023-03-02 13:37:15,516 INFO     ___FILE_ONLY___ add-iam-policy-binding[m
2023-03-02 13:37:15,516 INFO     ___FILE_ONLY___  
2023-03-02 13:37:15,516 INFO     ___FILE_ONLY___ about
2023-03-02 13:37:15,516 INFO     ___FILE_ONLY___  
2023-03-02 13:37:15,516 INFO     ___FILE_ONLY___ needing
2023-03-02 13:37:15,516 INFO     ___FILE_ONLY___  
2023-03-02 13:37:15,516 INFO     ___FILE_ONLY___ to
2023-03-02 13:37:15,516 INFO     ___FILE_ONLY___  
2023-03-02 13:37:15,516 INFO     ___FILE_ONLY___ bind
2023-03-02 13:37:15,517 INFO     ___FILE_ONLY___  
2023-03-02 13:37:15,517 INFO     ___FILE_ONLY___ the
2023-03-02 13:37:15,517 INFO     ___FILE_ONLY___  
2023-03-02 13:37:15,517 INFO     ___FILE_ONLY___ [1mroles/run.invoker[m
2023-03-02 13:37:15,517 INFO     ___FILE_ONLY___  
2023-03-02 13:37:15,517 INFO     ___FILE_ONLY___ role
2023-03-02 13:37:15,517 INFO     ___FILE_ONLY___ 

2023-03-02 13:37:15,517 INFO     ___FILE_ONLY___         
2023-03-02 13:37:15,517 INFO     ___FILE_ONLY___ for
2023-03-02 13:37:15,517 INFO     ___FILE_ONLY___  
2023-03-02 13:37:15,517 INFO     ___FILE_ONLY___ 2nd
2023-03-02 13:37:15,517 INFO     ___FILE_ONLY___  
2023-03-02 13:37:15,517 INFO     ___FILE_ONLY___ gen
2023-03-02 13:37:15,517 INFO     ___FILE_ONLY___  
2023-03-02 13:37:15,518 INFO     ___FILE_ONLY___ functions.
2023-03-02 13:37:15,518 INFO     ___FILE_ONLY___ 

2023-03-02 13:37:15,518 INFO     ___FILE_ONLY___ 

2023-03-02 13:37:15,518 INFO     ___FILE_ONLY___ [m
2023-03-02 13:37:15,518 INFO     ___FILE_ONLY___   
2023-03-02 13:37:15,518 INFO     ___FILE_ONLY___ [1mCloud Key Management Service[m

2023-03-02 13:37:15,518 INFO     ___FILE_ONLY___       ▪
2023-03-02 13:37:15,518 INFO     ___FILE_ONLY___  
2023-03-02 13:37:15,518 INFO     ___FILE_ONLY___ Added
2023-03-02 13:37:15,518 INFO     ___FILE_ONLY___  
2023-03-02 13:37:15,518 INFO     ___FILE_ONLY___ [1mgcloud
2023-03-02 13:37:15,518 INFO     ___FILE_ONLY___  
2023-03-02 13:37:15,519 INFO     ___FILE_ONLY___ beta
2023-03-02 13:37:15,519 INFO     ___FILE_ONLY___  
2023-03-02 13:37:15,519 INFO     ___FILE_ONLY___ kms
2023-03-02 13:37:15,519 INFO     ___FILE_ONLY___  
2023-03-02 13:37:15,519 INFO     ___FILE_ONLY___ inventory[m
2023-03-02 13:37:15,519 INFO     ___FILE_ONLY___  
2023-03-02 13:37:15,519 INFO     ___FILE_ONLY___ which
2023-03-02 13:37:15,519 INFO     ___FILE_ONLY___  
2023-03-02 13:37:15,519 INFO     ___FILE_ONLY___ allows
2023-03-02 13:37:15,519 INFO     ___FILE_ONLY___  
2023-03-02 13:37:15,519 INFO     ___FILE_ONLY___ viewing
2023-03-02 13:37:15,519 INFO     ___FILE_ONLY___  
2023-03-02 13:37:15,519 INFO     ___FILE_ONLY___ and
2023-03-02 13:37:15,519 INFO     ___FILE_ONLY___  
2023-03-02 13:37:15,520 INFO     ___FILE_ONLY___ tracking
2023-03-02 13:37:15,520 INFO     ___FILE_ONLY___  
2023-03-02 13:37:15,520 INFO     ___FILE_ONLY___ of
2023-03-02 13:37:15,520 INFO     ___FILE_ONLY___ 

2023-03-02 13:37:15,520 INFO     ___FILE_ONLY___         
2023-03-02 13:37:15,520 INFO     ___FILE_ONLY___ keys
2023-03-02 13:37:15,520 INFO     ___FILE_ONLY___  
2023-03-02 13:37:15,520 INFO     ___FILE_ONLY___ across
2023-03-02 13:37:15,520 INFO     ___FILE_ONLY___  
2023-03-02 13:37:15,520 INFO     ___FILE_ONLY___ cloud
2023-03-02 13:37:15,520 INFO     ___FILE_ONLY___  
2023-03-02 13:37:15,520 INFO     ___FILE_ONLY___ resources.
2023-03-02 13:37:15,520 INFO     ___FILE_ONLY___ 

2023-03-02 13:37:15,521 INFO     ___FILE_ONLY___ 

2023-03-02 13:37:15,521 INFO     ___FILE_ONLY___ [m
2023-03-02 13:37:15,521 INFO     ___FILE_ONLY___   
2023-03-02 13:37:15,521 INFO     ___FILE_ONLY___ [1mCloud Logging[m

2023-03-02 13:37:15,521 INFO     ___FILE_ONLY___       ▪
2023-03-02 13:37:15,521 INFO     ___FILE_ONLY___  
2023-03-02 13:37:15,521 INFO     ___FILE_ONLY___ Promoted
2023-03-02 13:37:15,521 INFO     ___FILE_ONLY___  
2023-03-02 13:37:15,521 INFO     ___FILE_ONLY___ [1mbuckets
2023-03-02 13:37:15,521 INFO     ___FILE_ONLY___  
2023-03-02 13:37:15,521 INFO     ___FILE_ONLY___ create
2023-03-02 13:37:15,521 INFO     ___FILE_ONLY___  
2023-03-02 13:37:15,521 INFO     ___FILE_ONLY___ --enable-analytics[m
2023-03-02 13:37:15,522 INFO     ___FILE_ONLY___  
2023-03-02 13:37:15,522 INFO     ___FILE_ONLY___ to
2023-03-02 13:37:15,522 INFO     ___FILE_ONLY___  
2023-03-02 13:37:15,522 INFO     ___FILE_ONLY___ GA.
2023-03-02 13:37:15,522 INFO     ___FILE_ONLY___ 

2023-03-02 13:37:15,522 INFO     ___FILE_ONLY___       ▪
2023-03-02 13:37:15,522 INFO     ___FILE_ONLY___  
2023-03-02 13:37:15,522 INFO     ___FILE_ONLY___ Added
2023-03-02 13:37:15,522 INFO     ___FILE_ONLY___  
2023-03-02 13:37:15,522 INFO     ___FILE_ONLY___ [1mbuckets
2023-03-02 13:37:15,522 INFO     ___FILE_ONLY___  
2023-03-02 13:37:15,522 INFO     ___FILE_ONLY___ update
2023-03-02 13:37:15,522 INFO     ___FILE_ONLY___  
2023-03-02 13:37:15,523 INFO     ___FILE_ONLY___ --enable-analytics[m
2023-03-02 13:37:15,523 INFO     ___FILE_ONLY___  
2023-03-02 13:37:15,523 INFO     ___FILE_ONLY___ to
2023-03-02 13:37:15,523 INFO     ___FILE_ONLY___  
2023-03-02 13:37:15,523 INFO     ___FILE_ONLY___ GA
2023-03-02 13:37:15,523 INFO     ___FILE_ONLY___  
2023-03-02 13:37:15,523 INFO     ___FILE_ONLY___ track.
2023-03-02 13:37:15,523 INFO     ___FILE_ONLY___ 

2023-03-02 13:37:15,523 INFO     ___FILE_ONLY___       ▪
2023-03-02 13:37:15,523 INFO     ___FILE_ONLY___  
2023-03-02 13:37:15,523 INFO     ___FILE_ONLY___ Removed
2023-03-02 13:37:15,523 INFO     ___FILE_ONLY___  
2023-03-02 13:37:15,523 INFO     ___FILE_ONLY___ deprecated
2023-03-02 13:37:15,523 INFO     ___FILE_ONLY___  
2023-03-02 13:37:15,524 INFO     ___FILE_ONLY___ [1mbuckets
2023-03-02 13:37:15,524 INFO     ___FILE_ONLY___  
2023-03-02 13:37:15,524 INFO     ___FILE_ONLY___ update
2023-03-02 13:37:15,524 INFO     ___FILE_ONLY___  
2023-03-02 13:37:15,524 INFO     ___FILE_ONLY___ --enable-loglink[m
2023-03-02 13:37:15,524 INFO     ___FILE_ONLY___  
2023-03-02 13:37:15,524 INFO     ___FILE_ONLY___ from
2023-03-02 13:37:15,524 INFO     ___FILE_ONLY___  
2023-03-02 13:37:15,524 INFO     ___FILE_ONLY___ ALPHA
2023-03-02 13:37:15,524 INFO     ___FILE_ONLY___  
2023-03-02 13:37:15,524 INFO     ___FILE_ONLY___ track.
2023-03-02 13:37:15,524 INFO     ___FILE_ONLY___ 

2023-03-02 13:37:15,524 INFO     ___FILE_ONLY___       ▪
2023-03-02 13:37:15,524 INFO     ___FILE_ONLY___  
2023-03-02 13:37:15,525 INFO     ___FILE_ONLY___ Added
2023-03-02 13:37:15,525 INFO     ___FILE_ONLY___  
2023-03-02 13:37:15,525 INFO     ___FILE_ONLY___ [1m--async[m
2023-03-02 13:37:15,525 INFO     ___FILE_ONLY___  
2023-03-02 13:37:15,525 INFO     ___FILE_ONLY___ option
2023-03-02 13:37:15,525 INFO     ___FILE_ONLY___  
2023-03-02 13:37:15,525 INFO     ___FILE_ONLY___ to
2023-03-02 13:37:15,525 INFO     ___FILE_ONLY___  
2023-03-02 13:37:15,525 INFO     ___FILE_ONLY___ the
2023-03-02 13:37:15,525 INFO     ___FILE_ONLY___  
2023-03-02 13:37:15,525 INFO     ___FILE_ONLY___ [1mbuckets
2023-03-02 13:37:15,525 INFO     ___FILE_ONLY___  
2023-03-02 13:37:15,525 INFO     ___FILE_ONLY___ create[m
2023-03-02 13:37:15,525 INFO     ___FILE_ONLY___  
2023-03-02 13:37:15,526 INFO     ___FILE_ONLY___ and
2023-03-02 13:37:15,526 INFO     ___FILE_ONLY___  
2023-03-02 13:37:15,526 INFO     ___FILE_ONLY___ [1mbuckets
2023-03-02 13:37:15,526 INFO     ___FILE_ONLY___  
2023-03-02 13:37:15,526 INFO     ___FILE_ONLY___ update[m
2023-03-02 13:37:15,526 INFO     ___FILE_ONLY___ 

2023-03-02 13:37:15,526 INFO     ___FILE_ONLY___         
2023-03-02 13:37:15,526 INFO     ___FILE_ONLY___ commands.
2023-03-02 13:37:15,526 INFO     ___FILE_ONLY___ 

2023-03-02 13:37:15,526 INFO     ___FILE_ONLY___       ▪
2023-03-02 13:37:15,526 INFO     ___FILE_ONLY___  
2023-03-02 13:37:15,526 INFO     ___FILE_ONLY___ Added
2023-03-02 13:37:15,526 INFO     ___FILE_ONLY___  
2023-03-02 13:37:15,526 INFO     ___FILE_ONLY___ [1mlinks[m
2023-03-02 13:37:15,527 INFO     ___FILE_ONLY___  
2023-03-02 13:37:15,527 INFO     ___FILE_ONLY___ command
2023-03-02 13:37:15,527 INFO     ___FILE_ONLY___  
2023-03-02 13:37:15,527 INFO     ___FILE_ONLY___ group
2023-03-02 13:37:15,527 INFO     ___FILE_ONLY___  
2023-03-02 13:37:15,527 INFO     ___FILE_ONLY___ implementation.
2023-03-02 13:37:15,527 INFO     ___FILE_ONLY___ 

2023-03-02 13:37:15,527 INFO     ___FILE_ONLY___ 

2023-03-02 13:37:15,527 INFO     ___FILE_ONLY___ [m
2023-03-02 13:37:15,527 INFO     ___FILE_ONLY___   
2023-03-02 13:37:15,527 INFO     ___FILE_ONLY___ [1mCompute Engine[m

2023-03-02 13:37:15,527 INFO     ___FILE_ONLY___       ▪
2023-03-02 13:37:15,528 INFO     ___FILE_ONLY___  
2023-03-02 13:37:15,528 INFO     ___FILE_ONLY___ Promoted
2023-03-02 13:37:15,528 INFO     ___FILE_ONLY___  
2023-03-02 13:37:15,528 INFO     ___FILE_ONLY___ [1m--queue-count[m
2023-03-02 13:37:15,528 INFO     ___FILE_ONLY___  
2023-03-02 13:37:15,528 INFO     ___FILE_ONLY___ flag
2023-03-02 13:37:15,528 INFO     ___FILE_ONLY___  
2023-03-02 13:37:15,528 INFO     ___FILE_ONLY___ in
2023-03-02 13:37:15,528 INFO     ___FILE_ONLY___  
2023-03-02 13:37:15,528 INFO     ___FILE_ONLY___ [1m--network-interface[m
2023-03-02 13:37:15,528 INFO     ___FILE_ONLY___  
2023-03-02 13:37:15,528 INFO     ___FILE_ONLY___ of
2023-03-02 13:37:15,528 INFO     ___FILE_ONLY___  
2023-03-02 13:37:15,528 INFO     ___FILE_ONLY___ [1mgcloud
2023-03-02 13:37:15,529 INFO     ___FILE_ONLY___  
2023-03-02 13:37:15,529 INFO     ___FILE_ONLY___ compute
2023-03-02 13:37:15,529 INFO     ___FILE_ONLY___ 

2023-03-02 13:37:15,529 INFO     ___FILE_ONLY___         
2023-03-02 13:37:15,529 INFO     ___FILE_ONLY___ instances
2023-03-02 13:37:15,529 INFO     ___FILE_ONLY___  
2023-03-02 13:37:15,529 INFO     ___FILE_ONLY___ create[m
2023-03-02 13:37:15,529 INFO     ___FILE_ONLY___  
2023-03-02 13:37:15,529 INFO     ___FILE_ONLY___ to
2023-03-02 13:37:15,529 INFO     ___FILE_ONLY___  
2023-03-02 13:37:15,529 INFO     ___FILE_ONLY___ beta.
2023-03-02 13:37:15,529 INFO     ___FILE_ONLY___ 

2023-03-02 13:37:15,529 INFO     ___FILE_ONLY___       ▪
2023-03-02 13:37:15,529 INFO     ___FILE_ONLY___  
2023-03-02 13:37:15,530 INFO     ___FILE_ONLY___ Promoted
2023-03-02 13:37:15,530 INFO     ___FILE_ONLY___  
2023-03-02 13:37:15,530 INFO     ___FILE_ONLY___ [1m--stack-type[m
2023-03-02 13:37:15,530 INFO     ___FILE_ONLY___  
2023-03-02 13:37:15,530 INFO     ___FILE_ONLY___ flag
2023-03-02 13:37:15,530 INFO     ___FILE_ONLY___  
2023-03-02 13:37:15,530 INFO     ___FILE_ONLY___ of
2023-03-02 13:37:15,530 INFO     ___FILE_ONLY___  
2023-03-02 13:37:15,530 INFO     ___FILE_ONLY___ [1mgcloud
2023-03-02 13:37:15,530 INFO     ___FILE_ONLY___  
2023-03-02 13:37:15,530 INFO     ___FILE_ONLY___ compute
2023-03-02 13:37:15,530 INFO     ___FILE_ONLY___  
2023-03-02 13:37:15,530 INFO     ___FILE_ONLY___ instances
2023-03-02 13:37:15,530 INFO     ___FILE_ONLY___  
2023-03-02 13:37:15,531 INFO     ___FILE_ONLY___ bulk
2023-03-02 13:37:15,531 INFO     ___FILE_ONLY___  
2023-03-02 13:37:15,531 INFO     ___FILE_ONLY___ create[m
2023-03-02 13:37:15,531 INFO     ___FILE_ONLY___  
2023-03-02 13:37:15,531 INFO     ___FILE_ONLY___ to
2023-03-02 13:37:15,531 INFO     ___FILE_ONLY___ 

2023-03-02 13:37:15,531 INFO     ___FILE_ONLY___         
2023-03-02 13:37:15,531 INFO     ___FILE_ONLY___ GA.
2023-03-02 13:37:15,531 INFO     ___FILE_ONLY___ 

2023-03-02 13:37:15,531 INFO     ___FILE_ONLY___       ▪
2023-03-02 13:37:15,531 INFO     ___FILE_ONLY___  
2023-03-02 13:37:15,531 INFO     ___FILE_ONLY___ Promoted
2023-03-02 13:37:15,531 INFO     ___FILE_ONLY___  
2023-03-02 13:37:15,532 INFO     ___FILE_ONLY___ [1mgcloud
2023-03-02 13:37:15,532 INFO     ___FILE_ONLY___  
2023-03-02 13:37:15,532 INFO     ___FILE_ONLY___ compute
2023-03-02 13:37:15,532 INFO     ___FILE_ONLY___  
2023-03-02 13:37:15,532 INFO     ___FILE_ONLY___ disks
2023-03-02 13:37:15,532 INFO     ___FILE_ONLY___  
2023-03-02 13:37:15,532 INFO     ___FILE_ONLY___ update[m
2023-03-02 13:37:15,532 INFO     ___FILE_ONLY___  
2023-03-02 13:37:15,532 INFO     ___FILE_ONLY___ to
2023-03-02 13:37:15,532 INFO     ___FILE_ONLY___  
2023-03-02 13:37:15,532 INFO     ___FILE_ONLY___ GA.
2023-03-02 13:37:15,532 INFO     ___FILE_ONLY___ 

2023-03-02 13:37:15,532 INFO     ___FILE_ONLY___       ▪
2023-03-02 13:37:15,533 INFO     ___FILE_ONLY___  
2023-03-02 13:37:15,533 INFO     ___FILE_ONLY___ Promoted
2023-03-02 13:37:15,533 INFO     ___FILE_ONLY___  
2023-03-02 13:37:15,533 INFO     ___FILE_ONLY___ [1m--provisioned-iops[m
2023-03-02 13:37:15,533 INFO     ___FILE_ONLY___  
2023-03-02 13:37:15,533 INFO     ___FILE_ONLY___ flag
2023-03-02 13:37:15,533 INFO     ___FILE_ONLY___  
2023-03-02 13:37:15,533 INFO     ___FILE_ONLY___ of
2023-03-02 13:37:15,533 INFO     ___FILE_ONLY___  
2023-03-02 13:37:15,533 INFO     ___FILE_ONLY___ [1mgcloud
2023-03-02 13:37:15,533 INFO     ___FILE_ONLY___  
2023-03-02 13:37:15,533 INFO     ___FILE_ONLY___ compute
2023-03-02 13:37:15,533 INFO     ___FILE_ONLY___  
2023-03-02 13:37:15,534 INFO     ___FILE_ONLY___ disks
2023-03-02 13:37:15,534 INFO     ___FILE_ONLY___  
2023-03-02 13:37:15,534 INFO     ___FILE_ONLY___ update[m
2023-03-02 13:37:15,534 INFO     ___FILE_ONLY___  
2023-03-02 13:37:15,534 INFO     ___FILE_ONLY___ to
2023-03-02 13:37:15,534 INFO     ___FILE_ONLY___ 

2023-03-02 13:37:15,534 INFO     ___FILE_ONLY___         
2023-03-02 13:37:15,534 INFO     ___FILE_ONLY___ GA.
2023-03-02 13:37:15,534 INFO     ___FILE_ONLY___ 

2023-03-02 13:37:15,534 INFO     ___FILE_ONLY___ 

2023-03-02 13:37:15,534 INFO     ___FILE_ONLY___ [m
2023-03-02 13:37:15,534 INFO     ___FILE_ONLY___   
2023-03-02 13:37:15,534 INFO     ___FILE_ONLY___ [1mGKE Hub[m

2023-03-02 13:37:15,534 INFO     ___FILE_ONLY___       ▪
2023-03-02 13:37:15,535 INFO     ___FILE_ONLY___  
2023-03-02 13:37:15,535 INFO     ___FILE_ONLY___ Added
2023-03-02 13:37:15,535 INFO     ___FILE_ONLY___  
2023-03-02 13:37:15,535 INFO     ___FILE_ONLY___ [1mgcloud
2023-03-02 13:37:15,535 INFO     ___FILE_ONLY___  
2023-03-02 13:37:15,535 INFO     ___FILE_ONLY___ container
2023-03-02 13:37:15,535 INFO     ___FILE_ONLY___  
2023-03-02 13:37:15,535 INFO     ___FILE_ONLY___ fleet
2023-03-02 13:37:15,535 INFO     ___FILE_ONLY___  
2023-03-02 13:37:15,535 INFO     ___FILE_ONLY___ scopes|namespaces[m
2023-03-02 13:37:15,535 INFO     ___FILE_ONLY___  
2023-03-02 13:37:15,535 INFO     ___FILE_ONLY___ which
2023-03-02 13:37:15,535 INFO     ___FILE_ONLY___  
2023-03-02 13:37:15,536 INFO     ___FILE_ONLY___ allows
2023-03-02 13:37:15,536 INFO     ___FILE_ONLY___  
2023-03-02 13:37:15,536 INFO     ___FILE_ONLY___ users
2023-03-02 13:37:15,536 INFO     ___FILE_ONLY___  
2023-03-02 13:37:15,536 INFO     ___FILE_ONLY___ to
2023-03-02 13:37:15,536 INFO     ___FILE_ONLY___ 

2023-03-02 13:37:15,536 INFO     ___FILE_ONLY___         
2023-03-02 13:37:15,536 INFO     ___FILE_ONLY___ manage
2023-03-02 13:37:15,536 INFO     ___FILE_ONLY___  
2023-03-02 13:37:15,536 INFO     ___FILE_ONLY___ Fleet
2023-03-02 13:37:15,536 INFO     ___FILE_ONLY___  
2023-03-02 13:37:15,536 INFO     ___FILE_ONLY___ Tenancy.
2023-03-02 13:37:15,536 INFO     ___FILE_ONLY___ 

2023-03-02 13:37:15,536 INFO     ___FILE_ONLY___ 

2023-03-02 13:37:15,537 INFO     ___FILE_ONLY___ [m
2023-03-02 13:37:15,537 INFO     ___FILE_ONLY___   
2023-03-02 13:37:15,537 INFO     ___FILE_ONLY___ [1mIdentity and Access Management[m

2023-03-02 13:37:15,537 INFO     ___FILE_ONLY___       ▪
2023-03-02 13:37:15,537 INFO     ___FILE_ONLY___  
2023-03-02 13:37:15,537 INFO     ___FILE_ONLY___ Workforce
2023-03-02 13:37:15,537 INFO     ___FILE_ONLY___  
2023-03-02 13:37:15,537 INFO     ___FILE_ONLY___ identity
2023-03-02 13:37:15,537 INFO     ___FILE_ONLY___  
2023-03-02 13:37:15,537 INFO     ___FILE_ONLY___ federation
2023-03-02 13:37:15,537 INFO     ___FILE_ONLY___  
2023-03-02 13:37:15,537 INFO     ___FILE_ONLY___ now
2023-03-02 13:37:15,538 INFO     ___FILE_ONLY___  
2023-03-02 13:37:15,538 INFO     ___FILE_ONLY___ supports
2023-03-02 13:37:15,538 INFO     ___FILE_ONLY___  
2023-03-02 13:37:15,538 INFO     ___FILE_ONLY___ browser-based
2023-03-02 13:37:15,538 INFO     ___FILE_ONLY___  
2023-03-02 13:37:15,538 INFO     ___FILE_ONLY___ sign-in
2023-03-02 13:37:15,538 INFO     ___FILE_ONLY___  
2023-03-02 13:37:15,538 INFO     ___FILE_ONLY___ when
2023-03-02 13:37:15,538 INFO     ___FILE_ONLY___ 

2023-03-02 13:37:15,538 INFO     ___FILE_ONLY___         
2023-03-02 13:37:15,538 INFO     ___FILE_ONLY___ authenticating
2023-03-02 13:37:15,538 INFO     ___FILE_ONLY___  
2023-03-02 13:37:15,538 INFO     ___FILE_ONLY___ with
2023-03-02 13:37:15,538 INFO     ___FILE_ONLY___  
2023-03-02 13:37:15,539 INFO     ___FILE_ONLY___ the
2023-03-02 13:37:15,539 INFO     ___FILE_ONLY___  
2023-03-02 13:37:15,539 INFO     ___FILE_ONLY___ Google
2023-03-02 13:37:15,539 INFO     ___FILE_ONLY___  
2023-03-02 13:37:15,539 INFO     ___FILE_ONLY___ Cloud
2023-03-02 13:37:15,539 INFO     ___FILE_ONLY___  
2023-03-02 13:37:15,539 INFO     ___FILE_ONLY___ CLI
2023-03-02 13:37:15,539 INFO     ___FILE_ONLY___  
2023-03-02 13:37:15,539 INFO     ___FILE_ONLY___ via
2023-03-02 13:37:15,539 INFO     ___FILE_ONLY___  
2023-03-02 13:37:15,539 INFO     ___FILE_ONLY___ [1mgcloud
2023-03-02 13:37:15,539 INFO     ___FILE_ONLY___  
2023-03-02 13:37:15,539 INFO     ___FILE_ONLY___ auth
2023-03-02 13:37:15,539 INFO     ___FILE_ONLY___  
2023-03-02 13:37:15,540 INFO     ___FILE_ONLY___ login[m.
2023-03-02 13:37:15,540 INFO     ___FILE_ONLY___  
2023-03-02 13:37:15,540 INFO     ___FILE_ONLY___ To
2023-03-02 13:37:15,540 INFO     ___FILE_ONLY___ 

2023-03-02 13:37:15,540 INFO     ___FILE_ONLY___         
2023-03-02 13:37:15,540 INFO     ___FILE_ONLY___ learn
2023-03-02 13:37:15,540 INFO     ___FILE_ONLY___  
2023-03-02 13:37:15,540 INFO     ___FILE_ONLY___ more,
2023-03-02 13:37:15,540 INFO     ___FILE_ONLY___  
2023-03-02 13:37:15,540 INFO     ___FILE_ONLY___ see
2023-03-02 13:37:15,540 INFO     ___FILE_ONLY___  
2023-03-02 13:37:15,540 INFO     ___FILE_ONLY___ Obtain
2023-03-02 13:37:15,540 INFO     ___FILE_ONLY___  
2023-03-02 13:37:15,540 INFO     ___FILE_ONLY___ short-lived
2023-03-02 13:37:15,541 INFO     ___FILE_ONLY___  
2023-03-02 13:37:15,541 INFO     ___FILE_ONLY___ tokens
2023-03-02 13:37:15,541 INFO     ___FILE_ONLY___  
2023-03-02 13:37:15,541 INFO     ___FILE_ONLY___ for
2023-03-02 13:37:15,541 INFO     ___FILE_ONLY___  
2023-03-02 13:37:15,541 INFO     ___FILE_ONLY___ workforce
2023-03-02 13:37:15,541 INFO     ___FILE_ONLY___  
2023-03-02 13:37:15,541 INFO     ___FILE_ONLY___ identity
2023-03-02 13:37:15,541 INFO     ___FILE_ONLY___ 

2023-03-02 13:37:15,541 INFO     ___FILE_ONLY___         
2023-03-02 13:37:15,541 INFO     ___FILE_ONLY___ federation
2023-03-02 13:37:15,541 INFO     ___FILE_ONLY___  
2023-03-02 13:37:15,541 INFO     ___FILE_ONLY___ or
2023-03-02 13:37:15,541 INFO     ___FILE_ONLY___  
2023-03-02 13:37:15,542 INFO     ___FILE_ONLY___ the
2023-03-02 13:37:15,542 INFO     ___FILE_ONLY___  
2023-03-02 13:37:15,542 INFO     ___FILE_ONLY___ Azure
2023-03-02 13:37:15,542 INFO     ___FILE_ONLY___  
2023-03-02 13:37:15,542 INFO     ___FILE_ONLY___ AD
2023-03-02 13:37:15,542 INFO     ___FILE_ONLY___  
2023-03-02 13:37:15,542 INFO     ___FILE_ONLY___ or
2023-03-02 13:37:15,542 INFO     ___FILE_ONLY___  
2023-03-02 13:37:15,542 INFO     ___FILE_ONLY___ Okta-specific
2023-03-02 13:37:15,542 INFO     ___FILE_ONLY___  
2023-03-02 13:37:15,542 INFO     ___FILE_ONLY___ [1mgcloud[m
2023-03-02 13:37:15,542 INFO     ___FILE_ONLY___  
2023-03-02 13:37:15,543 INFO     ___FILE_ONLY___ CLI
2023-03-02 13:37:15,543 INFO     ___FILE_ONLY___  
2023-03-02 13:37:15,543 INFO     ___FILE_ONLY___ sign-in
2023-03-02 13:37:15,543 INFO     ___FILE_ONLY___ 

2023-03-02 13:37:15,543 INFO     ___FILE_ONLY___         
2023-03-02 13:37:15,543 INFO     ___FILE_ONLY___ instructions.
2023-03-02 13:37:15,543 INFO     ___FILE_ONLY___ 

2023-03-02 13:37:15,543 INFO     ___FILE_ONLY___ 

2023-03-02 13:37:15,543 INFO     ___FILE_ONLY___ [m
2023-03-02 13:37:15,543 INFO     ___FILE_ONLY___   
2023-03-02 13:37:15,543 INFO     ___FILE_ONLY___ [1mPubsub Emulator[m

2023-03-02 13:37:15,543 INFO     ___FILE_ONLY___       ▪
2023-03-02 13:37:15,543 INFO     ___FILE_ONLY___  
2023-03-02 13:37:15,544 INFO     ___FILE_ONLY___ Added
2023-03-02 13:37:15,544 INFO     ___FILE_ONLY___  
2023-03-02 13:37:15,544 INFO     ___FILE_ONLY___ support
2023-03-02 13:37:15,544 INFO     ___FILE_ONLY___  
2023-03-02 13:37:15,544 INFO     ___FILE_ONLY___ for
2023-03-02 13:37:15,544 INFO     ___FILE_ONLY___  
2023-03-02 13:37:15,544 INFO     ___FILE_ONLY___ updating
2023-03-02 13:37:15,544 INFO     ___FILE_ONLY___  
2023-03-02 13:37:15,544 INFO     ___FILE_ONLY___ schemas.
2023-03-02 13:37:15,544 INFO     ___FILE_ONLY___ 

2023-03-02 13:37:15,544 INFO     ___FILE_ONLY___       ▪
2023-03-02 13:37:15,544 INFO     ___FILE_ONLY___  
2023-03-02 13:37:15,544 INFO     ___FILE_ONLY___ Fixed
2023-03-02 13:37:15,545 INFO     ___FILE_ONLY___  
2023-03-02 13:37:15,545 INFO     ___FILE_ONLY___ the
2023-03-02 13:37:15,545 INFO     ___FILE_ONLY___  
2023-03-02 13:37:15,545 INFO     ___FILE_ONLY___ inability
2023-03-02 13:37:15,545 INFO     ___FILE_ONLY___  
2023-03-02 13:37:15,545 INFO     ___FILE_ONLY___ to
2023-03-02 13:37:15,545 INFO     ___FILE_ONLY___  
2023-03-02 13:37:15,545 INFO     ___FILE_ONLY___ create
2023-03-02 13:37:15,545 INFO     ___FILE_ONLY___  
2023-03-02 13:37:15,545 INFO     ___FILE_ONLY___ topics,
2023-03-02 13:37:15,545 INFO     ___FILE_ONLY___  
2023-03-02 13:37:15,545 INFO     ___FILE_ONLY___ subscriptions,
2023-03-02 13:37:15,545 INFO     ___FILE_ONLY___  
2023-03-02 13:37:15,545 INFO     ___FILE_ONLY___ and
2023-03-02 13:37:15,546 INFO     ___FILE_ONLY___  
2023-03-02 13:37:15,546 INFO     ___FILE_ONLY___ schemas
2023-03-02 13:37:15,546 INFO     ___FILE_ONLY___  
2023-03-02 13:37:15,546 INFO     ___FILE_ONLY___ when
2023-03-02 13:37:15,546 INFO     ___FILE_ONLY___ 

2023-03-02 13:37:15,546 INFO     ___FILE_ONLY___         
2023-03-02 13:37:15,546 INFO     ___FILE_ONLY___ using
2023-03-02 13:37:15,546 INFO     ___FILE_ONLY___  
2023-03-02 13:37:15,546 INFO     ___FILE_ONLY___ the
2023-03-02 13:37:15,546 INFO     ___FILE_ONLY___  
2023-03-02 13:37:15,546 INFO     ___FILE_ONLY___ [1mgcloud[m
2023-03-02 13:37:15,546 INFO     ___FILE_ONLY___  
2023-03-02 13:37:15,546 INFO     ___FILE_ONLY___ CLI.
2023-03-02 13:37:15,546 INFO     ___FILE_ONLY___ 

2023-03-02 13:37:15,547 INFO     ___FILE_ONLY___ 

2023-03-02 13:37:15,547 INFO     ___FILE_ONLY___    
2023-03-02 13:37:15,547 INFO     ___FILE_ONLY___  
2023-03-02 13:37:15,547 INFO     ___FILE_ONLY___ Subscribe
2023-03-02 13:37:15,547 INFO     ___FILE_ONLY___  
2023-03-02 13:37:15,547 INFO     ___FILE_ONLY___ to
2023-03-02 13:37:15,547 INFO     ___FILE_ONLY___  
2023-03-02 13:37:15,547 INFO     ___FILE_ONLY___ these
2023-03-02 13:37:15,547 INFO     ___FILE_ONLY___  
2023-03-02 13:37:15,547 INFO     ___FILE_ONLY___ release
2023-03-02 13:37:15,547 INFO     ___FILE_ONLY___  
2023-03-02 13:37:15,547 INFO     ___FILE_ONLY___ notes
2023-03-02 13:37:15,547 INFO     ___FILE_ONLY___  
2023-03-02 13:37:15,548 INFO     ___FILE_ONLY___ at
2023-03-02 13:37:15,548 INFO     ___FILE_ONLY___ 

2023-03-02 13:37:15,548 INFO     ___FILE_ONLY___     
2023-03-02 13:37:15,548 INFO     ___FILE_ONLY___ https://groups.google.com/forum/#!forum/google-cloud-sdk-announce
2023-03-02 13:37:15,548 INFO     ___FILE_ONLY___ 

2023-03-02 13:37:15,548 INFO     ___FILE_ONLY___     
2023-03-02 13:37:15,548 INFO     ___FILE_ONLY___ (https://groups.google.com/forum/#!forum/google-cloud-sdk-announce).
2023-03-02 13:37:15,548 INFO     ___FILE_ONLY___ 

2023-03-02 13:37:15,548 INFO     ___FILE_ONLY___ [m
2023-03-02 13:37:15,548 INFO     ___FILE_ONLY___ 

2023-03-02 13:37:16,977 INFO     ___FILE_ONLY___ ╔════════════════════════════════════════════════════════════╗

2023-03-02 13:37:16,977 INFO     ___FILE_ONLY___ ╠═ Creating update staging area                             ═╣

2023-03-02 13:37:16,977 INFO     ___FILE_ONLY___ ╚
2023-03-02 13:37:16,977 INFO     ___FILE_ONLY___ ══════
2023-03-02 13:37:19,924 INFO     ___FILE_ONLY___ ══════
2023-03-02 13:37:19,924 INFO     ___FILE_ONLY___ ══════
2023-03-02 13:37:21,279 INFO     ___FILE_ONLY___ ═
2023-03-02 13:37:21,634 INFO     ___FILE_ONLY___ ═
2023-03-02 13:37:22,355 INFO     ___FILE_ONLY___ ═
2023-03-02 13:37:22,668 INFO     ___FILE_ONLY___ ═
2023-03-02 13:37:23,065 INFO     ___FILE_ONLY___ ═
2023-03-02 13:37:23,317 INFO     ___FILE_ONLY___ ═
2023-03-02 13:37:23,480 INFO     ___FILE_ONLY___ ═
2023-03-02 13:37:23,776 INFO     ___FILE_ONLY___ ═
2023-03-02 13:37:23,982 INFO     ___FILE_ONLY___ ═
2023-03-02 13:37:24,270 INFO     ___FILE_ONLY___ ═
2023-03-02 13:37:24,803 INFO     ___FILE_ONLY___ ═
2023-03-02 13:37:25,030 INFO     ___FILE_ONLY___ ═
2023-03-02 13:37:25,434 INFO     ___FILE_ONLY___ ═
2023-03-02 13:37:25,736 INFO     ___FILE_ONLY___ ═
2023-03-02 13:37:25,931 INFO     ___FILE_ONLY___ ═
2023-03-02 13:37:26,124 INFO     ___FILE_ONLY___ ═
2023-03-02 13:37:26,317 INFO     ___FILE_ONLY___ ═
2023-03-02 13:37:26,999 INFO     ___FILE_ONLY___ ═
2023-03-02 13:37:27,187 INFO     ___FILE_ONLY___ ═
2023-03-02 13:37:27,382 INFO     ___FILE_ONLY___ ═
2023-03-02 13:37:27,558 INFO     ___FILE_ONLY___ ═
2023-03-02 13:37:27,720 INFO     ___FILE_ONLY___ ═
2023-03-02 13:37:27,900 INFO     ___FILE_ONLY___ ═
2023-03-02 13:37:28,075 INFO     ___FILE_ONLY___ ═
2023-03-02 13:37:28,219 INFO     ___FILE_ONLY___ ═
2023-03-02 13:37:28,407 INFO     ___FILE_ONLY___ ═
2023-03-02 13:37:28,591 INFO     ___FILE_ONLY___ ═
2023-03-02 13:37:28,752 INFO     ___FILE_ONLY___ ═
2023-03-02 13:37:28,899 INFO     ___FILE_ONLY___ ═
2023-03-02 13:37:29,104 INFO     ___FILE_ONLY___ ═
2023-03-02 13:37:29,313 INFO     ___FILE_ONLY___ ═
2023-03-02 13:37:29,497 INFO     ___FILE_ONLY___ ═
2023-03-02 13:37:29,662 INFO     ___FILE_ONLY___ ═
2023-03-02 13:37:29,853 INFO     ___FILE_ONLY___ ═
2023-03-02 13:37:30,050 INFO     ___FILE_ONLY___ ═
2023-03-02 13:37:30,235 INFO     ___FILE_ONLY___ ═
2023-03-02 13:37:30,455 INFO     ___FILE_ONLY___ ═
2023-03-02 13:37:30,665 INFO     ___FILE_ONLY___ ═
2023-03-02 13:37:30,821 INFO     ___FILE_ONLY___ ═
2023-03-02 13:37:31,146 INFO     ___FILE_ONLY___ ═
2023-03-02 13:37:31,306 INFO     ___FILE_ONLY___ ═
2023-03-02 13:37:31,499 INFO     ___FILE_ONLY___ ═
2023-03-02 13:37:31,499 INFO     ___FILE_ONLY___ ╝
2023-03-02 13:37:38,631 INFO     ___FILE_ONLY___ ╠════════════════════════════════════════════════════════════╣

2023-03-02 13:37:38,631 INFO     ___FILE_ONLY___ ╠═ Uninstalling: BigQuery Command Line Tool                 ═╣

2023-03-02 13:37:38,631 INFO     ___FILE_ONLY___ ╚
2023-03-02 13:37:38,632 INFO     ___FILE_ONLY___ ═
2023-03-02 13:37:38,632 INFO     ___FILE_ONLY___ ═
2023-03-02 13:37:38,633 INFO     ___FILE_ONLY___ ═
2023-03-02 13:37:38,633 INFO     ___FILE_ONLY___ ═
2023-03-02 13:37:38,633 INFO     ___FILE_ONLY___ ═
2023-03-02 13:37:38,634 INFO     ___FILE_ONLY___ ═
2023-03-02 13:37:38,634 INFO     ___FILE_ONLY___ ═
2023-03-02 13:37:38,635 INFO     ___FILE_ONLY___ ═
2023-03-02 13:37:38,635 INFO     ___FILE_ONLY___ ═
2023-03-02 13:37:38,635 INFO     ___FILE_ONLY___ ═
2023-03-02 13:37:38,636 INFO     ___FILE_ONLY___ ═
2023-03-02 13:37:38,636 INFO     ___FILE_ONLY___ ═
2023-03-02 13:37:38,637 INFO     ___FILE_ONLY___ ═
2023-03-02 13:37:38,637 INFO     ___FILE_ONLY___ ═
2023-03-02 13:37:38,637 INFO     ___FILE_ONLY___ ═
2023-03-02 13:37:38,638 INFO     ___FILE_ONLY___ ═
2023-03-02 13:37:38,638 INFO     ___FILE_ONLY___ ═
2023-03-02 13:37:38,638 INFO     ___FILE_ONLY___ ═
2023-03-02 13:37:38,639 INFO     ___FILE_ONLY___ ═
2023-03-02 13:37:38,639 INFO     ___FILE_ONLY___ ═
2023-03-02 13:37:38,640 INFO     ___FILE_ONLY___ ═
2023-03-02 13:37:38,640 INFO     ___FILE_ONLY___ ═
2023-03-02 13:37:38,640 INFO     ___FILE_ONLY___ ═
2023-03-02 13:37:38,641 INFO     ___FILE_ONLY___ ═
2023-03-02 13:37:38,641 INFO     ___FILE_ONLY___ ═
2023-03-02 13:37:38,642 INFO     ___FILE_ONLY___ ═
2023-03-02 13:37:38,642 INFO     ___FILE_ONLY___ ═
2023-03-02 13:37:38,642 INFO     ___FILE_ONLY___ ═
2023-03-02 13:37:38,643 INFO     ___FILE_ONLY___ ═
2023-03-02 13:37:38,643 INFO     ___FILE_ONLY___ ═
2023-03-02 13:37:38,643 INFO     ___FILE_ONLY___ ═
2023-03-02 13:37:38,644 INFO     ___FILE_ONLY___ ═
2023-03-02 13:37:38,644 INFO     ___FILE_ONLY___ ═
2023-03-02 13:37:38,645 INFO     ___FILE_ONLY___ ═
2023-03-02 13:37:38,645 INFO     ___FILE_ONLY___ ═
2023-03-02 13:37:38,645 INFO     ___FILE_ONLY___ ═
2023-03-02 13:37:38,646 INFO     ___FILE_ONLY___ ═
2023-03-02 13:37:38,646 INFO     ___FILE_ONLY___ ═
2023-03-02 13:37:38,647 INFO     ___FILE_ONLY___ ═
2023-03-02 13:37:38,647 INFO     ___FILE_ONLY___ ═
2023-03-02 13:37:38,647 INFO     ___FILE_ONLY___ ═
2023-03-02 13:37:38,648 INFO     ___FILE_ONLY___ ═
2023-03-02 13:37:38,648 INFO     ___FILE_ONLY___ ═
2023-03-02 13:37:38,649 INFO     ___FILE_ONLY___ ═
2023-03-02 13:37:38,649 INFO     ___FILE_ONLY___ ═
2023-03-02 13:37:38,649 INFO     ___FILE_ONLY___ ═
2023-03-02 13:37:38,650 INFO     ___FILE_ONLY___ ═
2023-03-02 13:37:38,650 INFO     ___FILE_ONLY___ ═
2023-03-02 13:37:38,650 INFO     ___FILE_ONLY___ ═
2023-03-02 13:37:38,651 INFO     ___FILE_ONLY___ ═
2023-03-02 13:37:38,651 INFO     ___FILE_ONLY___ ═
2023-03-02 13:37:38,652 INFO     ___FILE_ONLY___ ═
2023-03-02 13:37:38,652 INFO     ___FILE_ONLY___ ═
2023-03-02 13:37:38,653 INFO     ___FILE_ONLY___ ═
2023-03-02 13:37:38,653 INFO     ___FILE_ONLY___ ═
2023-03-02 13:37:38,654 INFO     ___FILE_ONLY___ ═
2023-03-02 13:37:38,654 INFO     ___FILE_ONLY___ ═
2023-03-02 13:37:38,655 INFO     ___FILE_ONLY___ ═
2023-03-02 13:37:38,655 INFO     ___FILE_ONLY___ ═
2023-03-02 13:37:38,655 INFO     ___FILE_ONLY___ ═
2023-03-02 13:37:38,656 INFO     ___FILE_ONLY___ ╝
2023-03-02 13:37:38,666 INFO     ___FILE_ONLY___ ╠════════════════════════════════════════════════════════════╣

2023-03-02 13:37:38,666 INFO     ___FILE_ONLY___ ╠═ Uninstalling: Google Cloud CLI Core Libraries            ═╣

2023-03-02 13:37:38,666 INFO     ___FILE_ONLY___ ╚
2023-03-02 13:37:38,675 INFO     ___FILE_ONLY___ ═
2023-03-02 13:37:38,682 INFO     ___FILE_ONLY___ ═
2023-03-02 13:37:38,688 INFO     ___FILE_ONLY___ ═
2023-03-02 13:37:38,695 INFO     ___FILE_ONLY___ ═
2023-03-02 13:37:38,702 INFO     ___FILE_ONLY___ ═
2023-03-02 13:37:38,708 INFO     ___FILE_ONLY___ ═
2023-03-02 13:37:38,715 INFO     ___FILE_ONLY___ ═
2023-03-02 13:37:38,722 INFO     ___FILE_ONLY___ ═
2023-03-02 13:37:38,728 INFO     ___FILE_ONLY___ ═
2023-03-02 13:37:38,734 INFO     ___FILE_ONLY___ ═
2023-03-02 13:37:38,740 INFO     ___FILE_ONLY___ ═
2023-03-02 13:37:38,746 INFO     ___FILE_ONLY___ ═
2023-03-02 13:37:38,751 INFO     ___FILE_ONLY___ ═
2023-03-02 13:37:38,757 INFO     ___FILE_ONLY___ ═
2023-03-02 13:37:38,764 INFO     ___FILE_ONLY___ ═
2023-03-02 13:37:38,772 INFO     ___FILE_ONLY___ ═
2023-03-02 13:37:38,780 INFO     ___FILE_ONLY___ ═
2023-03-02 13:37:38,788 INFO     ___FILE_ONLY___ ═
2023-03-02 13:37:38,797 INFO     ___FILE_ONLY___ ═
2023-03-02 13:37:38,805 INFO     ___FILE_ONLY___ ═
2023-03-02 13:37:38,812 INFO     ___FILE_ONLY___ ═
2023-03-02 13:37:38,820 INFO     ___FILE_ONLY___ ═
2023-03-02 13:37:38,829 INFO     ___FILE_ONLY___ ═
2023-03-02 13:37:38,836 INFO     ___FILE_ONLY___ ═
2023-03-02 13:37:38,844 INFO     ___FILE_ONLY___ ═
2023-03-02 13:37:38,850 INFO     ___FILE_ONLY___ ═
2023-03-02 13:37:38,855 INFO     ___FILE_ONLY___ ═
2023-03-02 13:37:38,862 INFO     ___FILE_ONLY___ ═
2023-03-02 13:37:38,868 INFO     ___FILE_ONLY___ ═
2023-03-02 13:37:38,875 INFO     ___FILE_ONLY___ ═
2023-03-02 13:37:38,881 INFO     ___FILE_ONLY___ ═
2023-03-02 13:37:38,889 INFO     ___FILE_ONLY___ ═
2023-03-02 13:37:38,898 INFO     ___FILE_ONLY___ ═
2023-03-02 13:37:38,906 INFO     ___FILE_ONLY___ ═
2023-03-02 13:37:38,913 INFO     ___FILE_ONLY___ ═
2023-03-02 13:37:38,920 INFO     ___FILE_ONLY___ ═
2023-03-02 13:37:38,927 INFO     ___FILE_ONLY___ ═
2023-03-02 13:37:38,934 INFO     ___FILE_ONLY___ ═
2023-03-02 13:37:38,941 INFO     ___FILE_ONLY___ ═
2023-03-02 13:37:38,948 INFO     ___FILE_ONLY___ ═
2023-03-02 13:37:38,956 INFO     ___FILE_ONLY___ ═
2023-03-02 13:37:38,963 INFO     ___FILE_ONLY___ ═
2023-03-02 13:37:38,970 INFO     ___FILE_ONLY___ ═
2023-03-02 13:37:38,977 INFO     ___FILE_ONLY___ ═
2023-03-02 13:37:38,984 INFO     ___FILE_ONLY___ ═
2023-03-02 13:37:38,991 INFO     ___FILE_ONLY___ ═
2023-03-02 13:37:38,998 INFO     ___FILE_ONLY___ ═
2023-03-02 13:37:39,004 INFO     ___FILE_ONLY___ ═
2023-03-02 13:37:39,011 INFO     ___FILE_ONLY___ ═
2023-03-02 13:37:39,018 INFO     ___FILE_ONLY___ ═
2023-03-02 13:37:39,024 INFO     ___FILE_ONLY___ ═
2023-03-02 13:37:39,031 INFO     ___FILE_ONLY___ ═
2023-03-02 13:37:39,037 INFO     ___FILE_ONLY___ ═
2023-03-02 13:37:39,044 INFO     ___FILE_ONLY___ ═
2023-03-02 13:37:39,053 INFO     ___FILE_ONLY___ ═
2023-03-02 13:37:39,060 INFO     ___FILE_ONLY___ ═
2023-03-02 13:37:39,067 INFO     ___FILE_ONLY___ ═
2023-03-02 13:37:39,075 INFO     ___FILE_ONLY___ ═
2023-03-02 13:37:39,082 INFO     ___FILE_ONLY___ ═
2023-03-02 13:37:39,088 INFO     ___FILE_ONLY___ ═
2023-03-02 13:37:39,088 INFO     ___FILE_ONLY___ ╝
2023-03-02 13:37:39,370 INFO     ___FILE_ONLY___ ╠════════════════════════════════════════════════════════════╣

2023-03-02 13:37:39,370 INFO     ___FILE_ONLY___ ╠═ Uninstalling: gcloud cli dependencies                    ═╣

2023-03-02 13:37:39,370 INFO     ___FILE_ONLY___ ╚
2023-03-02 13:37:39,373 INFO     ___FILE_ONLY___ ═
2023-03-02 13:37:39,376 INFO     ___FILE_ONLY___ ═
2023-03-02 13:37:39,378 INFO     ___FILE_ONLY___ ═
2023-03-02 13:37:39,380 INFO     ___FILE_ONLY___ ═
2023-03-02 13:37:39,386 INFO     ___FILE_ONLY___ ═
2023-03-02 13:37:39,389 INFO     ___FILE_ONLY___ ═
2023-03-02 13:37:39,394 INFO     ___FILE_ONLY___ ═
2023-03-02 13:37:39,397 INFO     ___FILE_ONLY___ ═
2023-03-02 13:37:39,409 INFO     ___FILE_ONLY___ ═
2023-03-02 13:37:39,411 INFO     ___FILE_ONLY___ ═
2023-03-02 13:37:39,415 INFO     ___FILE_ONLY___ ═
2023-03-02 13:37:39,418 INFO     ___FILE_ONLY___ ═
2023-03-02 13:37:39,423 INFO     ___FILE_ONLY___ ═
2023-03-02 13:37:39,426 INFO     ___FILE_ONLY___ ═
2023-03-02 13:37:39,430 INFO     ___FILE_ONLY___ ═
2023-03-02 13:37:39,434 INFO     ___FILE_ONLY___ ═
2023-03-02 13:37:39,438 INFO     ___FILE_ONLY___ ═
2023-03-02 13:37:39,442 INFO     ___FILE_ONLY___ ═
2023-03-02 13:37:39,446 INFO     ___FILE_ONLY___ ═
2023-03-02 13:37:39,449 INFO     ___FILE_ONLY___ ═
2023-03-02 13:37:39,453 INFO     ___FILE_ONLY___ ═
2023-03-02 13:37:39,457 INFO     ___FILE_ONLY___ ═
2023-03-02 13:37:39,462 INFO     ___FILE_ONLY___ ═
2023-03-02 13:37:39,467 INFO     ___FILE_ONLY___ ═
2023-03-02 13:37:39,470 INFO     ___FILE_ONLY___ ═
2023-03-02 13:37:39,473 INFO     ___FILE_ONLY___ ═
2023-03-02 13:37:39,475 INFO     ___FILE_ONLY___ ═
2023-03-02 13:37:39,477 INFO     ___FILE_ONLY___ ═
2023-03-02 13:37:39,480 INFO     ___FILE_ONLY___ ═
2023-03-02 13:37:39,483 INFO     ___FILE_ONLY___ ═
2023-03-02 13:37:39,485 INFO     ___FILE_ONLY___ ═
2023-03-02 13:37:39,488 INFO     ___FILE_ONLY___ ═
2023-03-02 13:37:39,490 INFO     ___FILE_ONLY___ ═
2023-03-02 13:37:39,492 INFO     ___FILE_ONLY___ ═
2023-03-02 13:37:39,495 INFO     ___FILE_ONLY___ ═
2023-03-02 13:37:39,497 INFO     ___FILE_ONLY___ ═
2023-03-02 13:37:39,500 INFO     ___FILE_ONLY___ ═
2023-03-02 13:37:39,502 INFO     ___FILE_ONLY___ ═
2023-03-02 13:37:39,504 INFO     ___FILE_ONLY___ ═
2023-03-02 13:37:39,507 INFO     ___FILE_ONLY___ ═
2023-03-02 13:37:39,509 INFO     ___FILE_ONLY___ ═
2023-03-02 13:37:39,511 INFO     ___FILE_ONLY___ ═
2023-03-02 13:37:39,514 INFO     ___FILE_ONLY___ ═
2023-03-02 13:37:39,516 INFO     ___FILE_ONLY___ ═
2023-03-02 13:37:39,518 INFO     ___FILE_ONLY___ ═
2023-03-02 13:37:39,521 INFO     ___FILE_ONLY___ ═
2023-03-02 13:37:39,523 INFO     ___FILE_ONLY___ ═
2023-03-02 13:37:39,525 INFO     ___FILE_ONLY___ ═
2023-03-02 13:37:39,527 INFO     ___FILE_ONLY___ ═
2023-03-02 13:37:39,529 INFO     ___FILE_ONLY___ ═
2023-03-02 13:37:39,531 INFO     ___FILE_ONLY___ ═
2023-03-02 13:37:39,533 INFO     ___FILE_ONLY___ ═
2023-03-02 13:37:39,535 INFO     ___FILE_ONLY___ ═
2023-03-02 13:37:39,537 INFO     ___FILE_ONLY___ ═
2023-03-02 13:37:39,538 INFO     ___FILE_ONLY___ ═
2023-03-02 13:37:39,540 INFO     ___FILE_ONLY___ ═
2023-03-02 13:37:39,543 INFO     ___FILE_ONLY___ ═
2023-03-02 13:37:39,545 INFO     ___FILE_ONLY___ ═
2023-03-02 13:37:39,547 INFO     ___FILE_ONLY___ ═
2023-03-02 13:37:39,549 INFO     ___FILE_ONLY___ ═
2023-03-02 13:37:39,549 INFO     ___FILE_ONLY___ ╝
2023-03-02 13:37:39,625 INFO     ___FILE_ONLY___ ╠════════════════════════════════════════════════════════════╣

2023-03-02 13:37:39,625 INFO     ___FILE_ONLY___ ╠═ Installing: BigQuery Command Line Tool                   ═╣

2023-03-02 13:37:39,626 INFO     ___FILE_ONLY___ ╚
2023-03-02 13:37:39,627 DEBUG    urllib3.connectionpool Starting new HTTPS connection (1): dl.google.com:443
2023-03-02 13:37:39,755 DEBUG    urllib3.connectionpool https://dl.google.com:443 "GET /dl/cloudsdk/channels/rapid/components/google-cloud-sdk-bq-20230224152814.tar.gz HTTP/1.1" 200 1699999
2023-03-02 13:37:40,000 INFO     ___FILE_ONLY___ ═
2023-03-02 13:37:40,000 INFO     ___FILE_ONLY___ ═
2023-03-02 13:37:40,000 INFO     ___FILE_ONLY___ ═
2023-03-02 13:37:40,000 INFO     ___FILE_ONLY___ ═
2023-03-02 13:37:40,000 INFO     ___FILE_ONLY___ ═
2023-03-02 13:37:40,000 INFO     ___FILE_ONLY___ ═
2023-03-02 13:37:40,001 INFO     ___FILE_ONLY___ ═
2023-03-02 13:37:40,001 INFO     ___FILE_ONLY___ ═
2023-03-02 13:37:40,001 INFO     ___FILE_ONLY___ ═
2023-03-02 13:37:40,001 INFO     ___FILE_ONLY___ ═
2023-03-02 13:37:40,001 INFO     ___FILE_ONLY___ ═
2023-03-02 13:37:40,001 INFO     ___FILE_ONLY___ ═
2023-03-02 13:37:40,001 INFO     ___FILE_ONLY___ ═
2023-03-02 13:37:40,002 INFO     ___FILE_ONLY___ ═
2023-03-02 13:37:40,002 INFO     ___FILE_ONLY___ ═
2023-03-02 13:37:40,002 INFO     ___FILE_ONLY___ ═
2023-03-02 13:37:40,002 INFO     ___FILE_ONLY___ ═
2023-03-02 13:37:40,002 INFO     ___FILE_ONLY___ ═
2023-03-02 13:37:40,002 INFO     ___FILE_ONLY___ ═
2023-03-02 13:37:40,002 INFO     ___FILE_ONLY___ ═
2023-03-02 13:37:40,002 INFO     ___FILE_ONLY___ ═
2023-03-02 13:37:40,002 INFO     ___FILE_ONLY___ ═
2023-03-02 13:37:40,003 INFO     ___FILE_ONLY___ ═
2023-03-02 13:37:40,003 INFO     ___FILE_ONLY___ ═
2023-03-02 13:37:40,003 INFO     ___FILE_ONLY___ ═
2023-03-02 13:37:40,003 INFO     ___FILE_ONLY___ ═
2023-03-02 13:37:40,003 INFO     ___FILE_ONLY___ ═
2023-03-02 13:37:40,003 INFO     ___FILE_ONLY___ ═
2023-03-02 13:37:40,003 INFO     ___FILE_ONLY___ ═
2023-03-02 13:37:40,003 INFO     ___FILE_ONLY___ ═
2023-03-02 13:37:40,102 INFO     ___FILE_ONLY___ ═
2023-03-02 13:37:40,105 INFO     ___FILE_ONLY___ ═
2023-03-02 13:37:40,107 INFO     ___FILE_ONLY___ ═
2023-03-02 13:37:40,113 INFO     ___FILE_ONLY___ ═
2023-03-02 13:37:40,115 INFO     ___FILE_ONLY___ ═
2023-03-02 13:37:40,117 INFO     ___FILE_ONLY___ ═
2023-03-02 13:37:40,118 INFO     ___FILE_ONLY___ ═
2023-03-02 13:37:40,121 INFO     ___FILE_ONLY___ ═
2023-03-02 13:37:40,124 INFO     ___FILE_ONLY___ ═
2023-03-02 13:37:40,126 INFO     ___FILE_ONLY___ ═
2023-03-02 13:37:40,128 INFO     ___FILE_ONLY___ ═
2023-03-02 13:37:40,130 INFO     ___FILE_ONLY___ ═
2023-03-02 13:37:40,134 INFO     ___FILE_ONLY___ ═
2023-03-02 13:37:40,141 INFO     ___FILE_ONLY___ ═
2023-03-02 13:37:40,144 INFO     ___FILE_ONLY___ ═
2023-03-02 13:37:40,147 INFO     ___FILE_ONLY___ ═
2023-03-02 13:37:40,149 INFO     ___FILE_ONLY___ ═
2023-03-02 13:37:40,150 INFO     ___FILE_ONLY___ ═
2023-03-02 13:37:40,152 INFO     ___FILE_ONLY___ ═
2023-03-02 13:37:40,155 INFO     ___FILE_ONLY___ ═
2023-03-02 13:37:40,158 INFO     ___FILE_ONLY___ ═
2023-03-02 13:37:40,160 INFO     ___FILE_ONLY___ ═
2023-03-02 13:37:40,163 INFO     ___FILE_ONLY___ ═
2023-03-02 13:37:40,165 INFO     ___FILE_ONLY___ ═
2023-03-02 13:37:40,168 INFO     ___FILE_ONLY___ ═
2023-03-02 13:37:40,170 INFO     ___FILE_ONLY___ ═
2023-03-02 13:37:40,173 INFO     ___FILE_ONLY___ ═
2023-03-02 13:37:40,175 INFO     ___FILE_ONLY___ ═
2023-03-02 13:37:40,177 INFO     ___FILE_ONLY___ ═
2023-03-02 13:37:40,179 INFO     ___FILE_ONLY___ ═
2023-03-02 13:37:40,180 INFO     ___FILE_ONLY___ ╝
2023-03-02 13:37:40,187 INFO     ___FILE_ONLY___ ╠════════════════════════════════════════════════════════════╣

2023-03-02 13:37:40,187 INFO     ___FILE_ONLY___ ╠═ Installing: Google Cloud CLI Core Libraries              ═╣

2023-03-02 13:37:40,187 INFO     ___FILE_ONLY___ ╚
2023-03-02 13:37:40,188 DEBUG    urllib3.connectionpool Starting new HTTPS connection (1): dl.google.com:443
2023-03-02 13:37:40,362 DEBUG    urllib3.connectionpool https://dl.google.com:443 "GET /dl/cloudsdk/channels/rapid/components/google-cloud-sdk-core-20230224152814.tar.gz HTTP/1.1" 200 27975166
2023-03-02 13:37:41,050 INFO     ___FILE_ONLY___ ═
2023-03-02 13:37:41,051 INFO     ___FILE_ONLY___ ═
2023-03-02 13:37:41,052 INFO     ___FILE_ONLY___ ═
2023-03-02 13:37:41,052 INFO     ___FILE_ONLY___ ═
2023-03-02 13:37:41,053 INFO     ___FILE_ONLY___ ═
2023-03-02 13:37:41,054 INFO     ___FILE_ONLY___ ═
2023-03-02 13:37:41,054 INFO     ___FILE_ONLY___ ═
2023-03-02 13:37:41,055 INFO     ___FILE_ONLY___ ═
2023-03-02 13:37:41,055 INFO     ___FILE_ONLY___ ═
2023-03-02 13:37:41,056 INFO     ___FILE_ONLY___ ═
2023-03-02 13:37:41,057 INFO     ___FILE_ONLY___ ═
2023-03-02 13:37:41,057 INFO     ___FILE_ONLY___ ═
2023-03-02 13:37:41,058 INFO     ___FILE_ONLY___ ═
2023-03-02 13:37:41,059 INFO     ___FILE_ONLY___ ═
2023-03-02 13:37:41,059 INFO     ___FILE_ONLY___ ═
2023-03-02 13:37:41,060 INFO     ___FILE_ONLY___ ═
2023-03-02 13:37:41,060 INFO     ___FILE_ONLY___ ═
2023-03-02 13:37:41,061 INFO     ___FILE_ONLY___ ═
2023-03-02 13:37:41,062 INFO     ___FILE_ONLY___ ═
2023-03-02 13:37:41,062 INFO     ___FILE_ONLY___ ═
2023-03-02 13:37:41,063 INFO     ___FILE_ONLY___ ═
2023-03-02 13:37:41,063 INFO     ___FILE_ONLY___ ═
2023-03-02 13:37:41,064 INFO     ___FILE_ONLY___ ═
2023-03-02 13:37:41,065 INFO     ___FILE_ONLY___ ═
2023-03-02 13:37:41,065 INFO     ___FILE_ONLY___ ═
2023-03-02 13:37:41,066 INFO     ___FILE_ONLY___ ═
2023-03-02 13:37:41,067 INFO     ___FILE_ONLY___ ═
2023-03-02 13:37:41,069 INFO     ___FILE_ONLY___ ═
2023-03-02 13:37:41,072 INFO     ___FILE_ONLY___ ═
2023-03-02 13:37:41,074 INFO     ___FILE_ONLY___ ═
2023-03-02 13:37:43,564 INFO     ___FILE_ONLY___ ═
2023-03-02 13:37:43,605 INFO     ___FILE_ONLY___ ═
2023-03-02 13:37:43,649 INFO     ___FILE_ONLY___ ═
2023-03-02 13:37:43,695 INFO     ___FILE_ONLY___ ═
2023-03-02 13:37:43,745 INFO     ___FILE_ONLY___ ═
2023-03-02 13:37:43,786 INFO     ___FILE_ONLY___ ═
2023-03-02 13:37:43,827 INFO     ___FILE_ONLY___ ═
2023-03-02 13:37:44,010 INFO     ___FILE_ONLY___ ═
2023-03-02 13:37:44,163 INFO     ___FILE_ONLY___ ═
2023-03-02 13:37:44,462 INFO     ___FILE_ONLY___ ═
2023-03-02 13:37:44,677 INFO     ___FILE_ONLY___ ═
2023-03-02 13:37:44,819 INFO     ___FILE_ONLY___ ═
2023-03-02 13:37:44,901 INFO     ___FILE_ONLY___ ═
2023-03-02 13:37:44,937 INFO     ___FILE_ONLY___ ═
2023-03-02 13:37:44,975 INFO     ___FILE_ONLY___ ═
2023-03-02 13:37:45,007 INFO     ___FILE_ONLY___ ═
2023-03-02 13:37:45,038 INFO     ___FILE_ONLY___ ═
2023-03-02 13:37:45,081 INFO     ___FILE_ONLY___ ═
2023-03-02 13:37:45,130 INFO     ___FILE_ONLY___ ═
2023-03-02 13:37:45,173 INFO     ___FILE_ONLY___ ═
2023-03-02 13:37:45,220 INFO     ___FILE_ONLY___ ═
2023-03-02 13:37:45,266 INFO     ___FILE_ONLY___ ═
2023-03-02 13:37:45,315 INFO     ___FILE_ONLY___ ═
2023-03-02 13:37:45,356 INFO     ___FILE_ONLY___ ═
2023-03-02 13:37:45,399 INFO     ___FILE_ONLY___ ═
2023-03-02 13:37:45,433 INFO     ___FILE_ONLY___ ═
2023-03-02 13:37:45,466 INFO     ___FILE_ONLY___ ═
2023-03-02 13:37:45,501 INFO     ___FILE_ONLY___ ═
2023-03-02 13:37:45,542 INFO     ___FILE_ONLY___ ═
2023-03-02 13:37:45,603 INFO     ___FILE_ONLY___ ═
2023-03-02 13:37:45,603 INFO     ___FILE_ONLY___ ╝
2023-03-02 13:37:45,690 INFO     ___FILE_ONLY___ ╠════════════════════════════════════════════════════════════╣

2023-03-02 13:37:45,690 INFO     ___FILE_ONLY___ ╠═ Installing: gcloud cli dependencies                      ═╣

2023-03-02 13:37:45,690 INFO     ___FILE_ONLY___ ╚
2023-03-02 13:37:45,692 DEBUG    urllib3.connectionpool Starting new HTTPS connection (1): dl.google.com:443
2023-03-02 13:37:45,850 DEBUG    urllib3.connectionpool https://dl.google.com:443 "GET /dl/cloudsdk/channels/rapid/components/google-cloud-sdk-gcloud-deps-20230224152814.tar.gz HTTP/1.1" 200 11784358
2023-03-02 13:37:46,240 INFO     ___FILE_ONLY___ ═
2023-03-02 13:37:46,241 INFO     ___FILE_ONLY___ ═
2023-03-02 13:37:46,243 INFO     ___FILE_ONLY___ ═
2023-03-02 13:37:46,243 INFO     ___FILE_ONLY___ ═
2023-03-02 13:37:46,244 INFO     ___FILE_ONLY___ ═
2023-03-02 13:37:46,244 INFO     ___FILE_ONLY___ ═
2023-03-02 13:37:46,245 INFO     ___FILE_ONLY___ ═
2023-03-02 13:37:46,245 INFO     ___FILE_ONLY___ ═
2023-03-02 13:37:46,246 INFO     ___FILE_ONLY___ ═
2023-03-02 13:37:46,247 INFO     ___FILE_ONLY___ ═
2023-03-02 13:37:46,247 INFO     ___FILE_ONLY___ ═
2023-03-02 13:37:46,248 INFO     ___FILE_ONLY___ ═
2023-03-02 13:37:46,248 INFO     ___FILE_ONLY___ ═
2023-03-02 13:37:46,249 INFO     ___FILE_ONLY___ ═
2023-03-02 13:37:46,249 INFO     ___FILE_ONLY___ ═
2023-03-02 13:37:46,250 INFO     ___FILE_ONLY___ ═
2023-03-02 13:37:46,251 INFO     ___FILE_ONLY___ ═
2023-03-02 13:37:46,252 INFO     ___FILE_ONLY___ ═
2023-03-02 13:37:46,252 INFO     ___FILE_ONLY___ ═
2023-03-02 13:37:46,253 INFO     ___FILE_ONLY___ ═
2023-03-02 13:37:46,253 INFO     ___FILE_ONLY___ ═
2023-03-02 13:37:46,254 INFO     ___FILE_ONLY___ ═
2023-03-02 13:37:46,254 INFO     ___FILE_ONLY___ ═
2023-03-02 13:37:46,255 INFO     ___FILE_ONLY___ ═
2023-03-02 13:37:46,255 INFO     ___FILE_ONLY___ ═
2023-03-02 13:37:46,256 INFO     ___FILE_ONLY___ ═
2023-03-02 13:37:46,256 INFO     ___FILE_ONLY___ ═
2023-03-02 13:37:46,257 INFO     ___FILE_ONLY___ ═
2023-03-02 13:37:46,258 INFO     ___FILE_ONLY___ ═
2023-03-02 13:37:46,258 INFO     ___FILE_ONLY___ ═
2023-03-02 13:37:47,109 INFO     ___FILE_ONLY___ ═
2023-03-02 13:37:47,167 INFO     ___FILE_ONLY___ ═
2023-03-02 13:37:47,257 INFO     ___FILE_ONLY___ ═
2023-03-02 13:37:47,324 INFO     ___FILE_ONLY___ ═
2023-03-02 13:37:47,405 INFO     ___FILE_ONLY___ ═
2023-03-02 13:37:47,476 INFO     ___FILE_ONLY___ ═
2023-03-02 13:37:47,507 INFO     ___FILE_ONLY___ ═
2023-03-02 13:37:47,530 INFO     ___FILE_ONLY___ ═
2023-03-02 13:37:47,552 INFO     ___FILE_ONLY___ ═
2023-03-02 13:37:47,578 INFO     ___FILE_ONLY___ ═
2023-03-02 13:37:47,627 INFO     ___FILE_ONLY___ ═
2023-03-02 13:37:47,641 INFO     ___FILE_ONLY___ ═
2023-03-02 13:37:47,661 INFO     ___FILE_ONLY___ ═
2023-03-02 13:37:47,681 INFO     ___FILE_ONLY___ ═
2023-03-02 13:37:47,702 INFO     ___FILE_ONLY___ ═
2023-03-02 13:37:47,735 INFO     ___FILE_ONLY___ ═
2023-03-02 13:37:47,753 INFO     ___FILE_ONLY___ ═
2023-03-02 13:37:47,787 INFO     ___FILE_ONLY___ ═
2023-03-02 13:37:47,830 INFO     ___FILE_ONLY___ ═
2023-03-02 13:37:47,861 INFO     ___FILE_ONLY___ ═
2023-03-02 13:37:47,886 INFO     ___FILE_ONLY___ ═
2023-03-02 13:37:47,902 INFO     ___FILE_ONLY___ ═
2023-03-02 13:37:47,911 INFO     ___FILE_ONLY___ ═
2023-03-02 13:37:47,921 INFO     ___FILE_ONLY___ ═
2023-03-02 13:37:47,931 INFO     ___FILE_ONLY___ ═
2023-03-02 13:37:47,944 INFO     ___FILE_ONLY___ ═
2023-03-02 13:37:47,972 INFO     ___FILE_ONLY___ ═
2023-03-02 13:37:48,003 INFO     ___FILE_ONLY___ ═
2023-03-02 13:37:48,037 INFO     ___FILE_ONLY___ ═
2023-03-02 13:37:48,066 INFO     ___FILE_ONLY___ ═
2023-03-02 13:37:48,066 INFO     ___FILE_ONLY___ ╝
2023-03-02 13:37:48,101 INFO     ___FILE_ONLY___ ╠════════════════════════════════════════════════════════════╣

2023-03-02 13:37:48,101 INFO     ___FILE_ONLY___ ╠═ Creating backup and activating new installation          ═╣

2023-03-02 13:37:48,101 INFO     ___FILE_ONLY___ ╚
2023-03-02 13:37:48,101 DEBUG    root            Attempting to move directory [/tmp/google-cloud-sdk] to [/tmp/google-cloud-sdk.staging/.install/.backup]
2023-03-02 13:37:48,101 INFO     ___FILE_ONLY___ ══════════════════════════════
2023-03-02 13:37:48,101 DEBUG    root            Attempting to move directory [/tmp/google-cloud-sdk.staging] to [/tmp/google-cloud-sdk]
2023-03-02 13:37:48,102 INFO     ___FILE_ONLY___ ══════════════════════════════
2023-03-02 13:37:48,102 INFO     ___FILE_ONLY___ ╝

2023-03-02 13:37:48,105 DEBUG    root            Updating notification cache...
2023-03-02 13:37:48,105 INFO     ___FILE_ONLY___ 

2023-03-02 13:37:48,105 INFO     ___FILE_ONLY___ Performing post processing steps...
2023-03-02 13:37:48,106 DEBUG    root            Executing command: ['/tmp/google-cloud-sdk/platform/bundledpythonunix/bin/python3', '/tmp/google-cloud-sdk/lib/gcloud.py', 'components', 'post-process']
2023-03-02 13:38:08,483 DEBUG    ___FILE_ONLY___ 
2023-03-02 13:38:08,483 DEBUG    ___FILE_ONLY___ 
2023-03-02 13:38:08,645 INFO     ___FILE_ONLY___ 
Update done!


2023-03-02 13:38:08,645 INFO     ___FILE_ONLY___ To revert your CLI to the previously installed version, you may run:
  $ gcloud components update --version 419.0.0


2023-03-02 13:38:10,312 DEBUG    root            Chosen display Format:none
2023-03-02 13:38:10,312 INFO     root            Display format: "none"
2023-03-02 13:38:10,319 DEBUG    root            Metrics reporting process started...
