2023-03-02 19:00:50,151 DEBUG    root            Loaded Command Group: ['gcloud', 'config']
2023-03-02 19:00:50,153 DEBUG    root            Loaded Command Group: ['gcloud', 'config', 'config_helper']
2023-03-02 19:00:50,157 DEBUG    root            Running [gcloud.config.config-helper] with arguments: [--format: "json"]
2023-03-02 19:00:50,191 DEBUG    google.auth.transport.requests Making request: POST https://oauth2.googleapis.com/token
2023-03-02 19:00:50,193 DEBUG    urllib3.connectionpool Starting new HTTPS connection (1): oauth2.googleapis.com:443
2023-03-02 19:00:50,352 DEBUG    urllib3.connectionpool https://oauth2.googleapis.com:443 "POST /token HTTP/1.1" 200 None
2023-03-02 19:00:50,364 DEBUG    urllib3.connectionpool Starting new HTTPS connection (1): www.gstatic.com:443
2023-03-02 19:00:50,492 DEBUG    urllib3.connectionpool https://www.gstatic.com:443 "GET /cloudsdk/feature_flag_config_file.yaml HTTP/1.1" 200 101
2023-03-02 19:00:50,498 DEBUG    root            Chosen display Format:default json
2023-03-02 19:00:50,498 INFO     root            Display format: "default json"
2023-03-02 19:00:50,499 INFO     ___FILE_ONLY___ {
  "configuration": {
    "active_configuration": "default",
    "properties": {
      "compute": {
        "region": "asia-southeast1",
        "zone": "asia-southeast1-a"
      },
      "core": {
        "account": "natapat.pims@gmail.com",
        "disable_usage_reporting": "False",
        "project": "gke-app-376315"
      }
    }
  },
  "credential": {
    "access_token": "ya29.a0AVvZVso0Ck4kyi3cpZmK2GZxnvkmSc4XzeF1XR3_CmkV6SfKPFPK4CX5Vea4mOUjnJX0tG4bKGauPG5cTYm6FEOLvdjnK9_qcnr2HOHEiV5P_OEPHmndb2f01g-FHgUAdkigYb6v2UfSCI7sDT2aFrTvWppK-QStDR8vrfcaCgYKAboSARASFQGbdwaIsYMgU1tpdmIJp3REy-7daA0174",
    "id_token": "eyJhbGciOiJSUzI1NiIsImtpZCI6ImQyNWY4ZGJjZjk3ZGM3ZWM0MDFmMDE3MWZiNmU2YmRhOWVkOWU3OTIiLCJ0eXAiOiJKV1QifQ.eyJpc3MiOiJodHRwczovL2FjY291bnRzLmdvb2dsZS5jb20iLCJhenAiOiIzMjU1NTk0MDU1OS5hcHBzLmdvb2dsZXVzZXJjb250ZW50LmNvbSIsImF1ZCI6IjMyNTU1OTQwNTU5LmFwcHMuZ29vZ2xldXNlcmNvbnRlbnQuY29tIiwic3ViIjoiMTE1ODQ3Mjk4NjgyNTQ2MDY3OTk2IiwiZW1haWwiOiJuYXRhcGF0LnBpbXNAZ21haWwuY29tIiwiZW1haWxfdmVyaWZpZWQiOnRydWUsImF0X2hhc2giOiJ1MWhXTmFtNEl6QTNzbUFuc1dfYXNnIiwiaWF0IjoxNjc3NzU4NDQ5LCJleHAiOjE2Nzc3NjIwNDl9.ACl6_Qgjc5pNgot9L4SFyqp6rQAWIJxe5CEW4cWcPEXXn1aLkW7180Q-98FnAdNSHEAbIV7m71hoBoXB84TysoHNP7r2tfSuty4JLMI8H0XF3dntWSK2GzigSWeHxUIDv0QnLWH6EV69tX4OCRkJtEauNu64at-WMNKg-3FINe-AhI1QhykF8-9leokZZ3homO-Ww5FKXDfB-xKmkXTV00kel5F8mO8WgBWVoIxUVmkKNvkd28X_wloAElI-r3lutoc4u53okMZhaiYz2yenMPzBpzHzlMX_u9-9zGNhvDbVZHjEr9HpfP_shdRSE84GGxeFEuERseCemdC-G68bYQ",
    "token_expiry": "2023-03-02T13:00:49Z"
  },
  "sentinels": {
    "config_sentinel": "/home/dar/.config/gcloud/config_sentinel"
  }
}
2023-03-02 19:00:50,499 INFO     ___FILE_ONLY___ 

2023-03-02 19:00:50,504 DEBUG    root            Metrics reporting process started...
