2023-03-02 20:00:53,943 DEBUG    root            Loaded Command Group: ['gcloud', 'config']
2023-03-02 20:00:53,944 DEBUG    root            Loaded Command Group: ['gcloud', 'config', 'config_helper']
2023-03-02 20:00:53,946 DEBUG    root            Running [gcloud.config.config-helper] with arguments: [--format: "json"]
2023-03-02 20:00:53,971 DEBUG    google.auth.transport.requests Making request: POST https://oauth2.googleapis.com/token
2023-03-02 20:00:53,973 DEBUG    urllib3.connectionpool Starting new HTTPS connection (1): oauth2.googleapis.com:443
2023-03-02 20:00:54,144 DEBUG    urllib3.connectionpool https://oauth2.googleapis.com:443 "POST /token HTTP/1.1" 200 None
2023-03-02 20:00:54,153 DEBUG    urllib3.connectionpool Starting new HTTPS connection (1): www.gstatic.com:443
2023-03-02 20:00:54,273 DEBUG    urllib3.connectionpool https://www.gstatic.com:443 "GET /cloudsdk/feature_flag_config_file.yaml HTTP/1.1" 200 101
2023-03-02 20:00:54,278 DEBUG    root            Chosen display Format:default json
2023-03-02 20:00:54,278 INFO     root            Display format: "default json"
2023-03-02 20:00:54,279 INFO     ___FILE_ONLY___ {
  "configuration": {
    "active_configuration": "default",
    "properties": {
      "compute": {
        "region": "asia-southeast1",
        "zone": "asia-southeast1-a"
      },
      "core": {
        "account": "natapat.pims@gmail.com",
        "disable_usage_reporting": "False",
        "project": "gke-app-376315"
      }
    }
  },
  "credential": {
    "access_token": "ya29.a0AVvZVsphZEBhF5eMmOo2iy3DHzSAQoMDyWwBOzrHMj2RU5Ww2-0gJwmaLL-uFXrsVYHvQ4DDL4UtOFZTjZiAapuXkH6oevMV7tjt8JWgi7zPVcLPoG8UmNkkuwkdmLkM9Ql-OljsiJuOavJmrDzG-iqTEjo8sL5r2_SrVm4aCgYKAcUSARASFQGbdwaIK7usJ1LkZV1OFIDdBGDPuw0174",
    "id_token": "eyJhbGciOiJSUzI1NiIsImtpZCI6ImQyNWY4ZGJjZjk3ZGM3ZWM0MDFmMDE3MWZiNmU2YmRhOWVkOWU3OTIiLCJ0eXAiOiJKV1QifQ.eyJpc3MiOiJodHRwczovL2FjY291bnRzLmdvb2dsZS5jb20iLCJhenAiOiIzMjU1NTk0MDU1OS5hcHBzLmdvb2dsZXVzZXJjb250ZW50LmNvbSIsImF1ZCI6IjMyNTU1OTQwNTU5LmFwcHMuZ29vZ2xldXNlcmNvbnRlbnQuY29tIiwic3ViIjoiMTE1ODQ3Mjk4NjgyNTQ2MDY3OTk2IiwiZW1haWwiOiJuYXRhcGF0LnBpbXNAZ21haWwuY29tIiwiZW1haWxfdmVyaWZpZWQiOnRydWUsImF0X2hhc2giOiJ6N19BelNvazBlZU50d0tZMmpjREt3IiwiaWF0IjoxNjc3NzYyMDUzLCJleHAiOjE2Nzc3NjU2NTN9.Nu0vG2B4AZpLEJBE7C7p2p7cHA4yFWmCayCMufTdDKOnTH2otrsAQt2AcOOhjNT3okPUd9rFHZYmnToKzSnt705zo0ql_X_gA94d_mNhEHuQ037uPqcciwqMrKkB17mLCiTdtbBx1mf4hSme9VLCn5YexJ2fbRaeVm6T4fihqmXPo6iXnnkBpZG5RiCAg3YrGwMWDpOYU9AfVH3ZHg8nSO2o1rCmQz37Hw7grXp8nYGBP6cTPglEVLTgxS42V9IhYlpMRju9W__LikvQCOfKtmiX634ZDNW8c5vb116G1wll6nMJdR7AHlLEvEhlizCdPBpEUMIr5qwSqB9uDMO5Yw",
    "token_expiry": "2023-03-02T14:00:53Z"
  },
  "sentinels": {
    "config_sentinel": "/home/dar/.config/gcloud/config_sentinel"
  }
}
2023-03-02 20:00:54,279 INFO     ___FILE_ONLY___ 

2023-03-02 20:00:54,282 DEBUG    root            Metrics reporting process started...
