2023-03-02 21:00:58,554 DEBUG    root            Loaded Command Group: ['gcloud', 'config']
2023-03-02 21:00:58,557 DEBUG    root            Loaded Command Group: ['gcloud', 'config', 'config_helper']
2023-03-02 21:00:58,559 DEBUG    root            Running [gcloud.config.config-helper] with arguments: [--format: "json"]
2023-03-02 21:00:58,590 DEBUG    google.auth.transport.requests Making request: POST https://oauth2.googleapis.com/token
2023-03-02 21:00:58,596 DEBUG    urllib3.connectionpool Starting new HTTPS connection (1): oauth2.googleapis.com:443
2023-03-02 21:00:58,764 DEBUG    urllib3.connectionpool https://oauth2.googleapis.com:443 "POST /token HTTP/1.1" 200 None
2023-03-02 21:00:58,773 DEBUG    urllib3.connectionpool Starting new HTTPS connection (1): www.gstatic.com:443
2023-03-02 21:00:58,900 DEBUG    urllib3.connectionpool https://www.gstatic.com:443 "GET /cloudsdk/feature_flag_config_file.yaml HTTP/1.1" 200 101
2023-03-02 21:00:58,906 DEBUG    root            Chosen display Format:default json
2023-03-02 21:00:58,906 INFO     root            Display format: "default json"
2023-03-02 21:00:58,906 INFO     ___FILE_ONLY___ {
  "configuration": {
    "active_configuration": "default",
    "properties": {
      "compute": {
        "region": "asia-southeast1",
        "zone": "asia-southeast1-a"
      },
      "core": {
        "account": "natapat.pims@gmail.com",
        "disable_usage_reporting": "False",
        "project": "gke-app-376315"
      }
    }
  },
  "credential": {
    "access_token": "ya29.a0AVvZVspgJ0PhIRLTKvfzbzEgTWv7kXjqitKFBvHX37Lr5ZWFcTEaVbMNEVuTBsuv4QqKpRXRusaHblE85PXi6HigNgE01a0h861-qutioTzZfH6ELscfa0Ihy7jlpZpcAV2VyZjFOyDhspWAHJ_qPIWIWaGrkIV8WGFla80aCgYKAa0SARASFQGbdwaIS6FHz2jYdKlJWIk9x7aR_A0174",
    "id_token": "eyJhbGciOiJSUzI1NiIsImtpZCI6ImQyNWY4ZGJjZjk3ZGM3ZWM0MDFmMDE3MWZiNmU2YmRhOWVkOWU3OTIiLCJ0eXAiOiJKV1QifQ.eyJpc3MiOiJodHRwczovL2FjY291bnRzLmdvb2dsZS5jb20iLCJhenAiOiIzMjU1NTk0MDU1OS5hcHBzLmdvb2dsZXVzZXJjb250ZW50LmNvbSIsImF1ZCI6IjMyNTU1OTQwNTU5LmFwcHMuZ29vZ2xldXNlcmNvbnRlbnQuY29tIiwic3ViIjoiMTE1ODQ3Mjk4NjgyNTQ2MDY3OTk2IiwiZW1haWwiOiJuYXRhcGF0LnBpbXNAZ21haWwuY29tIiwiZW1haWxfdmVyaWZpZWQiOnRydWUsImF0X2hhc2giOiJtQ2lNSXdtV1BpZ1g0MDF2clVpS0hnIiwiaWF0IjoxNjc3NzY1NjU4LCJleHAiOjE2Nzc3NjkyNTh9.WttbNSPxzCqS6CUefsu570XX7z-YyIXTDRtiBA6e5HLQyKwecWnf3V2KtMWg6pXr0RbfQb2x4m5VBpBWzU6SNIDMwMqYDj-ID7lgk4JGTdzShyDlyUNmo33qYzMCJyWOeO7v6anA9UuLEeeJX8XXg6FZ3KkfWmoEqMuJokwFkQCEO8AJaUsqUM_DUk1gIFbVoqLXqATwI_7mah9EOsmHjKqp0g54TAU1P_pYPRqlkduJGTnxnsjhgDPCAcjZViEMQnHbBr_yJqUI_6EMzViCOGqXmuS4rx4Dm-3JmIR1lIpb2DaL8qBjEh6PkdLLcn7r_p15Grzn7e9hlEcP-FJMZg",
    "token_expiry": "2023-03-02T15:00:57Z"
  },
  "sentinels": {
    "config_sentinel": "/home/dar/.config/gcloud/config_sentinel"
  }
}
2023-03-02 21:00:58,906 INFO     ___FILE_ONLY___ 

2023-03-02 21:00:58,911 DEBUG    root            Metrics reporting process started...
