2023-03-02 22:01:02,434 DEBUG    root            Loaded Command Group: ['gcloud', 'config']
2023-03-02 22:01:02,435 DEBUG    root            Loaded Command Group: ['gcloud', 'config', 'config_helper']
2023-03-02 22:01:02,437 DEBUG    root            Running [gcloud.config.config-helper] with arguments: [--format: "json"]
2023-03-02 22:01:02,459 DEBUG    google.auth.transport.requests Making request: POST https://oauth2.googleapis.com/token
2023-03-02 22:01:02,461 DEBUG    urllib3.connectionpool Starting new HTTPS connection (1): oauth2.googleapis.com:443
2023-03-02 22:01:02,621 DEBUG    urllib3.connectionpool https://oauth2.googleapis.com:443 "POST /token HTTP/1.1" 200 None
2023-03-02 22:01:02,631 DEBUG    urllib3.connectionpool Starting new HTTPS connection (1): www.gstatic.com:443
2023-03-02 22:01:02,748 DEBUG    urllib3.connectionpool https://www.gstatic.com:443 "GET /cloudsdk/feature_flag_config_file.yaml HTTP/1.1" 200 101
2023-03-02 22:01:02,754 DEBUG    root            Chosen display Format:default json
2023-03-02 22:01:02,754 INFO     root            Display format: "default json"
2023-03-02 22:01:02,754 INFO     ___FILE_ONLY___ {
  "configuration": {
    "active_configuration": "default",
    "properties": {
      "compute": {
        "region": "asia-southeast1",
        "zone": "asia-southeast1-a"
      },
      "core": {
        "account": "natapat.pims@gmail.com",
        "disable_usage_reporting": "False",
        "project": "gke-app-376315"
      }
    }
  },
  "credential": {
    "access_token": "ya29.a0AVvZVsrWF-1c06-8XYp-GHmPd46FUtahs0r-gvORMw4bR97jmUrGN2nfmGZcsBrBMRLEO-EIWCHpp70_XC9aFXSEuZpSekxFCcTKYsW3tpuDT8-0gvuWp1Qt6zpi8NgT5YHxFKxc8MT4CDiPouR8fB87f5mXFK-KC7hsOv8aCgYKARkSARASFQGbdwaIEdp6u2OwKKDloxVsAff2cQ0174",
    "id_token": "eyJhbGciOiJSUzI1NiIsImtpZCI6ImQyNWY4ZGJjZjk3ZGM3ZWM0MDFmMDE3MWZiNmU2YmRhOWVkOWU3OTIiLCJ0eXAiOiJKV1QifQ.eyJpc3MiOiJodHRwczovL2FjY291bnRzLmdvb2dsZS5jb20iLCJhenAiOiIzMjU1NTk0MDU1OS5hcHBzLmdvb2dsZXVzZXJjb250ZW50LmNvbSIsImF1ZCI6IjMyNTU1OTQwNTU5LmFwcHMuZ29vZ2xldXNlcmNvbnRlbnQuY29tIiwic3ViIjoiMTE1ODQ3Mjk4NjgyNTQ2MDY3OTk2IiwiZW1haWwiOiJuYXRhcGF0LnBpbXNAZ21haWwuY29tIiwiZW1haWxfdmVyaWZpZWQiOnRydWUsImF0X2hhc2giOiJpMVRWRklJc3E4c051TWNIMUVxZUVRIiwiaWF0IjoxNjc3NzY5MjYyLCJleHAiOjE2Nzc3NzI4NjJ9.HhhT4nnVtG4Jrqy8o7eADACxWv56UGf2Jzwyjzti-r5xuwHKrpBhe7VBiHlf2bVRa2W1mHEvKR54TXqUvjD6zuD2QbaNQW5J9dQzugsQ9oq6tt2mCvXHfOzRyd-km6VWJolvecutqbusyetrxhggpee0NQ6hQW4m7huuALiJ3w8aldv14dwP2u9-ViWv504eA4T0IQEVIql_YfB9wnQPALoYmG7nW3Ez1LLggNOG6APgpqH-EReDcgl91kfem_tUqKyk48l0e1x7eZqWSjiesQI1NiMFwsTmEn1K9tLPrHSuZCQCZAly62fCzCLobqAsmp7DO1UpM4Ba-kGmMza1tA",
    "token_expiry": "2023-03-02T16:01:01Z"
  },
  "sentinels": {
    "config_sentinel": "/home/dar/.config/gcloud/config_sentinel"
  }
}
2023-03-02 22:01:02,754 INFO     ___FILE_ONLY___ 

2023-03-02 22:01:02,758 DEBUG    root            Metrics reporting process started...
