2023-03-02 23:01:06,037 DEBUG    root            Loaded Command Group: ['gcloud', 'config']
2023-03-02 23:01:06,039 DEBUG    root            Loaded Command Group: ['gcloud', 'config', 'config_helper']
2023-03-02 23:01:06,041 DEBUG    root            Running [gcloud.config.config-helper] with arguments: [--format: "json"]
2023-03-02 23:01:06,067 DEBUG    google.auth.transport.requests Making request: POST https://oauth2.googleapis.com/token
2023-03-02 23:01:06,069 DEBUG    urllib3.connectionpool Starting new HTTPS connection (1): oauth2.googleapis.com:443
2023-03-02 23:01:06,223 DEBUG    urllib3.connectionpool https://oauth2.googleapis.com:443 "POST /token HTTP/1.1" 200 None
2023-03-02 23:01:06,233 DEBUG    urllib3.connectionpool Starting new HTTPS connection (1): www.gstatic.com:443
2023-03-02 23:01:06,355 DEBUG    urllib3.connectionpool https://www.gstatic.com:443 "GET /cloudsdk/feature_flag_config_file.yaml HTTP/1.1" 200 101
2023-03-02 23:01:06,360 DEBUG    root            Chosen display Format:default json
2023-03-02 23:01:06,361 INFO     root            Display format: "default json"
2023-03-02 23:01:06,361 INFO     ___FILE_ONLY___ {
  "configuration": {
    "active_configuration": "default",
    "properties": {
      "compute": {
        "region": "asia-southeast1",
        "zone": "asia-southeast1-a"
      },
      "core": {
        "account": "natapat.pims@gmail.com",
        "disable_usage_reporting": "False",
        "project": "gke-app-376315"
      }
    }
  },
  "credential": {
    "access_token": "ya29.a0AVvZVspggqIi8iN82Xif3Bod3zQ1SYa7R8zlrTJIRf15mYRpsQSnNKIKeDk6e_a53EJo59H8uMbCTpNw4PmmXWOCKPxHR18T3tfBnojGSZh1lT7A4Q6yBhkuno-S7n68Sq0GXjjtBwsrr3GVC4EBjTnBY_ZTM7-FdP9p66caCgYKAesSARASFQGbdwaIykstUIndLvM3RcwH68M9vQ0174",
    "id_token": "eyJhbGciOiJSUzI1NiIsImtpZCI6ImQyNWY4ZGJjZjk3ZGM3ZWM0MDFmMDE3MWZiNmU2YmRhOWVkOWU3OTIiLCJ0eXAiOiJKV1QifQ.eyJpc3MiOiJodHRwczovL2FjY291bnRzLmdvb2dsZS5jb20iLCJhenAiOiIzMjU1NTk0MDU1OS5hcHBzLmdvb2dsZXVzZXJjb250ZW50LmNvbSIsImF1ZCI6IjMyNTU1OTQwNTU5LmFwcHMuZ29vZ2xldXNlcmNvbnRlbnQuY29tIiwic3ViIjoiMTE1ODQ3Mjk4NjgyNTQ2MDY3OTk2IiwiZW1haWwiOiJuYXRhcGF0LnBpbXNAZ21haWwuY29tIiwiZW1haWxfdmVyaWZpZWQiOnRydWUsImF0X2hhc2giOiJCOF9tYmN3a0VCOGE3YXBOQ1FDZHFRIiwiaWF0IjoxNjc3NzcyODY1LCJleHAiOjE2Nzc3NzY0NjV9.rVq6bMFU6Ak0vKqhMyGMNg1HD4uu4FtXmdhCrOBY81xnP8uf08pjwOkfiFZwPbeB12pzwsNGrGLDYe9sVZ5VWBVG1FX_bQnMgsXtSrL7q2z9hag4cbqlykiueXtYfg6_vfJc4xJ3AA4RRK4R4cB6UixcgPFRQeZE_mucXv_epPFypm_RwijmKwjhegucktauKsTWPGCP3qCUi8uakLRuIsvigyJLBbga0WtbrmdLT2UzMG0wakmQxTu_Q_ur9z0K9Q1-3spfYbGOJrjPVUTKovDg0h0kXVieSEK3gYd7ovSpwvnb6Ngrf0eFDlPac4PlFioWqInmPl6nM74vvXCJiQ",
    "token_expiry": "2023-03-02T17:01:05Z"
  },
  "sentinels": {
    "config_sentinel": "/home/dar/.config/gcloud/config_sentinel"
  }
}
2023-03-02 23:01:06,361 INFO     ___FILE_ONLY___ 

2023-03-02 23:01:06,366 DEBUG    root            Metrics reporting process started...
