2023-02-06 09:57:14,362 DEBUG    root            Loaded Command Group: ['gcloud', 'config']
2023-02-06 09:57:14,366 DEBUG    root            Loaded Command Group: ['gcloud', 'config', 'config_helper']
2023-02-06 09:57:14,368 DEBUG    root            Running [gcloud.config.config-helper] with arguments: [--format: "json"]
2023-02-06 09:57:14,400 DEBUG    google.auth.transport.requests Making request: POST https://oauth2.googleapis.com/token
2023-02-06 09:57:14,402 DEBUG    urllib3.connectionpool Starting new HTTPS connection (1): oauth2.googleapis.com:443
2023-02-06 09:57:14,565 DEBUG    urllib3.connectionpool https://oauth2.googleapis.com:443 "POST /token HTTP/1.1" 200 None
2023-02-06 09:57:14,575 DEBUG    root            Chosen display Format:default json
2023-02-06 09:57:14,575 INFO     root            Display format: "default json"
2023-02-06 09:57:14,575 INFO     ___FILE_ONLY___ {
  "configuration": {
    "active_configuration": "default",
    "properties": {
      "compute": {
        "region": "asia-southeast1",
        "zone": "asia-southeast1-a"
      },
      "core": {
        "account": "natapat.pims@gmail.com",
        "disable_usage_reporting": "False",
        "project": "gke-app-376315"
      }
    }
  },
  "credential": {
    "access_token": "ya29.a0AVvZVsrYCksdN7HCjhjB8n-V5fkxwPw5oKi6sDZ_W7T31hES16YFcdJcdNyajOAcox0-qQNvCLb0a0TRZOz2u1oSQ8IQg3DmZrhsoYgrjjj6GjUHTzknZQJ5KSK6LH_aiPY3ScxuaZ39Wb15HF1ro4YV8IcGjYgoUP4YQAaCgYKAR4SAQASFQGbdwaI_cV5bE-00Ex-u96bGkyZSQ0173",
    "id_token": "eyJhbGciOiJSUzI1NiIsImtpZCI6IjI3NDA1MmEyYjY0NDg3NDU3NjRlNzJjMzU5MDk3MWQ5MGNmYjU4NWEiLCJ0eXAiOiJKV1QifQ.eyJpc3MiOiJodHRwczovL2FjY291bnRzLmdvb2dsZS5jb20iLCJhenAiOiIzMjU1NTk0MDU1OS5hcHBzLmdvb2dsZXVzZXJjb250ZW50LmNvbSIsImF1ZCI6IjMyNTU1OTQwNTU5LmFwcHMuZ29vZ2xldXNlcmNvbnRlbnQuY29tIiwic3ViIjoiMTE1ODQ3Mjk4NjgyNTQ2MDY3OTk2IiwiZW1haWwiOiJuYXRhcGF0LnBpbXNAZ21haWwuY29tIiwiZW1haWxfdmVyaWZpZWQiOnRydWUsImF0X2hhc2giOiI4Z3VSLV9MS3ItQ2dMNm9uQkJxamR3IiwiaWF0IjoxNjc1NjUyMjM2LCJleHAiOjE2NzU2NTU4MzZ9.qNtH5oeSNsfwU1Wkr81l4FRhvnB64HY8FDK1Y-McFg_9gNaMRnNXBKB1-7xqhv2ao5eGjoZqzSFdBQKQvigTSuLNsy_Dtog234OaFRNX87GGKuNxHK_R__w69k9jCouRWPamqp4LdZCLeJyBTOVXxKNUlziYpyuaQobzv-jDxb1VZCAYrFgQ3hVuCTE1MsWzcwjsr2tLm4nb-inl13CRfSONw5V1OFgy5Hre3TAPtw1pliAcJRUVkI2fsl2pvRw6CPQgsn73Ry3I8NuxhTB2AtRG2fDkVXtJCNMCeSohPb_nrzGPQiWqC9GX5jQ86s7DK7qi3qj1WKvLbyLZ1UQY6g",
    "token_expiry": "2023-02-06T03:57:13Z"
  },
  "sentinels": {
    "config_sentinel": "/home/dar/.config/gcloud/config_sentinel"
  }
}
2023-02-06 09:57:14,575 INFO     ___FILE_ONLY___ 

2023-02-06 09:57:14,581 DEBUG    root            Metrics reporting process started...
