2023-02-06 12:16:53,509 DEBUG    root            Loaded Command Group: ['gcloud', 'config']
2023-02-06 12:16:53,510 DEBUG    root            Loaded Command Group: ['gcloud', 'config', 'config_helper']
2023-02-06 12:16:53,512 DEBUG    root            Running [gcloud.config.config-helper] with arguments: [--format: "json"]
2023-02-06 12:16:53,540 DEBUG    google.auth.transport.requests Making request: POST https://oauth2.googleapis.com/token
2023-02-06 12:16:53,542 DEBUG    urllib3.connectionpool Starting new HTTPS connection (1): oauth2.googleapis.com:443
2023-02-06 12:16:53,692 DEBUG    urllib3.connectionpool https://oauth2.googleapis.com:443 "POST /token HTTP/1.1" 200 None
2023-02-06 12:16:53,719 DEBUG    root            Chosen display Format:default json
2023-02-06 12:16:53,719 INFO     root            Display format: "default json"
2023-02-06 12:16:53,720 INFO     ___FILE_ONLY___ {
  "configuration": {
    "active_configuration": "default",
    "properties": {
      "compute": {
        "region": "asia-southeast1",
        "zone": "asia-southeast1-a"
      },
      "core": {
        "account": "natapat.pims@gmail.com",
        "disable_usage_reporting": "False",
        "project": "gke-app-376315"
      }
    }
  },
  "credential": {
    "access_token": "ya29.a0AVvZVsocTlVa9nDtKL-WPL-VgbuOZ6ZszhSE9YfcJ4qoSL3_h13HPvI-jNFLjkEWG1qbqNfl8itl4ezHHw9DuokIK_Q3tz9A34D2pJxuj-3a3bs5_yCaGsROP_og8kg-AJlOxc9LU02_6hw98cs784O6dKUHvPH5qR8N-AaCgYKASsSAQASFQGbdwaI37dJjf5s70wQoo6Pp0Cw6A0173",
    "id_token": "eyJhbGciOiJSUzI1NiIsImtpZCI6IjI3NDA1MmEyYjY0NDg3NDU3NjRlNzJjMzU5MDk3MWQ5MGNmYjU4NWEiLCJ0eXAiOiJKV1QifQ.eyJpc3MiOiJodHRwczovL2FjY291bnRzLmdvb2dsZS5jb20iLCJhenAiOiIzMjU1NTk0MDU1OS5hcHBzLmdvb2dsZXVzZXJjb250ZW50LmNvbSIsImF1ZCI6IjMyNTU1OTQwNTU5LmFwcHMuZ29vZ2xldXNlcmNvbnRlbnQuY29tIiwic3ViIjoiMTE1ODQ3Mjk4NjgyNTQ2MDY3OTk2IiwiZW1haWwiOiJuYXRhcGF0LnBpbXNAZ21haWwuY29tIiwiZW1haWxfdmVyaWZpZWQiOnRydWUsImF0X2hhc2giOiJiY0JPOXVvNS1lSUlFc1d1UjRucnlBIiwiaWF0IjoxNjc1NjYwNjE1LCJleHAiOjE2NzU2NjQyMTV9.ahlMUdsVUmYqll87YfaJNZK-1KGND-dbntjjkyntX7VrEYKwbOyZjhZ7OMosHrNQFJvKN_Jzb0gzXNWwU4x_w7w-C9Sx-mOMhE5SHEtZ9DEoMbe1-dbGkVy4y3s_o1PO3h467IiNZWJUc8OjhVuOTBMJ3HfkpnIBFIe8jE_oTsu2NcePtm6jJ9YD-YdYN3Rwm3gM47KAjbpN2YmxvoXBJAnVSrzNgvZrpwT62NoJw6kjb3e90RdPoDzj0irHB7yIhyyqHLHlEbY_8NclJROAmfL7VQmdO_8LvO-qRuuQV6rca7MBsXqFHdu6a7TgJyVA62225Q9XMsY5FjdjJBZK-A",
    "token_expiry": "2023-02-06T06:16:52Z"
  },
  "sentinels": {
    "config_sentinel": "/home/dar/.config/gcloud/config_sentinel"
  }
}
2023-02-06 12:16:53,720 INFO     ___FILE_ONLY___ 

2023-02-06 12:16:53,720 DEBUG    root            Checking for updates...
2023-02-06 12:16:53,722 DEBUG    urllib3.connectionpool Starting new HTTPS connection (1): dl.google.com:443
2023-02-06 12:16:53,844 DEBUG    urllib3.connectionpool https://dl.google.com:443 "GET /dl/cloudsdk/channels/rapid/components-2.json HTTP/1.1" 200 206155
2023-02-06 12:16:53,998 DEBUG    root            Metrics reporting process started...
