2023-02-06 14:52:19,407 DEBUG    root            Loaded Command Group: ['gcloud', 'config']
2023-02-06 14:52:19,408 DEBUG    root            Loaded Command Group: ['gcloud', 'config', 'config_helper']
2023-02-06 14:52:19,410 DEBUG    root            Running [gcloud.config.config-helper] with arguments: [--format: "json"]
2023-02-06 14:52:19,439 DEBUG    google.auth.transport.requests Making request: POST https://oauth2.googleapis.com/token
2023-02-06 14:52:19,441 DEBUG    urllib3.connectionpool Starting new HTTPS connection (1): oauth2.googleapis.com:443
2023-02-06 14:52:19,601 DEBUG    urllib3.connectionpool https://oauth2.googleapis.com:443 "POST /token HTTP/1.1" 200 None
2023-02-06 14:52:19,611 DEBUG    root            Chosen display Format:default json
2023-02-06 14:52:19,611 INFO     root            Display format: "default json"
2023-02-06 14:52:19,612 INFO     ___FILE_ONLY___ {
  "configuration": {
    "active_configuration": "default",
    "properties": {
      "compute": {
        "region": "asia-southeast1",
        "zone": "asia-southeast1-a"
      },
      "core": {
        "account": "natapat.pims@gmail.com",
        "disable_usage_reporting": "False",
        "project": "gke-app-376315"
      }
    }
  },
  "credential": {
    "access_token": "ya29.a0AVvZVsqsWfFVPt5DDc1jlo6dJmpVGwfBSizRucC63G2vKDw8sap44jqhKrnHA9KP4AggNGMz_wE3ee3jBWn5OyHwV_d4jrc8ykxfuNWwLEvInWdEfd1J_5n83VRGxCRNjt4I32--39ObuZv9SfIPn8TZIx5nmqcR-FpMrwaCgYKAVgSAQASFQGbdwaIqy3xzllQV0-zvxujZtOjSA0173",
    "id_token": "eyJhbGciOiJSUzI1NiIsImtpZCI6IjI3NDA1MmEyYjY0NDg3NDU3NjRlNzJjMzU5MDk3MWQ5MGNmYjU4NWEiLCJ0eXAiOiJKV1QifQ.eyJpc3MiOiJodHRwczovL2FjY291bnRzLmdvb2dsZS5jb20iLCJhenAiOiIzMjU1NTk0MDU1OS5hcHBzLmdvb2dsZXVzZXJjb250ZW50LmNvbSIsImF1ZCI6IjMyNTU1OTQwNTU5LmFwcHMuZ29vZ2xldXNlcmNvbnRlbnQuY29tIiwic3ViIjoiMTE1ODQ3Mjk4NjgyNTQ2MDY3OTk2IiwiZW1haWwiOiJuYXRhcGF0LnBpbXNAZ21haWwuY29tIiwiZW1haWxfdmVyaWZpZWQiOnRydWUsImF0X2hhc2giOiJfYXN3Z1Z4T1F6cHNVdkpDXzJtOXdBIiwiaWF0IjoxNjc1NjY5OTQxLCJleHAiOjE2NzU2NzM1NDF9.hUR5BbhsPMXYRAcQgHiHqm9U_Mp8T7dp0H2CRcBe9P7IlmsmT81AH5a6qeAmsyK1ik7C68qxHLRynWn1Ofbv5Kqh-PMqLaUS983QirXW66x25Vl6M0UFyoXMmkpSrIRZPWyHJTi4TWHPudWjlWzIW3LaQNjfzcdvJvf7PWqQPq3edGffbLMLU288gv9ocmjqbfM9TtBSaKr7VIRb7p3_rKsfIC2hkfWe_VdD3YC9R3tI93hUsFhWiuc-2rSl-NbWU4LCzF4P6rp0UOUz_goTyenHs4QRZVmyll3gtbp017yQXyJjbCxkMjTtm7leGYiToE5Cj1x660enZMXS8VktUw",
    "token_expiry": "2023-02-06T08:52:18Z"
  },
  "sentinels": {
    "config_sentinel": "/home/dar/.config/gcloud/config_sentinel"
  }
}
2023-02-06 14:52:19,612 INFO     ___FILE_ONLY___ 

2023-02-06 14:52:19,616 DEBUG    root            Metrics reporting process started...
