2023-02-06 15:53:31,753 DEBUG    root            Loaded Command Group: ['gcloud', 'config']
2023-02-06 15:53:31,755 DEBUG    root            Loaded Command Group: ['gcloud', 'config', 'config_helper']
2023-02-06 15:53:31,756 DEBUG    root            Running [gcloud.config.config-helper] with arguments: [--format: "json"]
2023-02-06 15:53:31,784 DEBUG    google.auth.transport.requests Making request: POST https://oauth2.googleapis.com/token
2023-02-06 15:53:31,786 DEBUG    urllib3.connectionpool Starting new HTTPS connection (1): oauth2.googleapis.com:443
2023-02-06 15:53:31,939 DEBUG    urllib3.connectionpool https://oauth2.googleapis.com:443 "POST /token HTTP/1.1" 200 None
2023-02-06 15:53:31,948 DEBUG    root            Chosen display Format:default json
2023-02-06 15:53:31,949 INFO     root            Display format: "default json"
2023-02-06 15:53:31,949 INFO     ___FILE_ONLY___ {
  "configuration": {
    "active_configuration": "default",
    "properties": {
      "compute": {
        "region": "asia-southeast1",
        "zone": "asia-southeast1-a"
      },
      "core": {
        "account": "natapat.pims@gmail.com",
        "disable_usage_reporting": "False",
        "project": "gke-app-376315"
      }
    }
  },
  "credential": {
    "access_token": "ya29.a0AVvZVsqL8cSfIAnZbQRnUX07pxTeZWjmWGmVISy40V2B8Zqn-9pjvhcykhb9OsK_PPCITTjCbCgddSKPrrh4NqbnuNscFFrBYA8P1yVbzFhq6UbGTy_cKPp_Dw3xcCvDPRvFCyUTiuVYh-OW6Hsh-Lf88SubLpc-WV9fHQaCgYKAZASAQASFQGbdwaIWoDYLCJ-PeNF2gLCDMhbvA0173",
    "id_token": "eyJhbGciOiJSUzI1NiIsImtpZCI6IjI3NDA1MmEyYjY0NDg3NDU3NjRlNzJjMzU5MDk3MWQ5MGNmYjU4NWEiLCJ0eXAiOiJKV1QifQ.eyJpc3MiOiJodHRwczovL2FjY291bnRzLmdvb2dsZS5jb20iLCJhenAiOiIzMjU1NTk0MDU1OS5hcHBzLmdvb2dsZXVzZXJjb250ZW50LmNvbSIsImF1ZCI6IjMyNTU1OTQwNTU5LmFwcHMuZ29vZ2xldXNlcmNvbnRlbnQuY29tIiwic3ViIjoiMTE1ODQ3Mjk4NjgyNTQ2MDY3OTk2IiwiZW1haWwiOiJuYXRhcGF0LnBpbXNAZ21haWwuY29tIiwiZW1haWxfdmVyaWZpZWQiOnRydWUsImF0X2hhc2giOiJzWVdmeUgwaVdOUlNFYkY1c1ZiR0pBIiwiaWF0IjoxNjc1NjczNjEzLCJleHAiOjE2NzU2NzcyMTN9.S8sHF0UBj1Dm0a5w9tPXOErBiAsMEf3_kFaOVkTpGqzPsPEEAAZkZlOHvdEs_EGYjeTgqQEAAo-kAMFm6kOqvhwUf3wPMxJIvUUEE4zYuMvG-6wQWd-fpZFBrsPGv9g-wliHEPJ1gq27r2CXtzsAS_6j7R90BwFUOUkH45qMO9Vf5skLa1YbxC86w9bGkzBXUH4iYPRlddGssWGmhJeo-fl4FT21hfw5Cd8dFj27NppWG7oP590dz2dk7ChKq9ocMmPwkpjAvp1Vzb9iNM4OBzgKPewB4too4h7QX0ebLVoxUWa_0b9yiWhXQDcARovbKbHZ6hK7-_mT-kLCTs3u0Q",
    "token_expiry": "2023-02-06T09:53:30Z"
  },
  "sentinels": {
    "config_sentinel": "/home/dar/.config/gcloud/config_sentinel"
  }
}
2023-02-06 15:53:31,949 INFO     ___FILE_ONLY___ 

2023-02-06 15:53:31,953 DEBUG    root            Metrics reporting process started...
