2023-02-06 16:58:24,394 DEBUG    root            Loaded Command Group: ['gcloud', 'config']
2023-02-06 16:58:24,396 DEBUG    root            Loaded Command Group: ['gcloud', 'config', 'config_helper']
2023-02-06 16:58:24,397 DEBUG    root            Running [gcloud.config.config-helper] with arguments: [--format: "json"]
2023-02-06 16:58:24,417 DEBUG    google.auth.transport.requests Making request: POST https://oauth2.googleapis.com/token
2023-02-06 16:58:24,419 DEBUG    urllib3.connectionpool Starting new HTTPS connection (1): oauth2.googleapis.com:443
2023-02-06 16:58:24,574 DEBUG    urllib3.connectionpool https://oauth2.googleapis.com:443 "POST /token HTTP/1.1" 200 None
2023-02-06 16:58:24,584 DEBUG    root            Chosen display Format:default json
2023-02-06 16:58:24,585 INFO     root            Display format: "default json"
2023-02-06 16:58:24,585 INFO     ___FILE_ONLY___ {
  "configuration": {
    "active_configuration": "default",
    "properties": {
      "compute": {
        "region": "asia-southeast1",
        "zone": "asia-southeast1-a"
      },
      "core": {
        "account": "natapat.pims@gmail.com",
        "disable_usage_reporting": "False",
        "project": "gke-app-376315"
      }
    }
  },
  "credential": {
    "access_token": "ya29.a0AVvZVsplkYaq6osmfMr-NDLoceR1VX5RVojod20i0oxcWydMRrZxrzABnU7aU64nKp22AbL2pjVecz9OqPNlA-cdiROtTox5PIIyqVzgH8Kqdki5iswdXfcZCqA4Wb_CsU0TCVhehWMNjaovSZjmYju977nNy5XDYCwN_AaCgYKAYoSAQASFQGbdwaIysrWvGctXDnUIfvPpTiWAw0173",
    "id_token": "eyJhbGciOiJSUzI1NiIsImtpZCI6IjI3NDA1MmEyYjY0NDg3NDU3NjRlNzJjMzU5MDk3MWQ5MGNmYjU4NWEiLCJ0eXAiOiJKV1QifQ.eyJpc3MiOiJodHRwczovL2FjY291bnRzLmdvb2dsZS5jb20iLCJhenAiOiIzMjU1NTk0MDU1OS5hcHBzLmdvb2dsZXVzZXJjb250ZW50LmNvbSIsImF1ZCI6IjMyNTU1OTQwNTU5LmFwcHMuZ29vZ2xldXNlcmNvbnRlbnQuY29tIiwic3ViIjoiMTE1ODQ3Mjk4NjgyNTQ2MDY3OTk2IiwiZW1haWwiOiJuYXRhcGF0LnBpbXNAZ21haWwuY29tIiwiZW1haWxfdmVyaWZpZWQiOnRydWUsImF0X2hhc2giOiJmalAza3pnVEJkc0hsaDlrcFBFT0R3IiwiaWF0IjoxNjc1Njc3NTA2LCJleHAiOjE2NzU2ODExMDZ9.VwI3EgvnwXEGdqcoV0L98kwE_JlEDJnGL3FWqIKwdkLgU-S7HR8GpFok7p2B1wq3VFZwq8N69mhxSIHcrmUsA_3e6O1N9yqurOuN4VkRyktH0yNkeIolPvnCbfkkTScmu91NaBYpG_UMJLKUsKDEfxjm7h8CKthd94UQcZ2hU2D9WEfI5X5tfpGGCaXGpdmhRPXflFhM_ze7eO9DmOaGlXNuY8wHiR4hCzfP4KaTWP9IeanBkCq0IpJdyflYeVHFrSkTZfEWXNZ8LYjzU6eOjCm9b7wnYojAn_m07iRi5vnVNNLeIpXuOOiBWXtYhWnxHaCndDhblR4eey3PhTPsmw",
    "token_expiry": "2023-02-06T10:58:23Z"
  },
  "sentinels": {
    "config_sentinel": "/home/dar/.config/gcloud/config_sentinel"
  }
}
2023-02-06 16:58:24,585 INFO     ___FILE_ONLY___ 

2023-02-06 16:58:24,591 DEBUG    root            Metrics reporting process started...
