2023-02-26 11:40:15,493 DEBUG    root            Loaded Command Group: ['gcloud', 'config']
2023-02-26 11:40:15,497 DEBUG    root            Loaded Command Group: ['gcloud', 'config', 'config_helper']
2023-02-26 11:40:15,499 DEBUG    root            Running [gcloud.config.config-helper] with arguments: [--format: "json"]
2023-02-26 11:40:15,537 DEBUG    google.auth.transport.requests Making request: POST https://oauth2.googleapis.com/token
2023-02-26 11:40:15,539 DEBUG    urllib3.connectionpool Starting new HTTPS connection (1): oauth2.googleapis.com:443
2023-02-26 11:40:15,703 DEBUG    urllib3.connectionpool https://oauth2.googleapis.com:443 "POST /token HTTP/1.1" 200 None
2023-02-26 11:40:15,712 DEBUG    urllib3.connectionpool Starting new HTTPS connection (1): www.gstatic.com:443
2023-02-26 11:40:15,832 DEBUG    urllib3.connectionpool https://www.gstatic.com:443 "GET /cloudsdk/feature_flag_config_file.yaml HTTP/1.1" 200 101
2023-02-26 11:40:15,838 DEBUG    root            Chosen display Format:default json
2023-02-26 11:40:15,838 INFO     root            Display format: "default json"
2023-02-26 11:40:15,839 INFO     ___FILE_ONLY___ {
  "configuration": {
    "active_configuration": "default",
    "properties": {
      "compute": {
        "region": "asia-southeast1",
        "zone": "asia-southeast1-a"
      },
      "core": {
        "account": "natapat.pims@gmail.com",
        "disable_usage_reporting": "False",
        "project": "gke-app-376315"
      }
    }
  },
  "credential": {
    "access_token": "ya29.a0AVvZVsrgdkCEkISt99YVZ99NiS-O3Rq_WwOQMQ_MIQ0LklBLoneDeNu6koRakDkCXOX4WyOA1lTkVdN8uavWRXweL3qABhMC_-TeEc_1Y0vrI26U-Y8rMIAWiVLPonR-Po-Bz7vL2LNzTro9j93yFWFX2F4cuDdHjcQI9xAaCgYKAZ0SAQASFQGbdwaIs1DYcIroK8yjNXnxDfLktQ0174",
    "id_token": "eyJhbGciOiJSUzI1NiIsImtpZCI6ImQyNWY4ZGJjZjk3ZGM3ZWM0MDFmMDE3MWZiNmU2YmRhOWVkOWU3OTIiLCJ0eXAiOiJKV1QifQ.eyJpc3MiOiJodHRwczovL2FjY291bnRzLmdvb2dsZS5jb20iLCJhenAiOiIzMjU1NTk0MDU1OS5hcHBzLmdvb2dsZXVzZXJjb250ZW50LmNvbSIsImF1ZCI6IjMyNTU1OTQwNTU5LmFwcHMuZ29vZ2xldXNlcmNvbnRlbnQuY29tIiwic3ViIjoiMTE1ODQ3Mjk4NjgyNTQ2MDY3OTk2IiwiZW1haWwiOiJuYXRhcGF0LnBpbXNAZ21haWwuY29tIiwiZW1haWxfdmVyaWZpZWQiOnRydWUsImF0X2hhc2giOiJBSmZVbGUxLV9vOHowMXFQUmQzdFBBIiwiaWF0IjoxNjc3Mzg2NDE3LCJleHAiOjE2NzczOTAwMTd9.oVsK8vkoPz4Tl8_8gMKk65FKsOC9pIBCPnrodLzVg8Z6dGPS0M0ts3N5HvHcVc1fbyAk6TH3EmFbek7vmH9PiNab3Q1dMCmWICv9VHNAn9WJi7KdclkTH9pPLmXj7UT2TQpUngZw92T1sMup9HYsjiaPPEVJCtLCtS5SGH1RZfvOfCEFwEIL0Nrw0PzIMYMWEb6yzkn-a9SWy043uIWW7nmgGm-ZWvshivdUJSp5xATRZGyQ2_KiBCDVX5yPrYKGQTYnopTATcTQteb-LA8J3Gqyae4YVcA42awnz_ucWDL0GjXrdlHioY-3-uH6g2xRQNc4srIFW-OAFHvMCSYQow",
    "token_expiry": "2023-02-26T05:40:14Z"
  },
  "sentinels": {
    "config_sentinel": "/home/dar/.config/gcloud/config_sentinel"
  }
}
2023-02-26 11:40:15,839 INFO     ___FILE_ONLY___ 

2023-02-26 11:40:15,844 DEBUG    root            Metrics reporting process started...
