2023-02-26 15:40:33,886 DEBUG    root            Loaded Command Group: ['gcloud', 'config']
2023-02-26 15:40:33,887 DEBUG    root            Loaded Command Group: ['gcloud', 'config', 'config_helper']
2023-02-26 15:40:33,889 DEBUG    root            Running [gcloud.config.config-helper] with arguments: [--format: "json"]
2023-02-26 15:40:33,916 DEBUG    google.auth.transport.requests Making request: POST https://oauth2.googleapis.com/token
2023-02-26 15:40:33,918 DEBUG    urllib3.connectionpool Starting new HTTPS connection (1): oauth2.googleapis.com:443
2023-02-26 15:40:34,069 DEBUG    urllib3.connectionpool https://oauth2.googleapis.com:443 "POST /token HTTP/1.1" 200 None
2023-02-26 15:40:34,082 DEBUG    urllib3.connectionpool Starting new HTTPS connection (1): www.gstatic.com:443
2023-02-26 15:40:34,199 DEBUG    urllib3.connectionpool https://www.gstatic.com:443 "GET /cloudsdk/feature_flag_config_file.yaml HTTP/1.1" 200 101
2023-02-26 15:40:34,204 DEBUG    root            Chosen display Format:default json
2023-02-26 15:40:34,204 INFO     root            Display format: "default json"
2023-02-26 15:40:34,205 INFO     ___FILE_ONLY___ {
  "configuration": {
    "active_configuration": "default",
    "properties": {
      "compute": {
        "region": "asia-southeast1",
        "zone": "asia-southeast1-a"
      },
      "core": {
        "account": "natapat.pims@gmail.com",
        "disable_usage_reporting": "False",
        "project": "gke-app-376315"
      }
    }
  },
  "credential": {
    "access_token": "ya29.a0AVvZVsoZrXCxy9H83HWkaKKNJp_0ppQMP4Lav4kpU1OcXAr-egab8reuFemsN5YYAcf4IgAsmgU1Ar8692vVhsdAEGpyQE2RpQl7yc1_ZLUOk0sNzxu3gAiXE532Xn0gwGCcb9tBBUcIS8DlnDmdoxbQ_nLH6MAlK45tbMsaCgYKAUESAQASFQGbdwaITzAHUmF-bDi3ggW9Q5z1PA0174",
    "id_token": "eyJhbGciOiJSUzI1NiIsImtpZCI6ImQyNWY4ZGJjZjk3ZGM3ZWM0MDFmMDE3MWZiNmU2YmRhOWVkOWU3OTIiLCJ0eXAiOiJKV1QifQ.eyJpc3MiOiJodHRwczovL2FjY291bnRzLmdvb2dsZS5jb20iLCJhenAiOiIzMjU1NTk0MDU1OS5hcHBzLmdvb2dsZXVzZXJjb250ZW50LmNvbSIsImF1ZCI6IjMyNTU1OTQwNTU5LmFwcHMuZ29vZ2xldXNlcmNvbnRlbnQuY29tIiwic3ViIjoiMTE1ODQ3Mjk4NjgyNTQ2MDY3OTk2IiwiZW1haWwiOiJuYXRhcGF0LnBpbXNAZ21haWwuY29tIiwiZW1haWxfdmVyaWZpZWQiOnRydWUsImF0X2hhc2giOiI2c0FvclR0SGJHUW9YT3BWUWM4bmh3IiwiaWF0IjoxNjc3NDAwODM1LCJleHAiOjE2Nzc0MDQ0MzV9.Sf8MmBLC3BkqJeYU74YwSsKaG5R23SRWsBdFlZz92YV8928IPK04GfqPdONuR2DmGfWZ_4ejTCJv-nKR8ZzVgGp114_AihNBboMizqoXbA60ZWWz4YAiPs0bJw336skvC53KoUQmHuGBPBfK_6EkWSWF6TTYcT3aKJ1o6hmcJcSXBPyVesj0-E-u8MYfl5OkZ9LTT7d9ilaZqodbL9zfeKkcu_8-MvUxvJlVROyn5Rn4IT8fM1G9obWzvtz4MfiRYQznfQwkahjuKtXv1MCXHz5iRCWcImLRymdvVhzgdUcrEzdPxI6Ldtzug-0bDSYUsJbdeivpCCF0S6Fywy1S5Q",
    "token_expiry": "2023-02-26T09:40:33Z"
  },
  "sentinels": {
    "config_sentinel": "/home/dar/.config/gcloud/config_sentinel"
  }
}
2023-02-26 15:40:34,205 INFO     ___FILE_ONLY___ 

2023-02-26 15:40:34,208 DEBUG    root            Metrics reporting process started...
