2023-02-26 16:40:35,761 DEBUG    root            Loaded Command Group: ['gcloud', 'config']
2023-02-26 16:40:35,763 DEBUG    root            Loaded Command Group: ['gcloud', 'config', 'config_helper']
2023-02-26 16:40:35,764 DEBUG    root            Running [gcloud.config.config-helper] with arguments: [--format: "json"]
2023-02-26 16:40:35,784 DEBUG    google.auth.transport.requests Making request: POST https://oauth2.googleapis.com/token
2023-02-26 16:40:35,785 DEBUG    urllib3.connectionpool Starting new HTTPS connection (1): oauth2.googleapis.com:443
2023-02-26 16:40:35,937 DEBUG    urllib3.connectionpool https://oauth2.googleapis.com:443 "POST /token HTTP/1.1" 200 None
2023-02-26 16:40:35,946 DEBUG    urllib3.connectionpool Starting new HTTPS connection (1): www.gstatic.com:443
2023-02-26 16:40:36,064 DEBUG    urllib3.connectionpool https://www.gstatic.com:443 "GET /cloudsdk/feature_flag_config_file.yaml HTTP/1.1" 200 101
2023-02-26 16:40:36,069 DEBUG    root            Chosen display Format:default json
2023-02-26 16:40:36,069 INFO     root            Display format: "default json"
2023-02-26 16:40:36,070 INFO     ___FILE_ONLY___ {
  "configuration": {
    "active_configuration": "default",
    "properties": {
      "compute": {
        "region": "asia-southeast1",
        "zone": "asia-southeast1-a"
      },
      "core": {
        "account": "natapat.pims@gmail.com",
        "disable_usage_reporting": "False",
        "project": "gke-app-376315"
      }
    }
  },
  "credential": {
    "access_token": "ya29.a0AVvZVsoMx3e0StW3aYnDEILs7JHv2mOv3bucdHdv9wCIkn7GOnAaPIzsLUX5HQn0__-UwG8g4p9eb8jZTb1YKTPnQu0Xqyvw3CBA6COqU5arpFfT81umUtq52PJijSVk8HB4p9v402c-l88TXh-ApddLLERufWFWuxoOiY8aCgYKAZoSARASFQGbdwaISeQeZ1rIcRrdxaq6WXSo0w0174",
    "id_token": "eyJhbGciOiJSUzI1NiIsImtpZCI6ImQyNWY4ZGJjZjk3ZGM3ZWM0MDFmMDE3MWZiNmU2YmRhOWVkOWU3OTIiLCJ0eXAiOiJKV1QifQ.eyJpc3MiOiJodHRwczovL2FjY291bnRzLmdvb2dsZS5jb20iLCJhenAiOiIzMjU1NTk0MDU1OS5hcHBzLmdvb2dsZXVzZXJjb250ZW50LmNvbSIsImF1ZCI6IjMyNTU1OTQwNTU5LmFwcHMuZ29vZ2xldXNlcmNvbnRlbnQuY29tIiwic3ViIjoiMTE1ODQ3Mjk4NjgyNTQ2MDY3OTk2IiwiZW1haWwiOiJuYXRhcGF0LnBpbXNAZ21haWwuY29tIiwiZW1haWxfdmVyaWZpZWQiOnRydWUsImF0X2hhc2giOiJVeFRVU0JsRE1Vb0pzR0dpQWV6NEJRIiwiaWF0IjoxNjc3NDA0NDM3LCJleHAiOjE2Nzc0MDgwMzd9.dW2IJEQk2zHdMF8HNw1vAxrZ6qsYPHl9qFMTyCg977tWLXOjlGLKRcAA_hjwfum-VTrnHKgfYAgHNYWWYICBDLkMvvv5-Inh1dMjWltxfEaAPKP2OZkapgUCNH_f8MD3nHnC2HWFXn75cAJ7KA0pbHq4fJH_e2xvAxRSFklBu0QXsDmRi3SKnaGL4Wb95-Tpxc5KsL83NzaGtDnOg9CDBjXH1eymgYPl3UKm32pDGxRpHBdsV8--N8KqGInjnQb8Mz57BL7X1U4PJIKiJaOg-MvubbvY49-bq2TvtkBS4s8goPoVuacQ_t19v_DcNuNLvNSC0chpwQf25TnqReUHCA",
    "token_expiry": "2023-02-26T10:40:34Z"
  },
  "sentinels": {
    "config_sentinel": "/home/dar/.config/gcloud/config_sentinel"
  }
}
2023-02-26 16:40:36,070 INFO     ___FILE_ONLY___ 

2023-02-26 16:40:36,073 DEBUG    root            Metrics reporting process started...
