2023-02-26 18:40:50,159 DEBUG    root            Loaded Command Group: ['gcloud', 'config']
2023-02-26 18:40:50,161 DEBUG    root            Loaded Command Group: ['gcloud', 'config', 'config_helper']
2023-02-26 18:40:50,163 DEBUG    root            Running [gcloud.config.config-helper] with arguments: [--format: "json"]
2023-02-26 18:40:50,185 DEBUG    google.auth.transport.requests Making request: POST https://oauth2.googleapis.com/token
2023-02-26 18:40:50,186 DEBUG    urllib3.connectionpool Starting new HTTPS connection (1): oauth2.googleapis.com:443
2023-02-26 18:40:50,337 DEBUG    urllib3.connectionpool https://oauth2.googleapis.com:443 "POST /token HTTP/1.1" 200 None
2023-02-26 18:40:50,364 DEBUG    urllib3.connectionpool Starting new HTTPS connection (1): www.gstatic.com:443
2023-02-26 18:40:50,485 DEBUG    urllib3.connectionpool https://www.gstatic.com:443 "GET /cloudsdk/feature_flag_config_file.yaml HTTP/1.1" 200 101
2023-02-26 18:40:50,490 DEBUG    root            Chosen display Format:default json
2023-02-26 18:40:50,491 INFO     root            Display format: "default json"
2023-02-26 18:40:50,491 INFO     ___FILE_ONLY___ {
  "configuration": {
    "active_configuration": "default",
    "properties": {
      "compute": {
        "region": "asia-southeast1",
        "zone": "asia-southeast1-a"
      },
      "core": {
        "account": "natapat.pims@gmail.com",
        "disable_usage_reporting": "False",
        "project": "gke-app-376315"
      }
    }
  },
  "credential": {
    "access_token": "ya29.a0AVvZVspYHm5xaaRLmEL9gxAjf8uGwADUdY2Nc2lJD2u-VPsBKHqUhdB2IK9hbRiI1KTOc4UGgZRzd5u4IAdKq9SVO-o9tVi2B3L8mbVT3inRjgAOlT6buqE5rLGpxVPJsZy4CJhaPa1Nq101SHz_w1ijMOb6ZG-7LIRw6TwaCgYKAfASAQASFQGbdwaIvJxZY3qnGGH3FKjErC7k7A0174",
    "id_token": "eyJhbGciOiJSUzI1NiIsImtpZCI6ImQyNWY4ZGJjZjk3ZGM3ZWM0MDFmMDE3MWZiNmU2YmRhOWVkOWU3OTIiLCJ0eXAiOiJKV1QifQ.eyJpc3MiOiJodHRwczovL2FjY291bnRzLmdvb2dsZS5jb20iLCJhenAiOiIzMjU1NTk0MDU1OS5hcHBzLmdvb2dsZXVzZXJjb250ZW50LmNvbSIsImF1ZCI6IjMyNTU1OTQwNTU5LmFwcHMuZ29vZ2xldXNlcmNvbnRlbnQuY29tIiwic3ViIjoiMTE1ODQ3Mjk4NjgyNTQ2MDY3OTk2IiwiZW1haWwiOiJuYXRhcGF0LnBpbXNAZ21haWwuY29tIiwiZW1haWxfdmVyaWZpZWQiOnRydWUsImF0X2hhc2giOiJXa3dmMTl4ZndZMFh5VDlPMkJuM3Z3IiwiaWF0IjoxNjc3NDExNjUxLCJleHAiOjE2Nzc0MTUyNTF9.nf2GAKmSUyZdJMVH9x-aDgqzqSjLszOWEqnLq8S-8HKfbpIOWYo0hSmnOfcRI8nAxnGVYTHlJbpt34k239kYR1K2NVZsDFBnEsDpUaZtz3TL9eCjVU8HGJbTc1F09NXaXmhmjiZvZixnYv5dP4bD1SQq7DMsi2URhyFq53YAQTIA1ULcm5NyPoRUuRojHdXQ30oH4RrV-nhkqVn2MTIXwVeF7qPNujhuPlYZkf5HFQ16uNKpzjduJJ_F4un1gaeMiF94xgghgGD2awSCB5d1CNJjOeo4rycBQSPhwGbfSiXmovdzgu2bQYT6_BRf66Z3VWGLTYPg6lOurGjzo67Zrw",
    "token_expiry": "2023-02-26T12:40:49Z"
  },
  "sentinels": {
    "config_sentinel": "/home/dar/.config/gcloud/config_sentinel"
  }
}
2023-02-26 18:40:50,491 INFO     ___FILE_ONLY___ 

2023-02-26 18:40:50,494 DEBUG    root            Metrics reporting process started...
