2023-02-26 22:41:14,618 DEBUG    root            Loaded Command Group: ['gcloud', 'config']
2023-02-26 22:41:14,619 DEBUG    root            Loaded Command Group: ['gcloud', 'config', 'config_helper']
2023-02-26 22:41:14,621 DEBUG    root            Running [gcloud.config.config-helper] with arguments: [--format: "json"]
2023-02-26 22:41:14,678 DEBUG    google.auth.transport.requests Making request: POST https://oauth2.googleapis.com/token
2023-02-26 22:41:14,680 DEBUG    urllib3.connectionpool Starting new HTTPS connection (1): oauth2.googleapis.com:443
2023-02-26 22:41:14,854 DEBUG    urllib3.connectionpool https://oauth2.googleapis.com:443 "POST /token HTTP/1.1" 200 None
2023-02-26 22:41:14,864 DEBUG    urllib3.connectionpool Starting new HTTPS connection (1): www.gstatic.com:443
2023-02-26 22:41:15,003 DEBUG    urllib3.connectionpool https://www.gstatic.com:443 "GET /cloudsdk/feature_flag_config_file.yaml HTTP/1.1" 200 101
2023-02-26 22:41:15,008 DEBUG    root            Chosen display Format:default json
2023-02-26 22:41:15,008 INFO     root            Display format: "default json"
2023-02-26 22:41:15,009 INFO     ___FILE_ONLY___ {
  "configuration": {
    "active_configuration": "default",
    "properties": {
      "compute": {
        "region": "asia-southeast1",
        "zone": "asia-southeast1-a"
      },
      "core": {
        "account": "natapat.pims@gmail.com",
        "disable_usage_reporting": "False",
        "project": "gke-app-376315"
      }
    }
  },
  "credential": {
    "access_token": "ya29.a0AVvZVsosf1I4nC9qAOuN3S8NfjhOrp-2ynAAbg17oiOw37YBVJmG0b4taQ7TPYs4P2ueeJPWUBPF6UXsQiY7ZIgsg8YkiOZepFr2mUbH9NdI3EwvHEpO8-jqH03K3yGkCqWiEGizWsAWkqdavyZeIwqqxTUkzi-6HAjYSoAaCgYKAegSARASFQGbdwaIU89WNbNtoe0vGhAsc2WC1A0174",
    "id_token": "eyJhbGciOiJSUzI1NiIsImtpZCI6ImQyNWY4ZGJjZjk3ZGM3ZWM0MDFmMDE3MWZiNmU2YmRhOWVkOWU3OTIiLCJ0eXAiOiJKV1QifQ.eyJpc3MiOiJodHRwczovL2FjY291bnRzLmdvb2dsZS5jb20iLCJhenAiOiIzMjU1NTk0MDU1OS5hcHBzLmdvb2dsZXVzZXJjb250ZW50LmNvbSIsImF1ZCI6IjMyNTU1OTQwNTU5LmFwcHMuZ29vZ2xldXNlcmNvbnRlbnQuY29tIiwic3ViIjoiMTE1ODQ3Mjk4NjgyNTQ2MDY3OTk2IiwiZW1haWwiOiJuYXRhcGF0LnBpbXNAZ21haWwuY29tIiwiZW1haWxfdmVyaWZpZWQiOnRydWUsImF0X2hhc2giOiJTUHlDY0hOWUlkT0lTaVVwT05FcEhRIiwiaWF0IjoxNjc3NDI2MDc2LCJleHAiOjE2Nzc0Mjk2NzZ9.f1kY2LJf2AHiq974jxjsncxsd8xNO65NryeiRgydJD1-D9GsyhkqMAA4JKKVD8BRd_FWRpQWjRM6CDd12vdw6ZUG1uRaBycmuaPsLqpx7dSw4DdMQdUxF1UlprwQrqJnCjH4F6CtmHhKavh6IrI6QqzOElljpZfoceCamLTwfq0e_zGjf5eSGKZxQ8R-Wc8I1PV_6A-rjFVrmxC3QVp6aApQG70OgmDr2cApC-pP2wiuFXsNgF-BR62sBZJ1hBInhUNnboGAWf1qwf0oRD8qsXI076Uucjgr_BPnolZIKDrdfUUwnfz2aaknyKKB5NTD0INSNPYmyX7Qp9HEVk_jMg",
    "token_expiry": "2023-02-26T16:41:13Z"
  },
  "sentinels": {
    "config_sentinel": "/home/dar/.config/gcloud/config_sentinel"
  }
}
2023-02-26 22:41:15,009 INFO     ___FILE_ONLY___ 

2023-02-26 22:41:15,012 DEBUG    root            Metrics reporting process started...
