2023-02-26 23:41:22,722 DEBUG    root            Loaded Command Group: ['gcloud', 'config']
2023-02-26 23:41:22,723 DEBUG    root            Loaded Command Group: ['gcloud', 'config', 'config_helper']
2023-02-26 23:41:22,725 DEBUG    root            Running [gcloud.config.config-helper] with arguments: [--format: "json"]
2023-02-26 23:41:22,752 DEBUG    google.auth.transport.requests Making request: POST https://oauth2.googleapis.com/token
2023-02-26 23:41:22,754 DEBUG    urllib3.connectionpool Starting new HTTPS connection (1): oauth2.googleapis.com:443
2023-02-26 23:41:22,903 DEBUG    urllib3.connectionpool https://oauth2.googleapis.com:443 "POST /token HTTP/1.1" 200 None
2023-02-26 23:41:22,925 DEBUG    urllib3.connectionpool Starting new HTTPS connection (1): www.gstatic.com:443
2023-02-26 23:41:23,038 DEBUG    urllib3.connectionpool https://www.gstatic.com:443 "GET /cloudsdk/feature_flag_config_file.yaml HTTP/1.1" 200 101
2023-02-26 23:41:23,044 DEBUG    root            Chosen display Format:default json
2023-02-26 23:41:23,044 INFO     root            Display format: "default json"
2023-02-26 23:41:23,044 INFO     ___FILE_ONLY___ {
  "configuration": {
    "active_configuration": "default",
    "properties": {
      "compute": {
        "region": "asia-southeast1",
        "zone": "asia-southeast1-a"
      },
      "core": {
        "account": "natapat.pims@gmail.com",
        "disable_usage_reporting": "False",
        "project": "gke-app-376315"
      }
    }
  },
  "credential": {
    "access_token": "ya29.a0AVvZVsrqVJIzpkqsCDovMv7FrASDYfN5vzklt9lp1TQmBTpRxeyCAObvefmbA2CTR3AKPQoIxIraRI0cLLJXlsXr8u1K3-2p97EjTnvgiNzkQkhweIP378qHyt_O36gah0luxaBLN_PWjqlu6Y7NBPnX3AmEcE7vj1RGxJAaCgYKAdcSAQASFQGbdwaIrSZ8yL57-gr50BbzeI_TPA0174",
    "id_token": "eyJhbGciOiJSUzI1NiIsImtpZCI6ImQyNWY4ZGJjZjk3ZGM3ZWM0MDFmMDE3MWZiNmU2YmRhOWVkOWU3OTIiLCJ0eXAiOiJKV1QifQ.eyJpc3MiOiJodHRwczovL2FjY291bnRzLmdvb2dsZS5jb20iLCJhenAiOiIzMjU1NTk0MDU1OS5hcHBzLmdvb2dsZXVzZXJjb250ZW50LmNvbSIsImF1ZCI6IjMyNTU1OTQwNTU5LmFwcHMuZ29vZ2xldXNlcmNvbnRlbnQuY29tIiwic3ViIjoiMTE1ODQ3Mjk4NjgyNTQ2MDY3OTk2IiwiZW1haWwiOiJuYXRhcGF0LnBpbXNAZ21haWwuY29tIiwiZW1haWxfdmVyaWZpZWQiOnRydWUsImF0X2hhc2giOiJhQ09BcjVRdm9UN2NBLTU4bjZQWWJRIiwiaWF0IjoxNjc3NDI5NjgyLCJleHAiOjE2Nzc0MzMyODJ9.R_FUfcU6IFOjraouxu_h8Lsc8u_1yC14G8o-PoIEOPAwTXB5YSPnNXk0mPY3FKJDufsDVKoF16-bsex5gbDAKG9hAP5mCB8eyK9WiPibnqdX5wmufXlEqRYtDYQnT1btkSXSnwJ3rsREELm-_hP-FfXoOIWG0SUqXEgZWEIAqH-gRtU1IYEKvhhXNDFGkIx9c7Rl_i0d-zM6guktovyL2CwChPPRQwvoTQWK3y5B2jwHdppi4LC_w3MH_rexDWa_w0dd3vl_uvHK5zsaHxksog2xtx6m_YBVSmu6smTvdhjL5mgDF34Li-86r98uTJevFR-4fbkwUre17wi1eYvutA",
    "token_expiry": "2023-02-26T17:41:21Z"
  },
  "sentinels": {
    "config_sentinel": "/home/dar/.config/gcloud/config_sentinel"
  }
}
2023-02-26 23:41:23,044 INFO     ___FILE_ONLY___ 

2023-02-26 23:41:23,047 DEBUG    root            Metrics reporting process started...
