2023-02-10 16:59:44,472 DEBUG    root            Loaded Command Group: ['gcloud', 'config']
2023-02-10 16:59:44,475 DEBUG    root            Loaded Command Group: ['gcloud', 'config', 'config_helper']
2023-02-10 16:59:44,477 DEBUG    root            Running [gcloud.config.config-helper] with arguments: [--format: "json"]
2023-02-10 16:59:50,594 DEBUG    google.auth.transport.requests Making request: POST https://oauth2.googleapis.com/token
2023-02-10 16:59:50,597 DEBUG    urllib3.connectionpool Starting new HTTPS connection (1): oauth2.googleapis.com:443
2023-02-10 16:59:50,818 DEBUG    urllib3.connectionpool https://oauth2.googleapis.com:443 "POST /token HTTP/1.1" 200 None
2023-02-10 16:59:50,827 DEBUG    root            Chosen display Format:default json
2023-02-10 16:59:50,827 INFO     root            Display format: "default json"
2023-02-10 16:59:50,827 INFO     ___FILE_ONLY___ {
  "configuration": {
    "active_configuration": "default",
    "properties": {
      "compute": {
        "region": "asia-southeast1",
        "zone": "asia-southeast1-a"
      },
      "core": {
        "account": "natapat.pims@gmail.com",
        "disable_usage_reporting": "False",
        "project": "gke-app-376315"
      }
    }
  },
  "credential": {
    "access_token": "ya29.a0AVvZVspxyKQ9ngLCZfayL9X5_xdWVNRFpiZ3i2FEFO02OGxqB1srpq2fOXizZfMSMDRbZR1V0tDIL04DITMD9FYqoUNYERw6e35kETKHtvLBlRTYLknz4n0Tnro1Gm_6CBWDdSVjKZ8SrYzf7l6i1Uf8IiU3Skzm3EQ4jAaCgYKAdsSAQASFQGbdwaI0nynb3xH5sDUqdmsLc7avQ0173",
    "id_token": "eyJhbGciOiJSUzI1NiIsImtpZCI6ImI0OWM1MDYyZDg5MGY1Y2U0NDllODkwYzg4ZThkZDk4YzRmZWUwYWIiLCJ0eXAiOiJKV1QifQ.eyJpc3MiOiJodHRwczovL2FjY291bnRzLmdvb2dsZS5jb20iLCJhenAiOiIzMjU1NTk0MDU1OS5hcHBzLmdvb2dsZXVzZXJjb250ZW50LmNvbSIsImF1ZCI6IjMyNTU1OTQwNTU5LmFwcHMuZ29vZ2xldXNlcmNvbnRlbnQuY29tIiwic3ViIjoiMTE1ODQ3Mjk4NjgyNTQ2MDY3OTk2IiwiZW1haWwiOiJuYXRhcGF0LnBpbXNAZ21haWwuY29tIiwiZW1haWxfdmVyaWZpZWQiOnRydWUsImF0X2hhc2giOiJvVC1EcU1TelctbklmNUJ5aWFtRDhRIiwiaWF0IjoxNjc2MDIzMTkyLCJleHAiOjE2NzYwMjY3OTJ9.FfJ7M6XGKc0v68ZCMn4Uf2rj5s87qc-cUsgycIPjUTJ3hPHOgLqsckuKdvlK42j4SItqANEQTQwO3kJf_CpF12tD07bU3BxccyJf0bCDypg6EOsLSSIfmGGcz-gAouJxAkIcshA3W9V1qk5tcDmahz9546NxoInojL6StCH__cLrJ_mINvclCaES5BelmQgw-r22VTeajxKbiBENXHvX8BYfMKWIJroLXcdoEZ8AdijPuDEHA2XMSiB6BtBTlpfXnzLzD2C7vkWQgGVdvrw-bX4GY0xuoljEjkJk1a1lpPLHNpNl7g007B0c-TgEAhUTQEDdC3BdLRTQIHpeYdHMHw",
    "token_expiry": "2023-02-10T10:59:49Z"
  },
  "sentinels": {
    "config_sentinel": "/home/dar/.config/gcloud/config_sentinel"
  }
}
2023-02-10 16:59:50,827 INFO     ___FILE_ONLY___ 

2023-02-10 16:59:50,828 DEBUG    root            Checking for updates...
2023-02-10 16:59:50,830 DEBUG    urllib3.connectionpool Starting new HTTPS connection (1): dl.google.com:443
2023-02-10 16:59:51,053 DEBUG    urllib3.connectionpool https://dl.google.com:443 "GET /dl/cloudsdk/channels/rapid/components-2.json HTTP/1.1" 200 206155
2023-02-10 16:59:51,186 DEBUG    root            Metrics reporting process started...
