2023-02-23 00:10:00,566 DEBUG    root            Loaded Command Group: ['gcloud', 'config']
2023-02-23 00:10:00,567 DEBUG    root            Loaded Command Group: ['gcloud', 'config', 'config_helper']
2023-02-23 00:10:00,569 DEBUG    root            Running [gcloud.config.config-helper] with arguments: [--format: "json"]
2023-02-23 00:10:00,596 DEBUG    google.auth.transport.requests Making request: POST https://oauth2.googleapis.com/token
2023-02-23 00:10:00,597 DEBUG    urllib3.connectionpool Starting new HTTPS connection (1): oauth2.googleapis.com:443
2023-02-23 00:10:00,740 DEBUG    urllib3.connectionpool https://oauth2.googleapis.com:443 "POST /token HTTP/1.1" 200 None
2023-02-23 00:10:00,750 DEBUG    root            Chosen display Format:default json
2023-02-23 00:10:00,750 INFO     root            Display format: "default json"
2023-02-23 00:10:00,751 INFO     ___FILE_ONLY___ {
  "configuration": {
    "active_configuration": "default",
    "properties": {
      "compute": {
        "region": "asia-southeast1",
        "zone": "asia-southeast1-a"
      },
      "core": {
        "account": "natapat.pims@gmail.com",
        "disable_usage_reporting": "False",
        "project": "gke-app-376315"
      }
    }
  },
  "credential": {
    "access_token": "ya29.a0AVvZVsrWvt5Nrwe1k9BQR70G6UJBKUSZEkUFfsuRuJr3t49MHoYie1XJgMX0jgM45HF4tqQpbfNlKuuO2mNfhU_a7gxsfdy0Xuj_CAZ3t3D0Iuh7QrKLrd3ROui3PHrzWRLcDXQbKPmOLaZ4vLP8PUYFXIrwKsCcStm7DAaCgYKAcESAQASFQGbdwaIJcO4A4RTxf1Xw3083rSH4w0173",
    "id_token": "eyJhbGciOiJSUzI1NiIsImtpZCI6IjU5NjJlN2EwNTljN2Y1YzBjMGQ1NmNiYWQ1MWZlNjRjZWVjYTY3YzYiLCJ0eXAiOiJKV1QifQ.eyJpc3MiOiJodHRwczovL2FjY291bnRzLmdvb2dsZS5jb20iLCJhenAiOiIzMjU1NTk0MDU1OS5hcHBzLmdvb2dsZXVzZXJjb250ZW50LmNvbSIsImF1ZCI6IjMyNTU1OTQwNTU5LmFwcHMuZ29vZ2xldXNlcmNvbnRlbnQuY29tIiwic3ViIjoiMTE1ODQ3Mjk4NjgyNTQ2MDY3OTk2IiwiZW1haWwiOiJuYXRhcGF0LnBpbXNAZ21haWwuY29tIiwiZW1haWxfdmVyaWZpZWQiOnRydWUsImF0X2hhc2giOiJTT19SanJvYzd5S01PV2xPMFU1Qnd3IiwiaWF0IjoxNjc3MDg1ODAxLCJleHAiOjE2NzcwODk0MDF9.kEPZr_u54ejMbCJJMGlqaLM_L_hWtY7Yd8NpCeXLa16K-g_5mE4YMcW9Csz46EbQccNnfOnSuHQld-hoOVooo70GGKodb97t0tUxUwhKBBnCv4ke1eFZ6WtecAdBXLi1C75TJxP9Oz3fd1v0DlZ7NcVSh7h2PcJ4XLUAG-v2LLB-KOOjZH2MWf8H92hkoDjBlfBRdenrdTeLP7Vptc-tyV2oqgmfCDjBpid9kZrYvp84GokSfJiHWGKMasm7I0fY7Vw2V0vlEs5STgJSpHMsUTtLVhTYQ0GyPaKwfa6mkMzafAJUxeC2f4osNnM_kzFUXEQdf7qYANQnLrBKioNo_w",
    "token_expiry": "2023-02-22T18:09:59Z"
  },
  "sentinels": {
    "config_sentinel": "/home/dar/.config/gcloud/config_sentinel"
  }
}
2023-02-23 00:10:00,751 INFO     ___FILE_ONLY___ 

2023-02-23 00:10:00,755 DEBUG    root            Metrics reporting process started...
