2023-02-23 21:37:09,505 DEBUG    root            Loaded Command Group: ['gcloud', 'config']
2023-02-23 21:37:09,508 DEBUG    root            Loaded Command Group: ['gcloud', 'config', 'config_helper']
2023-02-23 21:37:09,510 DEBUG    root            Running [gcloud.config.config-helper] with arguments: [--format: "json"]
2023-02-23 21:37:09,629 DEBUG    google.auth.transport.requests Making request: POST https://oauth2.googleapis.com/token
2023-02-23 21:37:09,630 DEBUG    urllib3.connectionpool Starting new HTTPS connection (1): oauth2.googleapis.com:443
2023-02-23 21:37:09,794 DEBUG    urllib3.connectionpool https://oauth2.googleapis.com:443 "POST /token HTTP/1.1" 200 None
2023-02-23 21:37:09,804 DEBUG    root            Chosen display Format:default json
2023-02-23 21:37:09,805 INFO     root            Display format: "default json"
2023-02-23 21:37:09,805 INFO     ___FILE_ONLY___ {
  "configuration": {
    "active_configuration": "default",
    "properties": {
      "compute": {
        "region": "asia-southeast1",
        "zone": "asia-southeast1-a"
      },
      "core": {
        "account": "natapat.pims@gmail.com",
        "disable_usage_reporting": "False",
        "project": "gke-app-376315"
      }
    }
  },
  "credential": {
    "access_token": "ya29.a0AVvZVsqN46xzIq8MbXkxsJ3vHYTtNaCkZBqkSWRMqAbPXsA7pJPCUZEeljoLk1IhSopVzQhD6NRzDwi29cO7eqY7CuHxWRjWeYu-gd2g2lVayW2yf-d860-JukX_N6G6rObfEcT7jP6xkrSvd09Dabl7lz35W0RoMT-T0gaCgYKAbcSAQASFQGbdwaIgbYnMS_Rihgu3moo0uS3iw0173",
    "id_token": "eyJhbGciOiJSUzI1NiIsImtpZCI6IjU5NjJlN2EwNTljN2Y1YzBjMGQ1NmNiYWQ1MWZlNjRjZWVjYTY3YzYiLCJ0eXAiOiJKV1QifQ.eyJpc3MiOiJodHRwczovL2FjY291bnRzLmdvb2dsZS5jb20iLCJhenAiOiIzMjU1NTk0MDU1OS5hcHBzLmdvb2dsZXVzZXJjb250ZW50LmNvbSIsImF1ZCI6IjMyNTU1OTQwNTU5LmFwcHMuZ29vZ2xldXNlcmNvbnRlbnQuY29tIiwic3ViIjoiMTE1ODQ3Mjk4NjgyNTQ2MDY3OTk2IiwiZW1haWwiOiJuYXRhcGF0LnBpbXNAZ21haWwuY29tIiwiZW1haWxfdmVyaWZpZWQiOnRydWUsImF0X2hhc2giOiJ6M1Y0RUx3Z2J3aFFZdHBGNlJwYy1RIiwiaWF0IjoxNjc3MTYzMDMwLCJleHAiOjE2NzcxNjY2MzB9.Psz1ECy4bVjkt2vglwG_H6seDB6Bolims_FGD4D8i3UDMpqhpKhCGcgx8fMM6YJv1MciJ9h6t6GM-ELtcPcy8iU-2CsLl0yZLy5SqPOrJ_z3Og5347g1vRvtkDTmq6v4YEfP0W2adqLY7tD-lA7f6jH-zMgiGyGN0B01FAckmULsJM5y3sz3kMyhtWaMawOE92JU2EWQ0NxSzR3_X9ZxAytv7Lq1Dc1WZYJHpIhspQQsUdXtgxKUntTAWTK7P5xS6Dt-zcB-Y501S4cSJqItCNGjH401u8JoagN7I6yaXHamXcT5AvhAUAKAB3P29Wo3I465Y5jB5xQOkg4mN9_usw",
    "token_expiry": "2023-02-23T15:37:08Z"
  },
  "sentinels": {
    "config_sentinel": "/home/dar/.config/gcloud/config_sentinel"
  }
}
2023-02-23 21:37:09,805 INFO     ___FILE_ONLY___ 

2023-02-23 21:37:09,806 DEBUG    root            Checking for updates...
2023-02-23 21:37:09,808 DEBUG    urllib3.connectionpool Starting new HTTPS connection (1): dl.google.com:443
2023-02-23 21:37:09,945 DEBUG    urllib3.connectionpool https://dl.google.com:443 "GET /dl/cloudsdk/channels/rapid/components-2.json HTTP/1.1" 200 206156
2023-02-23 21:37:10,094 DEBUG    root            Updating notification cache...
2023-02-23 21:37:10,094 DEBUG    root            Activating notification: [default]
2023-02-23 21:37:10,100 DEBUG    root            Metrics reporting process started...
