2023-02-07 00:02:11,387 DEBUG    root            Loaded Command Group: ['gcloud', 'config']
2023-02-07 00:02:11,389 DEBUG    root            Loaded Command Group: ['gcloud', 'config', 'config_helper']
2023-02-07 00:02:11,390 DEBUG    root            Running [gcloud.config.config-helper] with arguments: [--format: "json"]
2023-02-07 00:02:11,412 DEBUG    google.auth.transport.requests Making request: POST https://oauth2.googleapis.com/token
2023-02-07 00:02:11,422 DEBUG    urllib3.connectionpool Starting new HTTPS connection (1): oauth2.googleapis.com:443
2023-02-07 00:02:11,571 DEBUG    urllib3.connectionpool https://oauth2.googleapis.com:443 "POST /token HTTP/1.1" 200 None
2023-02-07 00:02:11,580 DEBUG    root            Chosen display Format:default json
2023-02-07 00:02:11,581 INFO     root            Display format: "default json"
2023-02-07 00:02:11,581 INFO     ___FILE_ONLY___ {
  "configuration": {
    "active_configuration": "default",
    "properties": {
      "compute": {
        "region": "asia-southeast1",
        "zone": "asia-southeast1-a"
      },
      "core": {
        "account": "natapat.pims@gmail.com",
        "disable_usage_reporting": "False",
        "project": "gke-app-376315"
      }
    }
  },
  "credential": {
    "access_token": "ya29.a0AVvZVso29gnjftenORkbjuPVuwiSei6K2zzBQScWgKeLZU2yQy-IDeIfgi6NqwCywlzDymHe_tfl2lrTLVXpxa6rDMV68tf_KrZj-tpHAzr3CkLHS6tVX0O__PHJyTq45C_014lPcFz1KaGdROcJ96Dt8Cqg_I5lEAvRlAaCgYKATQSAQASFQGbdwaIjWlXlAzsSL4LeSSC-oDTug0173",
    "id_token": "eyJhbGciOiJSUzI1NiIsImtpZCI6IjI3NDA1MmEyYjY0NDg3NDU3NjRlNzJjMzU5MDk3MWQ5MGNmYjU4NWEiLCJ0eXAiOiJKV1QifQ.eyJpc3MiOiJodHRwczovL2FjY291bnRzLmdvb2dsZS5jb20iLCJhenAiOiIzMjU1NTk0MDU1OS5hcHBzLmdvb2dsZXVzZXJjb250ZW50LmNvbSIsImF1ZCI6IjMyNTU1OTQwNTU5LmFwcHMuZ29vZ2xldXNlcmNvbnRlbnQuY29tIiwic3ViIjoiMTE1ODQ3Mjk4NjgyNTQ2MDY3OTk2IiwiZW1haWwiOiJuYXRhcGF0LnBpbXNAZ21haWwuY29tIiwiZW1haWxfdmVyaWZpZWQiOnRydWUsImF0X2hhc2giOiJxalcyOEpIMExFQ2RWSXpKUjIwMjJ3IiwiaWF0IjoxNjc1NzAyOTMxLCJleHAiOjE2NzU3MDY1MzF9.CVj7Bs3aHUA1_zx3ffY5CbWRNt0_jX1XIQ4MPiLthSvTdZ_MXNzKWAZgrfpGIxY14kDBoADb2Ra_yMJC-6bX2MHmhzuuQv5nXUTAFMyl_V7GZVVdg8gcbSnHXw92rGjOYm95gN2S60V6xikVy5OykJJqTqKpfB4dZFwysk82K9ZN6F_VwI0VBxqOOfblFNKhJ6BFklOJei9l3vOiSIxmLjOdrAs14e3pp1no2uIVITm9usLKdCZtZesctDw2MA3JDFX4K1TlQQRgUSu8Bl80_pdHEuxIjMtCzCUwVJM00f2a0IEvTGbXG7gl-Df3G96bqgIAg82ygTCEIdvcTXkyYA",
    "token_expiry": "2023-02-06T18:02:10Z"
  },
  "sentinels": {
    "config_sentinel": "/home/dar/.config/gcloud/config_sentinel"
  }
}
2023-02-07 00:02:11,581 INFO     ___FILE_ONLY___ 

2023-02-07 00:02:11,585 DEBUG    root            Metrics reporting process started...
