2023-02-07 01:03:25,408 DEBUG    root            Loaded Command Group: ['gcloud', 'config']
2023-02-07 01:03:25,409 DEBUG    root            Loaded Command Group: ['gcloud', 'config', 'config_helper']
2023-02-07 01:03:25,410 DEBUG    root            Running [gcloud.config.config-helper] with arguments: [--format: "json"]
2023-02-07 01:03:25,432 DEBUG    google.auth.transport.requests Making request: POST https://oauth2.googleapis.com/token
2023-02-07 01:03:25,434 DEBUG    urllib3.connectionpool Starting new HTTPS connection (1): oauth2.googleapis.com:443
2023-02-07 01:03:25,585 DEBUG    urllib3.connectionpool https://oauth2.googleapis.com:443 "POST /token HTTP/1.1" 200 None
2023-02-07 01:03:25,596 DEBUG    root            Chosen display Format:default json
2023-02-07 01:03:25,596 INFO     root            Display format: "default json"
2023-02-07 01:03:25,596 INFO     ___FILE_ONLY___ {
  "configuration": {
    "active_configuration": "default",
    "properties": {
      "compute": {
        "region": "asia-southeast1",
        "zone": "asia-southeast1-a"
      },
      "core": {
        "account": "natapat.pims@gmail.com",
        "disable_usage_reporting": "False",
        "project": "gke-app-376315"
      }
    }
  },
  "credential": {
    "access_token": "ya29.a0AVvZVsrYBk23wIC3D5KZS1ulkXaB0rofGvzqgfNbK2-3BBaTw8CEUuSIiNcBhAwD4pxaBsaWoesQruUFKzwCZU24HYforaLkbKd3eNNWsZsgMOCUIK2VRobzT0hNVFa6-hPxdDeEaTFWaRPbtyPb8LI8tJF1QaGuUNX0IgaCgYKAWUSAQASFQGbdwaInTrL1qTXHnlqZHaavtKYXg0173",
    "id_token": "eyJhbGciOiJSUzI1NiIsImtpZCI6IjI3NDA1MmEyYjY0NDg3NDU3NjRlNzJjMzU5MDk3MWQ5MGNmYjU4NWEiLCJ0eXAiOiJKV1QifQ.eyJpc3MiOiJodHRwczovL2FjY291bnRzLmdvb2dsZS5jb20iLCJhenAiOiIzMjU1NTk0MDU1OS5hcHBzLmdvb2dsZXVzZXJjb250ZW50LmNvbSIsImF1ZCI6IjMyNTU1OTQwNTU5LmFwcHMuZ29vZ2xldXNlcmNvbnRlbnQuY29tIiwic3ViIjoiMTE1ODQ3Mjk4NjgyNTQ2MDY3OTk2IiwiZW1haWwiOiJuYXRhcGF0LnBpbXNAZ21haWwuY29tIiwiZW1haWxfdmVyaWZpZWQiOnRydWUsImF0X2hhc2giOiI5LXAzQkJReHJFZnNMSVpuVHUyYUtRIiwiaWF0IjoxNjc1NzA2NjA1LCJleHAiOjE2NzU3MTAyMDV9.chc3FjMcOOG6SeldSeUbNfFlXRbJ3-sTD7YTuQswhd0aexaBtSO81PV5n5LpGGfcJVqzI8CtlfMZkUtfW6EcLzTBVOIpY7w4J_RS7Fhzk093fLU4m4pYwLL5ypo3sn2pGkCuLMU_VqzPLRzpB85eJa4wqk6Lp0_Vv75xV6Yln0oRW4pJQM96cEgKzCAsarPypFp4_QAceSeAbtH8vR4BwAHPu6Rtlu3xZ9_d_TcIhAi6or5ffZb12D0Wp686cbv6E9ppM0fEZnhcvO0kuTLGAgfgBo5ZbzA0Sby38gAiM-VhVp2dh2wO1XzAkFqtXq4r9xEYoJy_MPOO5wmDfwepOA",
    "token_expiry": "2023-02-06T19:03:24Z"
  },
  "sentinels": {
    "config_sentinel": "/home/dar/.config/gcloud/config_sentinel"
  }
}
2023-02-07 01:03:25,596 INFO     ___FILE_ONLY___ 

2023-02-07 01:03:25,600 DEBUG    root            Metrics reporting process started...
