2023-02-07 09:04:33,882 DEBUG    root            Loaded Command Group: ['gcloud', 'config']
2023-02-07 09:04:33,886 DEBUG    root            Loaded Command Group: ['gcloud', 'config', 'config_helper']
2023-02-07 09:04:33,888 DEBUG    root            Running [gcloud.config.config-helper] with arguments: [--format: "json"]
2023-02-07 09:04:33,914 DEBUG    google.auth.transport.requests Making request: POST https://oauth2.googleapis.com/token
2023-02-07 09:04:33,917 DEBUG    urllib3.connectionpool Starting new HTTPS connection (1): oauth2.googleapis.com:443
2023-02-07 09:04:34,075 DEBUG    urllib3.connectionpool https://oauth2.googleapis.com:443 "POST /token HTTP/1.1" 200 None
2023-02-07 09:04:34,085 DEBUG    root            Chosen display Format:default json
2023-02-07 09:04:34,085 INFO     root            Display format: "default json"
2023-02-07 09:04:34,086 INFO     ___FILE_ONLY___ {
  "configuration": {
    "active_configuration": "default",
    "properties": {
      "compute": {
        "region": "asia-southeast1",
        "zone": "asia-southeast1-a"
      },
      "core": {
        "account": "natapat.pims@gmail.com",
        "disable_usage_reporting": "False",
        "project": "gke-app-376315"
      }
    }
  },
  "credential": {
    "access_token": "ya29.a0AVvZVsp-t0JDKdqGVn2Y5AhqgHWm6PhYjiAdC0hm87FnGCHL21i6ZFQcaUzgbqw6uIKBnvi_wIFpY1-_IVcRNL5ajUIqLkYGWoPNF3xw49EPGhnpq2vPaiyhJdALif5oC3HTpcTC4EV92wG7XKrrEUcnL1OZ23AVxvqdHgaCgYKAWISAQASFQGbdwaI4uPEyf2OGNXQUXNmKN2Q-w0173",
    "id_token": "eyJhbGciOiJSUzI1NiIsImtpZCI6IjI3NDA1MmEyYjY0NDg3NDU3NjRlNzJjMzU5MDk3MWQ5MGNmYjU4NWEiLCJ0eXAiOiJKV1QifQ.eyJpc3MiOiJodHRwczovL2FjY291bnRzLmdvb2dsZS5jb20iLCJhenAiOiIzMjU1NTk0MDU1OS5hcHBzLmdvb2dsZXVzZXJjb250ZW50LmNvbSIsImF1ZCI6IjMyNTU1OTQwNTU5LmFwcHMuZ29vZ2xldXNlcmNvbnRlbnQuY29tIiwic3ViIjoiMTE1ODQ3Mjk4NjgyNTQ2MDY3OTk2IiwiZW1haWwiOiJuYXRhcGF0LnBpbXNAZ21haWwuY29tIiwiZW1haWxfdmVyaWZpZWQiOnRydWUsImF0X2hhc2giOiJTZWV1bFhlUmFJYXlraFpMVFNoRXRRIiwiaWF0IjoxNjc1NzM1NDczLCJleHAiOjE2NzU3MzkwNzN9.sJgUeTXf0lWAScxGWOH8L9RXP-1j8TA_eb-sqg-rwi5eq79znwxtjEW1fLdaoiJqK9avrFOG3Zuy7N2sAWOR8c14s62obxzWJ4a_xbQGywkc-lE7CWmpRP19-p9w6FlsaWMsb5L_q7nSGYfO6Kicw1d4n0kThVUTszdGAmbYRiQl0H7FIihkJEEzZFjmVv3FzhJiY0eUUm3JRNNUCUq9a5YwPagjax3PEw_56Ng0FJVWzAHy9fBMRMKQ2WcbqMTd8JOYU8K49ZKSGOMRzIw9oiYSYI8Dp5TqtOwJA6HMIYETYCssAPL6ogeroQhkdP-1ZyHpXS-SRH8JnI9yfX2kaQ",
    "token_expiry": "2023-02-07T03:04:33Z"
  },
  "sentinels": {
    "config_sentinel": "/home/dar/.config/gcloud/config_sentinel"
  }
}
2023-02-07 09:04:34,086 INFO     ___FILE_ONLY___ 

2023-02-07 09:04:34,090 DEBUG    root            Metrics reporting process started...
