2023-02-07 15:31:43,734 DEBUG    root            Loaded Command Group: ['gcloud', 'config']
2023-02-07 15:31:43,736 DEBUG    root            Loaded Command Group: ['gcloud', 'config', 'config_helper']
2023-02-07 15:31:43,737 DEBUG    root            Running [gcloud.config.config-helper] with arguments: [--format: "json"]
2023-02-07 15:31:43,771 DEBUG    google.auth.transport.requests Making request: POST https://oauth2.googleapis.com/token
2023-02-07 15:31:43,772 DEBUG    urllib3.connectionpool Starting new HTTPS connection (1): oauth2.googleapis.com:443
2023-02-07 15:31:43,932 DEBUG    urllib3.connectionpool https://oauth2.googleapis.com:443 "POST /token HTTP/1.1" 200 None
2023-02-07 15:31:43,940 DEBUG    root            Chosen display Format:default json
2023-02-07 15:31:43,941 INFO     root            Display format: "default json"
2023-02-07 15:31:43,941 INFO     ___FILE_ONLY___ {
  "configuration": {
    "active_configuration": "default",
    "properties": {
      "compute": {
        "region": "asia-southeast1",
        "zone": "asia-southeast1-a"
      },
      "core": {
        "account": "natapat.pims@gmail.com",
        "disable_usage_reporting": "False",
        "project": "gke-app-376315"
      }
    }
  },
  "credential": {
    "access_token": "ya29.a0AVvZVspc4XlICPdhuZkq3KoM7n922Z85-s4RhpN-p0HW3PdcFLTTr29zQigBdfnUYq1XFG9gra-C-YJ4pJca45Iw16a9UCiGlFQ12vM0KI6RkVCsIOLpRbu15kkRXEJlc6v08gdf2rw6HHdbeoNGHacbFfeFwbvcfBbmkwaCgYKAdISAQASFQGbdwaIDOu-LEsIU4KogzQyTFjFjA0173",
    "id_token": "eyJhbGciOiJSUzI1NiIsImtpZCI6IjI3NDA1MmEyYjY0NDg3NDU3NjRlNzJjMzU5MDk3MWQ5MGNmYjU4NWEiLCJ0eXAiOiJKV1QifQ.eyJpc3MiOiJodHRwczovL2FjY291bnRzLmdvb2dsZS5jb20iLCJhenAiOiIzMjU1NTk0MDU1OS5hcHBzLmdvb2dsZXVzZXJjb250ZW50LmNvbSIsImF1ZCI6IjMyNTU1OTQwNTU5LmFwcHMuZ29vZ2xldXNlcmNvbnRlbnQuY29tIiwic3ViIjoiMTE1ODQ3Mjk4NjgyNTQ2MDY3OTk2IiwiZW1haWwiOiJuYXRhcGF0LnBpbXNAZ21haWwuY29tIiwiZW1haWxfdmVyaWZpZWQiOnRydWUsImF0X2hhc2giOiJJMWdGSkwxck9BNkNjQlU4Z3hZUkJ3IiwiaWF0IjoxNjc1NzU4NzAzLCJleHAiOjE2NzU3NjIzMDN9.OcpLaqQlj0iOdgQppXAtAtY4eWrFjS1XFctFEjbdyjZQQQQPUGZUUt60LgdTLTNN1ES5JyE1z2mfW_SiQcMXGM9J9V9gN8Av7MucsSRqUzURaBJVAMJ_cJ37ujw36zdFJMSaj6AbaEFPI3Rpd6lRHOAKaY6ZdiK27pk99ugYVQLJbtCc09a4q5tf_PSz8xt61w5fPTufz2AMLqiKcIVt3LpKaRy_P0H-BRTgTVunDVP4JBZ1IzVMG6AGTo_ekUyrr07HQLsB8K8BUpJxhzSY2Swzp0EBtSSn0EHyq1ROhNS9JGGa0qVKKz1DyD3YNkHqGutjFr-h9Lm0HnnUfOALYg",
    "token_expiry": "2023-02-07T09:31:42Z"
  },
  "sentinels": {
    "config_sentinel": "/home/dar/.config/gcloud/config_sentinel"
  }
}
2023-02-07 15:31:43,941 INFO     ___FILE_ONLY___ 

2023-02-07 15:31:43,942 DEBUG    root            Checking for updates...
2023-02-07 15:31:43,943 DEBUG    urllib3.connectionpool Starting new HTTPS connection (1): dl.google.com:443
2023-02-07 15:31:44,075 DEBUG    urllib3.connectionpool https://dl.google.com:443 "GET /dl/cloudsdk/channels/rapid/components-2.json HTTP/1.1" 200 206155
2023-02-07 15:31:44,238 DEBUG    root            Metrics reporting process started...
