2023-02-07 17:34:29,071 DEBUG    root            Loaded Command Group: ['gcloud', 'config']
2023-02-07 17:34:29,072 DEBUG    root            Loaded Command Group: ['gcloud', 'config', 'config_helper']
2023-02-07 17:34:29,073 DEBUG    root            Running [gcloud.config.config-helper] with arguments: [--format: "json"]
2023-02-07 17:34:29,102 DEBUG    google.auth.transport.requests Making request: POST https://oauth2.googleapis.com/token
2023-02-07 17:34:29,104 DEBUG    urllib3.connectionpool Starting new HTTPS connection (1): oauth2.googleapis.com:443
2023-02-07 17:34:29,269 DEBUG    urllib3.connectionpool https://oauth2.googleapis.com:443 "POST /token HTTP/1.1" 200 None
2023-02-07 17:34:29,277 DEBUG    root            Chosen display Format:default json
2023-02-07 17:34:29,278 INFO     root            Display format: "default json"
2023-02-07 17:34:29,278 INFO     ___FILE_ONLY___ {
  "configuration": {
    "active_configuration": "default",
    "properties": {
      "compute": {
        "region": "asia-southeast1",
        "zone": "asia-southeast1-a"
      },
      "core": {
        "account": "natapat.pims@gmail.com",
        "disable_usage_reporting": "False",
        "project": "gke-app-376315"
      }
    }
  },
  "credential": {
    "access_token": "ya29.a0AVvZVsqBCJqxJpLgkrhklnk8ltXfoakzBLRgKDZIF0_SQ3fD54SL9bMolgOSg_aMMmijwuMBgqmLX_CfLZxllpM45sqq4D2801xrwnKWu0wgkh4eJ09-UtDqHcdnRGrKvUEi3IDqKCK2TQA4xlT4iHAt2Bl3YMkQadtFXAaCgYKAXQSAQASFQGbdwaIpY8AltaQZbIpIFLzkb3Wyg0173",
    "id_token": "eyJhbGciOiJSUzI1NiIsImtpZCI6IjI3NDA1MmEyYjY0NDg3NDU3NjRlNzJjMzU5MDk3MWQ5MGNmYjU4NWEiLCJ0eXAiOiJKV1QifQ.eyJpc3MiOiJodHRwczovL2FjY291bnRzLmdvb2dsZS5jb20iLCJhenAiOiIzMjU1NTk0MDU1OS5hcHBzLmdvb2dsZXVzZXJjb250ZW50LmNvbSIsImF1ZCI6IjMyNTU1OTQwNTU5LmFwcHMuZ29vZ2xldXNlcmNvbnRlbnQuY29tIiwic3ViIjoiMTE1ODQ3Mjk4NjgyNTQ2MDY3OTk2IiwiZW1haWwiOiJuYXRhcGF0LnBpbXNAZ21haWwuY29tIiwiZW1haWxfdmVyaWZpZWQiOnRydWUsImF0X2hhc2giOiJCUFVYTXhycEpLQkhoTTZtWEZIX0tRIiwiaWF0IjoxNjc1NzY2MDY5LCJleHAiOjE2NzU3Njk2Njl9.pEZ59Fu5YU7IGKaVb_CuRuQjMs2CJv5oZ_mLohHD8XmoFmSAIQillKPdY7UDeLT61bwM8pGU5WO1r-k-x3UK4cIkDIiNaOWxiBUdB_pa1vQVDe4xldwp6A7J2RJxJsv-ITyoi-ZxN8Gkpa-yveG1__Uq29coqPkz_2GnZwld3pLx7591CxpxqheYuaYM0ukScB28tEwT2ViBROkBokSNtMwZUWygfs-XH61sX3Z7GByvZ3Vd_FxZANalmlmG8SHTuZ0P6qAxcUzE-wSHQm_yle7R35f6yeQ751KZ2b2ZPO7y4HSPaC0i2CYc-Ny3dE4w9XPW8m-b8mv4B1l08EP_og",
    "token_expiry": "2023-02-07T11:34:28Z"
  },
  "sentinels": {
    "config_sentinel": "/home/dar/.config/gcloud/config_sentinel"
  }
}
2023-02-07 17:34:29,278 INFO     ___FILE_ONLY___ 

2023-02-07 17:34:29,282 DEBUG    root            Metrics reporting process started...
