2023-02-07 18:44:49,667 DEBUG    root            Loaded Command Group: ['gcloud', 'config']
2023-02-07 18:44:49,668 DEBUG    root            Loaded Command Group: ['gcloud', 'config', 'config_helper']
2023-02-07 18:44:49,670 DEBUG    root            Running [gcloud.config.config-helper] with arguments: [--format: "json"]
2023-02-07 18:44:49,691 DEBUG    google.auth.transport.requests Making request: POST https://oauth2.googleapis.com/token
2023-02-07 18:44:49,692 DEBUG    urllib3.connectionpool Starting new HTTPS connection (1): oauth2.googleapis.com:443
2023-02-07 18:44:49,859 DEBUG    urllib3.connectionpool https://oauth2.googleapis.com:443 "POST /token HTTP/1.1" 200 None
2023-02-07 18:44:49,868 DEBUG    root            Chosen display Format:default json
2023-02-07 18:44:49,868 INFO     root            Display format: "default json"
2023-02-07 18:44:49,869 INFO     ___FILE_ONLY___ {
  "configuration": {
    "active_configuration": "default",
    "properties": {
      "compute": {
        "region": "asia-southeast1",
        "zone": "asia-southeast1-a"
      },
      "core": {
        "account": "natapat.pims@gmail.com",
        "disable_usage_reporting": "False",
        "project": "gke-app-376315"
      }
    }
  },
  "credential": {
    "access_token": "ya29.a0AVvZVsp4Pqut7d2C_64saoOA6gbAbLLbCZICZ7t5yP83pvoBIiEeOh39K2L6Y_4GO9can8hYYSXP4du_yA3cbGzchjY-yigGnWCLiU7QwWuwbdW_NAFBzMSsd5e-XHSziRfJdY8k4Z064JXCHJWkDPGmpdZARmcsDOJwEgaCgYKAX8SAQASFQGbdwaI3ROMAjiTSlzus225uD-vDA0173",
    "id_token": "eyJhbGciOiJSUzI1NiIsImtpZCI6IjI3NDA1MmEyYjY0NDg3NDU3NjRlNzJjMzU5MDk3MWQ5MGNmYjU4NWEiLCJ0eXAiOiJKV1QifQ.eyJpc3MiOiJodHRwczovL2FjY291bnRzLmdvb2dsZS5jb20iLCJhenAiOiIzMjU1NTk0MDU1OS5hcHBzLmdvb2dsZXVzZXJjb250ZW50LmNvbSIsImF1ZCI6IjMyNTU1OTQwNTU5LmFwcHMuZ29vZ2xldXNlcmNvbnRlbnQuY29tIiwic3ViIjoiMTE1ODQ3Mjk4NjgyNTQ2MDY3OTk2IiwiZW1haWwiOiJuYXRhcGF0LnBpbXNAZ21haWwuY29tIiwiZW1haWxfdmVyaWZpZWQiOnRydWUsImF0X2hhc2giOiIwY3IyQWNHblc1bHk3a3pidUQ1S2NBIiwiaWF0IjoxNjc1NzcwMjg5LCJleHAiOjE2NzU3NzM4ODl9.D-8LNrW3vWs3J1nf_tBQxU6ogw92U4ka4KHV4uXkky1b1gfkBpPWaLEcLH6L99XgDHKi86NsAhS5HV9q9RYR4DObNnt2PMP3MDwj6z-PkndI0k_5Reeh-tTQDljdAA-hBgHEEriNbWnqiZN3oya_kfYNR9v6Gc3R4BDOGuEuACgAl3Bfa0M7uknB7X_APlwSKBF1vWYJtQrEPCyNHa2ajvuSRtCxb_TZoAIMDc4iHwextXVOdPU9mFLHLGZGGvZwQMxKQJF-va5EjVlASl9-ROTnkRu0jlZZVvnjsrJT8ym79e237a4AV2qT9TAxVK47C4f3dHlAUbDmV0lHUMIqLg",
    "token_expiry": "2023-02-07T12:44:48Z"
  },
  "sentinels": {
    "config_sentinel": "/home/dar/.config/gcloud/config_sentinel"
  }
}
2023-02-07 18:44:49,869 INFO     ___FILE_ONLY___ 

2023-02-07 18:44:49,872 DEBUG    root            Metrics reporting process started...
