2023-02-04 23:22:38,477 DEBUG    root            Loaded Command Group: ['gcloud', 'config']
2023-02-04 23:22:38,483 DEBUG    root            Loaded Command Group: ['gcloud', 'config', 'config_helper']
2023-02-04 23:22:38,487 DEBUG    root            Running [gcloud.config.config-helper] with arguments: [--format: "json"]
2023-02-04 23:22:38,491 DEBUG    root            Chosen display Format:default json
2023-02-04 23:22:38,492 INFO     root            Display format: "default json"
2023-02-04 23:22:38,492 INFO     ___FILE_ONLY___ {
  "configuration": {
    "active_configuration": "default",
    "properties": {
      "compute": {
        "region": "asia-southeast1",
        "zone": "asia-southeast1-a"
      },
      "core": {
        "account": "natapat.pims@gmail.com",
        "disable_usage_reporting": "False",
        "project": "gke-app-376315"
      }
    }
  },
  "credential": {
    "access_token": "ya29.a0AVvZVsrhV8qdeEKkjWr186CCZGPUXLgE69FLPwN0m_n_LP7JQeGwwra0latCf1qmHAz5U0n_MU9m6WrCxLVCoUM5t36u6zNHN4DNm4M_JSqNkvK35bsiiseV0JyXEjBgZCHWzH6FJZbhxUO9lB1nqCgFpsSkPund-iuZtAaCgYKAdoSAQASFQGbdwaI5nFRgMwc5402mUGuahjmNA0173",
    "id_token": "eyJhbGciOiJSUzI1NiIsImtpZCI6IjI3NDA1MmEyYjY0NDg3NDU3NjRlNzJjMzU5MDk3MWQ5MGNmYjU4NWEiLCJ0eXAiOiJKV1QifQ.eyJpc3MiOiJodHRwczovL2FjY291bnRzLmdvb2dsZS5jb20iLCJhenAiOiIzMjU1NTk0MDU1OS5hcHBzLmdvb2dsZXVzZXJjb250ZW50LmNvbSIsImF1ZCI6IjMyNTU1OTQwNTU5LmFwcHMuZ29vZ2xldXNlcmNvbnRlbnQuY29tIiwic3ViIjoiMTE1ODQ3Mjk4NjgyNTQ2MDY3OTk2IiwiZW1haWwiOiJuYXRhcGF0LnBpbXNAZ21haWwuY29tIiwiZW1haWxfdmVyaWZpZWQiOnRydWUsImF0X2hhc2giOiJCWk1xdm54UTBMTGFKMFhfSmx6OGhRIiwiaWF0IjoxNjc1NTI3NzU0LCJleHAiOjE2NzU1MzEzNTR9.mKHG-eh1N6tnRlZoKCP0gdHDjOfM5C0WQhbaSQLdNgpD8vb8b1THkRO0d73sRSgr5h7SjX_Lx43xqSLJKUeHKRYuzaIA3fMJMjQKqNtislgVAc61fOv-mZ55q9lmw5V-BZQCLL83yn0sN7VZwEDytEdVkuogDpvEVqDp5F4RqCEE7Ic59hSuuj8eDQL6ofBgagFIB3h3Kgkx27q_Z7GX1Xw43bLqiYLzZLrf6QeFCcPp10fX4qTQ8eV3wPlkutBFeVgEDPv7aJ9lDTf9pD6oxS4lFBelK7eEAcvOOL8-weEAw9fqLRaLnuwmgpkvtfdrtfRa-DsRX9dsitciMCESUw",
    "token_expiry": "2023-02-04T17:22:33Z"
  },
  "sentinels": {
    "config_sentinel": "/home/dar/.config/gcloud/config_sentinel"
  }
}
2023-02-04 23:22:38,492 INFO     ___FILE_ONLY___ 

2023-02-04 23:22:38,498 DEBUG    root            Metrics reporting process started...
