2023-02-05 10:51:43,367 DEBUG    root            Loaded Command Group: ['gcloud', 'config']
2023-02-05 10:51:43,369 DEBUG    root            Loaded Command Group: ['gcloud', 'config', 'config_helper']
2023-02-05 10:51:43,371 DEBUG    root            Running [gcloud.config.config-helper] with arguments: [--format: "json"]
2023-02-05 10:51:43,376 DEBUG    root            Chosen display Format:default json
2023-02-05 10:51:43,376 INFO     root            Display format: "default json"
2023-02-05 10:51:43,377 INFO     ___FILE_ONLY___ {
  "configuration": {
    "active_configuration": "default",
    "properties": {
      "compute": {
        "region": "asia-southeast1",
        "zone": "asia-southeast1-a"
      },
      "core": {
        "account": "natapat.pims@gmail.com",
        "disable_usage_reporting": "False",
        "project": "gke-app-376315"
      }
    }
  },
  "credential": {
    "access_token": "ya29.a0AVvZVsqp1ZRnhfxmKOjBosBqQxZQwS-7Wpd5c7jTjQJaYdtB1vI6Mj7nm-haLXaXH4jj9O1ljCQunfxYP6zVRIuksr0bdalgc0kUm5rB9PevXaZznigOQLkPH6NkFELO1lOIp-6rY6vJuf5JDcOSB_C1RrbSoqvjptnjwQaCgYKAfQSAQASFQGbdwaIEgAbRN-yAy9-P0e090vb6g0173",
    "id_token": "eyJhbGciOiJSUzI1NiIsImtpZCI6IjI3NDA1MmEyYjY0NDg3NDU3NjRlNzJjMzU5MDk3MWQ5MGNmYjU4NWEiLCJ0eXAiOiJKV1QifQ.eyJpc3MiOiJodHRwczovL2FjY291bnRzLmdvb2dsZS5jb20iLCJhenAiOiIzMjU1NTk0MDU1OS5hcHBzLmdvb2dsZXVzZXJjb250ZW50LmNvbSIsImF1ZCI6IjMyNTU1OTQwNTU5LmFwcHMuZ29vZ2xldXNlcmNvbnRlbnQuY29tIiwic3ViIjoiMTE1ODQ3Mjk4NjgyNTQ2MDY3OTk2IiwiZW1haWwiOiJuYXRhcGF0LnBpbXNAZ21haWwuY29tIiwiZW1haWxfdmVyaWZpZWQiOnRydWUsImF0X2hhc2giOiJSNU1HVGF3UEQ0QVc0UnhndTJ6aWRBIiwiaWF0IjoxNjc1NTY5MDkwLCJleHAiOjE2NzU1NzI2OTB9.rh_mZNhrNDdkarIr1oVwDiIdmJlxnaoiThcYxqDxh9hzOVbiCOR2ihvxd4GDPPwIzmnwIi4KQIGdNPls7fwFZmM05h8vaQqrvcBf5guM6fxPn3-26UTAcYCglQL-qUtcucjGJDT85sO3Gkr4KaISX_BkxBT3mk9NXyN2XS0evm45q56AO6ArJvbFrHuLFJAia31Z8SAegafTfOlS0QDJQQLXWGbSXK8JWIDZSyZ-F-sFqAfdHxBJWkXjZfUHWQerrfRIwKeYX-LRlnb-jUCuDQTWYMS3GC81w6YgCgNFyT6n3_IhLljDbl-PRZfrvjV9MlbYHcvoBKBKSKdRoqK7Gg",
    "token_expiry": "2023-02-05T04:51:28Z"
  },
  "sentinels": {
    "config_sentinel": "/home/dar/.config/gcloud/config_sentinel"
  }
}
2023-02-05 10:51:43,377 INFO     ___FILE_ONLY___ 

2023-02-05 10:51:43,383 DEBUG    root            Metrics reporting process started...
