2023-02-05 11:12:23,501 DEBUG    root            Loaded Command Group: ['gcloud', 'components']
2023-02-05 11:12:23,505 DEBUG    root            Loaded Command Group: ['gcloud', 'components', 'update']
2023-02-05 11:12:23,508 DEBUG    root            Running [gcloud.components.update] with arguments: []
2023-02-05 11:12:23,508 INFO     ___FILE_ONLY___ Beginning update. This process may take several minutes.

2023-02-05 11:12:23,513 DEBUG    urllib3.connectionpool Starting new HTTPS connection (1): dl.google.com:443
2023-02-05 11:12:23,663 DEBUG    urllib3.connectionpool https://dl.google.com:443 "GET /dl/cloudsdk/channels/rapid/components-2.json HTTP/1.1" 200 206155
2023-02-05 11:12:23,833 INFO     ___FILE_ONLY___ 

2023-02-05 11:12:23,834 INFO     ___FILE_ONLY___ 
Your current Google Cloud CLI version is: 415.0.0

2023-02-05 11:12:23,834 INFO     ___FILE_ONLY___ You will be upgraded to version: 416.0.0

2023-02-05 11:12:23,834 INFO     ___FILE_ONLY___ 

2023-02-05 11:12:23,834 DEBUG    root            Chosen display Format:table[box,title="These components will be removed."](details.display_name:label=Name:align=left,version.version_string:label=Version:align=right,data.size.size(zero="",min=1048576):label=Size:align=right)
2023-02-05 11:12:23,834 DEBUG    root            Chosen display Format:table[box,title="These components will be updated."](details.display_name:label=Name:align=left,version.version_string:label=Version:align=right,data.size.size(zero="",min=1048576):label=Size:align=right)
2023-02-05 11:12:23,836 INFO     ___FILE_ONLY___ ┌─────────────────────────────────────────────────────────┐
2023-02-05 11:12:23,836 INFO     ___FILE_ONLY___ 

2023-02-05 11:12:23,836 INFO     ___FILE_ONLY___ │            These components will be updated.            │
2023-02-05 11:12:23,836 INFO     ___FILE_ONLY___ 

2023-02-05 11:12:23,836 INFO     ___FILE_ONLY___ ├─────────────────────────────────┬────────────┬──────────┤
2023-02-05 11:12:23,836 INFO     ___FILE_ONLY___ 

2023-02-05 11:12:23,836 INFO     ___FILE_ONLY___ │               Name              │  Version   │   Size   │
2023-02-05 11:12:23,836 INFO     ___FILE_ONLY___ 

2023-02-05 11:12:23,836 INFO     ___FILE_ONLY___ ├─────────────────────────────────┼────────────┼──────────┤
2023-02-05 11:12:23,836 INFO     ___FILE_ONLY___ 

2023-02-05 11:12:23,836 INFO     ___FILE_ONLY___ │ 
2023-02-05 11:12:23,836 INFO     ___FILE_ONLY___ Cloud Storage Command Line Tool
2023-02-05 11:12:23,836 INFO     ___FILE_ONLY___  
2023-02-05 11:12:23,837 INFO     ___FILE_ONLY___ │ 
2023-02-05 11:12:23,837 INFO     ___FILE_ONLY___       5.19
2023-02-05 11:12:23,837 INFO     ___FILE_ONLY___  
2023-02-05 11:12:23,837 INFO     ___FILE_ONLY___ │ 
2023-02-05 11:12:23,837 INFO     ___FILE_ONLY___ 15.6 MiB
2023-02-05 11:12:23,837 INFO     ___FILE_ONLY___  
2023-02-05 11:12:23,837 INFO     ___FILE_ONLY___ │
2023-02-05 11:12:23,837 INFO     ___FILE_ONLY___ 

2023-02-05 11:12:23,837 INFO     ___FILE_ONLY___ │ 
2023-02-05 11:12:23,837 INFO     ___FILE_ONLY___ Google Cloud CLI Core Libraries
2023-02-05 11:12:23,837 INFO     ___FILE_ONLY___  
2023-02-05 11:12:23,838 INFO     ___FILE_ONLY___ │ 
2023-02-05 11:12:23,838 INFO     ___FILE_ONLY___ 2023.01.30
2023-02-05 11:12:23,838 INFO     ___FILE_ONLY___  
2023-02-05 11:12:23,838 INFO     ___FILE_ONLY___ │ 
2023-02-05 11:12:23,838 INFO     ___FILE_ONLY___ 26.4 MiB
2023-02-05 11:12:23,838 INFO     ___FILE_ONLY___  
2023-02-05 11:12:23,838 INFO     ___FILE_ONLY___ │
2023-02-05 11:12:23,838 INFO     ___FILE_ONLY___ 

2023-02-05 11:12:23,838 INFO     ___FILE_ONLY___ └─────────────────────────────────┴────────────┴──────────┘
2023-02-05 11:12:23,838 INFO     ___FILE_ONLY___ 

2023-02-05 11:12:23,839 DEBUG    root            Chosen display Format:table[box,title="These components will be installed."](details.display_name:label=Name:align=left,version.version_string:label=Version:align=right,data.size.size(zero="",min=1048576):label=Size:align=right)
2023-02-05 11:12:23,839 INFO     ___FILE_ONLY___ 

2023-02-05 11:12:23,841 DEBUG    urllib3.connectionpool Starting new HTTPS connection (1): dl.google.com:443
2023-02-05 11:12:23,962 DEBUG    urllib3.connectionpool https://dl.google.com:443 "GET /dl/cloudsdk/channels/rapid/RELEASE_NOTES HTTP/1.1" 200 936445
2023-02-05 11:12:24,182 INFO     ___FILE_ONLY___ The following release notes are new in this upgrade.
Please read carefully for information about new features, breaking changes,
and bugs fixed.  The latest full release notes can be viewed at:
  https://cloud.google.com/sdk/release_notes


2023-02-05 11:12:24,183 INFO     ___FILE_ONLY___ [m
2023-02-05 11:12:24,183 INFO     ___FILE_ONLY___ [1m416.0.0 (2023-01-31)[m

2023-02-05 11:12:24,183 INFO     ___FILE_ONLY___ [m
2023-02-05 11:12:24,183 INFO     ___FILE_ONLY___   
2023-02-05 11:12:24,183 INFO     ___FILE_ONLY___ [1mBreaking Changes[m

2023-02-05 11:12:24,183 INFO     ___FILE_ONLY___       ▪
2023-02-05 11:12:24,183 INFO     ___FILE_ONLY___  
2023-02-05 11:12:24,183 INFO     ___FILE_ONLY___ **(Cloud
2023-02-05 11:12:24,184 INFO     ___FILE_ONLY___  
2023-02-05 11:12:24,184 INFO     ___FILE_ONLY___ Datalab)**
2023-02-05 11:12:24,184 INFO     ___FILE_ONLY___  
2023-02-05 11:12:24,184 INFO     ___FILE_ONLY___ Removed
2023-02-05 11:12:24,184 INFO     ___FILE_ONLY___  
2023-02-05 11:12:24,184 INFO     ___FILE_ONLY___ [1mgcloud
2023-02-05 11:12:24,184 INFO     ___FILE_ONLY___  
2023-02-05 11:12:24,184 INFO     ___FILE_ONLY___ datalab[m
2023-02-05 11:12:24,185 INFO     ___FILE_ONLY___  
2023-02-05 11:12:24,185 INFO     ___FILE_ONLY___ component
2023-02-05 11:12:24,185 INFO     ___FILE_ONLY___  
2023-02-05 11:12:24,185 INFO     ___FILE_ONLY___ (Originally
2023-02-05 11:12:24,185 INFO     ___FILE_ONLY___ 

2023-02-05 11:12:24,185 INFO     ___FILE_ONLY___         
2023-02-05 11:12:24,185 INFO     ___FILE_ONLY___ removed
2023-02-05 11:12:24,185 INFO     ___FILE_ONLY___  
2023-02-05 11:12:24,186 INFO     ___FILE_ONLY___ in
2023-02-05 11:12:24,186 INFO     ___FILE_ONLY___  
2023-02-05 11:12:24,186 INFO     ___FILE_ONLY___ release
2023-02-05 11:12:24,186 INFO     ___FILE_ONLY___  
2023-02-05 11:12:24,186 INFO     ___FILE_ONLY___ 413.0.0).
2023-02-05 11:12:24,186 INFO     ___FILE_ONLY___ 

2023-02-05 11:12:24,186 INFO     ___FILE_ONLY___ 

2023-02-05 11:12:24,186 INFO     ___FILE_ONLY___ [m
2023-02-05 11:12:24,186 INFO     ___FILE_ONLY___   
2023-02-05 11:12:24,186 INFO     ___FILE_ONLY___ [1mAI[m

2023-02-05 11:12:24,186 INFO     ___FILE_ONLY___       ▪
2023-02-05 11:12:24,187 INFO     ___FILE_ONLY___  
2023-02-05 11:12:24,187 INFO     ___FILE_ONLY___ Fixed
2023-02-05 11:12:24,187 INFO     ___FILE_ONLY___  
2023-02-05 11:12:24,187 INFO     ___FILE_ONLY___ an
2023-02-05 11:12:24,187 INFO     ___FILE_ONLY___  
2023-02-05 11:12:24,187 INFO     ___FILE_ONLY___ issue
2023-02-05 11:12:24,187 INFO     ___FILE_ONLY___  
2023-02-05 11:12:24,187 INFO     ___FILE_ONLY___ in
2023-02-05 11:12:24,187 INFO     ___FILE_ONLY___  
2023-02-05 11:12:24,187 INFO     ___FILE_ONLY___ [1mgcloud
2023-02-05 11:12:24,187 INFO     ___FILE_ONLY___  
2023-02-05 11:12:24,187 INFO     ___FILE_ONLY___ ai
2023-02-05 11:12:24,187 INFO     ___FILE_ONLY___  
2023-02-05 11:12:24,188 INFO     ___FILE_ONLY___ hp-tuning-jobs[m
2023-02-05 11:12:24,188 INFO     ___FILE_ONLY___  
2023-02-05 11:12:24,188 INFO     ___FILE_ONLY___ that
2023-02-05 11:12:24,188 INFO     ___FILE_ONLY___  
2023-02-05 11:12:24,188 INFO     ___FILE_ONLY___ the
2023-02-05 11:12:24,188 INFO     ___FILE_ONLY___  
2023-02-05 11:12:24,188 INFO     ___FILE_ONLY___ values
2023-02-05 11:12:24,188 INFO     ___FILE_ONLY___  
2023-02-05 11:12:24,188 INFO     ___FILE_ONLY___ of
2023-02-05 11:12:24,188 INFO     ___FILE_ONLY___ 

2023-02-05 11:12:24,188 INFO     ___FILE_ONLY___         
2023-02-05 11:12:24,188 INFO     ___FILE_ONLY___ [1m--max-trial-count[m
2023-02-05 11:12:24,188 INFO     ___FILE_ONLY___  
2023-02-05 11:12:24,188 INFO     ___FILE_ONLY___ and
2023-02-05 11:12:24,189 INFO     ___FILE_ONLY___  
2023-02-05 11:12:24,189 INFO     ___FILE_ONLY___ [1m--max-parallel-trial-count[m
2023-02-05 11:12:24,189 INFO     ___FILE_ONLY___  
2023-02-05 11:12:24,189 INFO     ___FILE_ONLY___ are
2023-02-05 11:12:24,189 INFO     ___FILE_ONLY___  
2023-02-05 11:12:24,189 INFO     ___FILE_ONLY___ not
2023-02-05 11:12:24,189 INFO     ___FILE_ONLY___  
2023-02-05 11:12:24,189 INFO     ___FILE_ONLY___ passed
2023-02-05 11:12:24,189 INFO     ___FILE_ONLY___  
2023-02-05 11:12:24,189 INFO     ___FILE_ONLY___ in
2023-02-05 11:12:24,189 INFO     ___FILE_ONLY___  
2023-02-05 11:12:24,189 INFO     ___FILE_ONLY___ the
2023-02-05 11:12:24,189 INFO     ___FILE_ONLY___ 

2023-02-05 11:12:24,189 INFO     ___FILE_ONLY___         
2023-02-05 11:12:24,190 INFO     ___FILE_ONLY___ config.yaml
2023-02-05 11:12:24,190 INFO     ___FILE_ONLY___  
2023-02-05 11:12:24,190 INFO     ___FILE_ONLY___ file.
2023-02-05 11:12:24,190 INFO     ___FILE_ONLY___ 

2023-02-05 11:12:24,190 INFO     ___FILE_ONLY___ 

2023-02-05 11:12:24,190 INFO     ___FILE_ONLY___ [m
2023-02-05 11:12:24,190 INFO     ___FILE_ONLY___   
2023-02-05 11:12:24,190 INFO     ___FILE_ONLY___ [1mAlloyDB[m

2023-02-05 11:12:24,190 INFO     ___FILE_ONLY___       ▪
2023-02-05 11:12:24,190 INFO     ___FILE_ONLY___  
2023-02-05 11:12:24,190 INFO     ___FILE_ONLY___ Updated
2023-02-05 11:12:24,191 INFO     ___FILE_ONLY___  
2023-02-05 11:12:24,191 INFO     ___FILE_ONLY___ [1mgcloud
2023-02-05 11:12:24,191 INFO     ___FILE_ONLY___  
2023-02-05 11:12:24,191 INFO     ___FILE_ONLY___ beta
2023-02-05 11:12:24,191 INFO     ___FILE_ONLY___  
2023-02-05 11:12:24,191 INFO     ___FILE_ONLY___ alloydb
2023-02-05 11:12:24,191 INFO     ___FILE_ONLY___  
2023-02-05 11:12:24,191 INFO     ___FILE_ONLY___ clusters
2023-02-05 11:12:24,191 INFO     ___FILE_ONLY___  
2023-02-05 11:12:24,191 INFO     ___FILE_ONLY___ create[m
2023-02-05 11:12:24,191 INFO     ___FILE_ONLY___  
2023-02-05 11:12:24,191 INFO     ___FILE_ONLY___ and
2023-02-05 11:12:24,191 INFO     ___FILE_ONLY___  
2023-02-05 11:12:24,191 INFO     ___FILE_ONLY___ [1mgcloud
2023-02-05 11:12:24,191 INFO     ___FILE_ONLY___  
2023-02-05 11:12:24,192 INFO     ___FILE_ONLY___ beta
2023-02-05 11:12:24,192 INFO     ___FILE_ONLY___  
2023-02-05 11:12:24,192 INFO     ___FILE_ONLY___ alloydb
2023-02-05 11:12:24,192 INFO     ___FILE_ONLY___ 

2023-02-05 11:12:24,192 INFO     ___FILE_ONLY___         
2023-02-05 11:12:24,192 INFO     ___FILE_ONLY___ clusters
2023-02-05 11:12:24,192 INFO     ___FILE_ONLY___  
2023-02-05 11:12:24,192 INFO     ___FILE_ONLY___ update[m
2023-02-05 11:12:24,192 INFO     ___FILE_ONLY___  
2023-02-05 11:12:24,192 INFO     ___FILE_ONLY___ to
2023-02-05 11:12:24,192 INFO     ___FILE_ONLY___  
2023-02-05 11:12:24,192 INFO     ___FILE_ONLY___ support
2023-02-05 11:12:24,192 INFO     ___FILE_ONLY___  
2023-02-05 11:12:24,192 INFO     ___FILE_ONLY___ enabling
2023-02-05 11:12:24,193 INFO     ___FILE_ONLY___  
2023-02-05 11:12:24,193 INFO     ___FILE_ONLY___ continuous
2023-02-05 11:12:24,193 INFO     ___FILE_ONLY___  
2023-02-05 11:12:24,193 INFO     ___FILE_ONLY___ backups
2023-02-05 11:12:24,193 INFO     ___FILE_ONLY___  
2023-02-05 11:12:24,193 INFO     ___FILE_ONLY___ via
2023-02-05 11:12:24,193 INFO     ___FILE_ONLY___  
2023-02-05 11:12:24,193 INFO     ___FILE_ONLY___ new
2023-02-05 11:12:24,193 INFO     ___FILE_ONLY___ 

2023-02-05 11:12:24,193 INFO     ___FILE_ONLY___         
2023-02-05 11:12:24,193 INFO     ___FILE_ONLY___ [1m--enable-continuous-backup[m
2023-02-05 11:12:24,193 INFO     ___FILE_ONLY___  
2023-02-05 11:12:24,193 INFO     ___FILE_ONLY___ and
2023-02-05 11:12:24,194 INFO     ___FILE_ONLY___  
2023-02-05 11:12:24,194 INFO     ___FILE_ONLY___ [1m--continuous-backup-recovery-window-days[m
2023-02-05 11:12:24,194 INFO     ___FILE_ONLY___ 

2023-02-05 11:12:24,194 INFO     ___FILE_ONLY___         
2023-02-05 11:12:24,194 INFO     ___FILE_ONLY___ and
2023-02-05 11:12:24,194 INFO     ___FILE_ONLY___  
2023-02-05 11:12:24,194 INFO     ___FILE_ONLY___ [1m--continuous-backup-encryption-key[m
2023-02-05 11:12:24,194 INFO     ___FILE_ONLY___  
2023-02-05 11:12:24,194 INFO     ___FILE_ONLY___ flags.
2023-02-05 11:12:24,194 INFO     ___FILE_ONLY___ 

2023-02-05 11:12:24,194 INFO     ___FILE_ONLY___ 

2023-02-05 11:12:24,194 INFO     ___FILE_ONLY___ [m
2023-02-05 11:12:24,194 INFO     ___FILE_ONLY___   
2023-02-05 11:12:24,194 INFO     ___FILE_ONLY___ [1mAnthos Identity Service[m

2023-02-05 11:12:24,195 INFO     ___FILE_ONLY___       ▪
2023-02-05 11:12:24,195 INFO     ___FILE_ONLY___  
2023-02-05 11:12:24,195 INFO     ___FILE_ONLY___ Added
2023-02-05 11:12:24,195 INFO     ___FILE_ONLY___  
2023-02-05 11:12:24,195 INFO     ___FILE_ONLY___ [1m--fleet-default-member-config[m
2023-02-05 11:12:24,195 INFO     ___FILE_ONLY___  
2023-02-05 11:12:24,195 INFO     ___FILE_ONLY___ flag
2023-02-05 11:12:24,195 INFO     ___FILE_ONLY___  
2023-02-05 11:12:24,195 INFO     ___FILE_ONLY___ to
2023-02-05 11:12:24,195 INFO     ___FILE_ONLY___  
2023-02-05 11:12:24,195 INFO     ___FILE_ONLY___ the
2023-02-05 11:12:24,195 INFO     ___FILE_ONLY___  
2023-02-05 11:12:24,195 INFO     ___FILE_ONLY___ following
2023-02-05 11:12:24,196 INFO     ___FILE_ONLY___  
2023-02-05 11:12:24,196 INFO     ___FILE_ONLY___ commands:
2023-02-05 11:12:24,196 INFO     ___FILE_ONLY___ 

2023-02-05 11:12:24,196 INFO     ___FILE_ONLY___         ◆
2023-02-05 11:12:24,196 INFO     ___FILE_ONLY___  
2023-02-05 11:12:24,196 INFO     ___FILE_ONLY___ [1mgcloud
2023-02-05 11:12:24,196 INFO     ___FILE_ONLY___  
2023-02-05 11:12:24,196 INFO     ___FILE_ONLY___ beta
2023-02-05 11:12:24,196 INFO     ___FILE_ONLY___  
2023-02-05 11:12:24,196 INFO     ___FILE_ONLY___ container
2023-02-05 11:12:24,196 INFO     ___FILE_ONLY___  
2023-02-05 11:12:24,196 INFO     ___FILE_ONLY___ fleet
2023-02-05 11:12:24,196 INFO     ___FILE_ONLY___  
2023-02-05 11:12:24,196 INFO     ___FILE_ONLY___ identity-service
2023-02-05 11:12:24,197 INFO     ___FILE_ONLY___  
2023-02-05 11:12:24,197 INFO     ___FILE_ONLY___ enable[m
2023-02-05 11:12:24,197 INFO     ___FILE_ONLY___ 

2023-02-05 11:12:24,197 INFO     ___FILE_ONLY___         ◆
2023-02-05 11:12:24,197 INFO     ___FILE_ONLY___  
2023-02-05 11:12:24,197 INFO     ___FILE_ONLY___ [1mgcloud
2023-02-05 11:12:24,197 INFO     ___FILE_ONLY___  
2023-02-05 11:12:24,198 INFO     ___FILE_ONLY___ beta
2023-02-05 11:12:24,198 INFO     ___FILE_ONLY___  
2023-02-05 11:12:24,198 INFO     ___FILE_ONLY___ container
2023-02-05 11:12:24,198 INFO     ___FILE_ONLY___  
2023-02-05 11:12:24,198 INFO     ___FILE_ONLY___ fleet
2023-02-05 11:12:24,198 INFO     ___FILE_ONLY___  
2023-02-05 11:12:24,198 INFO     ___FILE_ONLY___ identity-service
2023-02-05 11:12:24,198 INFO     ___FILE_ONLY___  
2023-02-05 11:12:24,198 INFO     ___FILE_ONLY___ delete[m
2023-02-05 11:12:24,198 INFO     ___FILE_ONLY___ 

2023-02-05 11:12:24,198 INFO     ___FILE_ONLY___ 

2023-02-05 11:12:24,199 INFO     ___FILE_ONLY___        
2023-02-05 11:12:24,199 INFO     ___FILE_ONLY___  
2023-02-05 11:12:24,199 INFO     ___FILE_ONLY___ These
2023-02-05 11:12:24,199 INFO     ___FILE_ONLY___  
2023-02-05 11:12:24,199 INFO     ___FILE_ONLY___ will
2023-02-05 11:12:24,199 INFO     ___FILE_ONLY___  
2023-02-05 11:12:24,199 INFO     ___FILE_ONLY___ make
2023-02-05 11:12:24,199 INFO     ___FILE_ONLY___  
2023-02-05 11:12:24,199 INFO     ___FILE_ONLY___ it
2023-02-05 11:12:24,199 INFO     ___FILE_ONLY___  
2023-02-05 11:12:24,199 INFO     ___FILE_ONLY___ possible
2023-02-05 11:12:24,199 INFO     ___FILE_ONLY___  
2023-02-05 11:12:24,199 INFO     ___FILE_ONLY___ to
2023-02-05 11:12:24,199 INFO     ___FILE_ONLY___  
2023-02-05 11:12:24,200 INFO     ___FILE_ONLY___ configure
2023-02-05 11:12:24,200 INFO     ___FILE_ONLY___  
2023-02-05 11:12:24,200 INFO     ___FILE_ONLY___ and
2023-02-05 11:12:24,200 INFO     ___FILE_ONLY___  
2023-02-05 11:12:24,200 INFO     ___FILE_ONLY___ delete
2023-02-05 11:12:24,200 INFO     ___FILE_ONLY___  
2023-02-05 11:12:24,200 INFO     ___FILE_ONLY___ fleet
2023-02-05 11:12:24,200 INFO     ___FILE_ONLY___  
2023-02-05 11:12:24,200 INFO     ___FILE_ONLY___ default
2023-02-05 11:12:24,200 INFO     ___FILE_ONLY___ 

2023-02-05 11:12:24,200 INFO     ___FILE_ONLY___         
2023-02-05 11:12:24,200 INFO     ___FILE_ONLY___ membership
2023-02-05 11:12:24,200 INFO     ___FILE_ONLY___  
2023-02-05 11:12:24,200 INFO     ___FILE_ONLY___ configurations.
2023-02-05 11:12:24,201 INFO     ___FILE_ONLY___ 

2023-02-05 11:12:24,201 INFO     ___FILE_ONLY___ 

2023-02-05 11:12:24,201 INFO     ___FILE_ONLY___ [m
2023-02-05 11:12:24,201 INFO     ___FILE_ONLY___   
2023-02-05 11:12:24,201 INFO     ___FILE_ONLY___ [1mApp Engine[m

2023-02-05 11:12:24,201 INFO     ___FILE_ONLY___       ▪
2023-02-05 11:12:24,201 INFO     ___FILE_ONLY___  
2023-02-05 11:12:24,201 INFO     ___FILE_ONLY___ Added
2023-02-05 11:12:24,201 INFO     ___FILE_ONLY___  
2023-02-05 11:12:24,201 INFO     ___FILE_ONLY___ the
2023-02-05 11:12:24,201 INFO     ___FILE_ONLY___  
2023-02-05 11:12:24,201 INFO     ___FILE_ONLY___ [1m--tunnel-through-iap[m
2023-02-05 11:12:24,202 INFO     ___FILE_ONLY___  
2023-02-05 11:12:24,202 INFO     ___FILE_ONLY___ flag
2023-02-05 11:12:24,202 INFO     ___FILE_ONLY___  
2023-02-05 11:12:24,202 INFO     ___FILE_ONLY___ to
2023-02-05 11:12:24,202 INFO     ___FILE_ONLY___  
2023-02-05 11:12:24,202 INFO     ___FILE_ONLY___ [1mgcloud
2023-02-05 11:12:24,202 INFO     ___FILE_ONLY___  
2023-02-05 11:12:24,202 INFO     ___FILE_ONLY___ beta
2023-02-05 11:12:24,202 INFO     ___FILE_ONLY___  
2023-02-05 11:12:24,202 INFO     ___FILE_ONLY___ app
2023-02-05 11:12:24,202 INFO     ___FILE_ONLY___  
2023-02-05 11:12:24,202 INFO     ___FILE_ONLY___ instances
2023-02-05 11:12:24,202 INFO     ___FILE_ONLY___  
2023-02-05 11:12:24,202 INFO     ___FILE_ONLY___ scp[m.
2023-02-05 11:12:24,203 INFO     ___FILE_ONLY___ 

2023-02-05 11:12:24,203 INFO     ___FILE_ONLY___         
2023-02-05 11:12:24,203 INFO     ___FILE_ONLY___ Using
2023-02-05 11:12:24,203 INFO     ___FILE_ONLY___  
2023-02-05 11:12:24,203 INFO     ___FILE_ONLY___ this
2023-02-05 11:12:24,203 INFO     ___FILE_ONLY___  
2023-02-05 11:12:24,203 INFO     ___FILE_ONLY___ flag
2023-02-05 11:12:24,203 INFO     ___FILE_ONLY___  
2023-02-05 11:12:24,203 INFO     ___FILE_ONLY___ lets
2023-02-05 11:12:24,203 INFO     ___FILE_ONLY___  
2023-02-05 11:12:24,203 INFO     ___FILE_ONLY___ you
2023-02-05 11:12:24,203 INFO     ___FILE_ONLY___  
2023-02-05 11:12:24,203 INFO     ___FILE_ONLY___ use
2023-02-05 11:12:24,203 INFO     ___FILE_ONLY___  
2023-02-05 11:12:24,204 INFO     ___FILE_ONLY___ an
2023-02-05 11:12:24,204 INFO     ___FILE_ONLY___  
2023-02-05 11:12:24,204 INFO     ___FILE_ONLY___ Identity-Aware
2023-02-05 11:12:24,204 INFO     ___FILE_ONLY___  
2023-02-05 11:12:24,204 INFO     ___FILE_ONLY___ Proxy
2023-02-05 11:12:24,204 INFO     ___FILE_ONLY___  
2023-02-05 11:12:24,204 INFO     ___FILE_ONLY___ (IAP)
2023-02-05 11:12:24,204 INFO     ___FILE_ONLY___  
2023-02-05 11:12:24,204 INFO     ___FILE_ONLY___ tunnel
2023-02-05 11:12:24,204 INFO     ___FILE_ONLY___  
2023-02-05 11:12:24,204 INFO     ___FILE_ONLY___ when
2023-02-05 11:12:24,204 INFO     ___FILE_ONLY___ 

2023-02-05 11:12:24,204 INFO     ___FILE_ONLY___         
2023-02-05 11:12:24,204 INFO     ___FILE_ONLY___ attempting
2023-02-05 11:12:24,205 INFO     ___FILE_ONLY___  
2023-02-05 11:12:24,205 INFO     ___FILE_ONLY___ to
2023-02-05 11:12:24,205 INFO     ___FILE_ONLY___  
2023-02-05 11:12:24,205 INFO     ___FILE_ONLY___ SCP
2023-02-05 11:12:24,205 INFO     ___FILE_ONLY___  
2023-02-05 11:12:24,205 INFO     ___FILE_ONLY___ to/from
2023-02-05 11:12:24,205 INFO     ___FILE_ONLY___  
2023-02-05 11:12:24,205 INFO     ___FILE_ONLY___ an
2023-02-05 11:12:24,205 INFO     ___FILE_ONLY___  
2023-02-05 11:12:24,205 INFO     ___FILE_ONLY___ App
2023-02-05 11:12:24,205 INFO     ___FILE_ONLY___  
2023-02-05 11:12:24,205 INFO     ___FILE_ONLY___ Engine
2023-02-05 11:12:24,205 INFO     ___FILE_ONLY___  
2023-02-05 11:12:24,205 INFO     ___FILE_ONLY___ flexible
2023-02-05 11:12:24,206 INFO     ___FILE_ONLY___  
2023-02-05 11:12:24,206 INFO     ___FILE_ONLY___ environment
2023-02-05 11:12:24,206 INFO     ___FILE_ONLY___  
2023-02-05 11:12:24,206 INFO     ___FILE_ONLY___ instance
2023-02-05 11:12:24,206 INFO     ___FILE_ONLY___ 

2023-02-05 11:12:24,206 INFO     ___FILE_ONLY___         
2023-02-05 11:12:24,206 INFO     ___FILE_ONLY___ without
2023-02-05 11:12:24,206 INFO     ___FILE_ONLY___  
2023-02-05 11:12:24,206 INFO     ___FILE_ONLY___ an
2023-02-05 11:12:24,206 INFO     ___FILE_ONLY___  
2023-02-05 11:12:24,206 INFO     ___FILE_ONLY___ external
2023-02-05 11:12:24,206 INFO     ___FILE_ONLY___  
2023-02-05 11:12:24,206 INFO     ___FILE_ONLY___ IP
2023-02-05 11:12:24,207 INFO     ___FILE_ONLY___  
2023-02-05 11:12:24,207 INFO     ___FILE_ONLY___ address.
2023-02-05 11:12:24,207 INFO     ___FILE_ONLY___ 

2023-02-05 11:12:24,207 INFO     ___FILE_ONLY___ 

2023-02-05 11:12:24,207 INFO     ___FILE_ONLY___ [m
2023-02-05 11:12:24,207 INFO     ___FILE_ONLY___   
2023-02-05 11:12:24,207 INFO     ___FILE_ONLY___ [1mCloud IAM[m

2023-02-05 11:12:24,207 INFO     ___FILE_ONLY___       ▪
2023-02-05 11:12:24,207 INFO     ___FILE_ONLY___  
2023-02-05 11:12:24,207 INFO     ___FILE_ONLY___ Added
2023-02-05 11:12:24,207 INFO     ___FILE_ONLY___  
2023-02-05 11:12:24,207 INFO     ___FILE_ONLY___ [1mjwk-keys-path[m
2023-02-05 11:12:24,207 INFO     ___FILE_ONLY___  
2023-02-05 11:12:24,208 INFO     ___FILE_ONLY___ to
2023-02-05 11:12:24,208 INFO     ___FILE_ONLY___  
2023-02-05 11:12:24,208 INFO     ___FILE_ONLY___ existing
2023-02-05 11:12:24,208 INFO     ___FILE_ONLY___  
2023-02-05 11:12:24,208 INFO     ___FILE_ONLY___ [1mgcloud
2023-02-05 11:12:24,208 INFO     ___FILE_ONLY___  
2023-02-05 11:12:24,208 INFO     ___FILE_ONLY___ iam
2023-02-05 11:12:24,208 INFO     ___FILE_ONLY___  
2023-02-05 11:12:24,208 INFO     ___FILE_ONLY___ workload-identity-pools
2023-02-05 11:12:24,208 INFO     ___FILE_ONLY___ 

2023-02-05 11:12:24,208 INFO     ___FILE_ONLY___         
2023-02-05 11:12:24,208 INFO     ___FILE_ONLY___ providers
2023-02-05 11:12:24,208 INFO     ___FILE_ONLY___  
2023-02-05 11:12:24,208 INFO     ___FILE_ONLY___ create-oidc|update-oidc[m
2023-02-05 11:12:24,209 INFO     ___FILE_ONLY___  
2023-02-05 11:12:24,209 INFO     ___FILE_ONLY___ to
2023-02-05 11:12:24,209 INFO     ___FILE_ONLY___  
2023-02-05 11:12:24,209 INFO     ___FILE_ONLY___ allow
2023-02-05 11:12:24,209 INFO     ___FILE_ONLY___  
2023-02-05 11:12:24,209 INFO     ___FILE_ONLY___ customer
2023-02-05 11:12:24,209 INFO     ___FILE_ONLY___  
2023-02-05 11:12:24,209 INFO     ___FILE_ONLY___ upload
2023-02-05 11:12:24,209 INFO     ___FILE_ONLY___  
2023-02-05 11:12:24,209 INFO     ___FILE_ONLY___ jwks.
2023-02-05 11:12:24,209 INFO     ___FILE_ONLY___ 

2023-02-05 11:12:24,209 INFO     ___FILE_ONLY___ 

2023-02-05 11:12:24,209 INFO     ___FILE_ONLY___ [m
2023-02-05 11:12:24,209 INFO     ___FILE_ONLY___   
2023-02-05 11:12:24,210 INFO     ___FILE_ONLY___ [1mCloud Run[m

2023-02-05 11:12:24,210 INFO     ___FILE_ONLY___       ▪
2023-02-05 11:12:24,210 INFO     ___FILE_ONLY___  
2023-02-05 11:12:24,210 INFO     ___FILE_ONLY___ Promotes
2023-02-05 11:12:24,210 INFO     ___FILE_ONLY___  
2023-02-05 11:12:24,210 INFO     ___FILE_ONLY___ [1mgcloud
2023-02-05 11:12:24,210 INFO     ___FILE_ONLY___  
2023-02-05 11:12:24,210 INFO     ___FILE_ONLY___ beta
2023-02-05 11:12:24,211 INFO     ___FILE_ONLY___  
2023-02-05 11:12:24,211 INFO     ___FILE_ONLY___ run
2023-02-05 11:12:24,211 INFO     ___FILE_ONLY___  
2023-02-05 11:12:24,211 INFO     ___FILE_ONLY___ jobs
2023-02-05 11:12:24,211 INFO     ___FILE_ONLY___  
2023-02-05 11:12:24,211 INFO     ___FILE_ONLY___ logs
2023-02-05 11:12:24,211 INFO     ___FILE_ONLY___  
2023-02-05 11:12:24,211 INFO     ___FILE_ONLY___ read[m
2023-02-05 11:12:24,212 INFO     ___FILE_ONLY___  
2023-02-05 11:12:24,212 INFO     ___FILE_ONLY___ to
2023-02-05 11:12:24,212 INFO     ___FILE_ONLY___  
2023-02-05 11:12:24,212 INFO     ___FILE_ONLY___ beta,
2023-02-05 11:12:24,212 INFO     ___FILE_ONLY___  
2023-02-05 11:12:24,212 INFO     ___FILE_ONLY___ which
2023-02-05 11:12:24,212 INFO     ___FILE_ONLY___  
2023-02-05 11:12:24,212 INFO     ___FILE_ONLY___ reads
2023-02-05 11:12:24,212 INFO     ___FILE_ONLY___  
2023-02-05 11:12:24,212 INFO     ___FILE_ONLY___ logs
2023-02-05 11:12:24,212 INFO     ___FILE_ONLY___ 

2023-02-05 11:12:24,213 INFO     ___FILE_ONLY___         
2023-02-05 11:12:24,213 INFO     ___FILE_ONLY___ from
2023-02-05 11:12:24,213 INFO     ___FILE_ONLY___  
2023-02-05 11:12:24,213 INFO     ___FILE_ONLY___ a
2023-02-05 11:12:24,213 INFO     ___FILE_ONLY___  
2023-02-05 11:12:24,213 INFO     ___FILE_ONLY___ selected
2023-02-05 11:12:24,213 INFO     ___FILE_ONLY___  
2023-02-05 11:12:24,213 INFO     ___FILE_ONLY___ resource.
2023-02-05 11:12:24,213 INFO     ___FILE_ONLY___ 

2023-02-05 11:12:24,213 INFO     ___FILE_ONLY___       ▪
2023-02-05 11:12:24,213 INFO     ___FILE_ONLY___  
2023-02-05 11:12:24,213 INFO     ___FILE_ONLY___ Promotes
2023-02-05 11:12:24,213 INFO     ___FILE_ONLY___  
2023-02-05 11:12:24,214 INFO     ___FILE_ONLY___ [1mgcloud
2023-02-05 11:12:24,214 INFO     ___FILE_ONLY___  
2023-02-05 11:12:24,214 INFO     ___FILE_ONLY___ beta
2023-02-05 11:12:24,214 INFO     ___FILE_ONLY___  
2023-02-05 11:12:24,214 INFO     ___FILE_ONLY___ run
2023-02-05 11:12:24,214 INFO     ___FILE_ONLY___  
2023-02-05 11:12:24,214 INFO     ___FILE_ONLY___ jobs
2023-02-05 11:12:24,214 INFO     ___FILE_ONLY___  
2023-02-05 11:12:24,214 INFO     ___FILE_ONLY___ logs
2023-02-05 11:12:24,214 INFO     ___FILE_ONLY___  
2023-02-05 11:12:24,214 INFO     ___FILE_ONLY___ tail[m
2023-02-05 11:12:24,214 INFO     ___FILE_ONLY___  
2023-02-05 11:12:24,214 INFO     ___FILE_ONLY___ to
2023-02-05 11:12:24,214 INFO     ___FILE_ONLY___  
2023-02-05 11:12:24,214 INFO     ___FILE_ONLY___ beta,
2023-02-05 11:12:24,215 INFO     ___FILE_ONLY___  
2023-02-05 11:12:24,215 INFO     ___FILE_ONLY___ which
2023-02-05 11:12:24,215 INFO     ___FILE_ONLY___  
2023-02-05 11:12:24,215 INFO     ___FILE_ONLY___ tail
2023-02-05 11:12:24,215 INFO     ___FILE_ONLY___  
2023-02-05 11:12:24,215 INFO     ___FILE_ONLY___ logs
2023-02-05 11:12:24,215 INFO     ___FILE_ONLY___  
2023-02-05 11:12:24,215 INFO     ___FILE_ONLY___ from
2023-02-05 11:12:24,215 INFO     ___FILE_ONLY___ 

2023-02-05 11:12:24,215 INFO     ___FILE_ONLY___         
2023-02-05 11:12:24,215 INFO     ___FILE_ONLY___ a
2023-02-05 11:12:24,215 INFO     ___FILE_ONLY___  
2023-02-05 11:12:24,215 INFO     ___FILE_ONLY___ selected
2023-02-05 11:12:24,215 INFO     ___FILE_ONLY___  
2023-02-05 11:12:24,215 INFO     ___FILE_ONLY___ resource.
2023-02-05 11:12:24,216 INFO     ___FILE_ONLY___ 

2023-02-05 11:12:24,216 INFO     ___FILE_ONLY___ 

2023-02-05 11:12:24,216 INFO     ___FILE_ONLY___ [m
2023-02-05 11:12:24,216 INFO     ___FILE_ONLY___   
2023-02-05 11:12:24,216 INFO     ___FILE_ONLY___ [1mCloud SQL[m

2023-02-05 11:12:24,216 INFO     ___FILE_ONLY___       ▪
2023-02-05 11:12:24,216 INFO     ___FILE_ONLY___  
2023-02-05 11:12:24,216 INFO     ___FILE_ONLY___ Promoted
2023-02-05 11:12:24,216 INFO     ___FILE_ONLY___  
2023-02-05 11:12:24,216 INFO     ___FILE_ONLY___ [1mgcloud
2023-02-05 11:12:24,216 INFO     ___FILE_ONLY___  
2023-02-05 11:12:24,216 INFO     ___FILE_ONLY___ sql
2023-02-05 11:12:24,217 INFO     ___FILE_ONLY___  
2023-02-05 11:12:24,217 INFO     ___FILE_ONLY___ users
2023-02-05 11:12:24,217 INFO     ___FILE_ONLY___  
2023-02-05 11:12:24,217 INFO     ___FILE_ONLY___ describe[m
2023-02-05 11:12:24,217 INFO     ___FILE_ONLY___  
2023-02-05 11:12:24,217 INFO     ___FILE_ONLY___ command
2023-02-05 11:12:24,217 INFO     ___FILE_ONLY___  
2023-02-05 11:12:24,217 INFO     ___FILE_ONLY___ to
2023-02-05 11:12:24,217 INFO     ___FILE_ONLY___  
2023-02-05 11:12:24,217 INFO     ___FILE_ONLY___ GA.
2023-02-05 11:12:24,217 INFO     ___FILE_ONLY___ 

2023-02-05 11:12:24,217 INFO     ___FILE_ONLY___ 

2023-02-05 11:12:24,217 INFO     ___FILE_ONLY___ [m
2023-02-05 11:12:24,217 INFO     ___FILE_ONLY___   
2023-02-05 11:12:24,218 INFO     ___FILE_ONLY___ [1mCloud Storage[m

2023-02-05 11:12:24,218 INFO     ___FILE_ONLY___       ▪
2023-02-05 11:12:24,218 INFO     ___FILE_ONLY___  
2023-02-05 11:12:24,218 INFO     ___FILE_ONLY___ Updated
2023-02-05 11:12:24,218 INFO     ___FILE_ONLY___  
2023-02-05 11:12:24,218 INFO     ___FILE_ONLY___ gsutil
2023-02-05 11:12:24,218 INFO     ___FILE_ONLY___  
2023-02-05 11:12:24,218 INFO     ___FILE_ONLY___ component
2023-02-05 11:12:24,218 INFO     ___FILE_ONLY___  
2023-02-05 11:12:24,218 INFO     ___FILE_ONLY___ to
2023-02-05 11:12:24,218 INFO     ___FILE_ONLY___  
2023-02-05 11:12:24,218 INFO     ___FILE_ONLY___ 5.19.
2023-02-05 11:12:24,218 INFO     ___FILE_ONLY___ 

2023-02-05 11:12:24,218 INFO     ___FILE_ONLY___         ◆
2023-02-05 11:12:24,219 INFO     ___FILE_ONLY___  
2023-02-05 11:12:24,219 INFO     ___FILE_ONLY___ Fixed
2023-02-05 11:12:24,219 INFO     ___FILE_ONLY___  
2023-02-05 11:12:24,219 INFO     ___FILE_ONLY___ an
2023-02-05 11:12:24,219 INFO     ___FILE_ONLY___  
2023-02-05 11:12:24,219 INFO     ___FILE_ONLY___ issue
2023-02-05 11:12:24,219 INFO     ___FILE_ONLY___  
2023-02-05 11:12:24,219 INFO     ___FILE_ONLY___ causing
2023-02-05 11:12:24,219 INFO     ___FILE_ONLY___  
2023-02-05 11:12:24,219 INFO     ___FILE_ONLY___ parallel
2023-02-05 11:12:24,219 INFO     ___FILE_ONLY___  
2023-02-05 11:12:24,219 INFO     ___FILE_ONLY___ transfer
2023-02-05 11:12:24,219 INFO     ___FILE_ONLY___  
2023-02-05 11:12:24,219 INFO     ___FILE_ONLY___ commands
2023-02-05 11:12:24,219 INFO     ___FILE_ONLY___  
2023-02-05 11:12:24,220 INFO     ___FILE_ONLY___ to
2023-02-05 11:12:24,220 INFO     ___FILE_ONLY___  
2023-02-05 11:12:24,220 INFO     ___FILE_ONLY___ require
2023-02-05 11:12:24,220 INFO     ___FILE_ONLY___ 

2023-02-05 11:12:24,220 INFO     ___FILE_ONLY___           
2023-02-05 11:12:24,220 INFO     ___FILE_ONLY___ elevated
2023-02-05 11:12:24,220 INFO     ___FILE_ONLY___  
2023-02-05 11:12:24,220 INFO     ___FILE_ONLY___ permissions.
2023-02-05 11:12:24,220 INFO     ___FILE_ONLY___ 

2023-02-05 11:12:24,220 INFO     ___FILE_ONLY___ 

2023-02-05 11:12:24,220 INFO     ___FILE_ONLY___ [m
2023-02-05 11:12:24,220 INFO     ___FILE_ONLY___   
2023-02-05 11:12:24,220 INFO     ___FILE_ONLY___ [1mCompute Engine[m

2023-02-05 11:12:24,221 INFO     ___FILE_ONLY___       ▪
2023-02-05 11:12:24,221 INFO     ___FILE_ONLY___  
2023-02-05 11:12:24,221 INFO     ___FILE_ONLY___ Modified
2023-02-05 11:12:24,221 INFO     ___FILE_ONLY___  
2023-02-05 11:12:24,221 INFO     ___FILE_ONLY___ [1mgcloud
2023-02-05 11:12:24,221 INFO     ___FILE_ONLY___  
2023-02-05 11:12:24,221 INFO     ___FILE_ONLY___ compute
2023-02-05 11:12:24,221 INFO     ___FILE_ONLY___  
2023-02-05 11:12:24,221 INFO     ___FILE_ONLY___ instance-groups
2023-02-05 11:12:24,221 INFO     ___FILE_ONLY___  
2023-02-05 11:12:24,221 INFO     ___FILE_ONLY___ managed
2023-02-05 11:12:24,221 INFO     ___FILE_ONLY___  
2023-02-05 11:12:24,222 INFO     ___FILE_ONLY___ update[m
2023-02-05 11:12:24,222 INFO     ___FILE_ONLY___  
2023-02-05 11:12:24,222 INFO     ___FILE_ONLY___ to
2023-02-05 11:12:24,222 INFO     ___FILE_ONLY___  
2023-02-05 11:12:24,222 INFO     ___FILE_ONLY___ support
2023-02-05 11:12:24,222 INFO     ___FILE_ONLY___ 

2023-02-05 11:12:24,222 INFO     ___FILE_ONLY___         
2023-02-05 11:12:24,222 INFO     ___FILE_ONLY___ relative
2023-02-05 11:12:24,223 INFO     ___FILE_ONLY___  
2023-02-05 11:12:24,223 INFO     ___FILE_ONLY___ path
2023-02-05 11:12:24,223 INFO     ___FILE_ONLY___  
2023-02-05 11:12:24,223 INFO     ___FILE_ONLY___ for
2023-02-05 11:12:24,223 INFO     ___FILE_ONLY___  
2023-02-05 11:12:24,223 INFO     ___FILE_ONLY___ regional
2023-02-05 11:12:24,223 INFO     ___FILE_ONLY___  
2023-02-05 11:12:24,223 INFO     ___FILE_ONLY___ health
2023-02-05 11:12:24,223 INFO     ___FILE_ONLY___  
2023-02-05 11:12:24,223 INFO     ___FILE_ONLY___ check.
2023-02-05 11:12:24,223 INFO     ___FILE_ONLY___ 

2023-02-05 11:12:24,223 INFO     ___FILE_ONLY___       ▪
2023-02-05 11:12:24,224 INFO     ___FILE_ONLY___  
2023-02-05 11:12:24,224 INFO     ___FILE_ONLY___ Added
2023-02-05 11:12:24,224 INFO     ___FILE_ONLY___  
2023-02-05 11:12:24,224 INFO     ___FILE_ONLY___ [1m--allow-psc-global-access[m
2023-02-05 11:12:24,224 INFO     ___FILE_ONLY___  
2023-02-05 11:12:24,224 INFO     ___FILE_ONLY___ flag
2023-02-05 11:12:24,224 INFO     ___FILE_ONLY___  
2023-02-05 11:12:24,224 INFO     ___FILE_ONLY___ of
2023-02-05 11:12:24,225 INFO     ___FILE_ONLY___  
2023-02-05 11:12:24,225 INFO     ___FILE_ONLY___ [1mgcloud
2023-02-05 11:12:24,225 INFO     ___FILE_ONLY___  
2023-02-05 11:12:24,225 INFO     ___FILE_ONLY___ compute
2023-02-05 11:12:24,225 INFO     ___FILE_ONLY___ 

2023-02-05 11:12:24,225 INFO     ___FILE_ONLY___         
2023-02-05 11:12:24,225 INFO     ___FILE_ONLY___ forwarding-rules
2023-02-05 11:12:24,225 INFO     ___FILE_ONLY___  
2023-02-05 11:12:24,225 INFO     ___FILE_ONLY___ <create|update>[m
2023-02-05 11:12:24,225 INFO     ___FILE_ONLY___  
2023-02-05 11:12:24,225 INFO     ___FILE_ONLY___ to
2023-02-05 11:12:24,225 INFO     ___FILE_ONLY___  
2023-02-05 11:12:24,225 INFO     ___FILE_ONLY___ beta.
2023-02-05 11:12:24,225 INFO     ___FILE_ONLY___ 

2023-02-05 11:12:24,226 INFO     ___FILE_ONLY___       ▪
2023-02-05 11:12:24,226 INFO     ___FILE_ONLY___  
2023-02-05 11:12:24,226 INFO     ___FILE_ONLY___ Promoted
2023-02-05 11:12:24,226 INFO     ___FILE_ONLY___  
2023-02-05 11:12:24,226 INFO     ___FILE_ONLY___ [1mgcloud
2023-02-05 11:12:24,226 INFO     ___FILE_ONLY___  
2023-02-05 11:12:24,226 INFO     ___FILE_ONLY___ compute
2023-02-05 11:12:24,226 INFO     ___FILE_ONLY___  
2023-02-05 11:12:24,226 INFO     ___FILE_ONLY___ resource-policies
2023-02-05 11:12:24,226 INFO     ___FILE_ONLY___  
2023-02-05 11:12:24,226 INFO     ___FILE_ONLY___ update
2023-02-05 11:12:24,226 INFO     ___FILE_ONLY___  
2023-02-05 11:12:24,226 INFO     ___FILE_ONLY___ snapshot-schedule[m
2023-02-05 11:12:24,227 INFO     ___FILE_ONLY___  
2023-02-05 11:12:24,227 INFO     ___FILE_ONLY___ to
2023-02-05 11:12:24,227 INFO     ___FILE_ONLY___ 

2023-02-05 11:12:24,227 INFO     ___FILE_ONLY___         
2023-02-05 11:12:24,227 INFO     ___FILE_ONLY___ beta.
2023-02-05 11:12:24,227 INFO     ___FILE_ONLY___ 

2023-02-05 11:12:24,227 INFO     ___FILE_ONLY___ 

2023-02-05 11:12:24,227 INFO     ___FILE_ONLY___ [m
2023-02-05 11:12:24,227 INFO     ___FILE_ONLY___   
2023-02-05 11:12:24,227 INFO     ___FILE_ONLY___ [1mConfig Controller[m

2023-02-05 11:12:24,227 INFO     ___FILE_ONLY___       ▪
2023-02-05 11:12:24,227 INFO     ___FILE_ONLY___  
2023-02-05 11:12:24,228 INFO     ___FILE_ONLY___ Fixed
2023-02-05 11:12:24,228 INFO     ___FILE_ONLY___  
2023-02-05 11:12:24,228 INFO     ___FILE_ONLY___ issue
2023-02-05 11:12:24,228 INFO     ___FILE_ONLY___  
2023-02-05 11:12:24,228 INFO     ___FILE_ONLY___ where
2023-02-05 11:12:24,228 INFO     ___FILE_ONLY___  
2023-02-05 11:12:24,228 INFO     ___FILE_ONLY___ [1m--full-management[m
2023-02-05 11:12:24,228 INFO     ___FILE_ONLY___  
2023-02-05 11:12:24,228 INFO     ___FILE_ONLY___ flag
2023-02-05 11:12:24,228 INFO     ___FILE_ONLY___  
2023-02-05 11:12:24,228 INFO     ___FILE_ONLY___ doesn't
2023-02-05 11:12:24,228 INFO     ___FILE_ONLY___  
2023-02-05 11:12:24,228 INFO     ___FILE_ONLY___ take
2023-02-05 11:12:24,228 INFO     ___FILE_ONLY___  
2023-02-05 11:12:24,229 INFO     ___FILE_ONLY___ effect.
2023-02-05 11:12:24,229 INFO     ___FILE_ONLY___ 

2023-02-05 11:12:24,229 INFO     ___FILE_ONLY___ 

2023-02-05 11:12:24,229 INFO     ___FILE_ONLY___ [m
2023-02-05 11:12:24,229 INFO     ___FILE_ONLY___   
2023-02-05 11:12:24,229 INFO     ___FILE_ONLY___ [1mImmersive Stream[m

2023-02-05 11:12:24,229 INFO     ___FILE_ONLY___       ▪
2023-02-05 11:12:24,229 INFO     ___FILE_ONLY___  
2023-02-05 11:12:24,229 INFO     ___FILE_ONLY___ Promoted
2023-02-05 11:12:24,229 INFO     ___FILE_ONLY___  
2023-02-05 11:12:24,229 INFO     ___FILE_ONLY___ [1mgcloud
2023-02-05 11:12:24,229 INFO     ___FILE_ONLY___  
2023-02-05 11:12:24,229 INFO     ___FILE_ONLY___ immersive-stream
2023-02-05 11:12:24,230 INFO     ___FILE_ONLY___  
2023-02-05 11:12:24,230 INFO     ___FILE_ONLY___ xr[m
2023-02-05 11:12:24,230 INFO     ___FILE_ONLY___  
2023-02-05 11:12:24,230 INFO     ___FILE_ONLY___ to
2023-02-05 11:12:24,230 INFO     ___FILE_ONLY___  
2023-02-05 11:12:24,230 INFO     ___FILE_ONLY___ GA.
2023-02-05 11:12:24,230 INFO     ___FILE_ONLY___ 

2023-02-05 11:12:24,230 INFO     ___FILE_ONLY___ 

2023-02-05 11:12:24,230 INFO     ___FILE_ONLY___ [m
2023-02-05 11:12:24,230 INFO     ___FILE_ONLY___   
2023-02-05 11:12:24,230 INFO     ___FILE_ONLY___ [1mKubernetes Engine[m

2023-02-05 11:12:24,230 INFO     ___FILE_ONLY___       ▪
2023-02-05 11:12:24,230 INFO     ___FILE_ONLY___  
2023-02-05 11:12:24,230 INFO     ___FILE_ONLY___ Updates
2023-02-05 11:12:24,231 INFO     ___FILE_ONLY___  
2023-02-05 11:12:24,231 INFO     ___FILE_ONLY___ default
2023-02-05 11:12:24,231 INFO     ___FILE_ONLY___  
2023-02-05 11:12:24,231 INFO     ___FILE_ONLY___ kubectl
2023-02-05 11:12:24,231 INFO     ___FILE_ONLY___  
2023-02-05 11:12:24,231 INFO     ___FILE_ONLY___ from
2023-02-05 11:12:24,231 INFO     ___FILE_ONLY___  
2023-02-05 11:12:24,231 INFO     ___FILE_ONLY___ 1.24.9
2023-02-05 11:12:24,231 INFO     ___FILE_ONLY___  
2023-02-05 11:12:24,231 INFO     ___FILE_ONLY___ to
2023-02-05 11:12:24,231 INFO     ___FILE_ONLY___  
2023-02-05 11:12:24,231 INFO     ___FILE_ONLY___ 1.24.10.
2023-02-05 11:12:24,231 INFO     ___FILE_ONLY___ 

2023-02-05 11:12:24,231 INFO     ___FILE_ONLY___       ▪
2023-02-05 11:12:24,231 INFO     ___FILE_ONLY___  
2023-02-05 11:12:24,232 INFO     ___FILE_ONLY___ Additional
2023-02-05 11:12:24,232 INFO     ___FILE_ONLY___  
2023-02-05 11:12:24,232 INFO     ___FILE_ONLY___ kubectl
2023-02-05 11:12:24,232 INFO     ___FILE_ONLY___  
2023-02-05 11:12:24,232 INFO     ___FILE_ONLY___ versions:
2023-02-05 11:12:24,232 INFO     ___FILE_ONLY___ 

2023-02-05 11:12:24,232 INFO     ___FILE_ONLY___         ◆
2023-02-05 11:12:24,232 INFO     ___FILE_ONLY___  
2023-02-05 11:12:24,232 INFO     ___FILE_ONLY___ kubectl.1.21
2023-02-05 11:12:24,232 INFO     ___FILE_ONLY___  
2023-02-05 11:12:24,232 INFO     ___FILE_ONLY___ (1.21.14)
2023-02-05 11:12:24,232 INFO     ___FILE_ONLY___ 

2023-02-05 11:12:24,232 INFO     ___FILE_ONLY___         ◆
2023-02-05 11:12:24,233 INFO     ___FILE_ONLY___  
2023-02-05 11:12:24,233 INFO     ___FILE_ONLY___ kubectl.1.22
2023-02-05 11:12:24,233 INFO     ___FILE_ONLY___  
2023-02-05 11:12:24,233 INFO     ___FILE_ONLY___ (1.22.17)
2023-02-05 11:12:24,233 INFO     ___FILE_ONLY___ 

2023-02-05 11:12:24,233 INFO     ___FILE_ONLY___         ◆
2023-02-05 11:12:24,233 INFO     ___FILE_ONLY___  
2023-02-05 11:12:24,233 INFO     ___FILE_ONLY___ kubectl.1.23
2023-02-05 11:12:24,233 INFO     ___FILE_ONLY___  
2023-02-05 11:12:24,233 INFO     ___FILE_ONLY___ (1.23.16)
2023-02-05 11:12:24,233 INFO     ___FILE_ONLY___ 

2023-02-05 11:12:24,233 INFO     ___FILE_ONLY___         ◆
2023-02-05 11:12:24,233 INFO     ___FILE_ONLY___  
2023-02-05 11:12:24,234 INFO     ___FILE_ONLY___ kubectl.1.24
2023-02-05 11:12:24,234 INFO     ___FILE_ONLY___  
2023-02-05 11:12:24,234 INFO     ___FILE_ONLY___ (1.24.10)
2023-02-05 11:12:24,234 INFO     ___FILE_ONLY___ 

2023-02-05 11:12:24,234 INFO     ___FILE_ONLY___         ◆
2023-02-05 11:12:24,234 INFO     ___FILE_ONLY___  
2023-02-05 11:12:24,234 INFO     ___FILE_ONLY___ kubectl.1.25
2023-02-05 11:12:24,234 INFO     ___FILE_ONLY___  
2023-02-05 11:12:24,234 INFO     ___FILE_ONLY___ (1.25.6)
2023-02-05 11:12:24,234 INFO     ___FILE_ONLY___ 

2023-02-05 11:12:24,234 INFO     ___FILE_ONLY___         ◆
2023-02-05 11:12:24,234 INFO     ___FILE_ONLY___  
2023-02-05 11:12:24,234 INFO     ___FILE_ONLY___ kubectl.1.26
2023-02-05 11:12:24,234 INFO     ___FILE_ONLY___  
2023-02-05 11:12:24,235 INFO     ___FILE_ONLY___ (1.26.1)
2023-02-05 11:12:24,235 INFO     ___FILE_ONLY___ 

2023-02-05 11:12:24,235 INFO     ___FILE_ONLY___ 

2023-02-05 11:12:24,235 INFO     ___FILE_ONLY___    
2023-02-05 11:12:24,235 INFO     ___FILE_ONLY___  
2023-02-05 11:12:24,235 INFO     ___FILE_ONLY___ Subscribe
2023-02-05 11:12:24,235 INFO     ___FILE_ONLY___  
2023-02-05 11:12:24,235 INFO     ___FILE_ONLY___ to
2023-02-05 11:12:24,235 INFO     ___FILE_ONLY___  
2023-02-05 11:12:24,235 INFO     ___FILE_ONLY___ these
2023-02-05 11:12:24,235 INFO     ___FILE_ONLY___  
2023-02-05 11:12:24,235 INFO     ___FILE_ONLY___ release
2023-02-05 11:12:24,235 INFO     ___FILE_ONLY___  
2023-02-05 11:12:24,236 INFO     ___FILE_ONLY___ notes
2023-02-05 11:12:24,236 INFO     ___FILE_ONLY___  
2023-02-05 11:12:24,236 INFO     ___FILE_ONLY___ at
2023-02-05 11:12:24,236 INFO     ___FILE_ONLY___ 

2023-02-05 11:12:24,236 INFO     ___FILE_ONLY___     
2023-02-05 11:12:24,236 INFO     ___FILE_ONLY___ https://groups.google.com/forum/#!forum/google-cloud-sdk-announce
2023-02-05 11:12:24,236 INFO     ___FILE_ONLY___ 

2023-02-05 11:12:24,236 INFO     ___FILE_ONLY___     
2023-02-05 11:12:24,236 INFO     ___FILE_ONLY___ (https://groups.google.com/forum/#!forum/google-cloud-sdk-announce).
2023-02-05 11:12:24,236 INFO     ___FILE_ONLY___ 

2023-02-05 11:12:24,236 INFO     ___FILE_ONLY___ [m
2023-02-05 11:12:24,236 INFO     ___FILE_ONLY___ 

2023-02-05 11:12:25,688 INFO     ___FILE_ONLY___ ╔════════════════════════════════════════════════════════════╗

2023-02-05 11:12:25,688 INFO     ___FILE_ONLY___ ╠═ Creating update staging area                             ═╣

2023-02-05 11:12:25,688 INFO     ___FILE_ONLY___ ╚
2023-02-05 11:12:25,688 INFO     ___FILE_ONLY___ ══════
2023-02-05 11:12:27,463 INFO     ___FILE_ONLY___ ══════
2023-02-05 11:12:27,463 INFO     ___FILE_ONLY___ ══════
2023-02-05 11:12:28,265 INFO     ___FILE_ONLY___ ═
2023-02-05 11:12:28,578 INFO     ___FILE_ONLY___ ═
2023-02-05 11:12:29,098 INFO     ___FILE_ONLY___ ═
2023-02-05 11:12:29,449 INFO     ___FILE_ONLY___ ═
2023-02-05 11:12:29,848 INFO     ___FILE_ONLY___ ═
2023-02-05 11:12:30,118 INFO     ___FILE_ONLY___ ═
2023-02-05 11:12:30,256 INFO     ___FILE_ONLY___ ═
2023-02-05 11:12:30,513 INFO     ___FILE_ONLY___ ═
2023-02-05 11:12:30,734 INFO     ___FILE_ONLY___ ═
2023-02-05 11:12:30,985 INFO     ___FILE_ONLY___ ═
2023-02-05 11:12:31,499 INFO     ___FILE_ONLY___ ═
2023-02-05 11:12:31,727 INFO     ___FILE_ONLY___ ═
2023-02-05 11:12:32,051 INFO     ___FILE_ONLY___ ═
2023-02-05 11:12:32,326 INFO     ___FILE_ONLY___ ═
2023-02-05 11:12:32,486 INFO     ___FILE_ONLY___ ═
2023-02-05 11:12:32,687 INFO     ___FILE_ONLY___ ═
2023-02-05 11:12:32,861 INFO     ___FILE_ONLY___ ═
2023-02-05 11:12:33,431 INFO     ___FILE_ONLY___ ═
2023-02-05 11:12:33,630 INFO     ___FILE_ONLY___ ═
2023-02-05 11:12:33,823 INFO     ___FILE_ONLY___ ═
2023-02-05 11:12:34,008 INFO     ___FILE_ONLY___ ═
2023-02-05 11:12:34,163 INFO     ___FILE_ONLY___ ═
2023-02-05 11:12:34,314 INFO     ___FILE_ONLY___ ═
2023-02-05 11:12:34,477 INFO     ___FILE_ONLY___ ═
2023-02-05 11:12:34,628 INFO     ___FILE_ONLY___ ═
2023-02-05 11:12:34,811 INFO     ___FILE_ONLY___ ═
2023-02-05 11:12:34,971 INFO     ___FILE_ONLY___ ═
2023-02-05 11:12:35,134 INFO     ___FILE_ONLY___ ═
2023-02-05 11:12:35,281 INFO     ___FILE_ONLY___ ═
2023-02-05 11:12:35,494 INFO     ___FILE_ONLY___ ═
2023-02-05 11:12:35,700 INFO     ___FILE_ONLY___ ═
2023-02-05 11:12:35,868 INFO     ___FILE_ONLY___ ═
2023-02-05 11:12:36,040 INFO     ___FILE_ONLY___ ═
2023-02-05 11:12:36,229 INFO     ___FILE_ONLY___ ═
2023-02-05 11:12:36,439 INFO     ___FILE_ONLY___ ═
2023-02-05 11:12:36,653 INFO     ___FILE_ONLY___ ═
2023-02-05 11:12:36,887 INFO     ___FILE_ONLY___ ═
2023-02-05 11:12:37,100 INFO     ___FILE_ONLY___ ═
2023-02-05 11:12:37,245 INFO     ___FILE_ONLY___ ═
2023-02-05 11:12:37,541 INFO     ___FILE_ONLY___ ═
2023-02-05 11:12:37,706 INFO     ___FILE_ONLY___ ═
2023-02-05 11:12:37,882 INFO     ___FILE_ONLY___ ═
2023-02-05 11:12:37,882 INFO     ___FILE_ONLY___ ╝
2023-02-05 11:12:44,780 INFO     ___FILE_ONLY___ ╠════════════════════════════════════════════════════════════╣

2023-02-05 11:12:44,780 INFO     ___FILE_ONLY___ ╠═ Uninstalling: Cloud Storage Command Line Tool            ═╣

2023-02-05 11:12:44,780 INFO     ___FILE_ONLY___ ╚
2023-02-05 11:12:44,784 INFO     ___FILE_ONLY___ ═
2023-02-05 11:12:44,787 INFO     ___FILE_ONLY___ ═
2023-02-05 11:12:44,790 INFO     ___FILE_ONLY___ ═
2023-02-05 11:12:44,795 INFO     ___FILE_ONLY___ ═
2023-02-05 11:12:44,799 INFO     ___FILE_ONLY___ ═
2023-02-05 11:12:44,802 INFO     ___FILE_ONLY___ ═
2023-02-05 11:12:44,806 INFO     ___FILE_ONLY___ ═
2023-02-05 11:12:44,810 INFO     ___FILE_ONLY___ ═
2023-02-05 11:12:44,814 INFO     ___FILE_ONLY___ ═
2023-02-05 11:12:44,818 INFO     ___FILE_ONLY___ ═
2023-02-05 11:12:44,822 INFO     ___FILE_ONLY___ ═
2023-02-05 11:12:44,826 INFO     ___FILE_ONLY___ ═
2023-02-05 11:12:44,830 INFO     ___FILE_ONLY___ ═
2023-02-05 11:12:44,834 INFO     ___FILE_ONLY___ ═
2023-02-05 11:12:44,837 INFO     ___FILE_ONLY___ ═
2023-02-05 11:12:44,842 INFO     ___FILE_ONLY___ ═
2023-02-05 11:12:44,845 INFO     ___FILE_ONLY___ ═
2023-02-05 11:12:44,848 INFO     ___FILE_ONLY___ ═
2023-02-05 11:12:44,851 INFO     ___FILE_ONLY___ ═
2023-02-05 11:12:44,854 INFO     ___FILE_ONLY___ ═
2023-02-05 11:12:44,857 INFO     ___FILE_ONLY___ ═
2023-02-05 11:12:44,861 INFO     ___FILE_ONLY___ ═
2023-02-05 11:12:44,864 INFO     ___FILE_ONLY___ ═
2023-02-05 11:12:44,868 INFO     ___FILE_ONLY___ ═
2023-02-05 11:12:44,871 INFO     ___FILE_ONLY___ ═
2023-02-05 11:12:44,875 INFO     ___FILE_ONLY___ ═
2023-02-05 11:12:44,878 INFO     ___FILE_ONLY___ ═
2023-02-05 11:12:44,881 INFO     ___FILE_ONLY___ ═
2023-02-05 11:12:44,885 INFO     ___FILE_ONLY___ ═
2023-02-05 11:12:44,889 INFO     ___FILE_ONLY___ ═
2023-02-05 11:12:44,892 INFO     ___FILE_ONLY___ ═
2023-02-05 11:12:44,895 INFO     ___FILE_ONLY___ ═
2023-02-05 11:12:44,899 INFO     ___FILE_ONLY___ ═
2023-02-05 11:12:44,902 INFO     ___FILE_ONLY___ ═
2023-02-05 11:12:44,906 INFO     ___FILE_ONLY___ ═
2023-02-05 11:12:44,909 INFO     ___FILE_ONLY___ ═
2023-02-05 11:12:44,913 INFO     ___FILE_ONLY___ ═
2023-02-05 11:12:44,916 INFO     ___FILE_ONLY___ ═
2023-02-05 11:12:44,920 INFO     ___FILE_ONLY___ ═
2023-02-05 11:12:44,924 INFO     ___FILE_ONLY___ ═
2023-02-05 11:12:44,928 INFO     ___FILE_ONLY___ ═
2023-02-05 11:12:44,932 INFO     ___FILE_ONLY___ ═
2023-02-05 11:12:44,936 INFO     ___FILE_ONLY___ ═
2023-02-05 11:12:44,939 INFO     ___FILE_ONLY___ ═
2023-02-05 11:12:44,943 INFO     ___FILE_ONLY___ ═
2023-02-05 11:12:44,947 INFO     ___FILE_ONLY___ ═
2023-02-05 11:12:44,952 INFO     ___FILE_ONLY___ ═
2023-02-05 11:12:44,958 INFO     ___FILE_ONLY___ ═
2023-02-05 11:12:44,962 INFO     ___FILE_ONLY___ ═
2023-02-05 11:12:44,966 INFO     ___FILE_ONLY___ ═
2023-02-05 11:12:44,969 INFO     ___FILE_ONLY___ ═
2023-02-05 11:12:44,973 INFO     ___FILE_ONLY___ ═
2023-02-05 11:12:44,976 INFO     ___FILE_ONLY___ ═
2023-02-05 11:12:44,980 INFO     ___FILE_ONLY___ ═
2023-02-05 11:12:44,983 INFO     ___FILE_ONLY___ ═
2023-02-05 11:12:44,986 INFO     ___FILE_ONLY___ ═
2023-02-05 11:12:44,989 INFO     ___FILE_ONLY___ ═
2023-02-05 11:12:44,993 INFO     ___FILE_ONLY___ ═
2023-02-05 11:12:44,997 INFO     ___FILE_ONLY___ ═
2023-02-05 11:12:45,001 INFO     ___FILE_ONLY___ ═
2023-02-05 11:12:45,001 INFO     ___FILE_ONLY___ ╝
2023-02-05 11:12:45,088 INFO     ___FILE_ONLY___ ╠════════════════════════════════════════════════════════════╣

2023-02-05 11:12:45,088 INFO     ___FILE_ONLY___ ╠═ Uninstalling: Google Cloud CLI Core Libraries            ═╣

2023-02-05 11:12:45,088 INFO     ___FILE_ONLY___ ╚
2023-02-05 11:12:45,098 INFO     ___FILE_ONLY___ ═
2023-02-05 11:12:45,106 INFO     ___FILE_ONLY___ ═
2023-02-05 11:12:45,114 INFO     ___FILE_ONLY___ ═
2023-02-05 11:12:45,120 INFO     ___FILE_ONLY___ ═
2023-02-05 11:12:45,128 INFO     ___FILE_ONLY___ ═
2023-02-05 11:12:45,137 INFO     ___FILE_ONLY___ ═
2023-02-05 11:12:45,144 INFO     ___FILE_ONLY___ ═
2023-02-05 11:12:45,151 INFO     ___FILE_ONLY___ ═
2023-02-05 11:12:45,159 INFO     ___FILE_ONLY___ ═
2023-02-05 11:12:45,166 INFO     ___FILE_ONLY___ ═
2023-02-05 11:12:45,173 INFO     ___FILE_ONLY___ ═
2023-02-05 11:12:45,180 INFO     ___FILE_ONLY___ ═
2023-02-05 11:12:45,186 INFO     ___FILE_ONLY___ ═
2023-02-05 11:12:45,194 INFO     ___FILE_ONLY___ ═
2023-02-05 11:12:45,201 INFO     ___FILE_ONLY___ ═
2023-02-05 11:12:45,212 INFO     ___FILE_ONLY___ ═
2023-02-05 11:12:45,221 INFO     ___FILE_ONLY___ ═
2023-02-05 11:12:45,230 INFO     ___FILE_ONLY___ ═
2023-02-05 11:12:45,240 INFO     ___FILE_ONLY___ ═
2023-02-05 11:12:45,249 INFO     ___FILE_ONLY___ ═
2023-02-05 11:12:45,256 INFO     ___FILE_ONLY___ ═
2023-02-05 11:12:45,266 INFO     ___FILE_ONLY___ ═
2023-02-05 11:12:45,276 INFO     ___FILE_ONLY___ ═
2023-02-05 11:12:45,285 INFO     ___FILE_ONLY___ ═
2023-02-05 11:12:45,295 INFO     ___FILE_ONLY___ ═
2023-02-05 11:12:45,301 INFO     ___FILE_ONLY___ ═
2023-02-05 11:12:45,308 INFO     ___FILE_ONLY___ ═
2023-02-05 11:12:45,315 INFO     ___FILE_ONLY___ ═
2023-02-05 11:12:45,321 INFO     ___FILE_ONLY___ ═
2023-02-05 11:12:45,329 INFO     ___FILE_ONLY___ ═
2023-02-05 11:12:45,336 INFO     ___FILE_ONLY___ ═
2023-02-05 11:12:45,343 INFO     ___FILE_ONLY___ ═
2023-02-05 11:12:45,350 INFO     ___FILE_ONLY___ ═
2023-02-05 11:12:45,359 INFO     ___FILE_ONLY___ ═
2023-02-05 11:12:45,366 INFO     ___FILE_ONLY___ ═
2023-02-05 11:12:45,373 INFO     ___FILE_ONLY___ ═
2023-02-05 11:12:45,380 INFO     ___FILE_ONLY___ ═
2023-02-05 11:12:45,387 INFO     ___FILE_ONLY___ ═
2023-02-05 11:12:45,395 INFO     ___FILE_ONLY___ ═
2023-02-05 11:12:45,402 INFO     ___FILE_ONLY___ ═
2023-02-05 11:12:45,410 INFO     ___FILE_ONLY___ ═
2023-02-05 11:12:45,416 INFO     ___FILE_ONLY___ ═
2023-02-05 11:12:45,423 INFO     ___FILE_ONLY___ ═
2023-02-05 11:12:45,432 INFO     ___FILE_ONLY___ ═
2023-02-05 11:12:45,440 INFO     ___FILE_ONLY___ ═
2023-02-05 11:12:45,449 INFO     ___FILE_ONLY___ ═
2023-02-05 11:12:45,457 INFO     ___FILE_ONLY___ ═
2023-02-05 11:12:45,466 INFO     ___FILE_ONLY___ ═
2023-02-05 11:12:45,475 INFO     ___FILE_ONLY___ ═
2023-02-05 11:12:45,484 INFO     ___FILE_ONLY___ ═
2023-02-05 11:12:45,494 INFO     ___FILE_ONLY___ ═
2023-02-05 11:12:45,506 INFO     ___FILE_ONLY___ ═
2023-02-05 11:12:45,512 INFO     ___FILE_ONLY___ ═
2023-02-05 11:12:45,519 INFO     ___FILE_ONLY___ ═
2023-02-05 11:12:45,525 INFO     ___FILE_ONLY___ ═
2023-02-05 11:12:45,532 INFO     ___FILE_ONLY___ ═
2023-02-05 11:12:45,540 INFO     ___FILE_ONLY___ ═
2023-02-05 11:12:45,548 INFO     ___FILE_ONLY___ ═
2023-02-05 11:12:45,555 INFO     ___FILE_ONLY___ ═
2023-02-05 11:12:45,562 INFO     ___FILE_ONLY___ ═
2023-02-05 11:12:45,562 INFO     ___FILE_ONLY___ ╝
2023-02-05 11:12:45,868 INFO     ___FILE_ONLY___ ╠════════════════════════════════════════════════════════════╣

2023-02-05 11:12:45,868 INFO     ___FILE_ONLY___ ╠═ Installing: Cloud Storage Command Line Tool              ═╣

2023-02-05 11:12:45,868 INFO     ___FILE_ONLY___ ╚
2023-02-05 11:12:45,870 DEBUG    urllib3.connectionpool Starting new HTTPS connection (1): dl.google.com:443
2023-02-05 11:12:45,998 DEBUG    urllib3.connectionpool https://dl.google.com:443 "GET /dl/cloudsdk/channels/rapid/components/google-cloud-sdk-gsutil-20230130152419.tar.gz HTTP/1.1" 200 16311040
2023-02-05 11:12:46,482 INFO     ___FILE_ONLY___ ═
2023-02-05 11:12:46,483 INFO     ___FILE_ONLY___ ═
2023-02-05 11:12:46,483 INFO     ___FILE_ONLY___ ═
2023-02-05 11:12:46,483 INFO     ___FILE_ONLY___ ═
2023-02-05 11:12:46,484 INFO     ___FILE_ONLY___ ═
2023-02-05 11:12:46,484 INFO     ___FILE_ONLY___ ═
2023-02-05 11:12:46,484 INFO     ___FILE_ONLY___ ═
2023-02-05 11:12:46,485 INFO     ___FILE_ONLY___ ═
2023-02-05 11:12:46,485 INFO     ___FILE_ONLY___ ═
2023-02-05 11:12:46,486 INFO     ___FILE_ONLY___ ═
2023-02-05 11:12:46,487 INFO     ___FILE_ONLY___ ═
2023-02-05 11:12:46,487 INFO     ___FILE_ONLY___ ═
2023-02-05 11:12:46,488 INFO     ___FILE_ONLY___ ═
2023-02-05 11:12:46,489 INFO     ___FILE_ONLY___ ═
2023-02-05 11:12:46,489 INFO     ___FILE_ONLY___ ═
2023-02-05 11:12:46,490 INFO     ___FILE_ONLY___ ═
2023-02-05 11:12:46,490 INFO     ___FILE_ONLY___ ═
2023-02-05 11:12:46,491 INFO     ___FILE_ONLY___ ═
2023-02-05 11:12:46,491 INFO     ___FILE_ONLY___ ═
2023-02-05 11:12:46,492 INFO     ___FILE_ONLY___ ═
2023-02-05 11:12:46,492 INFO     ___FILE_ONLY___ ═
2023-02-05 11:12:46,493 INFO     ___FILE_ONLY___ ═
2023-02-05 11:12:46,493 INFO     ___FILE_ONLY___ ═
2023-02-05 11:12:46,494 INFO     ___FILE_ONLY___ ═
2023-02-05 11:12:46,494 INFO     ___FILE_ONLY___ ═
2023-02-05 11:12:46,495 INFO     ___FILE_ONLY___ ═
2023-02-05 11:12:46,495 INFO     ___FILE_ONLY___ ═
2023-02-05 11:12:46,495 INFO     ___FILE_ONLY___ ═
2023-02-05 11:12:46,496 INFO     ___FILE_ONLY___ ═
2023-02-05 11:12:46,496 INFO     ___FILE_ONLY___ ═
2023-02-05 11:12:47,462 INFO     ___FILE_ONLY___ ═
2023-02-05 11:12:47,518 INFO     ___FILE_ONLY___ ═
2023-02-05 11:12:47,547 INFO     ___FILE_ONLY___ ═
2023-02-05 11:12:47,585 INFO     ___FILE_ONLY___ ═
2023-02-05 11:12:47,629 INFO     ___FILE_ONLY___ ═
2023-02-05 11:12:47,653 INFO     ___FILE_ONLY___ ═
2023-02-05 11:12:47,685 INFO     ___FILE_ONLY___ ═
2023-02-05 11:12:47,711 INFO     ___FILE_ONLY___ ═
2023-02-05 11:12:47,731 INFO     ___FILE_ONLY___ ═
2023-02-05 11:12:47,753 INFO     ___FILE_ONLY___ ═
2023-02-05 11:12:47,775 INFO     ___FILE_ONLY___ ═
2023-02-05 11:12:47,816 INFO     ___FILE_ONLY___ ═
2023-02-05 11:12:47,847 INFO     ___FILE_ONLY___ ═
2023-02-05 11:12:47,882 INFO     ___FILE_ONLY___ ═
2023-02-05 11:12:47,909 INFO     ___FILE_ONLY___ ═
2023-02-05 11:12:47,934 INFO     ___FILE_ONLY___ ═
2023-02-05 11:12:47,961 INFO     ___FILE_ONLY___ ═
2023-02-05 11:12:47,991 INFO     ___FILE_ONLY___ ═
2023-02-05 11:12:48,012 INFO     ___FILE_ONLY___ ═
2023-02-05 11:12:48,050 INFO     ___FILE_ONLY___ ═
2023-02-05 11:12:48,076 INFO     ___FILE_ONLY___ ═
2023-02-05 11:12:48,100 INFO     ___FILE_ONLY___ ═
2023-02-05 11:12:48,133 INFO     ___FILE_ONLY___ ═
2023-02-05 11:12:48,158 INFO     ___FILE_ONLY___ ═
2023-02-05 11:12:48,189 INFO     ___FILE_ONLY___ ═
2023-02-05 11:12:48,222 INFO     ___FILE_ONLY___ ═
2023-02-05 11:12:48,243 INFO     ___FILE_ONLY___ ═
2023-02-05 11:12:48,262 INFO     ___FILE_ONLY___ ═
2023-02-05 11:12:48,283 INFO     ___FILE_ONLY___ ═
2023-02-05 11:12:48,318 INFO     ___FILE_ONLY___ ═
2023-02-05 11:12:48,318 INFO     ___FILE_ONLY___ ╝
2023-02-05 11:12:48,383 INFO     ___FILE_ONLY___ ╠════════════════════════════════════════════════════════════╣

2023-02-05 11:12:48,383 INFO     ___FILE_ONLY___ ╠═ Installing: Google Cloud CLI Core Libraries              ═╣

2023-02-05 11:12:48,383 INFO     ___FILE_ONLY___ ╚
2023-02-05 11:12:48,385 DEBUG    urllib3.connectionpool Starting new HTTPS connection (1): dl.google.com:443
2023-02-05 11:12:48,520 DEBUG    urllib3.connectionpool https://dl.google.com:443 "GET /dl/cloudsdk/channels/rapid/components/google-cloud-sdk-core-20230130152419.tar.gz HTTP/1.1" 200 27655104
2023-02-05 11:12:49,201 INFO     ___FILE_ONLY___ ═
2023-02-05 11:12:49,201 INFO     ___FILE_ONLY___ ═
2023-02-05 11:12:49,202 INFO     ___FILE_ONLY___ ═
2023-02-05 11:12:49,203 INFO     ___FILE_ONLY___ ═
2023-02-05 11:12:49,203 INFO     ___FILE_ONLY___ ═
2023-02-05 11:12:49,204 INFO     ___FILE_ONLY___ ═
2023-02-05 11:12:49,204 INFO     ___FILE_ONLY___ ═
2023-02-05 11:12:49,205 INFO     ___FILE_ONLY___ ═
2023-02-05 11:12:49,205 INFO     ___FILE_ONLY___ ═
2023-02-05 11:12:49,206 INFO     ___FILE_ONLY___ ═
2023-02-05 11:12:49,206 INFO     ___FILE_ONLY___ ═
2023-02-05 11:12:49,208 INFO     ___FILE_ONLY___ ═
2023-02-05 11:12:49,209 INFO     ___FILE_ONLY___ ═
2023-02-05 11:12:49,210 INFO     ___FILE_ONLY___ ═
2023-02-05 11:12:49,211 INFO     ___FILE_ONLY___ ═
2023-02-05 11:12:49,212 INFO     ___FILE_ONLY___ ═
2023-02-05 11:12:49,212 INFO     ___FILE_ONLY___ ═
2023-02-05 11:12:49,213 INFO     ___FILE_ONLY___ ═
2023-02-05 11:12:49,214 INFO     ___FILE_ONLY___ ═
2023-02-05 11:12:49,214 INFO     ___FILE_ONLY___ ═
2023-02-05 11:12:49,215 INFO     ___FILE_ONLY___ ═
2023-02-05 11:12:49,215 INFO     ___FILE_ONLY___ ═
2023-02-05 11:12:49,216 INFO     ___FILE_ONLY___ ═
2023-02-05 11:12:49,216 INFO     ___FILE_ONLY___ ═
2023-02-05 11:12:49,217 INFO     ___FILE_ONLY___ ═
2023-02-05 11:12:49,217 INFO     ___FILE_ONLY___ ═
2023-02-05 11:12:49,218 INFO     ___FILE_ONLY___ ═
2023-02-05 11:12:49,218 INFO     ___FILE_ONLY___ ═
2023-02-05 11:12:49,219 INFO     ___FILE_ONLY___ ═
2023-02-05 11:12:49,220 INFO     ___FILE_ONLY___ ═
2023-02-05 11:12:51,747 INFO     ___FILE_ONLY___ ═
2023-02-05 11:12:51,790 INFO     ___FILE_ONLY___ ═
2023-02-05 11:12:51,836 INFO     ___FILE_ONLY___ ═
2023-02-05 11:12:51,883 INFO     ___FILE_ONLY___ ═
2023-02-05 11:12:51,925 INFO     ___FILE_ONLY___ ═
2023-02-05 11:12:51,968 INFO     ___FILE_ONLY___ ═
2023-02-05 11:12:52,009 INFO     ___FILE_ONLY___ ═
2023-02-05 11:12:52,152 INFO     ___FILE_ONLY___ ═
2023-02-05 11:12:52,293 INFO     ___FILE_ONLY___ ═
2023-02-05 11:12:52,601 INFO     ___FILE_ONLY___ ═
2023-02-05 11:12:52,775 INFO     ___FILE_ONLY___ ═
2023-02-05 11:12:52,909 INFO     ___FILE_ONLY___ ═
2023-02-05 11:12:52,991 INFO     ___FILE_ONLY___ ═
2023-02-05 11:12:53,018 INFO     ___FILE_ONLY___ ═
2023-02-05 11:12:53,078 INFO     ___FILE_ONLY___ ═
2023-02-05 11:12:53,112 INFO     ___FILE_ONLY___ ═
2023-02-05 11:12:53,148 INFO     ___FILE_ONLY___ ═
2023-02-05 11:12:53,187 INFO     ___FILE_ONLY___ ═
2023-02-05 11:12:53,225 INFO     ___FILE_ONLY___ ═
2023-02-05 11:12:53,258 INFO     ___FILE_ONLY___ ═
2023-02-05 11:12:53,293 INFO     ___FILE_ONLY___ ═
2023-02-05 11:12:53,326 INFO     ___FILE_ONLY___ ═
2023-02-05 11:12:53,362 INFO     ___FILE_ONLY___ ═
2023-02-05 11:12:53,396 INFO     ___FILE_ONLY___ ═
2023-02-05 11:12:53,430 INFO     ___FILE_ONLY___ ═
2023-02-05 11:12:53,465 INFO     ___FILE_ONLY___ ═
2023-02-05 11:12:53,503 INFO     ___FILE_ONLY___ ═
2023-02-05 11:12:53,538 INFO     ___FILE_ONLY___ ═
2023-02-05 11:12:53,574 INFO     ___FILE_ONLY___ ═
2023-02-05 11:12:53,635 INFO     ___FILE_ONLY___ ═
2023-02-05 11:12:53,635 INFO     ___FILE_ONLY___ ╝
2023-02-05 11:12:53,723 INFO     ___FILE_ONLY___ ╠════════════════════════════════════════════════════════════╣

2023-02-05 11:12:53,723 INFO     ___FILE_ONLY___ ╠═ Creating backup and activating new installation          ═╣

2023-02-05 11:12:53,723 INFO     ___FILE_ONLY___ ╚
2023-02-05 11:12:53,723 DEBUG    root            Attempting to move directory [/tmp/google-cloud-sdk] to [/tmp/google-cloud-sdk.staging/.install/.backup]
2023-02-05 11:12:53,723 INFO     ___FILE_ONLY___ ══════════════════════════════
2023-02-05 11:12:53,723 DEBUG    root            Attempting to move directory [/tmp/google-cloud-sdk.staging] to [/tmp/google-cloud-sdk]
2023-02-05 11:12:53,723 INFO     ___FILE_ONLY___ ══════════════════════════════
2023-02-05 11:12:53,723 INFO     ___FILE_ONLY___ ╝

2023-02-05 11:12:53,726 DEBUG    root            Updating notification cache...
2023-02-05 11:12:53,726 INFO     ___FILE_ONLY___ 

2023-02-05 11:12:53,727 INFO     ___FILE_ONLY___ Performing post processing steps...
2023-02-05 11:12:53,735 DEBUG    root            Executing command: ['/tmp/google-cloud-sdk/platform/bundledpythonunix/bin/python3', '/tmp/google-cloud-sdk/lib/gcloud.py', 'components', 'post-process']
2023-02-05 11:13:15,717 DEBUG    ___FILE_ONLY___ 
2023-02-05 11:13:15,718 DEBUG    ___FILE_ONLY___ 
2023-02-05 11:13:15,779 INFO     ___FILE_ONLY___ 
Update done!


2023-02-05 11:13:15,779 INFO     ___FILE_ONLY___ To revert your CLI to the previously installed version, you may run:
  $ gcloud components update --version 415.0.0


2023-02-05 11:13:17,632 DEBUG    root            Chosen display Format:none
2023-02-05 11:13:17,632 INFO     root            Display format: "none"
2023-02-05 11:13:17,649 DEBUG    root            Metrics reporting process started...
