2023-02-05 11:51:23,059 DEBUG    root            Loaded Command Group: ['gcloud', 'config']
2023-02-05 11:51:23,061 DEBUG    root            Loaded Command Group: ['gcloud', 'config', 'config_helper']
2023-02-05 11:51:23,063 DEBUG    root            Running [gcloud.config.config-helper] with arguments: [--format: "json"]
2023-02-05 11:51:23,114 DEBUG    google.auth.transport.requests Making request: POST https://oauth2.googleapis.com/token
2023-02-05 11:51:23,117 DEBUG    urllib3.connectionpool Starting new HTTPS connection (1): oauth2.googleapis.com:443
2023-02-05 11:51:23,272 DEBUG    urllib3.connectionpool https://oauth2.googleapis.com:443 "POST /token HTTP/1.1" 200 None
2023-02-05 11:51:23,282 DEBUG    root            Chosen display Format:default json
2023-02-05 11:51:23,282 INFO     root            Display format: "default json"
2023-02-05 11:51:23,282 INFO     ___FILE_ONLY___ {
  "configuration": {
    "active_configuration": "default",
    "properties": {
      "compute": {
        "region": "asia-southeast1",
        "zone": "asia-southeast1-a"
      },
      "core": {
        "account": "natapat.pims@gmail.com",
        "disable_usage_reporting": "False",
        "project": "gke-app-376315"
      }
    }
  },
  "credential": {
    "access_token": "ya29.a0AVvZVsr2bfQdF6AyrHZL4v2tktdIvQCJp1Rcao8pEWf9suBcEzm0SD6kd1saKKwvW2hOtgyS0iwAWar6gjJzZzgUjg-51bUYZuWrA5M8ze4aUkNvUyAPIEJ40UqB0dtcCAfYRxr8vJIKINGkHDtn4k4q-6097supjsmovwaCgYKAZISAQASFQGbdwaIJH9jLmwNcXopSSc0tF_HcQ0173",
    "id_token": "eyJhbGciOiJSUzI1NiIsImtpZCI6IjI3NDA1MmEyYjY0NDg3NDU3NjRlNzJjMzU5MDk3MWQ5MGNmYjU4NWEiLCJ0eXAiOiJKV1QifQ.eyJpc3MiOiJodHRwczovL2FjY291bnRzLmdvb2dsZS5jb20iLCJhenAiOiIzMjU1NTk0MDU1OS5hcHBzLmdvb2dsZXVzZXJjb250ZW50LmNvbSIsImF1ZCI6IjMyNTU1OTQwNTU5LmFwcHMuZ29vZ2xldXNlcmNvbnRlbnQuY29tIiwic3ViIjoiMTE1ODQ3Mjk4NjgyNTQ2MDY3OTk2IiwiZW1haWwiOiJuYXRhcGF0LnBpbXNAZ21haWwuY29tIiwiZW1haWxfdmVyaWZpZWQiOnRydWUsImF0X2hhc2giOiJ5Wmo3YUh0d3E0UnJBamJuVm9BcThnIiwiaWF0IjoxNjc1NTcyNjgzLCJleHAiOjE2NzU1NzYyODN9.PKHI1sdtFQW6uIuiR3XSg6p5dsv7_dPSNMMHcdJGDnXhtZKM-RXsREh4xDsHfqmkWtjmoQPEdSFDSnDAQZirKnpaWsBLvBzpyjVvhDPeajTnNDB2h1vYoVZI_bMXPY8MPmww2Tca2OoUGCKef_A2P53EbmI_LvVAcodHrfBE3PlH12eev4TkFQDbgXQM4UMeP-i182Qg23fl63HRuOCtyz8tiKLjY7zG7PI_aFwJE0uzu4uyu4UJf-44cfCLXR5HMhZkf1OPwS0BOCTx9esHpE0nzbIh7iiqPlz_CyRODT5zNXtUAksVk0GqodgFV7w1JxT7AIxVHOh8DiNHAmfrDA",
    "token_expiry": "2023-02-05T05:51:22Z"
  },
  "sentinels": {
    "config_sentinel": "/home/dar/.config/gcloud/config_sentinel"
  }
}
2023-02-05 11:51:23,282 INFO     ___FILE_ONLY___ 

2023-02-05 11:51:23,286 DEBUG    root            Metrics reporting process started...
