2023-02-05 14:35:37,154 DEBUG    root            Loaded Command Group: ['gcloud', 'config']
2023-02-05 14:35:37,156 DEBUG    root            Loaded Command Group: ['gcloud', 'config', 'config_helper']
2023-02-05 14:35:37,158 DEBUG    root            Running [gcloud.config.config-helper] with arguments: [--format: "json"]
2023-02-05 14:35:37,172 DEBUG    google.auth.transport.requests Making request: POST https://oauth2.googleapis.com/token
2023-02-05 14:35:37,174 DEBUG    urllib3.connectionpool Starting new HTTPS connection (1): oauth2.googleapis.com:443
2023-02-05 14:35:37,325 DEBUG    urllib3.connectionpool https://oauth2.googleapis.com:443 "POST /token HTTP/1.1" 200 None
2023-02-05 14:35:37,335 DEBUG    root            Chosen display Format:default json
2023-02-05 14:35:37,336 INFO     root            Display format: "default json"
2023-02-05 14:35:37,336 INFO     ___FILE_ONLY___ {
  "configuration": {
    "active_configuration": "default",
    "properties": {
      "compute": {
        "region": "asia-southeast1",
        "zone": "asia-southeast1-a"
      },
      "core": {
        "account": "natapat.pims@gmail.com",
        "disable_usage_reporting": "False",
        "project": "gke-app-376315"
      }
    }
  },
  "credential": {
    "access_token": "ya29.a0AVvZVspeNJmslKdpsFD3hqtFjeNYCgjL9XbYYys8LSBvk88S9PQaPEHGvtTHO4aOtAnm7UPNZLe6gfGM7pRtms90ApIVgJNam-I7CyIuINNmpd9wncUC4tyZhyEZ4jlmU7BU5Lq_Kdb8MwdT8LE_KQH5e9NhBbfJpcRMwwaCgYKAcESAQASFQGbdwaINCHno4m46-S59_ILOiw_Dg0173",
    "id_token": "eyJhbGciOiJSUzI1NiIsImtpZCI6IjI3NDA1MmEyYjY0NDg3NDU3NjRlNzJjMzU5MDk3MWQ5MGNmYjU4NWEiLCJ0eXAiOiJKV1QifQ.eyJpc3MiOiJodHRwczovL2FjY291bnRzLmdvb2dsZS5jb20iLCJhenAiOiIzMjU1NTk0MDU1OS5hcHBzLmdvb2dsZXVzZXJjb250ZW50LmNvbSIsImF1ZCI6IjMyNTU1OTQwNTU5LmFwcHMuZ29vZ2xldXNlcmNvbnRlbnQuY29tIiwic3ViIjoiMTE1ODQ3Mjk4NjgyNTQ2MDY3OTk2IiwiZW1haWwiOiJuYXRhcGF0LnBpbXNAZ21haWwuY29tIiwiZW1haWxfdmVyaWZpZWQiOnRydWUsImF0X2hhc2giOiIzYTRPbnZkYUlpWmpGVUVUMjlDWUdRIiwiaWF0IjoxNjc1NTgyNTM3LCJleHAiOjE2NzU1ODYxMzd9.qe8HALw-hzAWEAg-caGub7ZTxwBM2ZHMeVWdqktZuvziJhK0GgIIOvwh_yaXoxpdjBQUEO9Fdguy87WX-aTbFTpuLRdyAR4ZexJrAOW-9JvTNV_5g3FV9tcgXiR4fth25NYa5IFnjvCgsV_kaB-BUpP6mU6GWzYnH8CeH6No4IrkMvfBMmcUYo--AzkQJLtGFSYiDqtnPS5qQAaP7rZSaKo90UMy_G1Itd43_cLVCtYhPs0DCUxCVaRZH-PC1T9N4pJ91t0Rt6okv9Wq5tEvG9kyOtCXkF1NeZQu3_R88ZqBkgTMnx1or_u6mnSzzkeQI9xEVc14CnzG8EhbWSaTuQ",
    "token_expiry": "2023-02-05T08:35:36Z"
  },
  "sentinels": {
    "config_sentinel": "/home/dar/.config/gcloud/config_sentinel"
  }
}
2023-02-05 14:35:37,336 INFO     ___FILE_ONLY___ 

2023-02-05 14:35:37,341 DEBUG    root            Metrics reporting process started...
