2023-02-05 15:44:04,429 DEBUG    root            Loaded Command Group: ['gcloud', 'config']
2023-02-05 15:44:04,430 DEBUG    root            Loaded Command Group: ['gcloud', 'config', 'config_helper']
2023-02-05 15:44:04,432 DEBUG    root            Running [gcloud.config.config-helper] with arguments: [--format: "json"]
2023-02-05 15:44:04,442 DEBUG    google.auth.transport.requests Making request: POST https://oauth2.googleapis.com/token
2023-02-05 15:44:04,444 DEBUG    urllib3.connectionpool Starting new HTTPS connection (1): oauth2.googleapis.com:443
2023-02-05 15:44:04,591 DEBUG    urllib3.connectionpool https://oauth2.googleapis.com:443 "POST /token HTTP/1.1" 200 None
2023-02-05 15:44:04,602 DEBUG    root            Chosen display Format:default json
2023-02-05 15:44:04,602 INFO     root            Display format: "default json"
2023-02-05 15:44:04,603 INFO     ___FILE_ONLY___ {
  "configuration": {
    "active_configuration": "default",
    "properties": {
      "compute": {
        "region": "asia-southeast1",
        "zone": "asia-southeast1-a"
      },
      "core": {
        "account": "natapat.pims@gmail.com",
        "disable_usage_reporting": "False",
        "project": "gke-app-376315"
      }
    }
  },
  "credential": {
    "access_token": "ya29.a0AVvZVspW5KfB61bQp1ZkIO1U4RpMxVYuYNfHSUbvayt_hxw5lCJLQHYdHh6gw6fpozAVLb4ooFtXRc_nAKJCw5zxT2A0qTESK7Ml6C9CGOmzUTclP68VocOv46QDfbm2lylnBx68gJ0Ggryd3TIcqzNt18TzoqxoZRYgdQaCgYKAaESAQASFQGbdwaILTXW13Ndf6aS8gN1tQoSJg0173",
    "id_token": "eyJhbGciOiJSUzI1NiIsImtpZCI6IjI3NDA1MmEyYjY0NDg3NDU3NjRlNzJjMzU5MDk3MWQ5MGNmYjU4NWEiLCJ0eXAiOiJKV1QifQ.eyJpc3MiOiJodHRwczovL2FjY291bnRzLmdvb2dsZS5jb20iLCJhenAiOiIzMjU1NTk0MDU1OS5hcHBzLmdvb2dsZXVzZXJjb250ZW50LmNvbSIsImF1ZCI6IjMyNTU1OTQwNTU5LmFwcHMuZ29vZ2xldXNlcmNvbnRlbnQuY29tIiwic3ViIjoiMTE1ODQ3Mjk4NjgyNTQ2MDY3OTk2IiwiZW1haWwiOiJuYXRhcGF0LnBpbXNAZ21haWwuY29tIiwiZW1haWxfdmVyaWZpZWQiOnRydWUsImF0X2hhc2giOiI2djNEUGtlTEpla3k0Q1MzUlJHQnZRIiwiaWF0IjoxNjc1NTg2NjQ1LCJleHAiOjE2NzU1OTAyNDV9.XTcBpFcptCnswIG-TLQwIS0TmYU2lJJVI3Y_Uvi7z13HLVh90rKcL5HK9Z4vJsAO7sIurKvOWvCOzoqGNM1SIxTqzvSY8x3HlR1WlLSvyRvzz1ZUqAdBTGjtwB3-IXpTHRq1e9d8hcYFAYfplqx4MRK9bAuLABSBirFvHTOqQSCToBQRqVjOLxOiPPCtDdhZ1x4XyKeKgScxR9WfHYCaX_PHrkuNKhAEcDots7m9nzHntCavXbB0rS9XAX_g1DXtPnASE9m8LqEsG0j5Bd3dBrMC7ptpCNXiPTVgDZv88YuFjAXfsKozCJpjkI17XfnnA3wpCzfeMiJRhVIZM7ziNw",
    "token_expiry": "2023-02-05T09:44:03Z"
  },
  "sentinels": {
    "config_sentinel": "/home/dar/.config/gcloud/config_sentinel"
  }
}
2023-02-05 15:44:04,603 INFO     ___FILE_ONLY___ 

2023-02-05 15:44:04,609 DEBUG    root            Metrics reporting process started...
