2023-02-28 00:50:52,038 DEBUG    root            Loaded Command Group: ['gcloud', 'config']
2023-02-28 00:50:52,040 DEBUG    root            Loaded Command Group: ['gcloud', 'config', 'config_helper']
2023-02-28 00:50:52,041 DEBUG    root            Running [gcloud.config.config-helper] with arguments: [--format: "json"]
2023-02-28 00:50:52,071 DEBUG    google.auth.transport.requests Making request: POST https://oauth2.googleapis.com/token
2023-02-28 00:50:52,072 DEBUG    urllib3.connectionpool Starting new HTTPS connection (1): oauth2.googleapis.com:443
2023-02-28 00:50:52,223 DEBUG    urllib3.connectionpool https://oauth2.googleapis.com:443 "POST /token HTTP/1.1" 200 None
2023-02-28 00:50:52,246 DEBUG    urllib3.connectionpool Starting new HTTPS connection (1): www.gstatic.com:443
2023-02-28 00:50:52,370 DEBUG    urllib3.connectionpool https://www.gstatic.com:443 "GET /cloudsdk/feature_flag_config_file.yaml HTTP/1.1" 200 101
2023-02-28 00:50:52,375 DEBUG    root            Chosen display Format:default json
2023-02-28 00:50:52,376 INFO     root            Display format: "default json"
2023-02-28 00:50:52,376 INFO     ___FILE_ONLY___ {
  "configuration": {
    "active_configuration": "default",
    "properties": {
      "compute": {
        "region": "asia-southeast1",
        "zone": "asia-southeast1-a"
      },
      "core": {
        "account": "natapat.pims@gmail.com",
        "disable_usage_reporting": "False",
        "project": "gke-app-376315"
      }
    }
  },
  "credential": {
    "access_token": "ya29.a0AVvZVspci6v717GVdBeLSwMrKmi7k2kkBDkhtlQEQjJjtD2i0fPR4EDF2mLFnBicsfXRpecErz_89fPoEtqGrhIQVdhnoP3SwSGxZNucZUTFlOuS9Jf5qqfmpJYejDCZRcfhG1yK9awIZEIMvR-O2ZSxBQE8AyyxOxLHbn4aCgYKATQSARASFQGbdwaIsAbSYig_oxTilQoFLT2Hog0174",
    "id_token": "eyJhbGciOiJSUzI1NiIsImtpZCI6ImQyNWY4ZGJjZjk3ZGM3ZWM0MDFmMDE3MWZiNmU2YmRhOWVkOWU3OTIiLCJ0eXAiOiJKV1QifQ.eyJpc3MiOiJodHRwczovL2FjY291bnRzLmdvb2dsZS5jb20iLCJhenAiOiIzMjU1NTk0MDU1OS5hcHBzLmdvb2dsZXVzZXJjb250ZW50LmNvbSIsImF1ZCI6IjMyNTU1OTQwNTU5LmFwcHMuZ29vZ2xldXNlcmNvbnRlbnQuY29tIiwic3ViIjoiMTE1ODQ3Mjk4NjgyNTQ2MDY3OTk2IiwiZW1haWwiOiJuYXRhcGF0LnBpbXNAZ21haWwuY29tIiwiZW1haWxfdmVyaWZpZWQiOnRydWUsImF0X2hhc2giOiJaeEdISi1ZUFY3NldwZzNQYXo1djVBIiwiaWF0IjoxNjc3NTIwMjUyLCJleHAiOjE2Nzc1MjM4NTJ9.pP0l8tz4GOZ_miuPD4Bfs8sKgqkJ5e6vVz2HaiEOlxl6yZ5VTH4CBNpInULasjC8di8XVYd9JBxJPltRkrCEmj6mIfyN__71z8qnCsT026NKcyBRbdKQQj5FrKZmUSY1WhWSnZm1utFp6lA8wvvDNcxrnmQ7TNB0qgqzuNzcnSZ6Tnev_3lFpOSZibWjqZtqIXqHMhKAfVaPW0BgMvSz3Z7h6Uqp4LTRc82RgAXiGHIcb47xMrnHptmNr6S6pGFVtcWNr0wwnY1YJNrlW3MOos7m8UpA-mH4gWp7rK5PXhpfpXQZzobLWYKLSd_J-Xgn5nhvPeKcpflL7zgjpQXmhw",
    "token_expiry": "2023-02-27T18:50:51Z"
  },
  "sentinels": {
    "config_sentinel": "/home/dar/.config/gcloud/config_sentinel"
  }
}
2023-02-28 00:50:52,376 INFO     ___FILE_ONLY___ 

2023-02-28 00:50:52,379 DEBUG    root            Metrics reporting process started...
