2023-02-28 09:08:06,675 DEBUG    root            Loaded Command Group: ['gcloud', 'config']
2023-02-28 09:08:06,679 DEBUG    root            Loaded Command Group: ['gcloud', 'config', 'config_helper']
2023-02-28 09:08:06,680 DEBUG    root            Running [gcloud.config.config-helper] with arguments: [--format: "json"]
2023-02-28 09:08:06,709 DEBUG    google.auth.transport.requests Making request: POST https://oauth2.googleapis.com/token
2023-02-28 09:08:06,712 DEBUG    urllib3.connectionpool Starting new HTTPS connection (1): oauth2.googleapis.com:443
2023-02-28 09:08:06,863 DEBUG    urllib3.connectionpool https://oauth2.googleapis.com:443 "POST /token HTTP/1.1" 200 None
2023-02-28 09:08:06,872 DEBUG    urllib3.connectionpool Starting new HTTPS connection (1): www.gstatic.com:443
2023-02-28 09:08:06,994 DEBUG    urllib3.connectionpool https://www.gstatic.com:443 "GET /cloudsdk/feature_flag_config_file.yaml HTTP/1.1" 200 101
2023-02-28 09:08:06,999 DEBUG    root            Chosen display Format:default json
2023-02-28 09:08:06,999 INFO     root            Display format: "default json"
2023-02-28 09:08:06,999 INFO     ___FILE_ONLY___ {
  "configuration": {
    "active_configuration": "default",
    "properties": {
      "compute": {
        "region": "asia-southeast1",
        "zone": "asia-southeast1-a"
      },
      "core": {
        "account": "natapat.pims@gmail.com",
        "disable_usage_reporting": "False",
        "project": "gke-app-376315"
      }
    }
  },
  "credential": {
    "access_token": "ya29.a0AVvZVsr8UPcxDI951WyIX9ailyilOT7L_CQVO3FarfLhAqTeTTZ21b847mTTo7tl7qr4VeUJGPTumR8L04S1RmswsTQ4GnodAbticvYQe8wJDgqPVVAROc0WkP0Lj75w9yI_3eLq9hPzeFaoTrvuAooaRZMY_oFqPuAAIS0aCgYKAb0SARASFQGbdwaIllg2zVJY-Tt2vKaiS09yhA0174",
    "id_token": "eyJhbGciOiJSUzI1NiIsImtpZCI6ImQyNWY4ZGJjZjk3ZGM3ZWM0MDFmMDE3MWZiNmU2YmRhOWVkOWU3OTIiLCJ0eXAiOiJKV1QifQ.eyJpc3MiOiJodHRwczovL2FjY291bnRzLmdvb2dsZS5jb20iLCJhenAiOiIzMjU1NTk0MDU1OS5hcHBzLmdvb2dsZXVzZXJjb250ZW50LmNvbSIsImF1ZCI6IjMyNTU1OTQwNTU5LmFwcHMuZ29vZ2xldXNlcmNvbnRlbnQuY29tIiwic3ViIjoiMTE1ODQ3Mjk4NjgyNTQ2MDY3OTk2IiwiZW1haWwiOiJuYXRhcGF0LnBpbXNAZ21haWwuY29tIiwiZW1haWxfdmVyaWZpZWQiOnRydWUsImF0X2hhc2giOiJxZERyeWc1T0F6dWkyM3gyOE5aNC1BIiwiaWF0IjoxNjc3NTUwMDg2LCJleHAiOjE2Nzc1NTM2ODZ9.IrTiaG6vzDeLIH3tx1Ix8bCCgk9xGHX2IUnMb3Ee2zWuakOZ-1FcCgDednP4I8ZoQRUJYOjTXq489a_vKCJ-DxHEKouNCF-w6KSm1SEBjebFr5uob5gqlaIxSI41Hu7Df3w6cyNPzDOeH9w1aEJ-nnKm4LeSpsBkJmxrFKtz8oYhnKqdQsIh3rldiscdtfJApVJD3ak7vix9tkcrl-WCMLDqpAM3aJcIIn-rGnDoerctmuNKmkIoXvVEnLlVlww2mHl5Skp9NjilE8VFbnxdtWWjO9nB6oOccCtqvSHRGDVUsDkJU2KTVfEsoMyz3yHAl7eXuGNTqNwPvgR1aD0NUQ",
    "token_expiry": "2023-02-28T03:08:05Z"
  },
  "sentinels": {
    "config_sentinel": "/home/dar/.config/gcloud/config_sentinel"
  }
}
2023-02-28 09:08:07,000 INFO     ___FILE_ONLY___ 

2023-02-28 09:08:07,003 DEBUG    root            Metrics reporting process started...
