2023-02-28 10:25:54,017 DEBUG    root            Loaded Command Group: ['gcloud', 'config']
2023-02-28 10:25:54,021 DEBUG    root            Loaded Command Group: ['gcloud', 'config', 'config_helper']
2023-02-28 10:25:54,022 DEBUG    root            Running [gcloud.config.config-helper] with arguments: [--format: "json"]
2023-02-28 10:25:54,056 DEBUG    google.auth.transport.requests Making request: POST https://oauth2.googleapis.com/token
2023-02-28 10:25:54,058 DEBUG    urllib3.connectionpool Starting new HTTPS connection (1): oauth2.googleapis.com:443
2023-02-28 10:25:54,211 DEBUG    urllib3.connectionpool https://oauth2.googleapis.com:443 "POST /token HTTP/1.1" 200 None
2023-02-28 10:25:54,221 DEBUG    urllib3.connectionpool Starting new HTTPS connection (1): www.gstatic.com:443
2023-02-28 10:25:54,340 DEBUG    urllib3.connectionpool https://www.gstatic.com:443 "GET /cloudsdk/feature_flag_config_file.yaml HTTP/1.1" 200 101
2023-02-28 10:25:54,346 DEBUG    root            Chosen display Format:default json
2023-02-28 10:25:54,346 INFO     root            Display format: "default json"
2023-02-28 10:25:54,346 INFO     ___FILE_ONLY___ {
  "configuration": {
    "active_configuration": "default",
    "properties": {
      "compute": {
        "region": "asia-southeast1",
        "zone": "asia-southeast1-a"
      },
      "core": {
        "account": "natapat.pims@gmail.com",
        "disable_usage_reporting": "False",
        "project": "gke-app-376315"
      }
    }
  },
  "credential": {
    "access_token": "ya29.a0AVvZVsq_kX_3NfQIY6Qf2tTLBguYLmQpqhts9U0I0qxIvshr7B_jXZnR4AUVUHArg1dp2gREL8kVciv_BBl_ygJhKJCElosUHpNUZ_qKhZQy8stXVCxfpkSCZdID6oM6DpnHuOSE3HVAO7tAQSWZqMp-yNIps69Qd3NplkEaCgYKAWkSARASFQGbdwaIG6b2Du4kWa9OkKjqLIt1Xg0174",
    "id_token": "eyJhbGciOiJSUzI1NiIsImtpZCI6ImQyNWY4ZGJjZjk3ZGM3ZWM0MDFmMDE3MWZiNmU2YmRhOWVkOWU3OTIiLCJ0eXAiOiJKV1QifQ.eyJpc3MiOiJodHRwczovL2FjY291bnRzLmdvb2dsZS5jb20iLCJhenAiOiIzMjU1NTk0MDU1OS5hcHBzLmdvb2dsZXVzZXJjb250ZW50LmNvbSIsImF1ZCI6IjMyNTU1OTQwNTU5LmFwcHMuZ29vZ2xldXNlcmNvbnRlbnQuY29tIiwic3ViIjoiMTE1ODQ3Mjk4NjgyNTQ2MDY3OTk2IiwiZW1haWwiOiJuYXRhcGF0LnBpbXNAZ21haWwuY29tIiwiZW1haWxfdmVyaWZpZWQiOnRydWUsImF0X2hhc2giOiIwbEJHbTVFMHJJdmxwM3VCdmNUUWp3IiwiaWF0IjoxNjc3NTU0NzUzLCJleHAiOjE2Nzc1NTgzNTN9.uKu30N__VX0Esowv-MBgadFI97OrPh3S2CHDU1vTkpLxuG2Xz0sUJmK38KzZiB54kkqXbtv6h0K7rtmGzUWhMQGsMXQ4x2zpxj5ojmLNRiWYgnxtd2lxOC4smG_ociQ9Ep1PctSfMJyVfxWChspaVcGerk2LCK9gEM25neXXav-HNKNpmLry2rKo-CooNAOWQuJzGO0e3_udFIyvozIfstheKc8P5WiCxmgEaZkUSb8X39mEjX8uAbfrzfmqU0PbnrXsv_5YQX0ux6znLkG9VHQxC09I5xai8I8LXxBqSBCNnmBfrS-KyfVTJxmNAuHfUMa5uPWSXvTUtbW10jRInw",
    "token_expiry": "2023-02-28T04:25:53Z"
  },
  "sentinels": {
    "config_sentinel": "/home/dar/.config/gcloud/config_sentinel"
  }
}
2023-02-28 10:25:54,346 INFO     ___FILE_ONLY___ 

2023-02-28 10:25:54,351 DEBUG    root            Metrics reporting process started...
