2023-02-28 18:31:33,475 DEBUG    root            Loaded Command Group: ['gcloud', 'config']
2023-02-28 18:31:33,476 DEBUG    root            Loaded Command Group: ['gcloud', 'config', 'config_helper']
2023-02-28 18:31:33,478 DEBUG    root            Running [gcloud.config.config-helper] with arguments: [--format: "json"]
2023-02-28 18:31:33,500 DEBUG    google.auth.transport.requests Making request: POST https://oauth2.googleapis.com/token
2023-02-28 18:31:33,502 DEBUG    urllib3.connectionpool Starting new HTTPS connection (1): oauth2.googleapis.com:443
2023-02-28 18:31:33,678 DEBUG    urllib3.connectionpool https://oauth2.googleapis.com:443 "POST /token HTTP/1.1" 200 None
2023-02-28 18:31:33,703 DEBUG    urllib3.connectionpool Starting new HTTPS connection (1): www.gstatic.com:443
2023-02-28 18:31:33,830 DEBUG    urllib3.connectionpool https://www.gstatic.com:443 "GET /cloudsdk/feature_flag_config_file.yaml HTTP/1.1" 200 101
2023-02-28 18:31:33,836 DEBUG    root            Chosen display Format:default json
2023-02-28 18:31:33,836 INFO     root            Display format: "default json"
2023-02-28 18:31:33,836 INFO     ___FILE_ONLY___ {
  "configuration": {
    "active_configuration": "default",
    "properties": {
      "compute": {
        "region": "asia-southeast1",
        "zone": "asia-southeast1-a"
      },
      "core": {
        "account": "natapat.pims@gmail.com",
        "disable_usage_reporting": "False",
        "project": "gke-app-376315"
      }
    }
  },
  "credential": {
    "access_token": "ya29.a0AVvZVspT1gvwWQQe2lQKJHXJ6blwnrteYiBRUGU8yxh05p9SALUqajsbRXBvYyRU4CxJEaKV6i0Nzb5YFTmYOxAWul7LGD24zNQKygzuFh4lmVsgS_UU0vrKPP4Y0z8k5DxA6rJuRJapnDOqbmvE3bCThzM7FLzKKEBHXggaCgYKAd4SARASFQGbdwaIpH-3tbIbe1N9hd1YYMvzng0174",
    "id_token": "eyJhbGciOiJSUzI1NiIsImtpZCI6ImQyNWY4ZGJjZjk3ZGM3ZWM0MDFmMDE3MWZiNmU2YmRhOWVkOWU3OTIiLCJ0eXAiOiJKV1QifQ.eyJpc3MiOiJodHRwczovL2FjY291bnRzLmdvb2dsZS5jb20iLCJhenAiOiIzMjU1NTk0MDU1OS5hcHBzLmdvb2dsZXVzZXJjb250ZW50LmNvbSIsImF1ZCI6IjMyNTU1OTQwNTU5LmFwcHMuZ29vZ2xldXNlcmNvbnRlbnQuY29tIiwic3ViIjoiMTE1ODQ3Mjk4NjgyNTQ2MDY3OTk2IiwiZW1haWwiOiJuYXRhcGF0LnBpbXNAZ21haWwuY29tIiwiZW1haWxfdmVyaWZpZWQiOnRydWUsImF0X2hhc2giOiJKcTQxSVQ4VEI5ekYyRlNuZUJuWTl3IiwiaWF0IjoxNjc3NTgzODkzLCJleHAiOjE2Nzc1ODc0OTN9.ETVCBOCJ83R2D0e9NbCmv5RikQhK0Qz84wvvsFdjXXHI53CWhdW-JptmCq1_AyDX74GKdZtDzwz_tzpFR97k7ut1B6SymhuF1bpcE4k_kHw-iaClo_xWwXKGTD4nhU5TRxHuPhNCpeZZXMgqmBzBU1eDRXggiy_o4yy8Mic63vJe_B000YKtcFyCqFDCS9M5ywemI2vcQU7Yj9ZnE4YRDVI30zAOgJ_0gknrQ4efFR__eAJGf8qNOUAGFtYk4-Lkb_Jo2-XhBDZIbR_pt-dAAPdZsds-CA8AquLTO3pDbWvw4_aUmj1R6pgRhOA-FGhfeQGMz4NO3U0gfJPVGBqP0Q",
    "token_expiry": "2023-02-28T12:31:32Z"
  },
  "sentinels": {
    "config_sentinel": "/home/dar/.config/gcloud/config_sentinel"
  }
}
2023-02-28 18:31:33,836 INFO     ___FILE_ONLY___ 

2023-02-28 18:31:33,839 DEBUG    root            Metrics reporting process started...
