2023-02-28 22:27:42,243 DEBUG    root            Loaded Command Group: ['gcloud', 'config']
2023-02-28 22:27:42,244 DEBUG    root            Loaded Command Group: ['gcloud', 'config', 'config_helper']
2023-02-28 22:27:42,245 DEBUG    root            Running [gcloud.config.config-helper] with arguments: [--format: "json"]
2023-02-28 22:27:42,270 DEBUG    google.auth.transport.requests Making request: POST https://oauth2.googleapis.com/token
2023-02-28 22:27:42,272 DEBUG    urllib3.connectionpool Starting new HTTPS connection (1): oauth2.googleapis.com:443
2023-02-28 22:27:42,434 DEBUG    urllib3.connectionpool https://oauth2.googleapis.com:443 "POST /token HTTP/1.1" 200 None
2023-02-28 22:27:42,446 DEBUG    urllib3.connectionpool Starting new HTTPS connection (1): www.gstatic.com:443
2023-02-28 22:27:42,572 DEBUG    urllib3.connectionpool https://www.gstatic.com:443 "GET /cloudsdk/feature_flag_config_file.yaml HTTP/1.1" 200 101
2023-02-28 22:27:42,577 DEBUG    root            Chosen display Format:default json
2023-02-28 22:27:42,577 INFO     root            Display format: "default json"
2023-02-28 22:27:42,578 INFO     ___FILE_ONLY___ {
  "configuration": {
    "active_configuration": "default",
    "properties": {
      "compute": {
        "region": "asia-southeast1",
        "zone": "asia-southeast1-a"
      },
      "core": {
        "account": "natapat.pims@gmail.com",
        "disable_usage_reporting": "False",
        "project": "gke-app-376315"
      }
    }
  },
  "credential": {
    "access_token": "ya29.a0AVvZVspZ6Nniktya1QbMvWbjyaMA5vftLHPCqAlc6T9DPb9zvv2NkoNQwpsupJ7HuibjQBhDRmYA0JPB1gEqFYZJAQp6O2aJ51CaWBbY9hB2TbIha9TMs5hfX5zoxR2GtmdiGqJJr95y-96vJdMZROx8YjE5LUU5sAupuR4aCgYKAbwSARASFQGbdwaI4dJiilSBO0I8ev9DlFgeJA0174",
    "id_token": "eyJhbGciOiJSUzI1NiIsImtpZCI6ImQyNWY4ZGJjZjk3ZGM3ZWM0MDFmMDE3MWZiNmU2YmRhOWVkOWU3OTIiLCJ0eXAiOiJKV1QifQ.eyJpc3MiOiJodHRwczovL2FjY291bnRzLmdvb2dsZS5jb20iLCJhenAiOiIzMjU1NTk0MDU1OS5hcHBzLmdvb2dsZXVzZXJjb250ZW50LmNvbSIsImF1ZCI6IjMyNTU1OTQwNTU5LmFwcHMuZ29vZ2xldXNlcmNvbnRlbnQuY29tIiwic3ViIjoiMTE1ODQ3Mjk4NjgyNTQ2MDY3OTk2IiwiZW1haWwiOiJuYXRhcGF0LnBpbXNAZ21haWwuY29tIiwiZW1haWxfdmVyaWZpZWQiOnRydWUsImF0X2hhc2giOiJrQWxadEVqVzE3UkZrN0xRbUtmVTNBIiwiaWF0IjoxNjc3NTk4MDYyLCJleHAiOjE2Nzc2MDE2NjJ9.FdR8vgLQv1mmcpmRRCnwji4OTRWcFHZAolzelyJAkofvNx_71SITVP3CvOYeQa7VThIjJyBibC_F7ewylwBuOLXyRVRi2IxSc-p01_FVs_2qINKBxc-fPT6Wf-CpfTdrO3sMsIedex2WB7AaE32GUEDh4g__UIsRlXkF1rit30PudWC84_QRnTRJNDJF6OFIroglJM761_L-kV_0BI0Cl_yVm-zJg3gvOj482nY1qC7P5t-yHpy_YdmcSJHaMlQY_GghA3gyVq8MoI6Q0U-W0RW4_uoBaYbuxL0Ve17rC1MvH9Uz2rsapmVX3eJQeSbIYt78md_uRGSmohB9t_i0yw",
    "token_expiry": "2023-02-28T16:27:41Z"
  },
  "sentinels": {
    "config_sentinel": "/home/dar/.config/gcloud/config_sentinel"
  }
}
2023-02-28 22:27:42,578 INFO     ___FILE_ONLY___ 

2023-02-28 22:27:42,578 DEBUG    root            Checking for updates...
2023-02-28 22:27:42,580 DEBUG    urllib3.connectionpool Starting new HTTPS connection (1): dl.google.com:443
2023-02-28 22:27:42,715 DEBUG    urllib3.connectionpool https://dl.google.com:443 "GET /dl/cloudsdk/channels/rapid/components-2.json HTTP/1.1" 200 206156
2023-02-28 22:27:42,875 DEBUG    root            Metrics reporting process started...
