2023-02-20 10:52:28,352 DEBUG    root            Loaded Command Group: ['gcloud', 'config']
2023-02-20 10:52:28,354 DEBUG    root            Loaded Command Group: ['gcloud', 'config', 'config_helper']
2023-02-20 10:52:28,356 DEBUG    root            Running [gcloud.config.config-helper] with arguments: [--format: "json"]
2023-02-20 10:52:28,382 DEBUG    google.auth.transport.requests Making request: POST https://oauth2.googleapis.com/token
2023-02-20 10:52:28,383 DEBUG    urllib3.connectionpool Starting new HTTPS connection (1): oauth2.googleapis.com:443
2023-02-20 10:52:28,529 DEBUG    urllib3.connectionpool https://oauth2.googleapis.com:443 "POST /token HTTP/1.1" 200 None
2023-02-20 10:52:28,538 DEBUG    root            Chosen display Format:default json
2023-02-20 10:52:28,538 INFO     root            Display format: "default json"
2023-02-20 10:52:28,538 INFO     ___FILE_ONLY___ {
  "configuration": {
    "active_configuration": "default",
    "properties": {
      "compute": {
        "region": "asia-southeast1",
        "zone": "asia-southeast1-a"
      },
      "core": {
        "account": "natapat.pims@gmail.com",
        "disable_usage_reporting": "False",
        "project": "gke-app-376315"
      }
    }
  },
  "credential": {
    "access_token": "ya29.a0AVvZVsrGNBfzcebJO0V6H4AoyBormcV0J2rswhGgj5NYHL80wbZSUcYN7QSlOuJvebCF32zUteTNJePuVHoqHlYGXboESi07vqH9mXzUoh5iTRPW9rls3bP9du-FHWbG3fqf92r8Gd9g87tTd9RgodRTZjIZtMCI2gLvMwaCgYKARASAQASFQGbdwaIwp5syrpWa9ja6-cq6t2JJg0173",
    "id_token": "eyJhbGciOiJSUzI1NiIsImtpZCI6IjU5NjJlN2EwNTljN2Y1YzBjMGQ1NmNiYWQ1MWZlNjRjZWVjYTY3YzYiLCJ0eXAiOiJKV1QifQ.eyJpc3MiOiJodHRwczovL2FjY291bnRzLmdvb2dsZS5jb20iLCJhenAiOiIzMjU1NTk0MDU1OS5hcHBzLmdvb2dsZXVzZXJjb250ZW50LmNvbSIsImF1ZCI6IjMyNTU1OTQwNTU5LmFwcHMuZ29vZ2xldXNlcmNvbnRlbnQuY29tIiwic3ViIjoiMTE1ODQ3Mjk4NjgyNTQ2MDY3OTk2IiwiZW1haWwiOiJuYXRhcGF0LnBpbXNAZ21haWwuY29tIiwiZW1haWxfdmVyaWZpZWQiOnRydWUsImF0X2hhc2giOiJObVZWc2VPYWdBZHYzcVNoZDk5WF9BIiwiaWF0IjoxNjc2ODY1MTQ5LCJleHAiOjE2NzY4Njg3NDl9.jsuFOdMgRFVzdedjjLugPeV5DaEiAavVc7X5lWF4896Wgp6KhUIn-j1IUp_K0qH3YA2Bd8hXDwT8wAIICq6qROPkFc2oxgWkyzdDI0cI4S0MD-4fgqrO6uu8tmXFZY-xXxbczkedYbs_oxD-yKpb3nH__dzcDVSfubKIjSUDTKQhSQJaF2B36gly8hV-ElEFar_hqXci83rgj2g96hflAUf2X8kTJcORoOUVlwMUxJb1YYF1W07z5sQmoe_oRDz-iPgxRdaDMB9mGfqevT0eeuvkQ5FsutnsQYyrXTchNaFzeDsQ58UDOOkjDaG8qGTiQljkPMfjppnkbP4GFEr_-w",
    "token_expiry": "2023-02-20T04:52:27Z"
  },
  "sentinels": {
    "config_sentinel": "/home/dar/.config/gcloud/config_sentinel"
  }
}
2023-02-20 10:52:28,538 INFO     ___FILE_ONLY___ 

2023-02-20 10:52:28,544 DEBUG    root            Metrics reporting process started...
