2023-02-20 11:52:50,755 DEBUG    root            Loaded Command Group: ['gcloud', 'config']
2023-02-20 11:52:50,756 DEBUG    root            Loaded Command Group: ['gcloud', 'config', 'config_helper']
2023-02-20 11:52:50,757 DEBUG    root            Running [gcloud.config.config-helper] with arguments: [--format: "json"]
2023-02-20 11:52:50,778 DEBUG    google.auth.transport.requests Making request: POST https://oauth2.googleapis.com/token
2023-02-20 11:52:50,779 DEBUG    urllib3.connectionpool Starting new HTTPS connection (1): oauth2.googleapis.com:443
2023-02-20 11:52:50,933 DEBUG    urllib3.connectionpool https://oauth2.googleapis.com:443 "POST /token HTTP/1.1" 200 None
2023-02-20 11:52:50,942 DEBUG    root            Chosen display Format:default json
2023-02-20 11:52:50,942 INFO     root            Display format: "default json"
2023-02-20 11:52:50,943 INFO     ___FILE_ONLY___ {
  "configuration": {
    "active_configuration": "default",
    "properties": {
      "compute": {
        "region": "asia-southeast1",
        "zone": "asia-southeast1-a"
      },
      "core": {
        "account": "natapat.pims@gmail.com",
        "disable_usage_reporting": "False",
        "project": "gke-app-376315"
      }
    }
  },
  "credential": {
    "access_token": "ya29.a0AVvZVsptHIWt2_kKgYWOh2rTOgj-yLQbdesIdPXP9aUgSXV001jFseIjK-whDS8zwQA2LqNeRX7eYtN7StR1J8nKi-VuKteeQiJ3k78hykJh0CsGYP_aId36iWVuWX16dB6B1DLx1PkIIhcfFUfX2cmYr7CNPi8qtIOLNwaCgYKAT8SAQASFQGbdwaIF2aUWGxdbl6GZFs1nskaaA0173",
    "id_token": "eyJhbGciOiJSUzI1NiIsImtpZCI6IjU5NjJlN2EwNTljN2Y1YzBjMGQ1NmNiYWQ1MWZlNjRjZWVjYTY3YzYiLCJ0eXAiOiJKV1QifQ.eyJpc3MiOiJodHRwczovL2FjY291bnRzLmdvb2dsZS5jb20iLCJhenAiOiIzMjU1NTk0MDU1OS5hcHBzLmdvb2dsZXVzZXJjb250ZW50LmNvbSIsImF1ZCI6IjMyNTU1OTQwNTU5LmFwcHMuZ29vZ2xldXNlcmNvbnRlbnQuY29tIiwic3ViIjoiMTE1ODQ3Mjk4NjgyNTQ2MDY3OTk2IiwiZW1haWwiOiJuYXRhcGF0LnBpbXNAZ21haWwuY29tIiwiZW1haWxfdmVyaWZpZWQiOnRydWUsImF0X2hhc2giOiJwdTNIai1QdzF4azZHaXB5bGRHZG5RIiwiaWF0IjoxNjc2ODY4NzcxLCJleHAiOjE2NzY4NzIzNzF9.fTdMduGX2CTaYTDqCJskLuWXSqA9gpIed5v5ijtv2heSX8751QJ2BA6j9aqADxDwxLNd7IRmhwuPsITeBvkzOIfuHzItX6yZHW4gnH6andOMiVwobysdkTwmvWBNYdXiE2mpc51Rre0NPem6MCp1Y8t5_GsvST8kjgcnVvHwutDvAAtRLOi1YVPH7HYroAfoT_HDK7MD6xGkjLJB_pTVEgxjtItVIh14lIxdbtukwFAD33oX1iKIw8RrdX2F7nFz-WH6ZRZPonPLupGLu4XUY_DtHuz9Zavl_jTq_Ic4iWfwdebpKnkF9rJ1SMlH03-vMuqk_-XSh3RyCewVMgbv_Q",
    "token_expiry": "2023-02-20T05:52:49Z"
  },
  "sentinels": {
    "config_sentinel": "/home/dar/.config/gcloud/config_sentinel"
  }
}
2023-02-20 11:52:50,943 INFO     ___FILE_ONLY___ 

2023-02-20 11:52:50,957 DEBUG    root            Metrics reporting process started...
