2023-02-20 17:47:39,040 DEBUG    root            Loaded Command Group: ['gcloud', 'config']
2023-02-20 17:47:39,042 DEBUG    root            Loaded Command Group: ['gcloud', 'config', 'config_helper']
2023-02-20 17:47:39,043 DEBUG    root            Running [gcloud.config.config-helper] with arguments: [--format: "json"]
2023-02-20 17:47:39,064 DEBUG    google.auth.transport.requests Making request: POST https://oauth2.googleapis.com/token
2023-02-20 17:47:39,065 DEBUG    urllib3.connectionpool Starting new HTTPS connection (1): oauth2.googleapis.com:443
2023-02-20 17:47:39,208 DEBUG    urllib3.connectionpool https://oauth2.googleapis.com:443 "POST /token HTTP/1.1" 200 None
2023-02-20 17:47:39,218 DEBUG    root            Chosen display Format:default json
2023-02-20 17:47:39,218 INFO     root            Display format: "default json"
2023-02-20 17:47:39,219 INFO     ___FILE_ONLY___ {
  "configuration": {
    "active_configuration": "default",
    "properties": {
      "compute": {
        "region": "asia-southeast1",
        "zone": "asia-southeast1-a"
      },
      "core": {
        "account": "natapat.pims@gmail.com",
        "disable_usage_reporting": "False",
        "project": "gke-app-376315"
      }
    }
  },
  "credential": {
    "access_token": "ya29.a0AVvZVsqO4XnpWWkwDFN-e7eL71bP0wAbde0ZrZYYnawFTDi6ViEHZEAbBpYyjEX5lO8vaN09IKifpQ7oADeh1MZuTfaXPVRdsManajQcyBf85c0_Cug3neOJcQKV_tafAqvbUYtOqJGn0nzlviarBGaHXEo6d7esBQ-TMQaCgYKAdcSAQASFQGbdwaI4TjR9wiTdTAsVA16dJYtDw0173",
    "id_token": "eyJhbGciOiJSUzI1NiIsImtpZCI6IjU5NjJlN2EwNTljN2Y1YzBjMGQ1NmNiYWQ1MWZlNjRjZWVjYTY3YzYiLCJ0eXAiOiJKV1QifQ.eyJpc3MiOiJodHRwczovL2FjY291bnRzLmdvb2dsZS5jb20iLCJhenAiOiIzMjU1NTk0MDU1OS5hcHBzLmdvb2dsZXVzZXJjb250ZW50LmNvbSIsImF1ZCI6IjMyNTU1OTQwNTU5LmFwcHMuZ29vZ2xldXNlcmNvbnRlbnQuY29tIiwic3ViIjoiMTE1ODQ3Mjk4NjgyNTQ2MDY3OTk2IiwiZW1haWwiOiJuYXRhcGF0LnBpbXNAZ21haWwuY29tIiwiZW1haWxfdmVyaWZpZWQiOnRydWUsImF0X2hhc2giOiJuYzh1UlhCMThtdXFWa3hsX2Rnc0R3IiwiaWF0IjoxNjc2ODkwMDU5LCJleHAiOjE2NzY4OTM2NTl9.h7_5fEa9KDtC2vhW3vWkU9CJFe0BCDezWozf77GMbO_Ie8YW8na3VcV2S3zltATHGUFdDgLrlITviq80UNeGQp10LSyHuglkrWCd3njXFhff8JHRkuDuuxSx2Xi1GyHK2ZU1U2L-RC2UDcbmiGcPRU_D5SYAv29UgYq0XHRn1oNRw_U8icNIs_0gT4OJjKeF-sYbwe9dtSYxG82_yNLsvCLU1DXhRSLWzDKRs0y7hBDzWomTBdZRuZM3RONMuPBHyNpAoJ2FjmcEwzZjhzUXqJMBsCEiHdUnp5qC4qrsLu3NdVikyDed2DRgkbzdAUbZexQbPWSKBt_9gtHOKGgybg",
    "token_expiry": "2023-02-20T11:47:38Z"
  },
  "sentinels": {
    "config_sentinel": "/home/dar/.config/gcloud/config_sentinel"
  }
}
2023-02-20 17:47:39,219 INFO     ___FILE_ONLY___ 

2023-02-20 17:47:39,223 DEBUG    root            Metrics reporting process started...
