2023-02-20 21:01:51,758 DEBUG    root            Loaded Command Group: ['gcloud', 'config']
2023-02-20 21:01:51,762 DEBUG    root            Loaded Command Group: ['gcloud', 'config', 'config_helper']
2023-02-20 21:01:51,763 DEBUG    root            Running [gcloud.config.config-helper] with arguments: [--format: "json"]
2023-02-20 21:01:51,788 DEBUG    google.auth.transport.requests Making request: POST https://oauth2.googleapis.com/token
2023-02-20 21:01:51,790 DEBUG    urllib3.connectionpool Starting new HTTPS connection (1): oauth2.googleapis.com:443
2023-02-20 21:01:51,947 DEBUG    urllib3.connectionpool https://oauth2.googleapis.com:443 "POST /token HTTP/1.1" 200 None
2023-02-20 21:01:51,957 DEBUG    root            Chosen display Format:default json
2023-02-20 21:01:51,957 INFO     root            Display format: "default json"
2023-02-20 21:01:51,957 INFO     ___FILE_ONLY___ {
  "configuration": {
    "active_configuration": "default",
    "properties": {
      "compute": {
        "region": "asia-southeast1",
        "zone": "asia-southeast1-a"
      },
      "core": {
        "account": "natapat.pims@gmail.com",
        "disable_usage_reporting": "False",
        "project": "gke-app-376315"
      }
    }
  },
  "credential": {
    "access_token": "ya29.a0AVvZVsq28-SosziJlXq97gZaENS40WVPRUCMgpCEJffjvTDQA037uIuM7B4sT3YDNV4UXp1J_hows75elt_HJ1TytTNmetJOrUnjP8ESRAt9UA7cAulXXkqplOCpxeHP5pWTrOrcubRcLqHzz8PojzSwTB27aYbpAC7cUAaCgYKAesSAQASFQGbdwaI9-YY4jfqjHK-MyA-BbAFig0173",
    "id_token": "eyJhbGciOiJSUzI1NiIsImtpZCI6IjU5NjJlN2EwNTljN2Y1YzBjMGQ1NmNiYWQ1MWZlNjRjZWVjYTY3YzYiLCJ0eXAiOiJKV1QifQ.eyJpc3MiOiJodHRwczovL2FjY291bnRzLmdvb2dsZS5jb20iLCJhenAiOiIzMjU1NTk0MDU1OS5hcHBzLmdvb2dsZXVzZXJjb250ZW50LmNvbSIsImF1ZCI6IjMyNTU1OTQwNTU5LmFwcHMuZ29vZ2xldXNlcmNvbnRlbnQuY29tIiwic3ViIjoiMTE1ODQ3Mjk4NjgyNTQ2MDY3OTk2IiwiZW1haWwiOiJuYXRhcGF0LnBpbXNAZ21haWwuY29tIiwiZW1haWxfdmVyaWZpZWQiOnRydWUsImF0X2hhc2giOiJ4bk1YNTAxWHh6ZlhJQjZPV25lS2dRIiwiaWF0IjoxNjc2OTAxNzEyLCJleHAiOjE2NzY5MDUzMTJ9.hy8Y9xwlVerhX-0G9U8gkP-5NU2eF_2kbLM-TkgHuMCx_PjNhDkES3SP9o4UT7lU9OeN82tHr124gC_X2QdbEl3UMcwqQmyQxwrMekf9-eqVLp8WGdHzZ6YMBfOZqZWBYA0PBbUmBmhuieQJbQDHtI51aetpVhJamdiiKzFWUm0_63Kha_UkULzb7Ni-Di2QCw_V9FFGy_wOEQYqZI-bHRVY8W6YSmjgZjVwaMHpeaZ13uLZ4jRIHu91ywjefQ_lCVfOhQcViHHS9qg7HJJWMbv4ns-OQDOvIpzRI2rgcdxz98IR7iMC_i3uobD_wq0ZiGcn2hUnfVH7MMhxpwVclQ",
    "token_expiry": "2023-02-20T15:01:50Z"
  },
  "sentinels": {
    "config_sentinel": "/home/dar/.config/gcloud/config_sentinel"
  }
}
2023-02-20 21:01:51,957 INFO     ___FILE_ONLY___ 

2023-02-20 21:01:51,963 DEBUG    root            Metrics reporting process started...
