2023-02-24 21:48:11,017 DEBUG    root            Loaded Command Group: ['gcloud', 'config']
2023-02-24 21:48:11,019 DEBUG    root            Loaded Command Group: ['gcloud', 'config', 'config_helper']
2023-02-24 21:48:11,020 DEBUG    root            Running [gcloud.config.config-helper] with arguments: [--format: "json"]
2023-02-24 21:48:11,064 DEBUG    google.auth.transport.requests Making request: POST https://oauth2.googleapis.com/token
2023-02-24 21:48:11,066 DEBUG    urllib3.connectionpool Starting new HTTPS connection (1): oauth2.googleapis.com:443
2023-02-24 21:48:11,225 DEBUG    urllib3.connectionpool https://oauth2.googleapis.com:443 "POST /token HTTP/1.1" 200 None
2023-02-24 21:48:11,234 DEBUG    urllib3.connectionpool Starting new HTTPS connection (1): www.gstatic.com:443
2023-02-24 21:48:11,348 DEBUG    urllib3.connectionpool https://www.gstatic.com:443 "GET /cloudsdk/feature_flag_config_file.yaml HTTP/1.1" 200 101
2023-02-24 21:48:11,353 DEBUG    root            Chosen display Format:default json
2023-02-24 21:48:11,354 INFO     root            Display format: "default json"
2023-02-24 21:48:11,354 INFO     ___FILE_ONLY___ {
  "configuration": {
    "active_configuration": "default",
    "properties": {
      "compute": {
        "region": "asia-southeast1",
        "zone": "asia-southeast1-a"
      },
      "core": {
        "account": "natapat.pims@gmail.com",
        "disable_usage_reporting": "False",
        "project": "gke-app-376315"
      }
    }
  },
  "credential": {
    "access_token": "ya29.a0AVvZVsq-OV5mSeNQV1HZeL7PugxMXFkqwnAC6uWaPcXwt19GxwupO4Tdo4OL3G5725G4eaZpJHFiLgQVN2FoprE0mRQG7pIDH_jJUeDzTUogVv_xigNHPjV-iihc_Un15EwQSLecrwNACJ8cF6p20JW87IdilE4LU_p3XvoaCgYKAe0SAQASFQGbdwaIkoBwdZaxer0x4mvTVMkxBQ0174",
    "id_token": "eyJhbGciOiJSUzI1NiIsImtpZCI6ImQyNWY4ZGJjZjk3ZGM3ZWM0MDFmMDE3MWZiNmU2YmRhOWVkOWU3OTIiLCJ0eXAiOiJKV1QifQ.eyJpc3MiOiJodHRwczovL2FjY291bnRzLmdvb2dsZS5jb20iLCJhenAiOiIzMjU1NTk0MDU1OS5hcHBzLmdvb2dsZXVzZXJjb250ZW50LmNvbSIsImF1ZCI6IjMyNTU1OTQwNTU5LmFwcHMuZ29vZ2xldXNlcmNvbnRlbnQuY29tIiwic3ViIjoiMTE1ODQ3Mjk4NjgyNTQ2MDY3OTk2IiwiZW1haWwiOiJuYXRhcGF0LnBpbXNAZ21haWwuY29tIiwiZW1haWxfdmVyaWZpZWQiOnRydWUsImF0X2hhc2giOiIwWVppdkVTMVZLSEFyQjNyRVg5MThRIiwiaWF0IjoxNjc3MjUwMDkyLCJleHAiOjE2NzcyNTM2OTJ9.r9Ow-EwS5DElRbOVK51Yqaq76IG57c6_6j_8wlw6qF7IXaZ4R8d8Hcicct9JFkuCJkYsu3MG7z7IzO3BrYYrCeaOMUgj0FmDMXLn4VcBaOr7CUFGNJcNeTqrrGP2p-1y31_GkWd-2S8fEWNBWDXbWAVRCoaZ8O1alJ7hlL3sGQtgnV3Mmc3z4aCQA6H4SBXB54C5vcU6ixwOcMadZPvqI27ggghGYVP5GNLnYQcsExhUb92DgYSpCo_lDF-_00gDEbLw2bwuNGqitmCxNbWY2NN9y7x6n9KCnAEEsAya7YZJx-Kn4qp4mE3AMq4J9lt5IsfbIGA2kydzkncFT31QIw",
    "token_expiry": "2023-02-24T15:48:10Z"
  },
  "sentinels": {
    "config_sentinel": "/home/dar/.config/gcloud/config_sentinel"
  }
}
2023-02-24 21:48:11,354 INFO     ___FILE_ONLY___ 

2023-02-24 21:48:11,358 DEBUG    root            Metrics reporting process started...
