2023-02-24 22:52:16,785 DEBUG    root            Loaded Command Group: ['gcloud', 'config']
2023-02-24 22:52:16,787 DEBUG    root            Loaded Command Group: ['gcloud', 'config', 'config_helper']
2023-02-24 22:52:16,788 DEBUG    root            Running [gcloud.config.config-helper] with arguments: [--format: "json"]
2023-02-24 22:52:16,815 DEBUG    google.auth.transport.requests Making request: POST https://oauth2.googleapis.com/token
2023-02-24 22:52:16,816 DEBUG    urllib3.connectionpool Starting new HTTPS connection (1): oauth2.googleapis.com:443
2023-02-24 22:52:16,972 DEBUG    urllib3.connectionpool https://oauth2.googleapis.com:443 "POST /token HTTP/1.1" 200 None
2023-02-24 22:52:16,992 DEBUG    urllib3.connectionpool Starting new HTTPS connection (1): www.gstatic.com:443
2023-02-24 22:52:17,109 DEBUG    urllib3.connectionpool https://www.gstatic.com:443 "GET /cloudsdk/feature_flag_config_file.yaml HTTP/1.1" 200 101
2023-02-24 22:52:17,115 DEBUG    root            Chosen display Format:default json
2023-02-24 22:52:17,115 INFO     root            Display format: "default json"
2023-02-24 22:52:17,115 INFO     ___FILE_ONLY___ {
  "configuration": {
    "active_configuration": "default",
    "properties": {
      "compute": {
        "region": "asia-southeast1",
        "zone": "asia-southeast1-a"
      },
      "core": {
        "account": "natapat.pims@gmail.com",
        "disable_usage_reporting": "False",
        "project": "gke-app-376315"
      }
    }
  },
  "credential": {
    "access_token": "ya29.a0AVvZVsp1boDzGci9HDvgfPz9WKb_uqKV-CP8JKytrihYW5OvErt11ETzN_dTa-U5lvl9VskL2EpOhamyazWR6XfgdxyLoKhvKZWDc5K3Za6a2PEhEn_5XpJhUXH_1IzVzSLbLvDK_8HPdjg1eHOdokQyL9CaO7wMjwhlT2YaCgYKAfYSARASFQGbdwaIvEnvoutBM9GPwqqOUhBvcg0174",
    "id_token": "eyJhbGciOiJSUzI1NiIsImtpZCI6ImQyNWY4ZGJjZjk3ZGM3ZWM0MDFmMDE3MWZiNmU2YmRhOWVkOWU3OTIiLCJ0eXAiOiJKV1QifQ.eyJpc3MiOiJodHRwczovL2FjY291bnRzLmdvb2dsZS5jb20iLCJhenAiOiIzMjU1NTk0MDU1OS5hcHBzLmdvb2dsZXVzZXJjb250ZW50LmNvbSIsImF1ZCI6IjMyNTU1OTQwNTU5LmFwcHMuZ29vZ2xldXNlcmNvbnRlbnQuY29tIiwic3ViIjoiMTE1ODQ3Mjk4NjgyNTQ2MDY3OTk2IiwiZW1haWwiOiJuYXRhcGF0LnBpbXNAZ21haWwuY29tIiwiZW1haWxfdmVyaWZpZWQiOnRydWUsImF0X2hhc2giOiI1NnNETzdjZDlNTWhvQUVPTl9ieGxRIiwiaWF0IjoxNjc3MjUzOTM4LCJleHAiOjE2NzcyNTc1Mzh9.tpMIJVlPam6K_Y-JAzswirXzNiZpZzEnTMQjzGyb1iJWOwpGiWhFLan5-Fn3P-9GPTq8tVPHQDw-mgP3Qtg7IcCky9CVVvFzp2XaJFQnLSliiOwvxASCUfwEmjFMQq611qj_IpR19270h_waRmtTgbR3S2wgfHcGjoQZZ7piY_cZ3KFf7wuzWhdr-qZrOCsNRv-nQuhwlT7CI2dDoafEnosFli4Q6XCBlDD9IPRLSRtHzgKFWkGMKMMaqY94KwJZYBQYzXlaNl6ZJGsrnFmmEJ_goPOBmWpDz6z3JORB_3nXIELTRwkGfiuvxmyTH20-OzUtUlqOX60Umx81PkrHJA",
    "token_expiry": "2023-02-24T16:52:15Z"
  },
  "sentinels": {
    "config_sentinel": "/home/dar/.config/gcloud/config_sentinel"
  }
}
2023-02-24 22:52:17,115 INFO     ___FILE_ONLY___ 

2023-02-24 22:52:17,118 DEBUG    root            Metrics reporting process started...
