2023-02-18 20:14:23,562 DEBUG    root            Loaded Command Group: ['gcloud', 'config']
2023-02-18 20:14:23,563 DEBUG    root            Loaded Command Group: ['gcloud', 'config', 'config_helper']
2023-02-18 20:14:23,565 DEBUG    root            Running [gcloud.config.config-helper] with arguments: [--format: "json"]
2023-02-18 20:14:23,585 DEBUG    google.auth.transport.requests Making request: POST https://oauth2.googleapis.com/token
2023-02-18 20:14:23,587 DEBUG    urllib3.connectionpool Starting new HTTPS connection (1): oauth2.googleapis.com:443
2023-02-18 20:14:23,734 DEBUG    urllib3.connectionpool https://oauth2.googleapis.com:443 "POST /token HTTP/1.1" 200 None
2023-02-18 20:14:23,743 DEBUG    root            Chosen display Format:default json
2023-02-18 20:14:23,743 INFO     root            Display format: "default json"
2023-02-18 20:14:23,744 INFO     ___FILE_ONLY___ {
  "configuration": {
    "active_configuration": "default",
    "properties": {
      "compute": {
        "region": "asia-southeast1",
        "zone": "asia-southeast1-a"
      },
      "core": {
        "account": "natapat.pims@gmail.com",
        "disable_usage_reporting": "False",
        "project": "gke-app-376315"
      }
    }
  },
  "credential": {
    "access_token": "ya29.a0AVvZVsrYgSe21uIjCJMncPp5yg5sBuLqJ1rTWFzeJ0FNEX7sxxPRrZPcEF3rhJ9X2quqkPXWuxvzNsPRJv5xTszIiIsvYOgj4HmoHYUdyOki0wPDB5lKEoe-cdQ0fZP7lYiTSSPjaA_B2aSSPka__hx36B-hY5IY2IM1WgaCgYKAXgSAQASFQGbdwaIn8s-bnetcO7XMyoAoxrvbQ0173",
    "id_token": "eyJhbGciOiJSUzI1NiIsImtpZCI6IjU5NjJlN2EwNTljN2Y1YzBjMGQ1NmNiYWQ1MWZlNjRjZWVjYTY3YzYiLCJ0eXAiOiJKV1QifQ.eyJpc3MiOiJodHRwczovL2FjY291bnRzLmdvb2dsZS5jb20iLCJhenAiOiIzMjU1NTk0MDU1OS5hcHBzLmdvb2dsZXVzZXJjb250ZW50LmNvbSIsImF1ZCI6IjMyNTU1OTQwNTU5LmFwcHMuZ29vZ2xldXNlcmNvbnRlbnQuY29tIiwic3ViIjoiMTE1ODQ3Mjk4NjgyNTQ2MDY3OTk2IiwiZW1haWwiOiJuYXRhcGF0LnBpbXNAZ21haWwuY29tIiwiZW1haWxfdmVyaWZpZWQiOnRydWUsImF0X2hhc2giOiI1Y1RxeHdxYXk1eVZwOEgtUDFOeHZBIiwiaWF0IjoxNjc2NzI2MDY1LCJleHAiOjE2NzY3Mjk2NjV9.P4aBS2D04FFTP6WGykn9Ihnbw87be7tOnJdAdIOdQ3Z3MB0dcg1HC0heowM7cNoFETOB9MXonN7Lfq8WbEZQvbGbYMloqFu4o1goWGJotgluXh-KsDXPmceR9JvJzUdzFPtstiMVpGfNh302z6VswnxjRmBVVI_IgCRP51dxx1qdu40QLnAhzYUHLnGZnG_BxS-DfrP5_ICCKaS9Jyqdoo_EisuUz1rKHkFHkbLN0oOGwx0ODQa-zFqm7jH4kPTg40dAU1aGoqgwoTpb-a2L9m-alUPkuJytYVZxdq_HIHW2jfP3p2AHBv---Mr-HBK-BnIO5gZhWVwAXiBIQl_BUw",
    "token_expiry": "2023-02-18T14:14:22Z"
  },
  "sentinels": {
    "config_sentinel": "/home/dar/.config/gcloud/config_sentinel"
  }
}
2023-02-18 20:14:23,744 INFO     ___FILE_ONLY___ 

2023-02-18 20:14:23,748 DEBUG    root            Metrics reporting process started...
