2023-02-15 22:32:17,886 DEBUG    root            Loaded Command Group: ['gcloud', 'auth']
2023-02-15 22:32:17,889 DEBUG    root            Loaded Command Group: ['gcloud', 'auth', 'application_default']
2023-02-15 22:32:17,893 DEBUG    root            Loaded Command Group: ['gcloud', 'auth', 'application-default', 'login']
2023-02-15 22:32:17,895 DEBUG    root            Running [gcloud.auth.application-default.login] with arguments: []
2023-02-15 22:32:20,169 DEBUG    requests_oauthlib.oauth2_session Generated new state NBev2UUOzGIRQRr9z9C1328Iq0BHcF.
2023-02-15 22:32:20,183 INFO     ___FILE_ONLY___ Your browser has been opened to visit:

    https://accounts.google.com/o/oauth2/auth?response_type=code&client_id=764086051850-6qr4p6gpi6hn506pt8ejuq83di341hur.apps.googleusercontent.com&redirect_uri=http%3A%2F%2Flocalhost%3A8085%2F&scope=openid+https%3A%2F%2Fwww.googleapis.com%2Fauth%2Fuserinfo.email+https%3A%2F%2Fwww.googleapis.com%2Fauth%2Fcloud-platform+https%3A%2F%2Fwww.googleapis.com%2Fauth%2Fsqlservice.login+https%3A%2F%2Fwww.googleapis.com%2Fauth%2Faccounts.reauth&state=NBev2UUOzGIRQRr9z9C1328Iq0BHcF&access_type=offline&code_challenge=NILoj9flKxd0Vuatc6Nspfi3BvOEJWtKc2PRks3gEd8&code_challenge_method=S256


2023-02-15 22:32:35,059 INFO     google_auth_oauthlib.flow "GET /?state=NBev2UUOzGIRQRr9z9C1328Iq0BHcF&code=4/0AWtgzh7HkZzt6Hgqf7_NqtONUhwNaIyyb7e5htwVTFi8Ljh09zNnLQLRzO1APaLsWRzArg&scope=email%20openid%20https://www.googleapis.com/auth/userinfo.email%20https://www.googleapis.com/auth/cloud-platform%20https://www.googleapis.com/auth/sqlservice.login%20https://www.googleapis.com/auth/accounts.reauth&authuser=3&prompt=consent HTTP/1.1" 200 959
2023-02-15 22:32:35,060 DEBUG    requests_oauthlib.oauth2_session Requesting url https://oauth2.googleapis.com/token using method POST.
2023-02-15 22:32:35,060 DEBUG    requests_oauthlib.oauth2_session Supplying headers {b'Accept': b'application/json', b'Content-Type': b'application/x-www-form-urlencoded;charset=UTF-8', b'user-agent': b'google-cloud-sdk gcloud/416.0.0 command/gcloud.auth.application-default.login invocation-id/422bf16953614a29b13e9b5d322c2c5e environment/None environment-version/None interactive/True from-script/False python/3.9.16 term/xterm-256color (Linux 5.15.79.1-microsoft-standard-WSL2)'} and data {'grant_type': 'authorization_code', 'client_id': '764086051850-6qr4p6gpi6hn506pt8ejuq83di341hur.apps.googleusercontent.com', 'client_secret': 'd-FL95Q19q7MQmFpd7hHD0Ty', 'code': '4/0AWtgzh7HkZzt6Hgqf7_NqtONUhwNaIyyb7e5htwVTFi8Ljh09zNnLQLRzO1APaLsWRzArg', 'redirect_uri': 'http://localhost:8085/', 'code_verifier': 'EUd79N9MDlxh8lmkx2By-Ix1QiiSa5LrUYz07XouCZSmvI-~d8MkE3uBI5zFKbVyAnEaoca1GFWWLSoH0~GnzMf0AtqM4cyDybD_inmoikcS0G_1BddaYt70EmTmzYud'}
2023-02-15 22:32:35,060 DEBUG    requests_oauthlib.oauth2_session Passing through key word arguments {'json': None, 'timeout': None, 'auth': None, 'verify': None, 'proxies': None}.
2023-02-15 22:32:35,061 DEBUG    urllib3.connectionpool Starting new HTTPS connection (1): oauth2.googleapis.com:443
2023-02-15 22:32:35,244 DEBUG    urllib3.connectionpool https://oauth2.googleapis.com:443 "POST /token HTTP/1.1" 200 None
2023-02-15 22:32:35,245 DEBUG    requests_oauthlib.oauth2_session Prepared fetch token request body grant_type=authorization_code&client_id=764086051850-6qr4p6gpi6hn506pt8ejuq83di341hur.apps.googleusercontent.com&client_secret=d-FL95Q19q7MQmFpd7hHD0Ty&code=4%2F0AWtgzh7HkZzt6Hgqf7_NqtONUhwNaIyyb7e5htwVTFi8Ljh09zNnLQLRzO1APaLsWRzArg&redirect_uri=http%3A%2F%2Flocalhost%3A8085%2F&code_verifier=EUd79N9MDlxh8lmkx2By-Ix1QiiSa5LrUYz07XouCZSmvI-~d8MkE3uBI5zFKbVyAnEaoca1GFWWLSoH0~GnzMf0AtqM4cyDybD_inmoikcS0G_1BddaYt70EmTmzYud
2023-02-15 22:32:35,245 DEBUG    requests_oauthlib.oauth2_session Request to fetch token completed with status 200.
2023-02-15 22:32:35,245 DEBUG    requests_oauthlib.oauth2_session Request headers were {'user-agent': b'google-cloud-sdk gcloud/416.0.0 command/gcloud.auth.application-default.login invocation-id/422bf16953614a29b13e9b5d322c2c5e environment/None environment-version/None interactive/True from-script/False python/3.9.16 term/xterm-256color (Linux 5.15.79.1-microsoft-standard-WSL2)', 'Accept-Encoding': 'gzip, deflate', 'Accept': b'application/json', 'Connection': 'keep-alive', 'Content-Type': b'application/x-www-form-urlencoded;charset=UTF-8', 'Content-Length': '421'}
2023-02-15 22:32:35,245 DEBUG    requests_oauthlib.oauth2_session Request body was grant_type=authorization_code&client_id=764086051850-6qr4p6gpi6hn506pt8ejuq83di341hur.apps.googleusercontent.com&client_secret=d-FL95Q19q7MQmFpd7hHD0Ty&code=4%2F0AWtgzh7HkZzt6Hgqf7_NqtONUhwNaIyyb7e5htwVTFi8Ljh09zNnLQLRzO1APaLsWRzArg&redirect_uri=http%3A%2F%2Flocalhost%3A8085%2F&code_verifier=EUd79N9MDlxh8lmkx2By-Ix1QiiSa5LrUYz07XouCZSmvI-~d8MkE3uBI5zFKbVyAnEaoca1GFWWLSoH0~GnzMf0AtqM4cyDybD_inmoikcS0G_1BddaYt70EmTmzYud
2023-02-15 22:32:35,245 DEBUG    requests_oauthlib.oauth2_session Response headers were {'Date': 'Wed, 15 Feb 2023 15:32:37 GMT', 'Expires': 'Mon, 01 Jan 1990 00:00:00 GMT', 'Cache-Control': 'no-cache, no-store, max-age=0, must-revalidate', 'Pragma': 'no-cache', 'Content-Type': 'application/json; charset=utf-8', 'Vary': 'Origin, X-Origin, Referer', 'Content-Encoding': 'gzip', 'Server': 'scaffolding on HTTPServer2', 'X-XSS-Protection': '0', 'X-Frame-Options': 'SAMEORIGIN', 'X-Content-Type-Options': 'nosniff', 'Alt-Svc': 'h3=":443"; ma=2592000,h3-29=":443"; ma=2592000', 'Transfer-Encoding': 'chunked'} and content {
  "access_token": "ya29.a0AVvZVsoTNnyRJr1QJJjKzHHnA7gXo2ERWsCZenwiRHPKoxM5bqa89BIzDRkAUqU16ETFvzShR_4N7LiAMq5SW_DC_0gWwYmBvFr5LVTpDWwCL-RXnG8428sP5qI_bPJJrA1HmAbEZKB5yvpqZdJATHRwM3BEaCgYKARQSARASFQGbdwaIw3CgjIm7bc5Feyc2l8Poww0163",
  "expires_in": 3599,
  "refresh_token": "1//0g40pa3FDLJ_QCgYIARAAGBASNwF-L9IrfH7TPfDuMorMitKJ1QJUP2f3ba2bDs7bGuPBH20Al-QBOofP7U32vD8tdskSKEGyLog",
  "scope": "openid https://www.googleapis.com/auth/cloud-platform https://www.googleapis.com/auth/userinfo.email https://www.googleapis.com/auth/accounts.reauth https://www.googleapis.com/auth/sqlservice.login",
  "token_type": "Bearer",
  "id_token": "eyJhbGciOiJSUzI1NiIsImtpZCI6ImI0OWM1MDYyZDg5MGY1Y2U0NDllODkwYzg4ZThkZDk4YzRmZWUwYWIiLCJ0eXAiOiJKV1QifQ.eyJpc3MiOiJodHRwczovL2FjY291bnRzLmdvb2dsZS5jb20iLCJhenAiOiI3NjQwODYwNTE4NTAtNnFyNHA2Z3BpNmhuNTA2cHQ4ZWp1cTgzZGkzNDFodXIuYXBwcy5nb29nbGV1c2VyY29udGVudC5jb20iLCJhdWQiOiI3NjQwODYwNTE4NTAtNnFyNHA2Z3BpNmhuNTA2cHQ4ZWp1cTgzZGkzNDFodXIuYXBwcy5nb29nbGV1c2VyY29udGVudC5jb20iLCJzdWIiOiIxMTU4NDcyOTg2ODI1NDYwNjc5OTYiLCJlbWFpbCI6Im5hdGFwYXQucGltc0BnbWFpbC5jb20iLCJlbWFpbF92ZXJpZmllZCI6dHJ1ZSwiYXRfaGFzaCI6IlRObmtESFIzcDhOM2ZjTEk0bWRDdVEiLCJpYXQiOjE2NzY0NzUxNTcsImV4cCI6MTY3NjQ3ODc1N30.c5yXj1zk3KNUemtasV6oAxjEzQcVW-iUCdyn4UiPs7X65MVh1q6j9ZydA8IIVCXJ2rcUnEp2VpFy2aBsAMOib859MHN2dxIehqhgktV4KTHTeGXMaKAqQVjF_E2s7DVEvGu1ruDw1ABsplm1pl8PIGmksZ_5oMO1spO8_RIyBg_S_WsHup17T3vyOirkro7_dhL59zK62TxAYzc_U9sHManp_Unid-ofXqdntVWECojtaGUFG02DT55M7rUha0rUrrGNBiWvGtVn_bqbU7QCsiAIa0on6QsobqGoojmoPEMC860EHK7XUyLoiH9m5x6rrfLCtlDe7Ft7Hbt0iz9kXw"
}.
2023-02-15 22:32:35,245 DEBUG    requests_oauthlib.oauth2_session Invoking 0 token response hooks.
2023-02-15 22:32:35,245 DEBUG    requests_oauthlib.oauth2_session Obtained token {'access_token': 'ya29.a0AVvZVsoTNnyRJr1QJJjKzHHnA7gXo2ERWsCZenwiRHPKoxM5bqa89BIzDRkAUqU16ETFvzShR_4N7LiAMq5SW_DC_0gWwYmBvFr5LVTpDWwCL-RXnG8428sP5qI_bPJJrA1HmAbEZKB5yvpqZdJATHRwM3BEaCgYKARQSARASFQGbdwaIw3CgjIm7bc5Feyc2l8Poww0163', 'expires_in': 3599, 'refresh_token': '1//0g40pa3FDLJ_QCgYIARAAGBASNwF-L9IrfH7TPfDuMorMitKJ1QJUP2f3ba2bDs7bGuPBH20Al-QBOofP7U32vD8tdskSKEGyLog', 'scope': ['openid', 'https://www.googleapis.com/auth/cloud-platform', 'https://www.googleapis.com/auth/userinfo.email', 'https://www.googleapis.com/auth/accounts.reauth', 'https://www.googleapis.com/auth/sqlservice.login'], 'token_type': 'Bearer', 'id_token': 'eyJhbGciOiJSUzI1NiIsImtpZCI6ImI0OWM1MDYyZDg5MGY1Y2U0NDllODkwYzg4ZThkZDk4YzRmZWUwYWIiLCJ0eXAiOiJKV1QifQ.eyJpc3MiOiJodHRwczovL2FjY291bnRzLmdvb2dsZS5jb20iLCJhenAiOiI3NjQwODYwNTE4NTAtNnFyNHA2Z3BpNmhuNTA2cHQ4ZWp1cTgzZGkzNDFodXIuYXBwcy5nb29nbGV1c2VyY29udGVudC5jb20iLCJhdWQiOiI3NjQwODYwNTE4NTAtNnFyNHA2Z3BpNmhuNTA2cHQ4ZWp1cTgzZGkzNDFodXIuYXBwcy5nb29nbGV1c2VyY29udGVudC5jb20iLCJzdWIiOiIxMTU4NDcyOTg2ODI1NDYwNjc5OTYiLCJlbWFpbCI6Im5hdGFwYXQucGltc0BnbWFpbC5jb20iLCJlbWFpbF92ZXJpZmllZCI6dHJ1ZSwiYXRfaGFzaCI6IlRObmtESFIzcDhOM2ZjTEk0bWRDdVEiLCJpYXQiOjE2NzY0NzUxNTcsImV4cCI6MTY3NjQ3ODc1N30.c5yXj1zk3KNUemtasV6oAxjEzQcVW-iUCdyn4UiPs7X65MVh1q6j9ZydA8IIVCXJ2rcUnEp2VpFy2aBsAMOib859MHN2dxIehqhgktV4KTHTeGXMaKAqQVjF_E2s7DVEvGu1ruDw1ABsplm1pl8PIGmksZ_5oMO1spO8_RIyBg_S_WsHup17T3vyOirkro7_dhL59zK62TxAYzc_U9sHManp_Unid-ofXqdntVWECojtaGUFG02DT55M7rUha0rUrrGNBiWvGtVn_bqbU7QCsiAIa0on6QsobqGoojmoPEMC860EHK7XUyLoiH9m5x6rrfLCtlDe7Ft7Hbt0iz9kXw', 'expires_at': 1676478754.2458432}.
2023-02-15 22:32:35,248 INFO     ___FILE_ONLY___ 
Credentials saved to file: [/home/dar/.config/gcloud/application_default_credentials.json]

2023-02-15 22:32:35,248 INFO     ___FILE_ONLY___ 
These credentials will be used by any library that requests Application Default Credentials (ADC).

2023-02-15 22:32:35,253 INFO     root            Using alternate credentials from file: [/home/dar/.config/gcloud/application_default_credentials.json]
2023-02-15 22:32:35,259 DEBUG    google.auth.transport.requests Making request: POST https://oauth2.googleapis.com/token
2023-02-15 22:32:35,261 DEBUG    urllib3.connectionpool Starting new HTTPS connection (1): oauth2.googleapis.com:443
2023-02-15 22:32:35,408 DEBUG    urllib3.connectionpool https://oauth2.googleapis.com:443 "POST /token HTTP/1.1" 200 None
2023-02-15 22:32:35,414 INFO     root            Using alternate credentials from file: [/home/dar/.config/gcloud/application_default_credentials.json]
2023-02-15 22:32:35,424 DEBUG    urllib3.connectionpool Starting new HTTPS connection (1): cloudresourcemanager.googleapis.com:443
2023-02-15 22:32:36,659 DEBUG    urllib3.connectionpool https://cloudresourcemanager.googleapis.com:443 "POST /v1/projects/gke-app-376315:testIamPermissions?alt=json HTTP/1.1" 200 None
2023-02-15 22:32:36,662 INFO     ___FILE_ONLY___ 
Quota project "gke-app-376315" was added to ADC which can be used by Google client libraries for billing and quota. Note that some services may still bill the project owning the resource.

2023-02-15 22:32:36,662 DEBUG    root            Chosen display Format:none
2023-02-15 22:32:36,662 INFO     root            Display format: "none"
2023-02-15 22:32:36,664 DEBUG    root            Checking for updates...
2023-02-15 22:32:36,666 DEBUG    urllib3.connectionpool Starting new HTTPS connection (1): dl.google.com:443
2023-02-15 22:32:36,792 DEBUG    urllib3.connectionpool https://dl.google.com:443 "GET /dl/cloudsdk/channels/rapid/components-2.json HTTP/1.1" 200 206156
2023-02-15 22:32:36,940 DEBUG    root            Updating notification cache...
2023-02-15 22:32:36,941 DEBUG    root            Activating notification: [default]
2023-02-15 22:32:36,941 INFO     ___FILE_ONLY___ 

Updates are available for some Google Cloud CLI components.  To install them,
please run:
  $ gcloud components update


2023-02-15 22:32:36,945 INFO     ___FILE_ONLY___ 

To take a quick anonymous survey, run:
  $ gcloud survey


2023-02-15 22:32:36,987 DEBUG    root            Metrics reporting process started...
