2023-03-01 12:48:08,856 DEBUG    root            Loaded Command Group: ['gcloud', 'config']
2023-03-01 12:48:08,857 DEBUG    root            Loaded Command Group: ['gcloud', 'config', 'config_helper']
2023-03-01 12:48:08,859 DEBUG    root            Running [gcloud.config.config-helper] with arguments: [--format: "json"]
2023-03-01 12:48:08,880 DEBUG    google.auth.transport.requests Making request: POST https://oauth2.googleapis.com/token
2023-03-01 12:48:08,882 DEBUG    urllib3.connectionpool Starting new HTTPS connection (1): oauth2.googleapis.com:443
2023-03-01 12:48:09,030 DEBUG    urllib3.connectionpool https://oauth2.googleapis.com:443 "POST /token HTTP/1.1" 200 None
2023-03-01 12:48:09,058 DEBUG    urllib3.connectionpool Starting new HTTPS connection (1): www.gstatic.com:443
2023-03-01 12:48:09,188 DEBUG    urllib3.connectionpool https://www.gstatic.com:443 "GET /cloudsdk/feature_flag_config_file.yaml HTTP/1.1" 200 101
2023-03-01 12:48:09,193 DEBUG    root            Chosen display Format:default json
2023-03-01 12:48:09,193 INFO     root            Display format: "default json"
2023-03-01 12:48:09,194 INFO     ___FILE_ONLY___ {
  "configuration": {
    "active_configuration": "default",
    "properties": {
      "compute": {
        "region": "asia-southeast1",
        "zone": "asia-southeast1-a"
      },
      "core": {
        "account": "natapat.pims@gmail.com",
        "disable_usage_reporting": "False",
        "project": "gke-app-376315"
      }
    }
  },
  "credential": {
    "access_token": "ya29.a0AVvZVsr3sVA1tCVzj7ppdBrIbgVdS3-mEtMb27wIBd3oBvZE13Lj_vo7Qy0kfa0R4m-LrQ4I7ZTNXG5f1DT-ixeFd8iQGVwMhsN6SxImgK9Rg6wVB_pnvo6OJCaY1J9hIvxy4R4ZQvLo4LHySKzE6w1xCZwc3xXl9hAd4BcaCgYKAcUSARASFQGbdwaIESG_iwoWiyDmVipHO6hPRw0174",
    "id_token": "eyJhbGciOiJSUzI1NiIsImtpZCI6ImQyNWY4ZGJjZjk3ZGM3ZWM0MDFmMDE3MWZiNmU2YmRhOWVkOWU3OTIiLCJ0eXAiOiJKV1QifQ.eyJpc3MiOiJodHRwczovL2FjY291bnRzLmdvb2dsZS5jb20iLCJhenAiOiIzMjU1NTk0MDU1OS5hcHBzLmdvb2dsZXVzZXJjb250ZW50LmNvbSIsImF1ZCI6IjMyNTU1OTQwNTU5LmFwcHMuZ29vZ2xldXNlcmNvbnRlbnQuY29tIiwic3ViIjoiMTE1ODQ3Mjk4NjgyNTQ2MDY3OTk2IiwiZW1haWwiOiJuYXRhcGF0LnBpbXNAZ21haWwuY29tIiwiZW1haWxfdmVyaWZpZWQiOnRydWUsImF0X2hhc2giOiJVNVl2NFRqS3RraGh6VjRrRk5hVjJ3IiwiaWF0IjoxNjc3NjQ5Njg5LCJleHAiOjE2Nzc2NTMyODl9.Jq7Ahf8922jbPGsaA8HpLOt1b2LbUrLxkBqACshMVrM926GjuZzQMFbLzqIqJn0NPIDLBB-wof0UHqmnoduZEoGSkOzOnWXtoqM1_8WKgWjnGuBEAk7a5njbbzHoN9DuiXmBfHbsigyMeNHNOKt0-cxeEkxxp6Vr-fQidFpE5I8bqIV8ejkYzOpCLPn-NQlZ6Qrm9MkhmiCBZA8vvUguZ1gyshckfyeabsuDEqZuSYBAhtepBivQMyCQydUsmdleBm3gkki36-YPMZukQlF_86PfvZ3UeyrrgJdBliV08jxKZE5y4jTHnKIOwMjFlxXdrij4_tW5XDs6ye6N9PDoKw",
    "token_expiry": "2023-03-01T06:48:08Z"
  },
  "sentinels": {
    "config_sentinel": "/home/dar/.config/gcloud/config_sentinel"
  }
}
2023-03-01 12:48:09,194 INFO     ___FILE_ONLY___ 

2023-03-01 12:48:09,197 DEBUG    root            Metrics reporting process started...
