2023-03-01 14:49:00,334 DEBUG    root            Loaded Command Group: ['gcloud', 'config']
2023-03-01 14:49:00,335 DEBUG    root            Loaded Command Group: ['gcloud', 'config', 'config_helper']
2023-03-01 14:49:00,337 DEBUG    root            Running [gcloud.config.config-helper] with arguments: [--format: "json"]
2023-03-01 14:49:00,359 DEBUG    google.auth.transport.requests Making request: POST https://oauth2.googleapis.com/token
2023-03-01 14:49:00,361 DEBUG    urllib3.connectionpool Starting new HTTPS connection (1): oauth2.googleapis.com:443
2023-03-01 14:49:00,517 DEBUG    urllib3.connectionpool https://oauth2.googleapis.com:443 "POST /token HTTP/1.1" 200 None
2023-03-01 14:49:00,527 DEBUG    urllib3.connectionpool Starting new HTTPS connection (1): www.gstatic.com:443
2023-03-01 14:49:00,646 DEBUG    urllib3.connectionpool https://www.gstatic.com:443 "GET /cloudsdk/feature_flag_config_file.yaml HTTP/1.1" 200 101
2023-03-01 14:49:00,652 DEBUG    root            Chosen display Format:default json
2023-03-01 14:49:00,652 INFO     root            Display format: "default json"
2023-03-01 14:49:00,652 INFO     ___FILE_ONLY___ {
  "configuration": {
    "active_configuration": "default",
    "properties": {
      "compute": {
        "region": "asia-southeast1",
        "zone": "asia-southeast1-a"
      },
      "core": {
        "account": "natapat.pims@gmail.com",
        "disable_usage_reporting": "False",
        "project": "gke-app-376315"
      }
    }
  },
  "credential": {
    "access_token": "ya29.a0AVvZVsq31g3wwI8dIGgKJli64MkFYLfQBj1G06tpM86VtGKjG88nXmKnanblUdEjcyDbfyk6vi8zM7BV0aeDhgXUVMD0xgsADNo0HvPan0pf1bzks9bmcs-uiYlQ1s18OShBdQCD-WI0C87fAUvAUo5bSup6BAtCV537_t4aCgYKAYUSARASFQGbdwaIszPnklf_anrOfZBkxSxP9w0174",
    "id_token": "eyJhbGciOiJSUzI1NiIsImtpZCI6ImQyNWY4ZGJjZjk3ZGM3ZWM0MDFmMDE3MWZiNmU2YmRhOWVkOWU3OTIiLCJ0eXAiOiJKV1QifQ.eyJpc3MiOiJodHRwczovL2FjY291bnRzLmdvb2dsZS5jb20iLCJhenAiOiIzMjU1NTk0MDU1OS5hcHBzLmdvb2dsZXVzZXJjb250ZW50LmNvbSIsImF1ZCI6IjMyNTU1OTQwNTU5LmFwcHMuZ29vZ2xldXNlcmNvbnRlbnQuY29tIiwic3ViIjoiMTE1ODQ3Mjk4NjgyNTQ2MDY3OTk2IiwiZW1haWwiOiJuYXRhcGF0LnBpbXNAZ21haWwuY29tIiwiZW1haWxfdmVyaWZpZWQiOnRydWUsImF0X2hhc2giOiIyR2N6RGFHOFNBLUVERS1JMmJ4bHFBIiwiaWF0IjoxNjc3NjU2OTQxLCJleHAiOjE2Nzc2NjA1NDF9.ZjnsH-hmt6kKdRfErMgMIQfkLyPhGW5gdBlVd9F8f7zqsGpUjNWIeOPyql9RyaD4SBg6IeWtcxEaAoJymFFMjIVaVS-v-uktGINjyfCm9a8nSg4ckmP3gxq29AgO4oK5m1V1gBLPLKetfjrigoBPZ6iInUTLs4qJ7d5EA6YQdQ4snFEXnV5TTXfujD797DA4mU8Nni2edRsJnrcpwNdy_C9xLMUm4I_6_7SrEyNWnFj9PG-oOB9CbI2PaW0LjAGPmDf1tAgzmY67Bd4WQV0KnOmSiCnwwgy3MA-fhbUM2X97HSBoXpC8YvKej9e_sgtFlgv334m7kOHgk3f_tOHxHg",
    "token_expiry": "2023-03-01T08:48:59Z"
  },
  "sentinels": {
    "config_sentinel": "/home/dar/.config/gcloud/config_sentinel"
  }
}
2023-03-01 14:49:00,652 INFO     ___FILE_ONLY___ 

2023-03-01 14:49:00,656 DEBUG    root            Metrics reporting process started...
