2023-03-01 19:09:31,391 DEBUG    root            Loaded Command Group: ['gcloud', 'config']
2023-03-01 19:09:31,393 DEBUG    root            Loaded Command Group: ['gcloud', 'config', 'config_helper']
2023-03-01 19:09:31,394 DEBUG    root            Running [gcloud.config.config-helper] with arguments: [--format: "json"]
2023-03-01 19:09:31,417 DEBUG    google.auth.transport.requests Making request: POST https://oauth2.googleapis.com/token
2023-03-01 19:09:31,418 DEBUG    urllib3.connectionpool Starting new HTTPS connection (1): oauth2.googleapis.com:443
2023-03-01 19:09:31,568 DEBUG    urllib3.connectionpool https://oauth2.googleapis.com:443 "POST /token HTTP/1.1" 200 None
2023-03-01 19:09:31,582 DEBUG    urllib3.connectionpool Starting new HTTPS connection (1): www.gstatic.com:443
2023-03-01 19:09:31,708 DEBUG    urllib3.connectionpool https://www.gstatic.com:443 "GET /cloudsdk/feature_flag_config_file.yaml HTTP/1.1" 200 101
2023-03-01 19:09:31,713 DEBUG    root            Chosen display Format:default json
2023-03-01 19:09:31,713 INFO     root            Display format: "default json"
2023-03-01 19:09:31,714 INFO     ___FILE_ONLY___ {
  "configuration": {
    "active_configuration": "default",
    "properties": {
      "compute": {
        "region": "asia-southeast1",
        "zone": "asia-southeast1-a"
      },
      "core": {
        "account": "natapat.pims@gmail.com",
        "disable_usage_reporting": "False",
        "project": "gke-app-376315"
      }
    }
  },
  "credential": {
    "access_token": "ya29.a0AVvZVsqhRsiOZY0gWyBGoHazY0p1mAUze_Er-BjnOfXxRK4ziV7VUz8FCoHWIUbPVNncrGPYRVF2Y6y9TjLeAvYEC6nrfFS10nevIf-f24fy4X1oWhiPI4hVWQgkP0_xejVGEzlH8oxmqEokJxFa5EPzLo9TzmiwKXntt-0aCgYKAb8SARASFQGbdwaI3AwOKTbP9caGNUTJ7IBl3Q0174",
    "id_token": "eyJhbGciOiJSUzI1NiIsImtpZCI6ImQyNWY4ZGJjZjk3ZGM3ZWM0MDFmMDE3MWZiNmU2YmRhOWVkOWU3OTIiLCJ0eXAiOiJKV1QifQ.eyJpc3MiOiJodHRwczovL2FjY291bnRzLmdvb2dsZS5jb20iLCJhenAiOiIzMjU1NTk0MDU1OS5hcHBzLmdvb2dsZXVzZXJjb250ZW50LmNvbSIsImF1ZCI6IjMyNTU1OTQwNTU5LmFwcHMuZ29vZ2xldXNlcmNvbnRlbnQuY29tIiwic3ViIjoiMTE1ODQ3Mjk4NjgyNTQ2MDY3OTk2IiwiZW1haWwiOiJuYXRhcGF0LnBpbXNAZ21haWwuY29tIiwiZW1haWxfdmVyaWZpZWQiOnRydWUsImF0X2hhc2giOiJBNDRVTXl2dzc1b1c3enh3bWlSTGVRIiwiaWF0IjoxNjc3NjcyNTcyLCJleHAiOjE2Nzc2NzYxNzJ9.XanC1FE2i0ImByuoKHw1EXAmpH9s-d3T1837AD4nHRx0fS_GhU__O9HDyT6yrwxAguddgK1UqtfzRRkyfH4QLhtCTyWUgJ4JPVgdOn6zbg-BGkK21iaps3ar6jp2rJZTc5TqGc8djyuKPWi0OXZfU3q0TAZ3KqPzDRIDTYj7vC_4Cr1VFnWmOcsASZMM0POsjcaWyKYCPM1sZaXfNxTEUJKWGfIUkKAHZiyx2kwgJrJnHuAxvNa6Grr8QhHSRfGHMUwC_4t6uAxNJjm8w4HXHwgR8TKTCqyw_VgCGzymgzOPBEgUnz6LSfWC7oFOnvRKfRuwzQ88GUNMS7pwoJ1eSQ",
    "token_expiry": "2023-03-01T13:09:30Z"
  },
  "sentinels": {
    "config_sentinel": "/home/dar/.config/gcloud/config_sentinel"
  }
}
2023-03-01 19:09:31,714 INFO     ___FILE_ONLY___ 

2023-03-01 19:09:31,717 DEBUG    root            Metrics reporting process started...
