2023-03-01 22:34:55,392 DEBUG    root            Loaded Command Group: ['gcloud', 'config']
2023-03-01 22:34:55,394 DEBUG    root            Loaded Command Group: ['gcloud', 'config', 'config_helper']
2023-03-01 22:34:55,395 DEBUG    root            Running [gcloud.config.config-helper] with arguments: [--format: "json"]
2023-03-01 22:34:55,418 DEBUG    google.auth.transport.requests Making request: POST https://oauth2.googleapis.com/token
2023-03-01 22:34:55,419 DEBUG    urllib3.connectionpool Starting new HTTPS connection (1): oauth2.googleapis.com:443
2023-03-01 22:34:55,578 DEBUG    urllib3.connectionpool https://oauth2.googleapis.com:443 "POST /token HTTP/1.1" 200 None
2023-03-01 22:34:55,589 DEBUG    urllib3.connectionpool Starting new HTTPS connection (1): www.gstatic.com:443
2023-03-01 22:34:55,713 DEBUG    urllib3.connectionpool https://www.gstatic.com:443 "GET /cloudsdk/feature_flag_config_file.yaml HTTP/1.1" 200 101
2023-03-01 22:34:55,718 DEBUG    root            Chosen display Format:default json
2023-03-01 22:34:55,718 INFO     root            Display format: "default json"
2023-03-01 22:34:55,719 INFO     ___FILE_ONLY___ {
  "configuration": {
    "active_configuration": "default",
    "properties": {
      "compute": {
        "region": "asia-southeast1",
        "zone": "asia-southeast1-a"
      },
      "core": {
        "account": "natapat.pims@gmail.com",
        "disable_usage_reporting": "False",
        "project": "gke-app-376315"
      }
    }
  },
  "credential": {
    "access_token": "ya29.a0AVvZVso-6Ko66GYqZY6nEt3NXr_VzF0O1bFixhxpOVpiYVuJZdVJ36FTH9S_lqLw2gZ5HOe5bwhRODLaqGPFZfbB2hjt5sqzrd-CsPOXyKKF5hj5WiJVHi7Rrgo9orTvWqWdWgHFH7d0yoJpggMmvSzCKuIBg9ggIrLMp6EaCgYKAWoSARASFQGbdwaIRjSMwR96SZzPhJ3IOe7A6g0174",
    "id_token": "eyJhbGciOiJSUzI1NiIsImtpZCI6ImQyNWY4ZGJjZjk3ZGM3ZWM0MDFmMDE3MWZiNmU2YmRhOWVkOWU3OTIiLCJ0eXAiOiJKV1QifQ.eyJpc3MiOiJodHRwczovL2FjY291bnRzLmdvb2dsZS5jb20iLCJhenAiOiIzMjU1NTk0MDU1OS5hcHBzLmdvb2dsZXVzZXJjb250ZW50LmNvbSIsImF1ZCI6IjMyNTU1OTQwNTU5LmFwcHMuZ29vZ2xldXNlcmNvbnRlbnQuY29tIiwic3ViIjoiMTE1ODQ3Mjk4NjgyNTQ2MDY3OTk2IiwiZW1haWwiOiJuYXRhcGF0LnBpbXNAZ21haWwuY29tIiwiZW1haWxfdmVyaWZpZWQiOnRydWUsImF0X2hhc2giOiJpSFJqM3dQUXN0ZzVIT1p2MnN4aDdBIiwiaWF0IjoxNjc3Njg0ODk2LCJleHAiOjE2Nzc2ODg0OTZ9.L_QqvaGI0Zw1wSYIsmm3doda1-c4oXyJkK6lraw3V12XRR_BeVjlG5ZP5bdGahzmnzW7gPB6vAROECqNFhPH_3WWqa9eo30SPgJGgDC0OtjMShCjmTPMIvN4hM6OBRZoqfS-yKiy62jmAHzaCLbBWhvbOX-HLo2ovjH9R912H6PwCIF4S1gBHAs5nHqayINYi9j4ZrWou9imtDso1BQzqh8Zo0_X5wrlsidI6PVtONZhohCenNWq3EuN1UdZQIRWExJimhJaX_XhchxCWgcZ-Qy_rYJO8cJlCGYzOuQgQLFUMjDJ6TRjF0Q1Rfe2IT2HXX08X6PXa31BAK23K-d4Ng",
    "token_expiry": "2023-03-01T16:34:54Z"
  },
  "sentinels": {
    "config_sentinel": "/home/dar/.config/gcloud/config_sentinel"
  }
}
2023-03-01 22:34:55,719 INFO     ___FILE_ONLY___ 

2023-03-01 22:34:55,719 DEBUG    root            Checking for updates...
2023-03-01 22:34:55,721 DEBUG    urllib3.connectionpool Starting new HTTPS connection (1): dl.google.com:443
2023-03-01 22:34:55,846 DEBUG    urllib3.connectionpool https://dl.google.com:443 "GET /dl/cloudsdk/channels/rapid/components-2.json HTTP/1.1" 200 206156
2023-03-01 22:34:55,999 DEBUG    root            Updating notification cache...
2023-03-01 22:34:55,999 DEBUG    root            Activating notification: [default]
2023-03-01 22:34:56,006 DEBUG    root            Metrics reporting process started...
