2023-03-03 21:04:34,447 DEBUG    root            Loaded Command Group: ['gcloud', 'config']
2023-03-03 21:04:34,448 DEBUG    root            Loaded Command Group: ['gcloud', 'config', 'config_helper']
2023-03-03 21:04:34,450 DEBUG    root            Running [gcloud.config.config-helper] with arguments: [--format: "json"]
2023-03-03 21:04:34,480 DEBUG    google.auth.transport.requests Making request: POST https://oauth2.googleapis.com/token
2023-03-03 21:04:34,481 DEBUG    urllib3.connectionpool Starting new HTTPS connection (1): oauth2.googleapis.com:443
2023-03-03 21:04:34,646 DEBUG    urllib3.connectionpool https://oauth2.googleapis.com:443 "POST /token HTTP/1.1" 200 None
2023-03-03 21:04:34,658 DEBUG    urllib3.connectionpool Starting new HTTPS connection (1): www.gstatic.com:443
2023-03-03 21:04:34,780 DEBUG    urllib3.connectionpool https://www.gstatic.com:443 "GET /cloudsdk/feature_flag_config_file.yaml HTTP/1.1" 200 101
2023-03-03 21:04:34,786 DEBUG    root            Chosen display Format:default json
2023-03-03 21:04:34,786 INFO     root            Display format: "default json"
2023-03-03 21:04:34,787 INFO     ___FILE_ONLY___ {
  "configuration": {
    "active_configuration": "default",
    "properties": {
      "compute": {
        "region": "asia-southeast1",
        "zone": "asia-southeast1-a"
      },
      "core": {
        "account": "natapat.pims@gmail.com",
        "disable_usage_reporting": "False",
        "project": "gke-app-376315"
      }
    }
  },
  "credential": {
    "access_token": "ya29.a0AVvZVsp83oL0AfdjUAXaftMGfBUjoe8360SDPt_JXNKjdQogJT1Hio9P6XYseHE_uuRawZhrTnsGSiQoLs7WAC3zMtAi2jr87Z85VMvdrSbEDXFkM551p7D7i4cS5gnCojN_9NR0S_TdXb5th3cHbw_GhKCWL2xwEysjtAoaCgYKAeESARASFQGbdwaIFWWl_HGXAFE1aEDJ_QCPzA0174",
    "id_token": "eyJhbGciOiJSUzI1NiIsImtpZCI6ImQyNWY4ZGJjZjk3ZGM3ZWM0MDFmMDE3MWZiNmU2YmRhOWVkOWU3OTIiLCJ0eXAiOiJKV1QifQ.eyJpc3MiOiJodHRwczovL2FjY291bnRzLmdvb2dsZS5jb20iLCJhenAiOiIzMjU1NTk0MDU1OS5hcHBzLmdvb2dsZXVzZXJjb250ZW50LmNvbSIsImF1ZCI6IjMyNTU1OTQwNTU5LmFwcHMuZ29vZ2xldXNlcmNvbnRlbnQuY29tIiwic3ViIjoiMTE1ODQ3Mjk4NjgyNTQ2MDY3OTk2IiwiZW1haWwiOiJuYXRhcGF0LnBpbXNAZ21haWwuY29tIiwiZW1haWxfdmVyaWZpZWQiOnRydWUsImF0X2hhc2giOiI1eVJOLXRvWTJpQlZGclVpb3FiMXZ3IiwiaWF0IjoxNjc3ODUyMjc0LCJleHAiOjE2Nzc4NTU4NzR9.UXifbvkK7t9yGWbVTp8Baj7daCzPl4w62A6uHaRWumL5ENptz_r2OM0lSMt8efd6y6TBovGhIoPfvjIMYBOVx0VjIw5fd-EUEcnmsDfxi-ouJxKmlEGG0OjmNGI0ZCWSOOmYm98KID_vjn6fympV4nwyEd6p6hT3qGMBrE9JdymHxipyAecaDi3d4dPfaIjR9fwvDme9ooK5KqeapOwfer5T2XRXcUhEWTRzR0dSKl0HNiqqtYEuGQLD47lXLCz2I9CVI3QwZm7nvwuQT0o-7MOSJitFW9XX4x4MM6a11P_iEsWJNwvFXZoTJcxG4qYK89em8UTdNhoxsXjW5zsHMw",
    "token_expiry": "2023-03-03T15:04:33Z"
  },
  "sentinels": {
    "config_sentinel": "/home/dar/.config/gcloud/config_sentinel"
  }
}
2023-03-03 21:04:34,787 INFO     ___FILE_ONLY___ 

2023-03-03 21:04:34,791 DEBUG    root            Metrics reporting process started...
