2023-02-25 09:09:43,578 DEBUG    root            Loaded Command Group: ['gcloud', 'config']
2023-02-25 09:09:43,581 DEBUG    root            Loaded Command Group: ['gcloud', 'config', 'config_helper']
2023-02-25 09:09:43,583 DEBUG    root            Running [gcloud.config.config-helper] with arguments: [--format: "json"]
2023-02-25 09:09:43,620 DEBUG    google.auth.transport.requests Making request: POST https://oauth2.googleapis.com/token
2023-02-25 09:09:43,623 DEBUG    urllib3.connectionpool Starting new HTTPS connection (1): oauth2.googleapis.com:443
2023-02-25 09:09:43,780 DEBUG    urllib3.connectionpool https://oauth2.googleapis.com:443 "POST /token HTTP/1.1" 200 None
2023-02-25 09:09:43,789 DEBUG    urllib3.connectionpool Starting new HTTPS connection (1): www.gstatic.com:443
2023-02-25 09:09:43,903 DEBUG    urllib3.connectionpool https://www.gstatic.com:443 "GET /cloudsdk/feature_flag_config_file.yaml HTTP/1.1" 200 101
2023-02-25 09:09:43,909 DEBUG    root            Chosen display Format:default json
2023-02-25 09:09:43,909 INFO     root            Display format: "default json"
2023-02-25 09:09:43,909 INFO     ___FILE_ONLY___ {
  "configuration": {
    "active_configuration": "default",
    "properties": {
      "compute": {
        "region": "asia-southeast1",
        "zone": "asia-southeast1-a"
      },
      "core": {
        "account": "natapat.pims@gmail.com",
        "disable_usage_reporting": "False",
        "project": "gke-app-376315"
      }
    }
  },
  "credential": {
    "access_token": "ya29.a0AVvZVsrCjUzPgJPSLUEoJFOAPWAoowAguYhjMLw9BlNtEC4VI3vbER4p2bRwF6B2zvOAyrrgnaOzW3WEEiCLC70SINJV_NS924i4BV73FfTGoKlIcNcsJ2r0VFl2_hpjPZlhFLD1xSxb11frCFhH_LMFQ7VXnQXmFSO0yVwaCgYKAQgSAQASFQGbdwaIiA7-HmKQNjjJil_lYokiUw0174",
    "id_token": "eyJhbGciOiJSUzI1NiIsImtpZCI6ImQyNWY4ZGJjZjk3ZGM3ZWM0MDFmMDE3MWZiNmU2YmRhOWVkOWU3OTIiLCJ0eXAiOiJKV1QifQ.eyJpc3MiOiJodHRwczovL2FjY291bnRzLmdvb2dsZS5jb20iLCJhenAiOiIzMjU1NTk0MDU1OS5hcHBzLmdvb2dsZXVzZXJjb250ZW50LmNvbSIsImF1ZCI6IjMyNTU1OTQwNTU5LmFwcHMuZ29vZ2xldXNlcmNvbnRlbnQuY29tIiwic3ViIjoiMTE1ODQ3Mjk4NjgyNTQ2MDY3OTk2IiwiZW1haWwiOiJuYXRhcGF0LnBpbXNAZ21haWwuY29tIiwiZW1haWxfdmVyaWZpZWQiOnRydWUsImF0X2hhc2giOiJPMkpJZEVDcEhkWUJubFJ3Vk1VNldRIiwiaWF0IjoxNjc3MjkwOTgzLCJleHAiOjE2NzcyOTQ1ODN9.guq949xujGcnRK4VbFQM8rSP8V3EOQvZhdFe-s_NSx2BPymBXeVyiKXgX_UnvBnuM90RfWSUORzkhMWZriSKjX5GIUqSu0rUYBvGc2wp3lVS4dKoZH4K5ILlBAvKViq9-M_hA9cC8nQGNgL4n9mwvOUGC8GXQ-MP4OryXoXnNXYj0xdGMPI6P-pWYZhKOBB6WvBRm-ElysllQ8is9WzYNg6tfVUYWmPFWkbPf-HHKX943qWFfgc1wYk1gA-x3ws5m7J9QMDa28pmo8OeVQ2gYkjp1nP1wgKlihRbI3COpOIcPhb-2unu-JAYfzp3IjnnW5tf6uW-gXmd-EyW1m2u5g",
    "token_expiry": "2023-02-25T03:09:42Z"
  },
  "sentinels": {
    "config_sentinel": "/home/dar/.config/gcloud/config_sentinel"
  }
}
2023-02-25 09:09:43,909 INFO     ___FILE_ONLY___ 

2023-02-25 09:09:43,913 DEBUG    root            Metrics reporting process started...
