2023-02-25 10:18:36,805 DEBUG    root            Loaded Command Group: ['gcloud', 'config']
2023-02-25 10:18:36,809 DEBUG    root            Loaded Command Group: ['gcloud', 'config', 'config_helper']
2023-02-25 10:18:36,811 DEBUG    root            Running [gcloud.config.config-helper] with arguments: [--format: "json"]
2023-02-25 10:18:36,841 DEBUG    google.auth.transport.requests Making request: POST https://oauth2.googleapis.com/token
2023-02-25 10:18:36,842 DEBUG    urllib3.connectionpool Starting new HTTPS connection (1): oauth2.googleapis.com:443
2023-02-25 10:18:36,991 DEBUG    urllib3.connectionpool https://oauth2.googleapis.com:443 "POST /token HTTP/1.1" 200 None
2023-02-25 10:18:37,001 DEBUG    urllib3.connectionpool Starting new HTTPS connection (1): www.gstatic.com:443
2023-02-25 10:18:37,128 DEBUG    urllib3.connectionpool https://www.gstatic.com:443 "GET /cloudsdk/feature_flag_config_file.yaml HTTP/1.1" 200 101
2023-02-25 10:18:37,133 DEBUG    root            Chosen display Format:default json
2023-02-25 10:18:37,134 INFO     root            Display format: "default json"
2023-02-25 10:18:37,134 INFO     ___FILE_ONLY___ {
  "configuration": {
    "active_configuration": "default",
    "properties": {
      "compute": {
        "region": "asia-southeast1",
        "zone": "asia-southeast1-a"
      },
      "core": {
        "account": "natapat.pims@gmail.com",
        "disable_usage_reporting": "False",
        "project": "gke-app-376315"
      }
    }
  },
  "credential": {
    "access_token": "ya29.a0AVvZVspufPCf_NE6uM9j5_viMRAgVdavOJqa35chChfDLYIiLVtAIZ5g3e7p0Zwfi3tsJycpJhPLgLirMrZY2cY3eFs2C92loDGXkL_LtgwPqLnTOfQK8n8Wms9ZUByOxvqYBkC8O0gZn3kkNRf1UuxHrpSbRUjQp1AyGy8aCgYKAf0SARASFQGbdwaICnJqcmfti5-kOyvNtS_UsA0174",
    "id_token": "eyJhbGciOiJSUzI1NiIsImtpZCI6ImQyNWY4ZGJjZjk3ZGM3ZWM0MDFmMDE3MWZiNmU2YmRhOWVkOWU3OTIiLCJ0eXAiOiJKV1QifQ.eyJpc3MiOiJodHRwczovL2FjY291bnRzLmdvb2dsZS5jb20iLCJhenAiOiIzMjU1NTk0MDU1OS5hcHBzLmdvb2dsZXVzZXJjb250ZW50LmNvbSIsImF1ZCI6IjMyNTU1OTQwNTU5LmFwcHMuZ29vZ2xldXNlcmNvbnRlbnQuY29tIiwic3ViIjoiMTE1ODQ3Mjk4NjgyNTQ2MDY3OTk2IiwiZW1haWwiOiJuYXRhcGF0LnBpbXNAZ21haWwuY29tIiwiZW1haWxfdmVyaWZpZWQiOnRydWUsImF0X2hhc2giOiJRbVl1M0hnU2o5TERaejA5aG5QcGxnIiwiaWF0IjoxNjc3Mjk1MTE2LCJleHAiOjE2NzcyOTg3MTZ9.LNkJJAQGNwsm0xWmdonIhU8lqczZvzLBIx_VW4_KZmIfC16O10X-C4MSBnGlpeK809u6V6epXN9PxdToGcpVvuoWZlpqlteInLAbtCMmVHY7UIRzTuN5NwcP97my4LWFB1HamtEzFKeTQB8TPnfGDM2_8Hp6Hbil5RTrPSgYMam2IoeF8dUu1J5Ko1D5A9CkaY47k6zO7aOEKIVIexWXocgM5VjQa3WpZRvFrqcDHVJVMq83WiczBZI0PBY54mBW7DgmHMc8PxiPsTA6F6BfUxTXM5n8UiyKzUAd-EKGWtotXbv_gInCj3xNaCHr8vqFz3DnQDIUJr252Znhp6JLOA",
    "token_expiry": "2023-02-25T04:18:35Z"
  },
  "sentinels": {
    "config_sentinel": "/home/dar/.config/gcloud/config_sentinel"
  }
}
2023-02-25 10:18:37,134 INFO     ___FILE_ONLY___ 

2023-02-25 10:18:37,138 DEBUG    root            Metrics reporting process started...
