2023-02-25 21:10:43,859 DEBUG    root            Loaded Command Group: ['gcloud', 'config']
2023-02-25 21:10:43,861 DEBUG    root            Loaded Command Group: ['gcloud', 'config', 'config_helper']
2023-02-25 21:10:43,862 DEBUG    root            Running [gcloud.config.config-helper] with arguments: [--format: "json"]
2023-02-25 21:10:43,897 DEBUG    google.auth.transport.requests Making request: POST https://oauth2.googleapis.com/token
2023-02-25 21:10:43,899 DEBUG    urllib3.connectionpool Starting new HTTPS connection (1): oauth2.googleapis.com:443
2023-02-25 21:10:44,068 DEBUG    urllib3.connectionpool https://oauth2.googleapis.com:443 "POST /token HTTP/1.1" 200 None
2023-02-25 21:10:44,079 DEBUG    urllib3.connectionpool Starting new HTTPS connection (1): www.gstatic.com:443
2023-02-25 21:10:44,197 DEBUG    urllib3.connectionpool https://www.gstatic.com:443 "GET /cloudsdk/feature_flag_config_file.yaml HTTP/1.1" 200 101
2023-02-25 21:10:44,202 DEBUG    root            Chosen display Format:default json
2023-02-25 21:10:44,202 INFO     root            Display format: "default json"
2023-02-25 21:10:44,203 INFO     ___FILE_ONLY___ {
  "configuration": {
    "active_configuration": "default",
    "properties": {
      "compute": {
        "region": "asia-southeast1",
        "zone": "asia-southeast1-a"
      },
      "core": {
        "account": "natapat.pims@gmail.com",
        "disable_usage_reporting": "False",
        "project": "gke-app-376315"
      }
    }
  },
  "credential": {
    "access_token": "ya29.a0AVvZVsqWF7wgaClGozdhyOgaX1xnbv1uHBcgqdhl54F67pymvciqU8fGeLfqE5ckOUgMgnTMN6zQpNmI6sU0huU5iTVT67DewHhBTyvr_QJd8uQt6jvsBThlAGMgBzi2XWtT6V5p4ZHZnOFSUNtQciJgtMdTs67gawi4Iz4aCgYKAX8SAQASFQGbdwaIBVbzCZhcSV-zC0XMe-RpnQ0174",
    "id_token": "eyJhbGciOiJSUzI1NiIsImtpZCI6ImQyNWY4ZGJjZjk3ZGM3ZWM0MDFmMDE3MWZiNmU2YmRhOWVkOWU3OTIiLCJ0eXAiOiJKV1QifQ.eyJpc3MiOiJodHRwczovL2FjY291bnRzLmdvb2dsZS5jb20iLCJhenAiOiIzMjU1NTk0MDU1OS5hcHBzLmdvb2dsZXVzZXJjb250ZW50LmNvbSIsImF1ZCI6IjMyNTU1OTQwNTU5LmFwcHMuZ29vZ2xldXNlcmNvbnRlbnQuY29tIiwic3ViIjoiMTE1ODQ3Mjk4NjgyNTQ2MDY3OTk2IiwiZW1haWwiOiJuYXRhcGF0LnBpbXNAZ21haWwuY29tIiwiZW1haWxfdmVyaWZpZWQiOnRydWUsImF0X2hhc2giOiJ5UzFpbDNraGduYTNMV1VPMFU5ZW1nIiwiaWF0IjoxNjc3MzM0MjQ0LCJleHAiOjE2NzczMzc4NDR9.oOuCbCGmvl9nIWew6jZ5KGFD-Y7ccJp-WbXFPCl3tPjzzLrpda_80KYux1zHXugiKYRfGVsbABr-_-LbvD0azDUkBoRkmlH40FACFab_0fGF4sIcSQr1CosmcVBx7hDJKEK2uAJtaabVgDnzxNh4L1178K-dyxzKjdeaiWnvgLkIooph2DoUyhVpHJtA_UMTXQSwjivREDcnfNYrD0wdR7_PA1-47kyxOGG_l53djpyobyoypje_ejNNUUPyYCWY9JYuGN2w2pCylmB5BeDZ3pGhLW-eCCH8mWSnjJA5qpzToEYLnh7M-CmIgxUbJ_QPwxjiq8yg-YPgIa3qYTXeGA",
    "token_expiry": "2023-02-25T15:10:43Z"
  },
  "sentinels": {
    "config_sentinel": "/home/dar/.config/gcloud/config_sentinel"
  }
}
2023-02-25 21:10:44,203 INFO     ___FILE_ONLY___ 

2023-02-25 21:10:44,203 DEBUG    root            Checking for updates...
2023-02-25 21:10:44,205 DEBUG    urllib3.connectionpool Starting new HTTPS connection (1): dl.google.com:443
2023-02-25 21:10:44,333 DEBUG    urllib3.connectionpool https://dl.google.com:443 "GET /dl/cloudsdk/channels/rapid/components-2.json HTTP/1.1" 200 206156
2023-02-25 21:10:44,485 DEBUG    root            Metrics reporting process started...
