2023-02-25 22:11:37,722 DEBUG    root            Loaded Command Group: ['gcloud', 'config']
2023-02-25 22:11:37,724 DEBUG    root            Loaded Command Group: ['gcloud', 'config', 'config_helper']
2023-02-25 22:11:37,725 DEBUG    root            Running [gcloud.config.config-helper] with arguments: [--format: "json"]
2023-02-25 22:11:37,752 DEBUG    google.auth.transport.requests Making request: POST https://oauth2.googleapis.com/token
2023-02-25 22:11:37,754 DEBUG    urllib3.connectionpool Starting new HTTPS connection (1): oauth2.googleapis.com:443
2023-02-25 22:11:37,912 DEBUG    urllib3.connectionpool https://oauth2.googleapis.com:443 "POST /token HTTP/1.1" 200 None
2023-02-25 22:11:37,923 DEBUG    urllib3.connectionpool Starting new HTTPS connection (1): www.gstatic.com:443
2023-02-25 22:11:38,043 DEBUG    urllib3.connectionpool https://www.gstatic.com:443 "GET /cloudsdk/feature_flag_config_file.yaml HTTP/1.1" 200 101
2023-02-25 22:11:38,050 DEBUG    root            Chosen display Format:default json
2023-02-25 22:11:38,050 INFO     root            Display format: "default json"
2023-02-25 22:11:38,051 INFO     ___FILE_ONLY___ {
  "configuration": {
    "active_configuration": "default",
    "properties": {
      "compute": {
        "region": "asia-southeast1",
        "zone": "asia-southeast1-a"
      },
      "core": {
        "account": "natapat.pims@gmail.com",
        "disable_usage_reporting": "False",
        "project": "gke-app-376315"
      }
    }
  },
  "credential": {
    "access_token": "ya29.a0AVvZVsp5ozGURv6y0v16ZfLuqX_fjzaBij440G17Kh4EUyxjYWrIE7b68r-osa5bkJwhim_HN_ZQZydHAPOkg5A-ZunhZ0FNArfZ8Oe3CDNwMG_RyB2R6FjPEioReSKvSq4PCuEEYA7nwZ8U8gJ2IF4jm4K5-Do7oMpHhkQaCgYKAeISARASFQGbdwaICXBBZWz479NlPI8RyGHpNw0174",
    "id_token": "eyJhbGciOiJSUzI1NiIsImtpZCI6ImQyNWY4ZGJjZjk3ZGM3ZWM0MDFmMDE3MWZiNmU2YmRhOWVkOWU3OTIiLCJ0eXAiOiJKV1QifQ.eyJpc3MiOiJodHRwczovL2FjY291bnRzLmdvb2dsZS5jb20iLCJhenAiOiIzMjU1NTk0MDU1OS5hcHBzLmdvb2dsZXVzZXJjb250ZW50LmNvbSIsImF1ZCI6IjMyNTU1OTQwNTU5LmFwcHMuZ29vZ2xldXNlcmNvbnRlbnQuY29tIiwic3ViIjoiMTE1ODQ3Mjk4NjgyNTQ2MDY3OTk2IiwiZW1haWwiOiJuYXRhcGF0LnBpbXNAZ21haWwuY29tIiwiZW1haWxfdmVyaWZpZWQiOnRydWUsImF0X2hhc2giOiJUVEJmQW0xVkZCc0pNZWdNQTFCVFNnIiwiaWF0IjoxNjc3MzM3ODk4LCJleHAiOjE2NzczNDE0OTh9.Pd1Miex-N19edX6x8ktQjVZS-iR-KmRsMNreUY6MoLUfdPTGhwNI16kF-FK0NfAy5Zbr6-v7mRyN68O39iuQ8ftxtLndeuhBHdg52YWf5eD8hRszgqwY0NPtMQdEMQj4wCzQ6BeWwihfIRuAaCzhOpH79-P10JkstZNgZ2F-rQ6czs3KAzHZczsN6nVQwPTp2zb983pLuAqoJdoXz-NVf3zLPDBt7s-LP9w2ItqLKoiKp1XF61BqQE3fin5tSuvQ7OLwUDVAyQxWh3jaBhpr8EXYMA1V0bds4X-lhsnAAOxADVWMTG1-vMYyM7K50GQ9oWcbbSJ4fj__OA_zmpiKIQ",
    "token_expiry": "2023-02-25T16:11:36Z"
  },
  "sentinels": {
    "config_sentinel": "/home/dar/.config/gcloud/config_sentinel"
  }
}
2023-02-25 22:11:38,051 INFO     ___FILE_ONLY___ 

2023-02-25 22:11:38,055 DEBUG    root            Metrics reporting process started...
