2023-02-25 23:11:46,858 DEBUG    root            Loaded Command Group: ['gcloud', 'config']
2023-02-25 23:11:46,859 DEBUG    root            Loaded Command Group: ['gcloud', 'config', 'config_helper']
2023-02-25 23:11:46,861 DEBUG    root            Running [gcloud.config.config-helper] with arguments: [--format: "json"]
2023-02-25 23:11:46,885 DEBUG    google.auth.transport.requests Making request: POST https://oauth2.googleapis.com/token
2023-02-25 23:11:46,887 DEBUG    urllib3.connectionpool Starting new HTTPS connection (1): oauth2.googleapis.com:443
2023-02-25 23:11:47,044 DEBUG    urllib3.connectionpool https://oauth2.googleapis.com:443 "POST /token HTTP/1.1" 200 None
2023-02-25 23:11:47,077 DEBUG    urllib3.connectionpool Starting new HTTPS connection (1): www.gstatic.com:443
2023-02-25 23:11:47,200 DEBUG    urllib3.connectionpool https://www.gstatic.com:443 "GET /cloudsdk/feature_flag_config_file.yaml HTTP/1.1" 200 101
2023-02-25 23:11:47,207 DEBUG    root            Chosen display Format:default json
2023-02-25 23:11:47,207 INFO     root            Display format: "default json"
2023-02-25 23:11:47,208 INFO     ___FILE_ONLY___ {
  "configuration": {
    "active_configuration": "default",
    "properties": {
      "compute": {
        "region": "asia-southeast1",
        "zone": "asia-southeast1-a"
      },
      "core": {
        "account": "natapat.pims@gmail.com",
        "disable_usage_reporting": "False",
        "project": "gke-app-376315"
      }
    }
  },
  "credential": {
    "access_token": "ya29.a0AVvZVsqXD_tPQ-iEgUAx7ugQJ6KOm5207AqhF6ZpPAzrdVtJ1JcHWaupMChIhzbLTVmdAhT5o2LIreEu_eXvMrgdxBFnGQPHuAeWAKulD6mt90R5GZfTyvdaPG4AWd8wz-JPlVCCiztVazsOatO68QdpiAGfJiRxVFKyEAkaCgYKAc4SARASFQGbdwaIII1isDv6tVqxrwxftEe1VQ0174",
    "id_token": "eyJhbGciOiJSUzI1NiIsImtpZCI6ImQyNWY4ZGJjZjk3ZGM3ZWM0MDFmMDE3MWZiNmU2YmRhOWVkOWU3OTIiLCJ0eXAiOiJKV1QifQ.eyJpc3MiOiJodHRwczovL2FjY291bnRzLmdvb2dsZS5jb20iLCJhenAiOiIzMjU1NTk0MDU1OS5hcHBzLmdvb2dsZXVzZXJjb250ZW50LmNvbSIsImF1ZCI6IjMyNTU1OTQwNTU5LmFwcHMuZ29vZ2xldXNlcmNvbnRlbnQuY29tIiwic3ViIjoiMTE1ODQ3Mjk4NjgyNTQ2MDY3OTk2IiwiZW1haWwiOiJuYXRhcGF0LnBpbXNAZ21haWwuY29tIiwiZW1haWxfdmVyaWZpZWQiOnRydWUsImF0X2hhc2giOiJzTE5kdEl3b2pZQ3pTRkRjWGo5c3lRIiwiaWF0IjoxNjc3MzQxNTA3LCJleHAiOjE2NzczNDUxMDd9.NxtZ8grzAG22B8Z90La6nwgDNNzh27avx_1w2MW0F10TL4IM0plwVVFdeX8lW8acWq4BnuXqMQTUnAqZQMJXngFPmz4tscS64b1aPyipnEV41ADYkzSJnht3u5Vh6Rc1WFfS3cW3mMXfMFOljLXV2okB0_y1HryKocxW81t5H_QPHMBkh4i28A3FCyZCrzGgaRyS0-CMFvAu1VNQZ2snjAtNMkLlO_9y6U42RuRucgIzY5aInSJ40F1jXa_uFwRWX9-Q9EcnXgScplB-aTaIc-p8f9S_yu2yIzrkjpRV2_5W2BWSuh1i70U0sj6jij32jWSAU3FOzP_hFpHXMNgRSw",
    "token_expiry": "2023-02-25T17:11:46Z"
  },
  "sentinels": {
    "config_sentinel": "/home/dar/.config/gcloud/config_sentinel"
  }
}
2023-02-25 23:11:47,208 INFO     ___FILE_ONLY___ 

2023-02-25 23:11:47,211 DEBUG    root            Metrics reporting process started...
